[2024-11-03T22:16:50.903+0000] {taskinstance.py:1083} INFO - Dependencies all met for <TaskInstance: DAG_Data_Preprocessing.encode_data_task manual__2024-11-03T22:16:42.576539+00:00 [queued]>
[2024-11-03T22:16:50.907+0000] {taskinstance.py:1083} INFO - Dependencies all met for <TaskInstance: DAG_Data_Preprocessing.encode_data_task manual__2024-11-03T22:16:42.576539+00:00 [queued]>
[2024-11-03T22:16:50.907+0000] {taskinstance.py:1279} INFO - 
--------------------------------------------------------------------------------
[2024-11-03T22:16:50.907+0000] {taskinstance.py:1280} INFO - Starting attempt 1 of 1
[2024-11-03T22:16:50.907+0000] {taskinstance.py:1281} INFO - 
--------------------------------------------------------------------------------
[2024-11-03T22:16:50.913+0000] {taskinstance.py:1300} INFO - Executing <Task(PythonOperator): encode_data_task> on 2024-11-03 22:16:42.576539+00:00
[2024-11-03T22:16:50.917+0000] {standard_task_runner.py:55} INFO - Started process 825 to run task
[2024-11-03T22:16:50.918+0000] {standard_task_runner.py:82} INFO - Running: ['***', 'tasks', 'run', 'DAG_Data_Preprocessing', 'encode_data_task', 'manual__2024-11-03T22:16:42.576539+00:00', '--job-id', '96', '--raw', '--subdir', 'DAGS_FOLDER/***dag.py', '--cfg-path', '/tmp/tmppfxiwhte']
[2024-11-03T22:16:50.919+0000] {standard_task_runner.py:83} INFO - Job 96: Subtask encode_data_task
[2024-11-03T22:16:50.944+0000] {task_command.py:388} INFO - Running <TaskInstance: DAG_Data_Preprocessing.encode_data_task manual__2024-11-03T22:16:42.576539+00:00 [running]> on host b77d411e2e76
[2024-11-03T22:16:50.974+0000] {taskinstance.py:1509} INFO - Exporting the following env vars:
AIRFLOW_CTX_DAG_OWNER=House_Price_Prediction Team
AIRFLOW_CTX_DAG_ID=DAG_Data_Preprocessing
AIRFLOW_CTX_TASK_ID=encode_data_task
AIRFLOW_CTX_EXECUTION_DATE=2024-11-03T22:16:42.576539+00:00
AIRFLOW_CTX_TRY_NUMBER=1
AIRFLOW_CTX_DAG_RUN_ID=manual__2024-11-03T22:16:42.576539+00:00
[2024-11-03T22:16:50.979+0000] {airflowdag.py:105} ERROR - No data found in XCom for key 'data'
[2024-11-03T22:16:50.979+0000] {python.py:177} INFO - Done. Returned value was: None
[2024-11-03T22:16:50.982+0000] {taskinstance.py:1323} INFO - Marking task as SUCCESS. dag_id=DAG_Data_Preprocessing, task_id=encode_data_task, execution_date=20241103T221642, start_date=20241103T221650, end_date=20241103T221650
[2024-11-03T22:16:51.017+0000] {local_task_job.py:208} INFO - Task exited with return code 0
[2024-11-03T22:16:51.027+0000] {taskinstance.py:2578} INFO - 1 downstream tasks scheduled from follow-on schedule check
