[2024-11-04T01:13:52.391+0000] {taskinstance.py:1083} INFO - Dependencies all met for <TaskInstance: DAG_Data_Preprocessing.data_cleaning_task manual__2024-11-04T01:13:46.444909+00:00 [queued]>
[2024-11-04T01:13:52.396+0000] {taskinstance.py:1083} INFO - Dependencies all met for <TaskInstance: DAG_Data_Preprocessing.data_cleaning_task manual__2024-11-04T01:13:46.444909+00:00 [queued]>
[2024-11-04T01:13:52.396+0000] {taskinstance.py:1279} INFO - 
--------------------------------------------------------------------------------
[2024-11-04T01:13:52.396+0000] {taskinstance.py:1280} INFO - Starting attempt 1 of 2
[2024-11-04T01:13:52.396+0000] {taskinstance.py:1281} INFO - 
--------------------------------------------------------------------------------
[2024-11-04T01:13:52.402+0000] {taskinstance.py:1300} INFO - Executing <Task(PythonOperator): data_cleaning_task> on 2024-11-04 01:13:46.444909+00:00
[2024-11-04T01:13:52.405+0000] {standard_task_runner.py:55} INFO - Started process 263 to run task
[2024-11-04T01:13:52.408+0000] {standard_task_runner.py:82} INFO - Running: ['***', 'tasks', 'run', 'DAG_Data_Preprocessing', 'data_cleaning_task', 'manual__2024-11-04T01:13:46.444909+00:00', '--job-id', '216', '--raw', '--subdir', 'DAGS_FOLDER/***dag.py', '--cfg-path', '/tmp/tmpxv3uvfeb']
[2024-11-04T01:13:52.409+0000] {standard_task_runner.py:83} INFO - Job 216: Subtask data_cleaning_task
[2024-11-04T01:13:52.436+0000] {task_command.py:388} INFO - Running <TaskInstance: DAG_Data_Preprocessing.data_cleaning_task manual__2024-11-04T01:13:46.444909+00:00 [running]> on host b77d411e2e76
[2024-11-04T01:13:52.465+0000] {taskinstance.py:1509} INFO - Exporting the following env vars:
AIRFLOW_CTX_DAG_OWNER=House_Price_Prediction Team
AIRFLOW_CTX_DAG_ID=DAG_Data_Preprocessing
AIRFLOW_CTX_TASK_ID=data_cleaning_task
AIRFLOW_CTX_EXECUTION_DATE=2024-11-04T01:13:46.444909+00:00
AIRFLOW_CTX_TRY_NUMBER=1
AIRFLOW_CTX_DAG_RUN_ID=manual__2024-11-04T01:13:46.444909+00:00
[2024-11-04T01:13:52.556+0000] {data_prep.py:85} INFO - No duplicate rows found.
[2024-11-04T01:13:52.664+0000] {airflowdag.py:102} INFO - Data cleaning completed successfully
[2024-11-04T01:13:52.664+0000] {python.py:177} INFO - Done. Returned value was: None
[2024-11-04T01:13:52.668+0000] {taskinstance.py:1323} INFO - Marking task as SUCCESS. dag_id=DAG_Data_Preprocessing, task_id=data_cleaning_task, execution_date=20241104T011346, start_date=20241104T011352, end_date=20241104T011352
[2024-11-04T01:13:52.685+0000] {local_task_job.py:208} INFO - Task exited with return code 0
[2024-11-04T01:13:52.698+0000] {taskinstance.py:2578} INFO - 1 downstream tasks scheduled from follow-on schedule check
