[2024-10-27T21:09:16.472+0000] {taskinstance.py:1083} INFO - Dependencies all met for <TaskInstance: DAG_Data_Preprocessing.load_data_task manual__2024-10-27T21:09:02.189511+00:00 [queued]>
[2024-10-27T21:09:16.498+0000] {taskinstance.py:1083} INFO - Dependencies all met for <TaskInstance: DAG_Data_Preprocessing.load_data_task manual__2024-10-27T21:09:02.189511+00:00 [queued]>
[2024-10-27T21:09:16.500+0000] {taskinstance.py:1279} INFO - 
--------------------------------------------------------------------------------
[2024-10-27T21:09:16.501+0000] {taskinstance.py:1280} INFO - Starting attempt 1 of 1
[2024-10-27T21:09:16.502+0000] {taskinstance.py:1281} INFO - 
--------------------------------------------------------------------------------
[2024-10-27T21:09:16.524+0000] {taskinstance.py:1300} INFO - Executing <Task(PythonOperator): load_data_task> on 2024-10-27 21:09:02.189511+00:00
[2024-10-27T21:09:16.567+0000] {standard_task_runner.py:55} INFO - Started process 461 to run task
[2024-10-27T21:09:16.572+0000] {standard_task_runner.py:82} INFO - Running: ['***', 'tasks', 'run', 'DAG_Data_Preprocessing', 'load_data_task', 'manual__2024-10-27T21:09:02.189511+00:00', '--job-id', '53', '--raw', '--subdir', 'DAGS_FOLDER/***dag.py', '--cfg-path', '/tmp/tmpdg3ps1ev']
[2024-10-27T21:09:16.577+0000] {standard_task_runner.py:83} INFO - Job 53: Subtask load_data_task
[2024-10-27T21:09:16.672+0000] {task_command.py:388} INFO - Running <TaskInstance: DAG_Data_Preprocessing.load_data_task manual__2024-10-27T21:09:02.189511+00:00 [running]> on host 4cb9a01d4387
[2024-10-27T21:09:16.782+0000] {taskinstance.py:1509} INFO - Exporting the following env vars:
AIRFLOW_CTX_DAG_OWNER=Krishna
AIRFLOW_CTX_DAG_ID=DAG_Data_Preprocessing
AIRFLOW_CTX_TASK_ID=load_data_task
AIRFLOW_CTX_EXECUTION_DATE=2024-10-27T21:09:02.189511+00:00
AIRFLOW_CTX_TRY_NUMBER=1
AIRFLOW_CTX_DAG_RUN_ID=manual__2024-10-27T21:09:02.189511+00:00
[2024-10-27T21:09:17.014+0000] {python.py:177} INFO - Done. Returned value was: None
[2024-10-27T21:09:17.030+0000] {taskinstance.py:1323} INFO - Marking task as SUCCESS. dag_id=DAG_Data_Preprocessing, task_id=load_data_task, execution_date=20241027T210902, start_date=20241027T210916, end_date=20241027T210917
[2024-10-27T21:09:17.070+0000] {local_task_job.py:208} INFO - Task exited with return code 0
[2024-10-27T21:09:17.107+0000] {taskinstance.py:2578} INFO - 1 downstream tasks scheduled from follow-on schedule check
