[2024-11-04T02:49:42.322+0000] {taskinstance.py:1083} INFO - Dependencies all met for <TaskInstance: DAG_feature_select_and_data_augmentation.feature_selection_task manual__2024-11-04T02:49:39.291528+00:00 [queued]>
[2024-11-04T02:49:42.335+0000] {taskinstance.py:1083} INFO - Dependencies all met for <TaskInstance: DAG_feature_select_and_data_augmentation.feature_selection_task manual__2024-11-04T02:49:39.291528+00:00 [queued]>
[2024-11-04T02:49:42.335+0000] {taskinstance.py:1279} INFO - 
--------------------------------------------------------------------------------
[2024-11-04T02:49:42.335+0000] {taskinstance.py:1280} INFO - Starting attempt 1 of 1
[2024-11-04T02:49:42.335+0000] {taskinstance.py:1281} INFO - 
--------------------------------------------------------------------------------
[2024-11-04T02:49:42.348+0000] {taskinstance.py:1300} INFO - Executing <Task(PythonOperator): feature_selection_task> on 2024-11-04 02:49:39.291528+00:00
[2024-11-04T02:49:42.352+0000] {standard_task_runner.py:55} INFO - Started process 569 to run task
[2024-11-04T02:49:42.354+0000] {standard_task_runner.py:82} INFO - Running: ['***', 'tasks', 'run', 'DAG_feature_select_and_data_augmentation', 'feature_selection_task', 'manual__2024-11-04T02:49:39.291528+00:00', '--job-id', '239', '--raw', '--subdir', 'DAGS_FOLDER/feature_and_augm_dag.py', '--cfg-path', '/tmp/tmpeul1yvfh']
[2024-11-04T02:49:42.356+0000] {standard_task_runner.py:83} INFO - Job 239: Subtask feature_selection_task
[2024-11-04T02:49:42.429+0000] {task_command.py:388} INFO - Running <TaskInstance: DAG_feature_select_and_data_augmentation.feature_selection_task manual__2024-11-04T02:49:39.291528+00:00 [running]> on host b77d411e2e76
[2024-11-04T02:49:42.494+0000] {taskinstance.py:1509} INFO - Exporting the following env vars:
AIRFLOW_CTX_DAG_OWNER=House_Price_Prediction Team
AIRFLOW_CTX_DAG_ID=DAG_feature_select_and_data_augmentation
AIRFLOW_CTX_TASK_ID=feature_selection_task
AIRFLOW_CTX_EXECUTION_DATE=2024-11-04T02:49:39.291528+00:00
AIRFLOW_CTX_TRY_NUMBER=1
AIRFLOW_CTX_DAG_RUN_ID=manual__2024-11-04T02:49:39.291528+00:00
[2024-11-04T02:49:42.723+0000] {python.py:177} INFO - Done. Returned value was: None
[2024-11-04T02:49:42.739+0000] {taskinstance.py:1323} INFO - Marking task as SUCCESS. dag_id=DAG_feature_select_and_data_augmentation, task_id=feature_selection_task, execution_date=20241104T024939, start_date=20241104T024942, end_date=20241104T024942
[2024-11-04T02:49:42.795+0000] {local_task_job.py:208} INFO - Task exited with return code 0
[2024-11-04T02:49:42.837+0000] {taskinstance.py:2578} INFO - 1 downstream tasks scheduled from follow-on schedule check
