[2024-11-15T21:40:57.275+0000] {taskinstance.py:1083} INFO - Dependencies all met for <TaskInstance: DAG_Data_Preprocessing.trigger_dag2_with_conf manual__2024-11-15T21:40:29.759659+00:00 [queued]>
[2024-11-15T21:40:57.288+0000] {taskinstance.py:1083} INFO - Dependencies all met for <TaskInstance: DAG_Data_Preprocessing.trigger_dag2_with_conf manual__2024-11-15T21:40:29.759659+00:00 [queued]>
[2024-11-15T21:40:57.289+0000] {taskinstance.py:1279} INFO - 
--------------------------------------------------------------------------------
[2024-11-15T21:40:57.289+0000] {taskinstance.py:1280} INFO - Starting attempt 1 of 2
[2024-11-15T21:40:57.289+0000] {taskinstance.py:1281} INFO - 
--------------------------------------------------------------------------------
[2024-11-15T21:40:57.308+0000] {taskinstance.py:1300} INFO - Executing <Task(PythonOperator): trigger_dag2_with_conf> on 2024-11-15 21:40:29.759659+00:00
[2024-11-15T21:40:57.318+0000] {standard_task_runner.py:55} INFO - Started process 317 to run task
[2024-11-15T21:40:57.322+0000] {standard_task_runner.py:82} INFO - Running: ['***', 'tasks', 'run', 'DAG_Data_Preprocessing', 'trigger_dag2_with_conf', 'manual__2024-11-15T21:40:29.759659+00:00', '--job-id', '69', '--raw', '--subdir', 'DAGS_FOLDER/data_prep_dag.py', '--cfg-path', '/tmp/tmp43hg75w5']
[2024-11-15T21:40:57.326+0000] {standard_task_runner.py:83} INFO - Job 69: Subtask trigger_dag2_with_conf
[2024-11-15T21:40:57.416+0000] {task_command.py:388} INFO - Running <TaskInstance: DAG_Data_Preprocessing.trigger_dag2_with_conf manual__2024-11-15T21:40:29.759659+00:00 [running]> on host 8a9381cefcd7
[2024-11-15T21:40:57.555+0000] {taskinstance.py:1509} INFO - Exporting the following env vars:
AIRFLOW_CTX_DAG_OWNER=House_Price_Prediction Team
AIRFLOW_CTX_DAG_ID=DAG_Data_Preprocessing
AIRFLOW_CTX_TASK_ID=trigger_dag2_with_conf
AIRFLOW_CTX_EXECUTION_DATE=2024-11-15T21:40:29.759659+00:00
AIRFLOW_CTX_TRY_NUMBER=1
AIRFLOW_CTX_DAG_RUN_ID=manual__2024-11-15T21:40:29.759659+00:00
[2024-11-15T21:40:57.932+0000] {python.py:177} INFO - Done. Returned value was: None
[2024-11-15T21:40:57.945+0000] {taskinstance.py:1323} INFO - Marking task as SUCCESS. dag_id=DAG_Data_Preprocessing, task_id=trigger_dag2_with_conf, execution_date=20241115T214029, start_date=20241115T214057, end_date=20241115T214057
[2024-11-15T21:40:58.002+0000] {local_task_job.py:208} INFO - Task exited with return code 0
[2024-11-15T21:40:58.036+0000] {taskinstance.py:2578} INFO - 0 downstream tasks scheduled from follow-on schedule check
