[2024-11-03T23:42:39.007+0000] {taskinstance.py:1083} INFO - Dependencies all met for <TaskInstance: DAG_Data_Preprocessing.trigger_feature_select_and_data_augmentation manual__2024-11-03T23:42:26.370731+00:00 [queued]>
[2024-11-03T23:42:39.011+0000] {taskinstance.py:1083} INFO - Dependencies all met for <TaskInstance: DAG_Data_Preprocessing.trigger_feature_select_and_data_augmentation manual__2024-11-03T23:42:26.370731+00:00 [queued]>
[2024-11-03T23:42:39.011+0000] {taskinstance.py:1279} INFO - 
--------------------------------------------------------------------------------
[2024-11-03T23:42:39.011+0000] {taskinstance.py:1280} INFO - Starting attempt 1 of 2
[2024-11-03T23:42:39.011+0000] {taskinstance.py:1281} INFO - 
--------------------------------------------------------------------------------
[2024-11-03T23:42:39.016+0000] {taskinstance.py:1300} INFO - Executing <Task(TriggerDagRunOperator): trigger_feature_select_and_data_augmentation> on 2024-11-03 23:42:26.370731+00:00
[2024-11-03T23:42:39.019+0000] {standard_task_runner.py:55} INFO - Started process 141 to run task
[2024-11-03T23:42:39.021+0000] {standard_task_runner.py:82} INFO - Running: ['***', 'tasks', 'run', 'DAG_Data_Preprocessing', 'trigger_feature_select_and_data_augmentation', 'manual__2024-11-03T23:42:26.370731+00:00', '--job-id', '119', '--raw', '--subdir', 'DAGS_FOLDER/***dag.py', '--cfg-path', '/tmp/tmpdcnt_z15']
[2024-11-03T23:42:39.022+0000] {standard_task_runner.py:83} INFO - Job 119: Subtask trigger_feature_select_and_data_augmentation
[2024-11-03T23:42:39.046+0000] {task_command.py:388} INFO - Running <TaskInstance: DAG_Data_Preprocessing.trigger_feature_select_and_data_augmentation manual__2024-11-03T23:42:26.370731+00:00 [running]> on host b77d411e2e76
[2024-11-03T23:42:39.075+0000] {taskinstance.py:1509} INFO - Exporting the following env vars:
AIRFLOW_CTX_DAG_OWNER=House_Price_Prediction Team
AIRFLOW_CTX_DAG_ID=DAG_Data_Preprocessing
AIRFLOW_CTX_TASK_ID=trigger_feature_select_and_data_augmentation
AIRFLOW_CTX_EXECUTION_DATE=2024-11-03T23:42:26.370731+00:00
AIRFLOW_CTX_TRY_NUMBER=1
AIRFLOW_CTX_DAG_RUN_ID=manual__2024-11-03T23:42:26.370731+00:00
[2024-11-03T23:42:39.107+0000] {taskinstance.py:1323} INFO - Marking task as SUCCESS. dag_id=DAG_Data_Preprocessing, task_id=trigger_feature_select_and_data_augmentation, execution_date=20241103T234226, start_date=20241103T234239, end_date=20241103T234239
[2024-11-03T23:42:39.118+0000] {local_task_job.py:208} INFO - Task exited with return code 0
[2024-11-03T23:42:39.126+0000] {taskinstance.py:2578} INFO - 0 downstream tasks scheduled from follow-on schedule check
