[2024-11-03T23:53:29.511+0000] {taskinstance.py:1083} INFO - Dependencies all met for <TaskInstance: DAG_Data_Preprocessing.trigger_feature_select_and_data_augmentation manual__2024-11-03T23:53:17.122333+00:00 [queued]>
[2024-11-03T23:53:29.516+0000] {taskinstance.py:1083} INFO - Dependencies all met for <TaskInstance: DAG_Data_Preprocessing.trigger_feature_select_and_data_augmentation manual__2024-11-03T23:53:17.122333+00:00 [queued]>
[2024-11-03T23:53:29.516+0000] {taskinstance.py:1279} INFO - 
--------------------------------------------------------------------------------
[2024-11-03T23:53:29.516+0000] {taskinstance.py:1280} INFO - Starting attempt 1 of 2
[2024-11-03T23:53:29.516+0000] {taskinstance.py:1281} INFO - 
--------------------------------------------------------------------------------
[2024-11-03T23:53:29.523+0000] {taskinstance.py:1300} INFO - Executing <Task(TriggerDagRunOperator): trigger_feature_select_and_data_augmentation> on 2024-11-03 23:53:17.122333+00:00
[2024-11-03T23:53:29.528+0000] {standard_task_runner.py:55} INFO - Started process 141 to run task
[2024-11-03T23:53:29.530+0000] {standard_task_runner.py:82} INFO - Running: ['***', 'tasks', 'run', 'DAG_Data_Preprocessing', 'trigger_feature_select_and_data_augmentation', 'manual__2024-11-03T23:53:17.122333+00:00', '--job-id', '143', '--raw', '--subdir', 'DAGS_FOLDER/***dag.py', '--cfg-path', '/tmp/tmpzetn6bhh']
[2024-11-03T23:53:29.531+0000] {standard_task_runner.py:83} INFO - Job 143: Subtask trigger_feature_select_and_data_augmentation
[2024-11-03T23:53:29.557+0000] {task_command.py:388} INFO - Running <TaskInstance: DAG_Data_Preprocessing.trigger_feature_select_and_data_augmentation manual__2024-11-03T23:53:17.122333+00:00 [running]> on host b77d411e2e76
[2024-11-03T23:53:29.587+0000] {taskinstance.py:1509} INFO - Exporting the following env vars:
AIRFLOW_CTX_DAG_OWNER=House_Price_Prediction Team
AIRFLOW_CTX_DAG_ID=DAG_Data_Preprocessing
AIRFLOW_CTX_TASK_ID=trigger_feature_select_and_data_augmentation
AIRFLOW_CTX_EXECUTION_DATE=2024-11-03T23:53:17.122333+00:00
AIRFLOW_CTX_TRY_NUMBER=1
AIRFLOW_CTX_DAG_RUN_ID=manual__2024-11-03T23:53:17.122333+00:00
[2024-11-03T23:53:29.618+0000] {taskinstance.py:1323} INFO - Marking task as SUCCESS. dag_id=DAG_Data_Preprocessing, task_id=trigger_feature_select_and_data_augmentation, execution_date=20241103T235317, start_date=20241103T235329, end_date=20241103T235329
[2024-11-03T23:53:29.628+0000] {local_task_job.py:208} INFO - Task exited with return code 0
[2024-11-03T23:53:29.641+0000] {taskinstance.py:2578} INFO - 0 downstream tasks scheduled from follow-on schedule check
