[2024-11-04T02:49:39.021+0000] {taskinstance.py:1083} INFO - Dependencies all met for <TaskInstance: DAG_Data_Preprocessing.trigger_dag2_with_conf manual__2024-11-04T02:49:31.085142+00:00 [queued]>
[2024-11-04T02:49:39.025+0000] {taskinstance.py:1083} INFO - Dependencies all met for <TaskInstance: DAG_Data_Preprocessing.trigger_dag2_with_conf manual__2024-11-04T02:49:31.085142+00:00 [queued]>
[2024-11-04T02:49:39.025+0000] {taskinstance.py:1279} INFO - 
--------------------------------------------------------------------------------
[2024-11-04T02:49:39.026+0000] {taskinstance.py:1280} INFO - Starting attempt 1 of 2
[2024-11-04T02:49:39.026+0000] {taskinstance.py:1281} INFO - 
--------------------------------------------------------------------------------
[2024-11-04T02:49:39.031+0000] {taskinstance.py:1300} INFO - Executing <Task(PythonOperator): trigger_dag2_with_conf> on 2024-11-04 02:49:31.085142+00:00
[2024-11-04T02:49:39.037+0000] {standard_task_runner.py:55} INFO - Started process 556 to run task
[2024-11-04T02:49:39.040+0000] {standard_task_runner.py:82} INFO - Running: ['***', 'tasks', 'run', 'DAG_Data_Preprocessing', 'trigger_dag2_with_conf', 'manual__2024-11-04T02:49:31.085142+00:00', '--job-id', '237', '--raw', '--subdir', 'DAGS_FOLDER/***dag.py', '--cfg-path', '/tmp/tmphsjcx34c']
[2024-11-04T02:49:39.046+0000] {standard_task_runner.py:83} INFO - Job 237: Subtask trigger_dag2_with_conf
[2024-11-04T02:49:39.223+0000] {task_command.py:388} INFO - Running <TaskInstance: DAG_Data_Preprocessing.trigger_dag2_with_conf manual__2024-11-04T02:49:31.085142+00:00 [running]> on host b77d411e2e76
[2024-11-04T02:49:39.264+0000] {taskinstance.py:1509} INFO - Exporting the following env vars:
AIRFLOW_CTX_DAG_OWNER=House_Price_Prediction Team
AIRFLOW_CTX_DAG_ID=DAG_Data_Preprocessing
AIRFLOW_CTX_TASK_ID=trigger_dag2_with_conf
AIRFLOW_CTX_EXECUTION_DATE=2024-11-04T02:49:31.085142+00:00
AIRFLOW_CTX_TRY_NUMBER=1
AIRFLOW_CTX_DAG_RUN_ID=manual__2024-11-04T02:49:31.085142+00:00
[2024-11-04T02:49:39.432+0000] {python.py:177} INFO - Done. Returned value was: None
[2024-11-04T02:49:39.436+0000] {taskinstance.py:1323} INFO - Marking task as SUCCESS. dag_id=DAG_Data_Preprocessing, task_id=trigger_dag2_with_conf, execution_date=20241104T024931, start_date=20241104T024939, end_date=20241104T024939
[2024-11-04T02:49:39.482+0000] {local_task_job.py:208} INFO - Task exited with return code 0
[2024-11-04T02:49:39.493+0000] {taskinstance.py:2578} INFO - 0 downstream tasks scheduled from follow-on schedule check
