[2024-11-04T02:46:22.267+0000] {taskinstance.py:1083} INFO - Dependencies all met for <TaskInstance: DAG_Data_Preprocessing.load_data_task manual__2024-11-04T02:46:19.385547+00:00 [queued]>
[2024-11-04T02:46:22.272+0000] {taskinstance.py:1083} INFO - Dependencies all met for <TaskInstance: DAG_Data_Preprocessing.load_data_task manual__2024-11-04T02:46:19.385547+00:00 [queued]>
[2024-11-04T02:46:22.272+0000] {taskinstance.py:1279} INFO - 
--------------------------------------------------------------------------------
[2024-11-04T02:46:22.272+0000] {taskinstance.py:1280} INFO - Starting attempt 1 of 2
[2024-11-04T02:46:22.272+0000] {taskinstance.py:1281} INFO - 
--------------------------------------------------------------------------------
[2024-11-04T02:46:22.278+0000] {taskinstance.py:1300} INFO - Executing <Task(PythonOperator): load_data_task> on 2024-11-04 02:46:19.385547+00:00
[2024-11-04T02:46:22.281+0000] {standard_task_runner.py:55} INFO - Started process 220 to run task
[2024-11-04T02:46:22.283+0000] {standard_task_runner.py:82} INFO - Running: ['***', 'tasks', 'run', 'DAG_Data_Preprocessing', 'load_data_task', 'manual__2024-11-04T02:46:19.385547+00:00', '--job-id', '223', '--raw', '--subdir', 'DAGS_FOLDER/***dag.py', '--cfg-path', '/tmp/tmprspwtv7a']
[2024-11-04T02:46:22.284+0000] {standard_task_runner.py:83} INFO - Job 223: Subtask load_data_task
[2024-11-04T02:46:22.312+0000] {task_command.py:388} INFO - Running <TaskInstance: DAG_Data_Preprocessing.load_data_task manual__2024-11-04T02:46:19.385547+00:00 [running]> on host b77d411e2e76
[2024-11-04T02:46:22.350+0000] {taskinstance.py:1509} INFO - Exporting the following env vars:
AIRFLOW_CTX_DAG_OWNER=House_Price_Prediction Team
AIRFLOW_CTX_DAG_ID=DAG_Data_Preprocessing
AIRFLOW_CTX_TASK_ID=load_data_task
AIRFLOW_CTX_EXECUTION_DATE=2024-11-04T02:46:19.385547+00:00
AIRFLOW_CTX_TRY_NUMBER=1
AIRFLOW_CTX_DAG_RUN_ID=manual__2024-11-04T02:46:19.385547+00:00
[2024-11-04T02:46:23.011+0000] {data_prep.py:35} INFO -    Order        PID  MS SubClass  ... Sale Type  Sale Condition  SalePrice
0      1  526301100           20  ...       WD           Normal     215000
1      2  526350040           20  ...       WD           Normal     105000
2      3  526351010           20  ...       WD           Normal     172000
3      4  526353030           20  ...       WD           Normal     244000
4      5  527105010           60  ...       WD           Normal     189900

[5 rows x 82 columns]
[2024-11-04T02:46:23.195+0000] {airflowdag.py:37} INFO - Data loaded successfully
[2024-11-04T02:46:23.195+0000] {python.py:177} INFO - Done. Returned value was: None
[2024-11-04T02:46:23.231+0000] {taskinstance.py:1323} INFO - Marking task as SUCCESS. dag_id=DAG_Data_Preprocessing, task_id=load_data_task, execution_date=20241104T024619, start_date=20241104T024622, end_date=20241104T024623
[2024-11-04T02:46:23.311+0000] {local_task_job.py:208} INFO - Task exited with return code 0
[2024-11-04T02:46:23.329+0000] {taskinstance.py:2578} INFO - 1 downstream tasks scheduled from follow-on schedule check
