[2024-10-27T21:03:20.827+0000] {processor.py:153} INFO - Started process (PID=98) to work on /opt/airflow/dags/airflowdag.py
[2024-10-27T21:03:20.829+0000] {processor.py:743} INFO - Processing file /opt/airflow/dags/airflowdag.py for tasks to queue
[2024-10-27T21:03:20.830+0000] {logging_mixin.py:137} INFO - [2024-10-27T21:03:20.830+0000] {dagbag.py:538} INFO - Filling up the DagBag from /opt/airflow/dags/airflowdag.py
[2024-10-27T21:06:36.151+0000] {processor.py:153} INFO - Started process (PID=198) to work on /opt/airflow/dags/airflowdag.py
[2024-10-27T21:06:36.153+0000] {processor.py:743} INFO - Processing file /opt/airflow/dags/airflowdag.py for tasks to queue
[2024-10-27T21:06:36.155+0000] {logging_mixin.py:137} INFO - [2024-10-27T21:06:36.155+0000] {dagbag.py:538} INFO - Filling up the DagBag from /opt/airflow/dags/airflowdag.py
[2024-10-27T21:06:43.452+0000] {processor.py:753} INFO - DAG(s) dict_keys(['DAG_Data_Preprocessing']) retrieved from /opt/airflow/dags/airflowdag.py
[2024-10-27T21:06:44.301+0000] {logging_mixin.py:137} INFO - [2024-10-27T21:06:44.298+0000] {dag.py:2690} INFO - Sync 1 DAGs
[2024-10-27T21:06:44.510+0000] {logging_mixin.py:137} INFO - [2024-10-27T21:06:44.509+0000] {dag.py:3441} INFO - Setting next_dagrun for DAG_Data_Preprocessing to None, run_after=None
[2024-10-27T21:06:44.699+0000] {processor.py:175} INFO - Processing /opt/airflow/dags/airflowdag.py took 8.552 seconds
[2024-10-27T21:07:15.385+0000] {processor.py:153} INFO - Started process (PID=249) to work on /opt/airflow/dags/airflowdag.py
[2024-10-27T21:07:15.393+0000] {processor.py:743} INFO - Processing file /opt/airflow/dags/airflowdag.py for tasks to queue
[2024-10-27T21:07:15.404+0000] {logging_mixin.py:137} INFO - [2024-10-27T21:07:15.402+0000] {dagbag.py:538} INFO - Filling up the DagBag from /opt/airflow/dags/airflowdag.py
[2024-10-27T21:07:20.709+0000] {processor.py:753} INFO - DAG(s) dict_keys(['DAG_Data_Preprocessing']) retrieved from /opt/airflow/dags/airflowdag.py
[2024-10-27T21:07:20.769+0000] {logging_mixin.py:137} INFO - [2024-10-27T21:07:20.768+0000] {dag.py:2690} INFO - Sync 1 DAGs
[2024-10-27T21:07:20.810+0000] {logging_mixin.py:137} INFO - [2024-10-27T21:07:20.810+0000] {dag.py:3441} INFO - Setting next_dagrun for DAG_Data_Preprocessing to None, run_after=None
[2024-10-27T21:07:20.859+0000] {processor.py:175} INFO - Processing /opt/airflow/dags/airflowdag.py took 5.540 seconds
[2024-10-27T21:07:51.395+0000] {processor.py:153} INFO - Started process (PID=323) to work on /opt/airflow/dags/airflowdag.py
[2024-10-27T21:07:51.397+0000] {processor.py:743} INFO - Processing file /opt/airflow/dags/airflowdag.py for tasks to queue
[2024-10-27T21:07:51.400+0000] {logging_mixin.py:137} INFO - [2024-10-27T21:07:51.399+0000] {dagbag.py:538} INFO - Filling up the DagBag from /opt/airflow/dags/airflowdag.py
[2024-10-27T21:07:53.721+0000] {processor.py:753} INFO - DAG(s) dict_keys(['DAG_Data_Preprocessing']) retrieved from /opt/airflow/dags/airflowdag.py
[2024-10-27T21:07:53.779+0000] {logging_mixin.py:137} INFO - [2024-10-27T21:07:53.779+0000] {dag.py:2690} INFO - Sync 1 DAGs
[2024-10-27T21:07:53.811+0000] {logging_mixin.py:137} INFO - [2024-10-27T21:07:53.811+0000] {dag.py:3441} INFO - Setting next_dagrun for DAG_Data_Preprocessing to None, run_after=None
[2024-10-27T21:07:53.838+0000] {processor.py:175} INFO - Processing /opt/airflow/dags/airflowdag.py took 3.028 seconds
[2024-10-27T21:08:24.593+0000] {processor.py:153} INFO - Started process (PID=373) to work on /opt/airflow/dags/airflowdag.py
[2024-10-27T21:08:24.595+0000] {processor.py:743} INFO - Processing file /opt/airflow/dags/airflowdag.py for tasks to queue
[2024-10-27T21:08:24.597+0000] {logging_mixin.py:137} INFO - [2024-10-27T21:08:24.596+0000] {dagbag.py:538} INFO - Filling up the DagBag from /opt/airflow/dags/airflowdag.py
[2024-10-27T21:08:27.304+0000] {processor.py:753} INFO - DAG(s) dict_keys(['DAG_Data_Preprocessing']) retrieved from /opt/airflow/dags/airflowdag.py
[2024-10-27T21:08:27.342+0000] {logging_mixin.py:137} INFO - [2024-10-27T21:08:27.342+0000] {dag.py:2690} INFO - Sync 1 DAGs
[2024-10-27T21:08:27.371+0000] {logging_mixin.py:137} INFO - [2024-10-27T21:08:27.371+0000] {dag.py:3441} INFO - Setting next_dagrun for DAG_Data_Preprocessing to None, run_after=None
[2024-10-27T21:08:27.398+0000] {processor.py:175} INFO - Processing /opt/airflow/dags/airflowdag.py took 2.808 seconds
[2024-10-27T21:08:58.173+0000] {processor.py:153} INFO - Started process (PID=423) to work on /opt/airflow/dags/airflowdag.py
[2024-10-27T21:08:58.177+0000] {processor.py:743} INFO - Processing file /opt/airflow/dags/airflowdag.py for tasks to queue
[2024-10-27T21:08:58.180+0000] {logging_mixin.py:137} INFO - [2024-10-27T21:08:58.180+0000] {dagbag.py:538} INFO - Filling up the DagBag from /opt/airflow/dags/airflowdag.py
[2024-10-27T21:09:00.535+0000] {processor.py:753} INFO - DAG(s) dict_keys(['DAG_Data_Preprocessing']) retrieved from /opt/airflow/dags/airflowdag.py
[2024-10-27T21:09:00.571+0000] {logging_mixin.py:137} INFO - [2024-10-27T21:09:00.571+0000] {dag.py:2690} INFO - Sync 1 DAGs
[2024-10-27T21:09:00.602+0000] {logging_mixin.py:137} INFO - [2024-10-27T21:09:00.602+0000] {dag.py:3441} INFO - Setting next_dagrun for DAG_Data_Preprocessing to None, run_after=None
[2024-10-27T21:09:00.631+0000] {processor.py:175} INFO - Processing /opt/airflow/dags/airflowdag.py took 2.466 seconds
[2024-10-27T21:09:31.026+0000] {processor.py:153} INFO - Started process (PID=473) to work on /opt/airflow/dags/airflowdag.py
[2024-10-27T21:09:31.030+0000] {processor.py:743} INFO - Processing file /opt/airflow/dags/airflowdag.py for tasks to queue
[2024-10-27T21:09:31.032+0000] {logging_mixin.py:137} INFO - [2024-10-27T21:09:31.032+0000] {dagbag.py:538} INFO - Filling up the DagBag from /opt/airflow/dags/airflowdag.py
[2024-10-27T21:09:34.255+0000] {processor.py:753} INFO - DAG(s) dict_keys(['DAG_Data_Preprocessing']) retrieved from /opt/airflow/dags/airflowdag.py
[2024-10-27T21:09:34.367+0000] {logging_mixin.py:137} INFO - [2024-10-27T21:09:34.366+0000] {dag.py:2690} INFO - Sync 1 DAGs
[2024-10-27T21:09:34.420+0000] {logging_mixin.py:137} INFO - [2024-10-27T21:09:34.420+0000] {dag.py:3441} INFO - Setting next_dagrun for DAG_Data_Preprocessing to None, run_after=None
[2024-10-27T21:09:34.465+0000] {processor.py:175} INFO - Processing /opt/airflow/dags/airflowdag.py took 3.448 seconds
[2024-10-27T21:10:41.229+0000] {processor.py:153} INFO - Started process (PID=499) to work on /opt/airflow/dags/airflowdag.py
[2024-10-27T21:10:45.287+0000] {processor.py:743} INFO - Processing file /opt/airflow/dags/airflowdag.py for tasks to queue
[2024-10-27T21:11:00.071+0000] {logging_mixin.py:137} INFO - [2024-10-27T21:10:54.583+0000] {dagbag.py:538} INFO - Filling up the DagBag from /opt/airflow/dags/airflowdag.py
[2024-10-27T21:11:56.856+0000] {processor.py:153} INFO - Started process (PID=99) to work on /opt/airflow/dags/airflowdag.py
[2024-10-27T21:11:56.860+0000] {processor.py:743} INFO - Processing file /opt/airflow/dags/airflowdag.py for tasks to queue
[2024-10-27T21:11:56.863+0000] {logging_mixin.py:137} INFO - [2024-10-27T21:11:56.862+0000] {dagbag.py:538} INFO - Filling up the DagBag from /opt/airflow/dags/airflowdag.py
[2024-10-27T21:12:00.889+0000] {processor.py:753} INFO - DAG(s) dict_keys(['DAG_Data_Preprocessing']) retrieved from /opt/airflow/dags/airflowdag.py
[2024-10-27T21:12:01.080+0000] {logging_mixin.py:137} INFO - [2024-10-27T21:12:01.079+0000] {dag.py:2690} INFO - Sync 1 DAGs
[2024-10-27T21:12:01.147+0000] {logging_mixin.py:137} INFO - [2024-10-27T21:12:01.147+0000] {dag.py:3441} INFO - Setting next_dagrun for DAG_Data_Preprocessing to None, run_after=None
[2024-10-27T21:12:01.208+0000] {processor.py:175} INFO - Processing /opt/airflow/dags/airflowdag.py took 4.368 seconds
[2024-10-27T21:12:31.579+0000] {processor.py:153} INFO - Started process (PID=148) to work on /opt/airflow/dags/airflowdag.py
[2024-10-27T21:12:31.581+0000] {processor.py:743} INFO - Processing file /opt/airflow/dags/airflowdag.py for tasks to queue
[2024-10-27T21:12:31.583+0000] {logging_mixin.py:137} INFO - [2024-10-27T21:12:31.582+0000] {dagbag.py:538} INFO - Filling up the DagBag from /opt/airflow/dags/airflowdag.py
[2024-10-27T21:12:33.955+0000] {processor.py:753} INFO - DAG(s) dict_keys(['DAG_Data_Preprocessing']) retrieved from /opt/airflow/dags/airflowdag.py
[2024-10-27T21:12:34.021+0000] {logging_mixin.py:137} INFO - [2024-10-27T21:12:34.021+0000] {dag.py:2690} INFO - Sync 1 DAGs
[2024-10-27T21:12:34.075+0000] {logging_mixin.py:137} INFO - [2024-10-27T21:12:34.075+0000] {dag.py:3441} INFO - Setting next_dagrun for DAG_Data_Preprocessing to None, run_after=None
[2024-10-27T21:12:34.109+0000] {processor.py:175} INFO - Processing /opt/airflow/dags/airflowdag.py took 3.228 seconds
[2024-10-27T21:13:04.772+0000] {processor.py:153} INFO - Started process (PID=197) to work on /opt/airflow/dags/airflowdag.py
[2024-10-27T21:13:04.774+0000] {processor.py:743} INFO - Processing file /opt/airflow/dags/airflowdag.py for tasks to queue
[2024-10-27T21:13:04.776+0000] {logging_mixin.py:137} INFO - [2024-10-27T21:13:04.775+0000] {dagbag.py:538} INFO - Filling up the DagBag from /opt/airflow/dags/airflowdag.py
[2024-10-27T21:13:07.978+0000] {processor.py:753} INFO - DAG(s) dict_keys(['DAG_Data_Preprocessing']) retrieved from /opt/airflow/dags/airflowdag.py
[2024-10-27T21:13:08.036+0000] {logging_mixin.py:137} INFO - [2024-10-27T21:13:08.035+0000] {dag.py:2690} INFO - Sync 1 DAGs
[2024-10-27T21:13:08.080+0000] {logging_mixin.py:137} INFO - [2024-10-27T21:13:08.079+0000] {dag.py:3441} INFO - Setting next_dagrun for DAG_Data_Preprocessing to None, run_after=None
[2024-10-27T21:13:08.127+0000] {processor.py:175} INFO - Processing /opt/airflow/dags/airflowdag.py took 3.359 seconds
[2024-10-27T21:13:38.412+0000] {processor.py:153} INFO - Started process (PID=245) to work on /opt/airflow/dags/airflowdag.py
[2024-10-27T21:13:38.414+0000] {processor.py:743} INFO - Processing file /opt/airflow/dags/airflowdag.py for tasks to queue
[2024-10-27T21:13:38.416+0000] {logging_mixin.py:137} INFO - [2024-10-27T21:13:38.415+0000] {dagbag.py:538} INFO - Filling up the DagBag from /opt/airflow/dags/airflowdag.py
[2024-10-27T21:13:42.544+0000] {processor.py:753} INFO - DAG(s) dict_keys(['DAG_Data_Preprocessing']) retrieved from /opt/airflow/dags/airflowdag.py
[2024-10-27T21:13:43.112+0000] {logging_mixin.py:137} INFO - [2024-10-27T21:13:43.111+0000] {dag.py:2690} INFO - Sync 1 DAGs
[2024-10-27T21:13:43.186+0000] {logging_mixin.py:137} INFO - [2024-10-27T21:13:43.185+0000] {dag.py:3441} INFO - Setting next_dagrun for DAG_Data_Preprocessing to None, run_after=None
[2024-10-27T21:13:43.239+0000] {processor.py:175} INFO - Processing /opt/airflow/dags/airflowdag.py took 4.831 seconds
[2024-10-27T21:14:13.332+0000] {processor.py:153} INFO - Started process (PID=303) to work on /opt/airflow/dags/airflowdag.py
[2024-10-27T21:14:13.334+0000] {processor.py:743} INFO - Processing file /opt/airflow/dags/airflowdag.py for tasks to queue
[2024-10-27T21:14:13.335+0000] {logging_mixin.py:137} INFO - [2024-10-27T21:14:13.335+0000] {dagbag.py:538} INFO - Filling up the DagBag from /opt/airflow/dags/airflowdag.py
[2024-10-27T21:14:16.906+0000] {processor.py:753} INFO - DAG(s) dict_keys(['DAG_Data_Preprocessing']) retrieved from /opt/airflow/dags/airflowdag.py
[2024-10-27T21:14:17.017+0000] {logging_mixin.py:137} INFO - [2024-10-27T21:14:17.016+0000] {dag.py:2690} INFO - Sync 1 DAGs
[2024-10-27T21:14:17.066+0000] {logging_mixin.py:137} INFO - [2024-10-27T21:14:17.066+0000] {dag.py:3441} INFO - Setting next_dagrun for DAG_Data_Preprocessing to None, run_after=None
[2024-10-27T21:14:17.118+0000] {processor.py:175} INFO - Processing /opt/airflow/dags/airflowdag.py took 3.790 seconds
[2024-10-27T21:14:47.435+0000] {processor.py:153} INFO - Started process (PID=367) to work on /opt/airflow/dags/airflowdag.py
[2024-10-27T21:14:47.437+0000] {processor.py:743} INFO - Processing file /opt/airflow/dags/airflowdag.py for tasks to queue
[2024-10-27T21:14:47.438+0000] {logging_mixin.py:137} INFO - [2024-10-27T21:14:47.438+0000] {dagbag.py:538} INFO - Filling up the DagBag from /opt/airflow/dags/airflowdag.py
[2024-10-27T21:14:50.916+0000] {processor.py:753} INFO - DAG(s) dict_keys(['DAG_Data_Preprocessing']) retrieved from /opt/airflow/dags/airflowdag.py
[2024-10-27T21:14:51.089+0000] {logging_mixin.py:137} INFO - [2024-10-27T21:14:51.086+0000] {dag.py:2690} INFO - Sync 1 DAGs
[2024-10-27T21:14:51.165+0000] {logging_mixin.py:137} INFO - [2024-10-27T21:14:51.165+0000] {dag.py:3441} INFO - Setting next_dagrun for DAG_Data_Preprocessing to None, run_after=None
[2024-10-27T21:14:51.235+0000] {processor.py:175} INFO - Processing /opt/airflow/dags/airflowdag.py took 3.804 seconds
[2024-10-27T21:15:21.310+0000] {processor.py:153} INFO - Started process (PID=417) to work on /opt/airflow/dags/airflowdag.py
[2024-10-27T21:15:21.314+0000] {processor.py:743} INFO - Processing file /opt/airflow/dags/airflowdag.py for tasks to queue
[2024-10-27T21:15:21.316+0000] {logging_mixin.py:137} INFO - [2024-10-27T21:15:21.315+0000] {dagbag.py:538} INFO - Filling up the DagBag from /opt/airflow/dags/airflowdag.py
[2024-10-27T21:15:24.822+0000] {processor.py:753} INFO - DAG(s) dict_keys(['DAG_Data_Preprocessing']) retrieved from /opt/airflow/dags/airflowdag.py
[2024-10-27T21:15:24.910+0000] {logging_mixin.py:137} INFO - [2024-10-27T21:15:24.909+0000] {dag.py:2690} INFO - Sync 1 DAGs
[2024-10-27T21:15:24.963+0000] {logging_mixin.py:137} INFO - [2024-10-27T21:15:24.963+0000] {dag.py:3441} INFO - Setting next_dagrun for DAG_Data_Preprocessing to None, run_after=None
[2024-10-27T21:15:25.017+0000] {processor.py:175} INFO - Processing /opt/airflow/dags/airflowdag.py took 3.714 seconds
[2024-10-27T21:15:55.322+0000] {processor.py:153} INFO - Started process (PID=467) to work on /opt/airflow/dags/airflowdag.py
[2024-10-27T21:15:55.324+0000] {processor.py:743} INFO - Processing file /opt/airflow/dags/airflowdag.py for tasks to queue
[2024-10-27T21:15:55.326+0000] {logging_mixin.py:137} INFO - [2024-10-27T21:15:55.325+0000] {dagbag.py:538} INFO - Filling up the DagBag from /opt/airflow/dags/airflowdag.py
[2024-10-27T21:15:57.847+0000] {processor.py:753} INFO - DAG(s) dict_keys(['DAG_Data_Preprocessing']) retrieved from /opt/airflow/dags/airflowdag.py
[2024-10-27T21:15:57.978+0000] {logging_mixin.py:137} INFO - [2024-10-27T21:15:57.976+0000] {dag.py:2690} INFO - Sync 1 DAGs
[2024-10-27T21:15:58.037+0000] {logging_mixin.py:137} INFO - [2024-10-27T21:15:58.037+0000] {dag.py:3441} INFO - Setting next_dagrun for DAG_Data_Preprocessing to None, run_after=None
[2024-10-27T21:15:58.085+0000] {processor.py:175} INFO - Processing /opt/airflow/dags/airflowdag.py took 3.441 seconds
[2024-10-27T21:16:28.485+0000] {processor.py:153} INFO - Started process (PID=517) to work on /opt/airflow/dags/airflowdag.py
[2024-10-27T21:16:28.486+0000] {processor.py:743} INFO - Processing file /opt/airflow/dags/airflowdag.py for tasks to queue
[2024-10-27T21:16:28.487+0000] {logging_mixin.py:137} INFO - [2024-10-27T21:16:28.487+0000] {dagbag.py:538} INFO - Filling up the DagBag from /opt/airflow/dags/airflowdag.py
[2024-10-27T21:16:31.241+0000] {processor.py:753} INFO - DAG(s) dict_keys(['DAG_Data_Preprocessing']) retrieved from /opt/airflow/dags/airflowdag.py
[2024-10-27T21:16:31.291+0000] {logging_mixin.py:137} INFO - [2024-10-27T21:16:31.290+0000] {dag.py:2690} INFO - Sync 1 DAGs
[2024-10-27T21:16:31.336+0000] {logging_mixin.py:137} INFO - [2024-10-27T21:16:31.336+0000] {dag.py:3441} INFO - Setting next_dagrun for DAG_Data_Preprocessing to None, run_after=None
[2024-10-27T21:16:31.375+0000] {processor.py:175} INFO - Processing /opt/airflow/dags/airflowdag.py took 2.894 seconds
[2024-10-27T21:17:02.029+0000] {processor.py:153} INFO - Started process (PID=567) to work on /opt/airflow/dags/airflowdag.py
[2024-10-27T21:17:02.031+0000] {processor.py:743} INFO - Processing file /opt/airflow/dags/airflowdag.py for tasks to queue
[2024-10-27T21:17:02.032+0000] {logging_mixin.py:137} INFO - [2024-10-27T21:17:02.032+0000] {dagbag.py:538} INFO - Filling up the DagBag from /opt/airflow/dags/airflowdag.py
[2024-10-27T21:17:05.462+0000] {processor.py:753} INFO - DAG(s) dict_keys(['DAG_Data_Preprocessing']) retrieved from /opt/airflow/dags/airflowdag.py
[2024-10-27T21:17:05.510+0000] {logging_mixin.py:137} INFO - [2024-10-27T21:17:05.510+0000] {dag.py:2690} INFO - Sync 1 DAGs
[2024-10-27T21:17:05.553+0000] {logging_mixin.py:137} INFO - [2024-10-27T21:17:05.553+0000] {dag.py:3441} INFO - Setting next_dagrun for DAG_Data_Preprocessing to None, run_after=None
[2024-10-27T21:17:05.586+0000] {processor.py:175} INFO - Processing /opt/airflow/dags/airflowdag.py took 3.566 seconds
[2024-10-27T21:17:35.659+0000] {processor.py:153} INFO - Started process (PID=617) to work on /opt/airflow/dags/airflowdag.py
[2024-10-27T21:17:35.661+0000] {processor.py:743} INFO - Processing file /opt/airflow/dags/airflowdag.py for tasks to queue
[2024-10-27T21:17:35.663+0000] {logging_mixin.py:137} INFO - [2024-10-27T21:17:35.662+0000] {dagbag.py:538} INFO - Filling up the DagBag from /opt/airflow/dags/airflowdag.py
[2024-10-27T21:17:38.652+0000] {processor.py:753} INFO - DAG(s) dict_keys(['DAG_Data_Preprocessing']) retrieved from /opt/airflow/dags/airflowdag.py
[2024-10-27T21:17:38.717+0000] {logging_mixin.py:137} INFO - [2024-10-27T21:17:38.716+0000] {dag.py:2690} INFO - Sync 1 DAGs
[2024-10-27T21:17:38.764+0000] {logging_mixin.py:137} INFO - [2024-10-27T21:17:38.763+0000] {dag.py:3441} INFO - Setting next_dagrun for DAG_Data_Preprocessing to None, run_after=None
[2024-10-27T21:17:38.816+0000] {processor.py:175} INFO - Processing /opt/airflow/dags/airflowdag.py took 3.162 seconds
[2024-10-27T21:18:09.224+0000] {processor.py:153} INFO - Started process (PID=667) to work on /opt/airflow/dags/airflowdag.py
[2024-10-27T21:18:09.226+0000] {processor.py:743} INFO - Processing file /opt/airflow/dags/airflowdag.py for tasks to queue
[2024-10-27T21:18:09.229+0000] {logging_mixin.py:137} INFO - [2024-10-27T21:18:09.228+0000] {dagbag.py:538} INFO - Filling up the DagBag from /opt/airflow/dags/airflowdag.py
[2024-10-27T21:18:12.313+0000] {processor.py:753} INFO - DAG(s) dict_keys(['DAG_Data_Preprocessing']) retrieved from /opt/airflow/dags/airflowdag.py
[2024-10-27T21:18:12.361+0000] {logging_mixin.py:137} INFO - [2024-10-27T21:18:12.360+0000] {dag.py:2690} INFO - Sync 1 DAGs
[2024-10-27T21:18:12.411+0000] {logging_mixin.py:137} INFO - [2024-10-27T21:18:12.410+0000] {dag.py:3441} INFO - Setting next_dagrun for DAG_Data_Preprocessing to None, run_after=None
[2024-10-27T21:18:12.452+0000] {processor.py:175} INFO - Processing /opt/airflow/dags/airflowdag.py took 3.232 seconds
[2024-10-27T21:18:42.905+0000] {processor.py:153} INFO - Started process (PID=727) to work on /opt/airflow/dags/airflowdag.py
[2024-10-27T21:18:42.907+0000] {processor.py:743} INFO - Processing file /opt/airflow/dags/airflowdag.py for tasks to queue
[2024-10-27T21:18:42.908+0000] {logging_mixin.py:137} INFO - [2024-10-27T21:18:42.908+0000] {dagbag.py:538} INFO - Filling up the DagBag from /opt/airflow/dags/airflowdag.py
[2024-10-27T21:18:45.806+0000] {processor.py:753} INFO - DAG(s) dict_keys(['DAG_Data_Preprocessing']) retrieved from /opt/airflow/dags/airflowdag.py
[2024-10-27T21:18:45.917+0000] {logging_mixin.py:137} INFO - [2024-10-27T21:18:45.916+0000] {dag.py:2690} INFO - Sync 1 DAGs
[2024-10-27T21:18:45.971+0000] {logging_mixin.py:137} INFO - [2024-10-27T21:18:45.971+0000] {dag.py:3441} INFO - Setting next_dagrun for DAG_Data_Preprocessing to None, run_after=None
[2024-10-27T21:18:46.022+0000] {processor.py:175} INFO - Processing /opt/airflow/dags/airflowdag.py took 3.121 seconds
[2024-10-27T21:19:16.548+0000] {processor.py:153} INFO - Started process (PID=776) to work on /opt/airflow/dags/airflowdag.py
[2024-10-27T21:19:16.549+0000] {processor.py:743} INFO - Processing file /opt/airflow/dags/airflowdag.py for tasks to queue
[2024-10-27T21:19:16.550+0000] {logging_mixin.py:137} INFO - [2024-10-27T21:19:16.550+0000] {dagbag.py:538} INFO - Filling up the DagBag from /opt/airflow/dags/airflowdag.py
[2024-10-27T21:19:19.675+0000] {processor.py:753} INFO - DAG(s) dict_keys(['DAG_Data_Preprocessing']) retrieved from /opt/airflow/dags/airflowdag.py
[2024-10-27T21:19:19.790+0000] {logging_mixin.py:137} INFO - [2024-10-27T21:19:19.789+0000] {dag.py:2690} INFO - Sync 1 DAGs
[2024-10-27T21:19:19.842+0000] {logging_mixin.py:137} INFO - [2024-10-27T21:19:19.842+0000] {dag.py:3441} INFO - Setting next_dagrun for DAG_Data_Preprocessing to None, run_after=None
[2024-10-27T21:19:19.891+0000] {processor.py:175} INFO - Processing /opt/airflow/dags/airflowdag.py took 3.348 seconds
[2024-10-27T21:19:50.113+0000] {processor.py:153} INFO - Started process (PID=841) to work on /opt/airflow/dags/airflowdag.py
[2024-10-27T21:19:50.114+0000] {processor.py:743} INFO - Processing file /opt/airflow/dags/airflowdag.py for tasks to queue
[2024-10-27T21:19:50.116+0000] {logging_mixin.py:137} INFO - [2024-10-27T21:19:50.115+0000] {dagbag.py:538} INFO - Filling up the DagBag from /opt/airflow/dags/airflowdag.py
[2024-10-27T21:19:52.351+0000] {processor.py:753} INFO - DAG(s) dict_keys(['DAG_Data_Preprocessing']) retrieved from /opt/airflow/dags/airflowdag.py
[2024-10-27T21:19:52.581+0000] {logging_mixin.py:137} INFO - [2024-10-27T21:19:52.580+0000] {dag.py:2690} INFO - Sync 1 DAGs
[2024-10-27T21:19:52.641+0000] {logging_mixin.py:137} INFO - [2024-10-27T21:19:52.641+0000] {dag.py:3441} INFO - Setting next_dagrun for DAG_Data_Preprocessing to None, run_after=None
[2024-10-27T21:19:52.697+0000] {processor.py:175} INFO - Processing /opt/airflow/dags/airflowdag.py took 3.399 seconds
[2024-10-27T21:20:23.180+0000] {processor.py:153} INFO - Started process (PID=893) to work on /opt/airflow/dags/airflowdag.py
[2024-10-27T21:20:23.182+0000] {processor.py:743} INFO - Processing file /opt/airflow/dags/airflowdag.py for tasks to queue
[2024-10-27T21:20:23.182+0000] {logging_mixin.py:137} INFO - [2024-10-27T21:20:23.182+0000] {dagbag.py:538} INFO - Filling up the DagBag from /opt/airflow/dags/airflowdag.py
[2024-10-27T21:20:25.885+0000] {processor.py:753} INFO - DAG(s) dict_keys(['DAG_Data_Preprocessing']) retrieved from /opt/airflow/dags/airflowdag.py
[2024-10-27T21:20:25.935+0000] {logging_mixin.py:137} INFO - [2024-10-27T21:20:25.935+0000] {dag.py:2690} INFO - Sync 1 DAGs
[2024-10-27T21:20:25.976+0000] {logging_mixin.py:137} INFO - [2024-10-27T21:20:25.976+0000] {dag.py:3441} INFO - Setting next_dagrun for DAG_Data_Preprocessing to None, run_after=None
[2024-10-27T21:20:26.014+0000] {processor.py:175} INFO - Processing /opt/airflow/dags/airflowdag.py took 2.838 seconds
[2024-10-27T21:20:56.608+0000] {processor.py:153} INFO - Started process (PID=944) to work on /opt/airflow/dags/airflowdag.py
[2024-10-27T21:20:56.609+0000] {processor.py:743} INFO - Processing file /opt/airflow/dags/airflowdag.py for tasks to queue
[2024-10-27T21:20:56.611+0000] {logging_mixin.py:137} INFO - [2024-10-27T21:20:56.611+0000] {dagbag.py:538} INFO - Filling up the DagBag from /opt/airflow/dags/airflowdag.py
[2024-10-27T21:21:00.165+0000] {processor.py:753} INFO - DAG(s) dict_keys(['DAG_Data_Preprocessing']) retrieved from /opt/airflow/dags/airflowdag.py
[2024-10-27T21:21:00.276+0000] {logging_mixin.py:137} INFO - [2024-10-27T21:21:00.275+0000] {dag.py:2690} INFO - Sync 1 DAGs
[2024-10-27T21:21:00.347+0000] {logging_mixin.py:137} INFO - [2024-10-27T21:21:00.346+0000] {dag.py:3441} INFO - Setting next_dagrun for DAG_Data_Preprocessing to None, run_after=None
[2024-10-27T21:21:00.409+0000] {processor.py:175} INFO - Processing /opt/airflow/dags/airflowdag.py took 3.806 seconds
[2024-10-27T21:21:31.060+0000] {processor.py:153} INFO - Started process (PID=994) to work on /opt/airflow/dags/airflowdag.py
[2024-10-27T21:21:31.062+0000] {processor.py:743} INFO - Processing file /opt/airflow/dags/airflowdag.py for tasks to queue
[2024-10-27T21:21:31.065+0000] {logging_mixin.py:137} INFO - [2024-10-27T21:21:31.064+0000] {dagbag.py:538} INFO - Filling up the DagBag from /opt/airflow/dags/airflowdag.py
[2024-10-27T21:21:34.361+0000] {processor.py:753} INFO - DAG(s) dict_keys(['DAG_Data_Preprocessing']) retrieved from /opt/airflow/dags/airflowdag.py
[2024-10-27T21:21:34.439+0000] {logging_mixin.py:137} INFO - [2024-10-27T21:21:34.438+0000] {dag.py:2690} INFO - Sync 1 DAGs
[2024-10-27T21:21:34.494+0000] {logging_mixin.py:137} INFO - [2024-10-27T21:21:34.494+0000] {dag.py:3441} INFO - Setting next_dagrun for DAG_Data_Preprocessing to None, run_after=None
[2024-10-27T21:21:34.540+0000] {processor.py:175} INFO - Processing /opt/airflow/dags/airflowdag.py took 3.487 seconds
[2024-10-27T21:22:04.864+0000] {processor.py:153} INFO - Started process (PID=1044) to work on /opt/airflow/dags/airflowdag.py
[2024-10-27T21:22:04.866+0000] {processor.py:743} INFO - Processing file /opt/airflow/dags/airflowdag.py for tasks to queue
[2024-10-27T21:22:04.868+0000] {logging_mixin.py:137} INFO - [2024-10-27T21:22:04.867+0000] {dagbag.py:538} INFO - Filling up the DagBag from /opt/airflow/dags/airflowdag.py
[2024-10-27T21:22:07.335+0000] {processor.py:753} INFO - DAG(s) dict_keys(['DAG_Data_Preprocessing']) retrieved from /opt/airflow/dags/airflowdag.py
[2024-10-27T21:22:07.417+0000] {logging_mixin.py:137} INFO - [2024-10-27T21:22:07.416+0000] {dag.py:2690} INFO - Sync 1 DAGs
[2024-10-27T21:22:07.450+0000] {logging_mixin.py:137} INFO - [2024-10-27T21:22:07.449+0000] {dag.py:3441} INFO - Setting next_dagrun for DAG_Data_Preprocessing to None, run_after=None
[2024-10-27T21:22:07.497+0000] {processor.py:175} INFO - Processing /opt/airflow/dags/airflowdag.py took 2.637 seconds
[2024-10-27T21:22:37.918+0000] {processor.py:153} INFO - Started process (PID=1094) to work on /opt/airflow/dags/airflowdag.py
[2024-10-27T21:22:37.920+0000] {processor.py:743} INFO - Processing file /opt/airflow/dags/airflowdag.py for tasks to queue
[2024-10-27T21:22:37.922+0000] {logging_mixin.py:137} INFO - [2024-10-27T21:22:37.922+0000] {dagbag.py:538} INFO - Filling up the DagBag from /opt/airflow/dags/airflowdag.py
[2024-10-27T21:22:40.085+0000] {processor.py:753} INFO - DAG(s) dict_keys(['DAG_Data_Preprocessing']) retrieved from /opt/airflow/dags/airflowdag.py
[2024-10-27T21:22:40.127+0000] {logging_mixin.py:137} INFO - [2024-10-27T21:22:40.126+0000] {dag.py:2690} INFO - Sync 1 DAGs
[2024-10-27T21:22:40.156+0000] {logging_mixin.py:137} INFO - [2024-10-27T21:22:40.156+0000] {dag.py:3441} INFO - Setting next_dagrun for DAG_Data_Preprocessing to None, run_after=None
[2024-10-27T21:22:40.186+0000] {processor.py:175} INFO - Processing /opt/airflow/dags/airflowdag.py took 2.275 seconds
[2024-10-27T21:23:10.782+0000] {processor.py:153} INFO - Started process (PID=1145) to work on /opt/airflow/dags/airflowdag.py
[2024-10-27T21:23:10.783+0000] {processor.py:743} INFO - Processing file /opt/airflow/dags/airflowdag.py for tasks to queue
[2024-10-27T21:23:10.784+0000] {logging_mixin.py:137} INFO - [2024-10-27T21:23:10.784+0000] {dagbag.py:538} INFO - Filling up the DagBag from /opt/airflow/dags/airflowdag.py
[2024-10-27T21:23:12.864+0000] {processor.py:753} INFO - DAG(s) dict_keys(['DAG_Data_Preprocessing']) retrieved from /opt/airflow/dags/airflowdag.py
[2024-10-27T21:23:12.924+0000] {logging_mixin.py:137} INFO - [2024-10-27T21:23:12.923+0000] {dag.py:2690} INFO - Sync 1 DAGs
[2024-10-27T21:23:12.961+0000] {logging_mixin.py:137} INFO - [2024-10-27T21:23:12.960+0000] {dag.py:3441} INFO - Setting next_dagrun for DAG_Data_Preprocessing to None, run_after=None
[2024-10-27T21:23:13.004+0000] {processor.py:175} INFO - Processing /opt/airflow/dags/airflowdag.py took 2.227 seconds
[2024-10-27T21:23:43.366+0000] {processor.py:153} INFO - Started process (PID=1219) to work on /opt/airflow/dags/airflowdag.py
[2024-10-27T21:23:43.368+0000] {processor.py:743} INFO - Processing file /opt/airflow/dags/airflowdag.py for tasks to queue
[2024-10-27T21:23:43.369+0000] {logging_mixin.py:137} INFO - [2024-10-27T21:23:43.368+0000] {dagbag.py:538} INFO - Filling up the DagBag from /opt/airflow/dags/airflowdag.py
[2024-10-27T21:23:45.180+0000] {processor.py:753} INFO - DAG(s) dict_keys(['DAG_Data_Preprocessing']) retrieved from /opt/airflow/dags/airflowdag.py
[2024-10-27T21:23:45.215+0000] {logging_mixin.py:137} INFO - [2024-10-27T21:23:45.214+0000] {dag.py:2690} INFO - Sync 1 DAGs
[2024-10-27T21:23:45.245+0000] {logging_mixin.py:137} INFO - [2024-10-27T21:23:45.244+0000] {dag.py:3441} INFO - Setting next_dagrun for DAG_Data_Preprocessing to None, run_after=None
[2024-10-27T21:23:45.273+0000] {processor.py:175} INFO - Processing /opt/airflow/dags/airflowdag.py took 1.911 seconds
[2024-10-27T21:24:16.041+0000] {processor.py:153} INFO - Started process (PID=1269) to work on /opt/airflow/dags/airflowdag.py
[2024-10-27T21:24:16.042+0000] {processor.py:743} INFO - Processing file /opt/airflow/dags/airflowdag.py for tasks to queue
[2024-10-27T21:24:16.044+0000] {logging_mixin.py:137} INFO - [2024-10-27T21:24:16.043+0000] {dagbag.py:538} INFO - Filling up the DagBag from /opt/airflow/dags/airflowdag.py
[2024-10-27T21:24:18.256+0000] {processor.py:753} INFO - DAG(s) dict_keys(['DAG_Data_Preprocessing']) retrieved from /opt/airflow/dags/airflowdag.py
[2024-10-27T21:24:18.308+0000] {logging_mixin.py:137} INFO - [2024-10-27T21:24:18.307+0000] {dag.py:2690} INFO - Sync 1 DAGs
[2024-10-27T21:24:18.342+0000] {logging_mixin.py:137} INFO - [2024-10-27T21:24:18.341+0000] {dag.py:3441} INFO - Setting next_dagrun for DAG_Data_Preprocessing to None, run_after=None
[2024-10-27T21:24:18.378+0000] {processor.py:175} INFO - Processing /opt/airflow/dags/airflowdag.py took 2.340 seconds
[2024-10-27T21:24:48.787+0000] {processor.py:153} INFO - Started process (PID=1343) to work on /opt/airflow/dags/airflowdag.py
[2024-10-27T21:24:48.789+0000] {processor.py:743} INFO - Processing file /opt/airflow/dags/airflowdag.py for tasks to queue
[2024-10-27T21:24:48.790+0000] {logging_mixin.py:137} INFO - [2024-10-27T21:24:48.790+0000] {dagbag.py:538} INFO - Filling up the DagBag from /opt/airflow/dags/airflowdag.py
[2024-10-27T21:24:51.099+0000] {processor.py:753} INFO - DAG(s) dict_keys(['DAG_Data_Preprocessing']) retrieved from /opt/airflow/dags/airflowdag.py
[2024-10-27T21:24:51.158+0000] {logging_mixin.py:137} INFO - [2024-10-27T21:24:51.158+0000] {dag.py:2690} INFO - Sync 1 DAGs
[2024-10-27T21:24:51.186+0000] {logging_mixin.py:137} INFO - [2024-10-27T21:24:51.186+0000] {dag.py:3441} INFO - Setting next_dagrun for DAG_Data_Preprocessing to None, run_after=None
[2024-10-27T21:24:51.215+0000] {processor.py:175} INFO - Processing /opt/airflow/dags/airflowdag.py took 2.431 seconds
[2024-10-27T21:25:21.385+0000] {processor.py:153} INFO - Started process (PID=1393) to work on /opt/airflow/dags/airflowdag.py
[2024-10-27T21:25:21.386+0000] {processor.py:743} INFO - Processing file /opt/airflow/dags/airflowdag.py for tasks to queue
[2024-10-27T21:25:21.388+0000] {logging_mixin.py:137} INFO - [2024-10-27T21:25:21.388+0000] {dagbag.py:538} INFO - Filling up the DagBag from /opt/airflow/dags/airflowdag.py
[2024-10-27T21:25:23.638+0000] {processor.py:753} INFO - DAG(s) dict_keys(['DAG_Data_Preprocessing']) retrieved from /opt/airflow/dags/airflowdag.py
[2024-10-27T21:25:23.704+0000] {logging_mixin.py:137} INFO - [2024-10-27T21:25:23.703+0000] {dag.py:2690} INFO - Sync 1 DAGs
[2024-10-27T21:25:23.730+0000] {logging_mixin.py:137} INFO - [2024-10-27T21:25:23.730+0000] {dag.py:3441} INFO - Setting next_dagrun for DAG_Data_Preprocessing to None, run_after=None
[2024-10-27T21:25:23.761+0000] {processor.py:175} INFO - Processing /opt/airflow/dags/airflowdag.py took 2.380 seconds
[2024-10-27T21:25:54.288+0000] {processor.py:153} INFO - Started process (PID=1443) to work on /opt/airflow/dags/airflowdag.py
[2024-10-27T21:25:54.290+0000] {processor.py:743} INFO - Processing file /opt/airflow/dags/airflowdag.py for tasks to queue
[2024-10-27T21:25:54.292+0000] {logging_mixin.py:137} INFO - [2024-10-27T21:25:54.292+0000] {dagbag.py:538} INFO - Filling up the DagBag from /opt/airflow/dags/airflowdag.py
[2024-10-27T21:25:57.506+0000] {processor.py:753} INFO - DAG(s) dict_keys(['DAG_Data_Preprocessing']) retrieved from /opt/airflow/dags/airflowdag.py
[2024-10-27T21:25:57.548+0000] {logging_mixin.py:137} INFO - [2024-10-27T21:25:57.547+0000] {dag.py:2690} INFO - Sync 1 DAGs
[2024-10-27T21:25:57.582+0000] {logging_mixin.py:137} INFO - [2024-10-27T21:25:57.582+0000] {dag.py:3441} INFO - Setting next_dagrun for DAG_Data_Preprocessing to None, run_after=None
[2024-10-27T21:25:57.632+0000] {processor.py:175} INFO - Processing /opt/airflow/dags/airflowdag.py took 3.347 seconds
[2024-10-27T21:26:27.891+0000] {processor.py:153} INFO - Started process (PID=1493) to work on /opt/airflow/dags/airflowdag.py
[2024-10-27T21:26:27.896+0000] {processor.py:743} INFO - Processing file /opt/airflow/dags/airflowdag.py for tasks to queue
[2024-10-27T21:26:27.898+0000] {logging_mixin.py:137} INFO - [2024-10-27T21:26:27.898+0000] {dagbag.py:538} INFO - Filling up the DagBag from /opt/airflow/dags/airflowdag.py
[2024-10-27T21:26:30.105+0000] {processor.py:753} INFO - DAG(s) dict_keys(['DAG_Data_Preprocessing']) retrieved from /opt/airflow/dags/airflowdag.py
[2024-10-27T21:26:30.145+0000] {logging_mixin.py:137} INFO - [2024-10-27T21:26:30.144+0000] {dag.py:2690} INFO - Sync 1 DAGs
[2024-10-27T21:26:30.187+0000] {logging_mixin.py:137} INFO - [2024-10-27T21:26:30.186+0000] {dag.py:3441} INFO - Setting next_dagrun for DAG_Data_Preprocessing to None, run_after=None
[2024-10-27T21:26:30.234+0000] {processor.py:175} INFO - Processing /opt/airflow/dags/airflowdag.py took 2.350 seconds
[2024-10-27T21:27:01.125+0000] {processor.py:153} INFO - Started process (PID=1552) to work on /opt/airflow/dags/airflowdag.py
[2024-10-27T21:27:01.127+0000] {processor.py:743} INFO - Processing file /opt/airflow/dags/airflowdag.py for tasks to queue
[2024-10-27T21:27:01.131+0000] {logging_mixin.py:137} INFO - [2024-10-27T21:27:01.130+0000] {dagbag.py:538} INFO - Filling up the DagBag from /opt/airflow/dags/airflowdag.py
[2024-10-27T21:27:29.968+0000] {processor.py:753} INFO - DAG(s) dict_keys(['DAG_Data_Preprocessing']) retrieved from /opt/airflow/dags/airflowdag.py
[2024-10-27T21:27:31.261+0000] {logging_mixin.py:137} INFO - [2024-10-27T21:27:31.255+0000] {dag.py:2690} INFO - Sync 1 DAGs
[2024-10-27T21:27:31.317+0000] {logging_mixin.py:137} INFO - [2024-10-27T21:27:31.317+0000] {dag.py:3441} INFO - Setting next_dagrun for DAG_Data_Preprocessing to None, run_after=None
[2024-10-27T21:27:31.355+0000] {processor.py:175} INFO - Processing /opt/airflow/dags/airflowdag.py took 31.052 seconds
[2024-10-27T21:28:01.922+0000] {processor.py:153} INFO - Started process (PID=1617) to work on /opt/airflow/dags/airflowdag.py
[2024-10-27T21:28:01.923+0000] {processor.py:743} INFO - Processing file /opt/airflow/dags/airflowdag.py for tasks to queue
[2024-10-27T21:28:01.925+0000] {logging_mixin.py:137} INFO - [2024-10-27T21:28:01.925+0000] {dagbag.py:538} INFO - Filling up the DagBag from /opt/airflow/dags/airflowdag.py
[2024-10-27T21:28:03.927+0000] {processor.py:753} INFO - DAG(s) dict_keys(['DAG_Data_Preprocessing']) retrieved from /opt/airflow/dags/airflowdag.py
[2024-10-27T21:28:03.970+0000] {logging_mixin.py:137} INFO - [2024-10-27T21:28:03.969+0000] {dag.py:2690} INFO - Sync 1 DAGs
[2024-10-27T21:28:03.997+0000] {logging_mixin.py:137} INFO - [2024-10-27T21:28:03.996+0000] {dag.py:3441} INFO - Setting next_dagrun for DAG_Data_Preprocessing to None, run_after=None
[2024-10-27T21:28:04.022+0000] {processor.py:175} INFO - Processing /opt/airflow/dags/airflowdag.py took 2.105 seconds
[2024-10-27T21:30:24.958+0000] {processor.py:153} INFO - Started process (PID=74) to work on /opt/airflow/dags/airflowdag.py
[2024-10-27T21:30:24.961+0000] {processor.py:743} INFO - Processing file /opt/airflow/dags/airflowdag.py for tasks to queue
[2024-10-27T21:30:24.963+0000] {logging_mixin.py:137} INFO - [2024-10-27T21:30:24.962+0000] {dagbag.py:538} INFO - Filling up the DagBag from /opt/airflow/dags/airflowdag.py
[2024-10-27T21:30:29.518+0000] {processor.py:753} INFO - DAG(s) dict_keys(['DAG_Data_Preprocessing']) retrieved from /opt/airflow/dags/airflowdag.py
[2024-10-27T21:30:29.845+0000] {logging_mixin.py:137} INFO - [2024-10-27T21:30:29.844+0000] {dag.py:2690} INFO - Sync 1 DAGs
[2024-10-27T21:30:29.908+0000] {logging_mixin.py:137} INFO - [2024-10-27T21:30:29.908+0000] {dag.py:3441} INFO - Setting next_dagrun for DAG_Data_Preprocessing to None, run_after=None
[2024-10-27T21:30:29.996+0000] {processor.py:175} INFO - Processing /opt/airflow/dags/airflowdag.py took 5.042 seconds
[2024-10-27T21:31:00.803+0000] {processor.py:153} INFO - Started process (PID=124) to work on /opt/airflow/dags/airflowdag.py
[2024-10-27T21:31:00.809+0000] {processor.py:743} INFO - Processing file /opt/airflow/dags/airflowdag.py for tasks to queue
[2024-10-27T21:31:00.819+0000] {logging_mixin.py:137} INFO - [2024-10-27T21:31:00.817+0000] {dagbag.py:538} INFO - Filling up the DagBag from /opt/airflow/dags/airflowdag.py
[2024-10-27T21:31:07.203+0000] {processor.py:753} INFO - DAG(s) dict_keys(['DAG_Data_Preprocessing']) retrieved from /opt/airflow/dags/airflowdag.py
[2024-10-27T21:31:07.264+0000] {logging_mixin.py:137} INFO - [2024-10-27T21:31:07.263+0000] {dag.py:2690} INFO - Sync 1 DAGs
[2024-10-27T21:31:07.311+0000] {logging_mixin.py:137} INFO - [2024-10-27T21:31:07.311+0000] {dag.py:3441} INFO - Setting next_dagrun for DAG_Data_Preprocessing to None, run_after=None
[2024-10-27T21:31:07.356+0000] {processor.py:175} INFO - Processing /opt/airflow/dags/airflowdag.py took 6.591 seconds
[2024-10-27T21:31:37.995+0000] {processor.py:153} INFO - Started process (PID=183) to work on /opt/airflow/dags/airflowdag.py
[2024-10-27T21:31:38.000+0000] {processor.py:743} INFO - Processing file /opt/airflow/dags/airflowdag.py for tasks to queue
[2024-10-27T21:31:38.003+0000] {logging_mixin.py:137} INFO - [2024-10-27T21:31:38.002+0000] {dagbag.py:538} INFO - Filling up the DagBag from /opt/airflow/dags/airflowdag.py
[2024-10-27T21:32:09.918+0000] {logging_mixin.py:137} INFO - [2024-10-27T21:32:07.690+0000] {timeout.py:68} ERROR - Process timed out, PID: 183
[2024-10-27T21:32:10.156+0000] {logging_mixin.py:137} INFO - [2024-10-27T21:32:09.930+0000] {dagbag.py:343} ERROR - Failed to import: /opt/airflow/dags/airflowdag.py
Traceback (most recent call last):
  File "/home/airflow/.local/lib/python3.7/site-packages/airflow/models/dagbag.py", line 339, in parse
    loader.exec_module(new_module)
  File "<frozen importlib._bootstrap_external>", line 728, in exec_module
  File "<frozen importlib._bootstrap>", line 219, in _call_with_frames_removed
  File "/opt/airflow/dags/airflowdag.py", line 5, in <module>
    from src.data_prep import load_data, data_preprocessing, build_save_model, load_model_elbow
  File "/opt/airflow/dags/src/data_prep.py", line 2, in <module>
    from sklearn.preprocessing import MinMaxScaler
  File "/home/airflow/.local/lib/python3.7/site-packages/sklearn/__init__.py", line 82, in <module>
    from .base import clone
  File "/home/airflow/.local/lib/python3.7/site-packages/sklearn/base.py", line 17, in <module>
    from .utils import _IS_32BIT
  File "/home/airflow/.local/lib/python3.7/site-packages/sklearn/utils/__init__.py", line 30, in <module>
    from .validation import (
  File "/home/airflow/.local/lib/python3.7/site-packages/sklearn/utils/validation.py", line 28, in <module>
    from .. import get_config as _get_config
  File "<frozen importlib._bootstrap>", line 202, in _lock_unlock_module
  File "<frozen importlib._bootstrap>", line 88, in acquire
  File "/home/airflow/.local/lib/python3.7/site-packages/airflow/utils/timeout.py", line 69, in handle_timeout
    raise AirflowTaskTimeout(self.error_message)
airflow.exceptions.AirflowTaskTimeout: DagBag import timeout for /opt/airflow/dags/airflowdag.py after 30.0s.
Please take a look at these docs to improve your DAG import time:
* https://airflow.apache.org/docs/apache-airflow/2.5.1/best-practices.html#top-level-python-code
* https://airflow.apache.org/docs/apache-airflow/2.5.1/best-practices.html#reducing-dag-complexity, PID: 183
[2024-10-27T21:32:10.165+0000] {processor.py:755} WARNING - No viable dags retrieved from /opt/airflow/dags/airflowdag.py
[2024-10-27T21:34:14.633+0000] {processor.py:153} INFO - Started process (PID=74) to work on /opt/airflow/dags/airflowdag.py
[2024-10-27T21:34:14.634+0000] {processor.py:743} INFO - Processing file /opt/airflow/dags/airflowdag.py for tasks to queue
[2024-10-27T21:34:14.636+0000] {logging_mixin.py:137} INFO - [2024-10-27T21:34:14.635+0000] {dagbag.py:538} INFO - Filling up the DagBag from /opt/airflow/dags/airflowdag.py
[2024-10-27T21:34:16.897+0000] {processor.py:753} INFO - DAG(s) dict_keys(['DAG_Data_Preprocessing']) retrieved from /opt/airflow/dags/airflowdag.py
[2024-10-27T21:34:16.959+0000] {logging_mixin.py:137} INFO - [2024-10-27T21:34:16.958+0000] {dag.py:2690} INFO - Sync 1 DAGs
[2024-10-27T21:34:16.995+0000] {logging_mixin.py:137} INFO - [2024-10-27T21:34:16.995+0000] {dag.py:3441} INFO - Setting next_dagrun for DAG_Data_Preprocessing to None, run_after=None
[2024-10-27T21:34:17.028+0000] {processor.py:175} INFO - Processing /opt/airflow/dags/airflowdag.py took 2.404 seconds
[2024-10-27T21:34:47.254+0000] {processor.py:153} INFO - Started process (PID=133) to work on /opt/airflow/dags/airflowdag.py
[2024-10-27T21:34:47.255+0000] {processor.py:743} INFO - Processing file /opt/airflow/dags/airflowdag.py for tasks to queue
[2024-10-27T21:34:47.256+0000] {logging_mixin.py:137} INFO - [2024-10-27T21:34:47.256+0000] {dagbag.py:538} INFO - Filling up the DagBag from /opt/airflow/dags/airflowdag.py
[2024-10-27T21:34:48.788+0000] {processor.py:753} INFO - DAG(s) dict_keys(['DAG_Data_Preprocessing']) retrieved from /opt/airflow/dags/airflowdag.py
[2024-10-27T21:34:48.851+0000] {logging_mixin.py:137} INFO - [2024-10-27T21:34:48.850+0000] {dag.py:2690} INFO - Sync 1 DAGs
[2024-10-27T21:34:48.883+0000] {logging_mixin.py:137} INFO - [2024-10-27T21:34:48.883+0000] {dag.py:3441} INFO - Setting next_dagrun for DAG_Data_Preprocessing to None, run_after=None
[2024-10-27T21:34:48.919+0000] {processor.py:175} INFO - Processing /opt/airflow/dags/airflowdag.py took 2.452 seconds
[2024-10-27T21:35:19.369+0000] {processor.py:153} INFO - Started process (PID=198) to work on /opt/airflow/dags/airflowdag.py
[2024-10-27T21:35:19.371+0000] {processor.py:743} INFO - Processing file /opt/airflow/dags/airflowdag.py for tasks to queue
[2024-10-27T21:35:19.372+0000] {logging_mixin.py:137} INFO - [2024-10-27T21:35:19.372+0000] {dagbag.py:538} INFO - Filling up the DagBag from /opt/airflow/dags/airflowdag.py
[2024-10-27T21:35:21.611+0000] {processor.py:753} INFO - DAG(s) dict_keys(['DAG_Data_Preprocessing']) retrieved from /opt/airflow/dags/airflowdag.py
[2024-10-27T21:35:21.648+0000] {logging_mixin.py:137} INFO - [2024-10-27T21:35:21.647+0000] {dag.py:2690} INFO - Sync 1 DAGs
[2024-10-27T21:35:21.681+0000] {logging_mixin.py:137} INFO - [2024-10-27T21:35:21.681+0000] {dag.py:3441} INFO - Setting next_dagrun for DAG_Data_Preprocessing to None, run_after=None
[2024-10-27T21:35:21.711+0000] {processor.py:175} INFO - Processing /opt/airflow/dags/airflowdag.py took 2.347 seconds
[2024-10-27T21:35:51.985+0000] {processor.py:153} INFO - Started process (PID=257) to work on /opt/airflow/dags/airflowdag.py
[2024-10-27T21:35:51.986+0000] {processor.py:743} INFO - Processing file /opt/airflow/dags/airflowdag.py for tasks to queue
[2024-10-27T21:35:51.989+0000] {logging_mixin.py:137} INFO - [2024-10-27T21:35:51.988+0000] {dagbag.py:538} INFO - Filling up the DagBag from /opt/airflow/dags/airflowdag.py
[2024-10-27T21:35:54.123+0000] {processor.py:753} INFO - DAG(s) dict_keys(['DAG_Data_Preprocessing']) retrieved from /opt/airflow/dags/airflowdag.py
[2024-10-27T21:35:54.165+0000] {logging_mixin.py:137} INFO - [2024-10-27T21:35:54.165+0000] {dag.py:2690} INFO - Sync 1 DAGs
[2024-10-27T21:35:54.196+0000] {logging_mixin.py:137} INFO - [2024-10-27T21:35:54.196+0000] {dag.py:3441} INFO - Setting next_dagrun for DAG_Data_Preprocessing to None, run_after=None
[2024-10-27T21:35:54.225+0000] {processor.py:175} INFO - Processing /opt/airflow/dags/airflowdag.py took 2.247 seconds
[2024-10-27T21:36:24.819+0000] {processor.py:153} INFO - Started process (PID=322) to work on /opt/airflow/dags/airflowdag.py
[2024-10-27T21:36:24.822+0000] {processor.py:743} INFO - Processing file /opt/airflow/dags/airflowdag.py for tasks to queue
[2024-10-27T21:36:24.824+0000] {logging_mixin.py:137} INFO - [2024-10-27T21:36:24.824+0000] {dagbag.py:538} INFO - Filling up the DagBag from /opt/airflow/dags/airflowdag.py
[2024-10-27T21:36:26.819+0000] {processor.py:753} INFO - DAG(s) dict_keys(['DAG_Data_Preprocessing']) retrieved from /opt/airflow/dags/airflowdag.py
[2024-10-27T21:36:26.849+0000] {logging_mixin.py:137} INFO - [2024-10-27T21:36:26.849+0000] {dag.py:2690} INFO - Sync 1 DAGs
[2024-10-27T21:36:26.875+0000] {logging_mixin.py:137} INFO - [2024-10-27T21:36:26.875+0000] {dag.py:3441} INFO - Setting next_dagrun for DAG_Data_Preprocessing to None, run_after=None
[2024-10-27T21:36:26.899+0000] {processor.py:175} INFO - Processing /opt/airflow/dags/airflowdag.py took 2.083 seconds
[2024-10-27T21:36:41.862+0000] {processor.py:153} INFO - Started process (PID=348) to work on /opt/airflow/dags/airflowdag.py
[2024-10-27T21:36:41.863+0000] {processor.py:743} INFO - Processing file /opt/airflow/dags/airflowdag.py for tasks to queue
[2024-10-27T21:36:41.864+0000] {logging_mixin.py:137} INFO - [2024-10-27T21:36:41.864+0000] {dagbag.py:538} INFO - Filling up the DagBag from /opt/airflow/dags/airflowdag.py
[2024-10-27T21:36:43.398+0000] {processor.py:753} INFO - DAG(s) dict_keys(['DAG_Data_Preprocessing']) retrieved from /opt/airflow/dags/airflowdag.py
[2024-10-27T21:36:43.437+0000] {logging_mixin.py:137} INFO - [2024-10-27T21:36:43.436+0000] {taskinstance.py:1770} ERROR - {'DAG Id': 'DAG_Data_Preprocessing', 'Task Id': 'load_data_task', 'Run Id': 'manual__2024-10-27T21:31:32.214293+00:00', 'Hostname': '4cb9a01d4387', 'External Executor Id': 'a25d34a6-e848-47c9-8fff-59f7650a69bc'}
[2024-10-27T21:36:43.461+0000] {logging_mixin.py:137} INFO - [2024-10-27T21:36:43.461+0000] {taskinstance.py:1323} INFO - Marking task as FAILED. dag_id=DAG_Data_Preprocessing, task_id=load_data_task, execution_date=20241027T213132, start_date=20241027T213139, end_date=20241027T213643
[2024-10-27T21:36:43.481+0000] {processor.py:713} INFO - Executed failure callback for <TaskInstance: DAG_Data_Preprocessing.load_data_task manual__2024-10-27T21:31:32.214293+00:00 [failed]> in state failed
[2024-10-27T21:36:43.499+0000] {logging_mixin.py:137} INFO - [2024-10-27T21:36:43.499+0000] {dag.py:2690} INFO - Sync 1 DAGs
[2024-10-27T21:36:43.525+0000] {logging_mixin.py:137} INFO - [2024-10-27T21:36:43.525+0000] {dag.py:3441} INFO - Setting next_dagrun for DAG_Data_Preprocessing to None, run_after=None
[2024-10-27T21:36:43.551+0000] {processor.py:175} INFO - Processing /opt/airflow/dags/airflowdag.py took 1.693 seconds
[2024-10-27T21:37:14.155+0000] {processor.py:153} INFO - Started process (PID=398) to work on /opt/airflow/dags/airflowdag.py
[2024-10-27T21:37:14.159+0000] {processor.py:743} INFO - Processing file /opt/airflow/dags/airflowdag.py for tasks to queue
[2024-10-27T21:37:14.163+0000] {logging_mixin.py:137} INFO - [2024-10-27T21:37:14.162+0000] {dagbag.py:538} INFO - Filling up the DagBag from /opt/airflow/dags/airflowdag.py
[2024-10-27T21:37:16.192+0000] {processor.py:753} INFO - DAG(s) dict_keys(['DAG_Data_Preprocessing']) retrieved from /opt/airflow/dags/airflowdag.py
[2024-10-27T21:37:16.437+0000] {logging_mixin.py:137} INFO - [2024-10-27T21:37:16.436+0000] {dag.py:2690} INFO - Sync 1 DAGs
[2024-10-27T21:37:16.513+0000] {logging_mixin.py:137} INFO - [2024-10-27T21:37:16.512+0000] {dag.py:3441} INFO - Setting next_dagrun for DAG_Data_Preprocessing to None, run_after=None
[2024-10-27T21:37:16.574+0000] {processor.py:175} INFO - Processing /opt/airflow/dags/airflowdag.py took 3.237 seconds
[2024-10-27T21:37:46.924+0000] {processor.py:153} INFO - Started process (PID=472) to work on /opt/airflow/dags/airflowdag.py
[2024-10-27T21:37:46.926+0000] {processor.py:743} INFO - Processing file /opt/airflow/dags/airflowdag.py for tasks to queue
[2024-10-27T21:37:46.928+0000] {logging_mixin.py:137} INFO - [2024-10-27T21:37:46.928+0000] {dagbag.py:538} INFO - Filling up the DagBag from /opt/airflow/dags/airflowdag.py
[2024-10-27T21:37:49.258+0000] {processor.py:753} INFO - DAG(s) dict_keys(['DAG_Data_Preprocessing']) retrieved from /opt/airflow/dags/airflowdag.py
[2024-10-27T21:37:49.304+0000] {logging_mixin.py:137} INFO - [2024-10-27T21:37:49.303+0000] {dag.py:2690} INFO - Sync 1 DAGs
[2024-10-27T21:37:49.334+0000] {logging_mixin.py:137} INFO - [2024-10-27T21:37:49.334+0000] {dag.py:3441} INFO - Setting next_dagrun for DAG_Data_Preprocessing to None, run_after=None
[2024-10-27T21:37:49.364+0000] {processor.py:175} INFO - Processing /opt/airflow/dags/airflowdag.py took 2.447 seconds
[2024-10-27T21:38:19.730+0000] {processor.py:153} INFO - Started process (PID=523) to work on /opt/airflow/dags/airflowdag.py
[2024-10-27T21:38:19.732+0000] {processor.py:743} INFO - Processing file /opt/airflow/dags/airflowdag.py for tasks to queue
[2024-10-27T21:38:19.733+0000] {logging_mixin.py:137} INFO - [2024-10-27T21:38:19.733+0000] {dagbag.py:538} INFO - Filling up the DagBag from /opt/airflow/dags/airflowdag.py
[2024-10-27T21:38:21.788+0000] {processor.py:753} INFO - DAG(s) dict_keys(['DAG_Data_Preprocessing']) retrieved from /opt/airflow/dags/airflowdag.py
[2024-10-27T21:38:21.826+0000] {logging_mixin.py:137} INFO - [2024-10-27T21:38:21.825+0000] {dag.py:2690} INFO - Sync 1 DAGs
[2024-10-27T21:38:21.853+0000] {logging_mixin.py:137} INFO - [2024-10-27T21:38:21.853+0000] {dag.py:3441} INFO - Setting next_dagrun for DAG_Data_Preprocessing to None, run_after=None
[2024-10-27T21:38:21.879+0000] {processor.py:175} INFO - Processing /opt/airflow/dags/airflowdag.py took 2.156 seconds
[2024-10-27T21:38:52.357+0000] {processor.py:153} INFO - Started process (PID=572) to work on /opt/airflow/dags/airflowdag.py
[2024-10-27T21:38:52.359+0000] {processor.py:743} INFO - Processing file /opt/airflow/dags/airflowdag.py for tasks to queue
[2024-10-27T21:38:52.360+0000] {logging_mixin.py:137} INFO - [2024-10-27T21:38:52.360+0000] {dagbag.py:538} INFO - Filling up the DagBag from /opt/airflow/dags/airflowdag.py
[2024-10-27T21:38:54.772+0000] {processor.py:753} INFO - DAG(s) dict_keys(['DAG_Data_Preprocessing']) retrieved from /opt/airflow/dags/airflowdag.py
[2024-10-27T21:38:54.806+0000] {logging_mixin.py:137} INFO - [2024-10-27T21:38:54.805+0000] {dag.py:2690} INFO - Sync 1 DAGs
[2024-10-27T21:38:54.833+0000] {logging_mixin.py:137} INFO - [2024-10-27T21:38:54.833+0000] {dag.py:3441} INFO - Setting next_dagrun for DAG_Data_Preprocessing to None, run_after=None
[2024-10-27T21:38:54.861+0000] {processor.py:175} INFO - Processing /opt/airflow/dags/airflowdag.py took 2.510 seconds
[2024-10-27T21:39:25.151+0000] {processor.py:153} INFO - Started process (PID=622) to work on /opt/airflow/dags/airflowdag.py
[2024-10-27T21:39:25.153+0000] {processor.py:743} INFO - Processing file /opt/airflow/dags/airflowdag.py for tasks to queue
[2024-10-27T21:39:25.154+0000] {logging_mixin.py:137} INFO - [2024-10-27T21:39:25.154+0000] {dagbag.py:538} INFO - Filling up the DagBag from /opt/airflow/dags/airflowdag.py
[2024-10-27T21:39:27.135+0000] {processor.py:753} INFO - DAG(s) dict_keys(['DAG_Data_Preprocessing']) retrieved from /opt/airflow/dags/airflowdag.py
[2024-10-27T21:39:27.174+0000] {logging_mixin.py:137} INFO - [2024-10-27T21:39:27.173+0000] {dag.py:2690} INFO - Sync 1 DAGs
[2024-10-27T21:39:27.202+0000] {logging_mixin.py:137} INFO - [2024-10-27T21:39:27.202+0000] {dag.py:3441} INFO - Setting next_dagrun for DAG_Data_Preprocessing to None, run_after=None
[2024-10-27T21:39:27.234+0000] {processor.py:175} INFO - Processing /opt/airflow/dags/airflowdag.py took 2.088 seconds
[2024-10-27T21:39:57.732+0000] {processor.py:153} INFO - Started process (PID=672) to work on /opt/airflow/dags/airflowdag.py
[2024-10-27T21:39:57.733+0000] {processor.py:743} INFO - Processing file /opt/airflow/dags/airflowdag.py for tasks to queue
[2024-10-27T21:39:57.734+0000] {logging_mixin.py:137} INFO - [2024-10-27T21:39:57.734+0000] {dagbag.py:538} INFO - Filling up the DagBag from /opt/airflow/dags/airflowdag.py
[2024-10-27T21:39:59.559+0000] {processor.py:753} INFO - DAG(s) dict_keys(['DAG_Data_Preprocessing']) retrieved from /opt/airflow/dags/airflowdag.py
[2024-10-27T21:39:59.603+0000] {logging_mixin.py:137} INFO - [2024-10-27T21:39:59.603+0000] {dag.py:2690} INFO - Sync 1 DAGs
[2024-10-27T21:39:59.632+0000] {logging_mixin.py:137} INFO - [2024-10-27T21:39:59.631+0000] {dag.py:3441} INFO - Setting next_dagrun for DAG_Data_Preprocessing to None, run_after=None
[2024-10-27T21:39:59.657+0000] {processor.py:175} INFO - Processing /opt/airflow/dags/airflowdag.py took 1.928 seconds
[2024-10-27T21:42:10.425+0000] {processor.py:153} INFO - Started process (PID=721) to work on /opt/airflow/dags/airflowdag.py
[2024-10-27T21:42:10.439+0000] {processor.py:743} INFO - Processing file /opt/airflow/dags/airflowdag.py for tasks to queue
[2024-10-27T21:42:10.455+0000] {logging_mixin.py:137} INFO - [2024-10-27T21:42:10.448+0000] {dagbag.py:538} INFO - Filling up the DagBag from /opt/airflow/dags/airflowdag.py
[2024-10-27T21:42:46.593+0000] {processor.py:153} INFO - Started process (PID=74) to work on /opt/airflow/dags/airflowdag.py
[2024-10-27T21:42:46.595+0000] {processor.py:743} INFO - Processing file /opt/airflow/dags/airflowdag.py for tasks to queue
[2024-10-27T21:42:46.596+0000] {logging_mixin.py:137} INFO - [2024-10-27T21:42:46.596+0000] {dagbag.py:538} INFO - Filling up the DagBag from /opt/airflow/dags/airflowdag.py
[2024-10-27T21:42:48.357+0000] {processor.py:753} INFO - DAG(s) dict_keys(['DAG_Data_Preprocessing']) retrieved from /opt/airflow/dags/airflowdag.py
[2024-10-27T21:42:48.426+0000] {logging_mixin.py:137} INFO - [2024-10-27T21:42:48.425+0000] {dag.py:2690} INFO - Sync 1 DAGs
[2024-10-27T21:42:48.469+0000] {logging_mixin.py:137} INFO - [2024-10-27T21:42:48.469+0000] {dag.py:3441} INFO - Setting next_dagrun for DAG_Data_Preprocessing to None, run_after=None
[2024-10-27T21:42:48.510+0000] {processor.py:175} INFO - Processing /opt/airflow/dags/airflowdag.py took 2.088 seconds
[2024-10-27T21:42:56.517+0000] {processor.py:153} INFO - Started process (PID=100) to work on /opt/airflow/dags/airflowdag.py
[2024-10-27T21:42:56.519+0000] {processor.py:743} INFO - Processing file /opt/airflow/dags/airflowdag.py for tasks to queue
[2024-10-27T21:42:56.521+0000] {logging_mixin.py:137} INFO - [2024-10-27T21:42:56.521+0000] {dagbag.py:538} INFO - Filling up the DagBag from /opt/airflow/dags/airflowdag.py
[2024-10-27T21:42:58.248+0000] {processor.py:753} INFO - DAG(s) dict_keys(['DAG_Data_Preprocessing']) retrieved from /opt/airflow/dags/airflowdag.py
[2024-10-27T21:42:58.274+0000] {logging_mixin.py:137} INFO - [2024-10-27T21:42:58.274+0000] {taskinstance.py:1770} ERROR - {'DAG Id': 'DAG_Data_Preprocessing', 'Task Id': 'build_save_model_task', 'Run Id': 'manual__2024-10-27T21:39:54.397119+00:00', 'Hostname': '4cb9a01d4387', 'External Executor Id': '6265deaa-9a5b-4495-a1fd-3ce0b403b7e7'}
[2024-10-27T21:42:58.296+0000] {logging_mixin.py:137} INFO - [2024-10-27T21:42:58.295+0000] {taskinstance.py:1323} INFO - Marking task as FAILED. dag_id=DAG_Data_Preprocessing, task_id=build_save_model_task, execution_date=20241027T213954, start_date=20241027T214010, end_date=20241027T214258
[2024-10-27T21:42:58.312+0000] {processor.py:713} INFO - Executed failure callback for <TaskInstance: DAG_Data_Preprocessing.build_save_model_task manual__2024-10-27T21:39:54.397119+00:00 [failed]> in state failed
[2024-10-27T21:42:58.336+0000] {logging_mixin.py:137} INFO - [2024-10-27T21:42:58.336+0000] {dag.py:2690} INFO - Sync 1 DAGs
[2024-10-27T21:42:58.359+0000] {logging_mixin.py:137} INFO - [2024-10-27T21:42:58.359+0000] {dag.py:3441} INFO - Setting next_dagrun for DAG_Data_Preprocessing to None, run_after=None
[2024-10-27T21:42:58.384+0000] {processor.py:175} INFO - Processing /opt/airflow/dags/airflowdag.py took 1.871 seconds
[2024-10-27T21:43:28.990+0000] {processor.py:153} INFO - Started process (PID=150) to work on /opt/airflow/dags/airflowdag.py
[2024-10-27T21:43:28.991+0000] {processor.py:743} INFO - Processing file /opt/airflow/dags/airflowdag.py for tasks to queue
[2024-10-27T21:43:28.993+0000] {logging_mixin.py:137} INFO - [2024-10-27T21:43:28.993+0000] {dagbag.py:538} INFO - Filling up the DagBag from /opt/airflow/dags/airflowdag.py
[2024-10-27T21:43:31.545+0000] {processor.py:753} INFO - DAG(s) dict_keys(['DAG_Data_Preprocessing']) retrieved from /opt/airflow/dags/airflowdag.py
[2024-10-27T21:43:31.612+0000] {logging_mixin.py:137} INFO - [2024-10-27T21:43:31.612+0000] {dag.py:2690} INFO - Sync 1 DAGs
[2024-10-27T21:43:31.645+0000] {logging_mixin.py:137} INFO - [2024-10-27T21:43:31.645+0000] {dag.py:3441} INFO - Setting next_dagrun for DAG_Data_Preprocessing to None, run_after=None
[2024-10-27T21:43:31.681+0000] {processor.py:175} INFO - Processing /opt/airflow/dags/airflowdag.py took 2.695 seconds
[2024-10-27T21:44:02.182+0000] {processor.py:153} INFO - Started process (PID=224) to work on /opt/airflow/dags/airflowdag.py
[2024-10-27T21:44:02.184+0000] {processor.py:743} INFO - Processing file /opt/airflow/dags/airflowdag.py for tasks to queue
[2024-10-27T21:44:02.186+0000] {logging_mixin.py:137} INFO - [2024-10-27T21:44:02.186+0000] {dagbag.py:538} INFO - Filling up the DagBag from /opt/airflow/dags/airflowdag.py
[2024-10-27T21:44:03.954+0000] {processor.py:753} INFO - DAG(s) dict_keys(['DAG_Data_Preprocessing']) retrieved from /opt/airflow/dags/airflowdag.py
[2024-10-27T21:44:03.993+0000] {logging_mixin.py:137} INFO - [2024-10-27T21:44:03.993+0000] {dag.py:2690} INFO - Sync 1 DAGs
[2024-10-27T21:44:04.021+0000] {logging_mixin.py:137} INFO - [2024-10-27T21:44:04.021+0000] {dag.py:3441} INFO - Setting next_dagrun for DAG_Data_Preprocessing to None, run_after=None
[2024-10-27T21:44:04.046+0000] {processor.py:175} INFO - Processing /opt/airflow/dags/airflowdag.py took 1.867 seconds
[2024-10-27T21:44:34.150+0000] {processor.py:153} INFO - Started process (PID=274) to work on /opt/airflow/dags/airflowdag.py
[2024-10-27T21:44:34.152+0000] {processor.py:743} INFO - Processing file /opt/airflow/dags/airflowdag.py for tasks to queue
[2024-10-27T21:44:34.153+0000] {logging_mixin.py:137} INFO - [2024-10-27T21:44:34.153+0000] {dagbag.py:538} INFO - Filling up the DagBag from /opt/airflow/dags/airflowdag.py
[2024-10-27T21:44:36.386+0000] {processor.py:753} INFO - DAG(s) dict_keys(['DAG_Data_Preprocessing']) retrieved from /opt/airflow/dags/airflowdag.py
[2024-10-27T21:44:36.427+0000] {logging_mixin.py:137} INFO - [2024-10-27T21:44:36.427+0000] {dag.py:2690} INFO - Sync 1 DAGs
[2024-10-27T21:44:36.457+0000] {logging_mixin.py:137} INFO - [2024-10-27T21:44:36.457+0000] {dag.py:3441} INFO - Setting next_dagrun for DAG_Data_Preprocessing to None, run_after=None
[2024-10-27T21:44:36.489+0000] {processor.py:175} INFO - Processing /opt/airflow/dags/airflowdag.py took 2.343 seconds
[2024-10-27T21:45:06.680+0000] {processor.py:153} INFO - Started process (PID=348) to work on /opt/airflow/dags/airflowdag.py
[2024-10-27T21:45:06.682+0000] {processor.py:743} INFO - Processing file /opt/airflow/dags/airflowdag.py for tasks to queue
[2024-10-27T21:45:06.684+0000] {logging_mixin.py:137} INFO - [2024-10-27T21:45:06.684+0000] {dagbag.py:538} INFO - Filling up the DagBag from /opt/airflow/dags/airflowdag.py
[2024-10-27T21:45:08.560+0000] {processor.py:753} INFO - DAG(s) dict_keys(['DAG_Data_Preprocessing']) retrieved from /opt/airflow/dags/airflowdag.py
[2024-10-27T21:45:08.595+0000] {logging_mixin.py:137} INFO - [2024-10-27T21:45:08.595+0000] {dag.py:2690} INFO - Sync 1 DAGs
[2024-10-27T21:45:08.626+0000] {logging_mixin.py:137} INFO - [2024-10-27T21:45:08.625+0000] {dag.py:3441} INFO - Setting next_dagrun for DAG_Data_Preprocessing to None, run_after=None
[2024-10-27T21:45:08.654+0000] {processor.py:175} INFO - Processing /opt/airflow/dags/airflowdag.py took 1.978 seconds
[2024-10-27T21:45:39.187+0000] {processor.py:153} INFO - Started process (PID=398) to work on /opt/airflow/dags/airflowdag.py
[2024-10-27T21:45:39.189+0000] {processor.py:743} INFO - Processing file /opt/airflow/dags/airflowdag.py for tasks to queue
[2024-10-27T21:45:39.191+0000] {logging_mixin.py:137} INFO - [2024-10-27T21:45:39.190+0000] {dagbag.py:538} INFO - Filling up the DagBag from /opt/airflow/dags/airflowdag.py
[2024-10-27T21:45:41.440+0000] {processor.py:753} INFO - DAG(s) dict_keys(['DAG_Data_Preprocessing']) retrieved from /opt/airflow/dags/airflowdag.py
[2024-10-27T21:45:41.495+0000] {logging_mixin.py:137} INFO - [2024-10-27T21:45:41.494+0000] {dag.py:2690} INFO - Sync 1 DAGs
[2024-10-27T21:45:41.527+0000] {logging_mixin.py:137} INFO - [2024-10-27T21:45:41.527+0000] {dag.py:3441} INFO - Setting next_dagrun for DAG_Data_Preprocessing to None, run_after=None
[2024-10-27T21:45:41.557+0000] {processor.py:175} INFO - Processing /opt/airflow/dags/airflowdag.py took 2.373 seconds
[2024-10-27T21:46:12.102+0000] {processor.py:153} INFO - Started process (PID=472) to work on /opt/airflow/dags/airflowdag.py
[2024-10-27T21:46:12.104+0000] {processor.py:743} INFO - Processing file /opt/airflow/dags/airflowdag.py for tasks to queue
[2024-10-27T21:46:12.105+0000] {logging_mixin.py:137} INFO - [2024-10-27T21:46:12.105+0000] {dagbag.py:538} INFO - Filling up the DagBag from /opt/airflow/dags/airflowdag.py
[2024-10-27T21:46:13.458+0000] {processor.py:753} INFO - DAG(s) dict_keys(['DAG_Data_Preprocessing']) retrieved from /opt/airflow/dags/airflowdag.py
[2024-10-27T21:46:13.502+0000] {logging_mixin.py:137} INFO - [2024-10-27T21:46:13.501+0000] {dag.py:2690} INFO - Sync 1 DAGs
[2024-10-27T21:46:13.533+0000] {logging_mixin.py:137} INFO - [2024-10-27T21:46:13.532+0000] {dag.py:3441} INFO - Setting next_dagrun for DAG_Data_Preprocessing to None, run_after=None
[2024-10-27T21:46:13.565+0000] {processor.py:175} INFO - Processing /opt/airflow/dags/airflowdag.py took 2.253 seconds
[2024-10-27T21:46:43.850+0000] {processor.py:153} INFO - Started process (PID=522) to work on /opt/airflow/dags/airflowdag.py
[2024-10-27T21:46:43.852+0000] {processor.py:743} INFO - Processing file /opt/airflow/dags/airflowdag.py for tasks to queue
[2024-10-27T21:46:43.853+0000] {logging_mixin.py:137} INFO - [2024-10-27T21:46:43.853+0000] {dagbag.py:538} INFO - Filling up the DagBag from /opt/airflow/dags/airflowdag.py
[2024-10-27T21:46:46.363+0000] {processor.py:753} INFO - DAG(s) dict_keys(['DAG_Data_Preprocessing']) retrieved from /opt/airflow/dags/airflowdag.py
[2024-10-27T21:46:46.445+0000] {logging_mixin.py:137} INFO - [2024-10-27T21:46:46.444+0000] {dag.py:2690} INFO - Sync 1 DAGs
[2024-10-27T21:46:46.478+0000] {logging_mixin.py:137} INFO - [2024-10-27T21:46:46.478+0000] {dag.py:3441} INFO - Setting next_dagrun for DAG_Data_Preprocessing to None, run_after=None
[2024-10-27T21:46:46.516+0000] {processor.py:175} INFO - Processing /opt/airflow/dags/airflowdag.py took 2.669 seconds
[2024-10-27T21:47:16.642+0000] {processor.py:153} INFO - Started process (PID=596) to work on /opt/airflow/dags/airflowdag.py
[2024-10-27T21:47:16.644+0000] {processor.py:743} INFO - Processing file /opt/airflow/dags/airflowdag.py for tasks to queue
[2024-10-27T21:47:16.646+0000] {logging_mixin.py:137} INFO - [2024-10-27T21:47:16.646+0000] {dagbag.py:538} INFO - Filling up the DagBag from /opt/airflow/dags/airflowdag.py
[2024-10-27T21:47:18.759+0000] {processor.py:753} INFO - DAG(s) dict_keys(['DAG_Data_Preprocessing']) retrieved from /opt/airflow/dags/airflowdag.py
[2024-10-27T21:47:18.797+0000] {logging_mixin.py:137} INFO - [2024-10-27T21:47:18.796+0000] {dag.py:2690} INFO - Sync 1 DAGs
[2024-10-27T21:47:18.824+0000] {logging_mixin.py:137} INFO - [2024-10-27T21:47:18.824+0000] {dag.py:3441} INFO - Setting next_dagrun for DAG_Data_Preprocessing to None, run_after=None
[2024-10-27T21:47:18.857+0000] {processor.py:175} INFO - Processing /opt/airflow/dags/airflowdag.py took 2.218 seconds
[2024-10-27T21:47:49.300+0000] {processor.py:153} INFO - Started process (PID=646) to work on /opt/airflow/dags/airflowdag.py
[2024-10-27T21:47:49.302+0000] {processor.py:743} INFO - Processing file /opt/airflow/dags/airflowdag.py for tasks to queue
[2024-10-27T21:47:49.303+0000] {logging_mixin.py:137} INFO - [2024-10-27T21:47:49.303+0000] {dagbag.py:538} INFO - Filling up the DagBag from /opt/airflow/dags/airflowdag.py
[2024-10-27T21:47:51.698+0000] {processor.py:753} INFO - DAG(s) dict_keys(['DAG_Data_Preprocessing']) retrieved from /opt/airflow/dags/airflowdag.py
[2024-10-27T21:47:51.764+0000] {logging_mixin.py:137} INFO - [2024-10-27T21:47:51.764+0000] {dag.py:2690} INFO - Sync 1 DAGs
[2024-10-27T21:47:51.795+0000] {logging_mixin.py:137} INFO - [2024-10-27T21:47:51.795+0000] {dag.py:3441} INFO - Setting next_dagrun for DAG_Data_Preprocessing to None, run_after=None
[2024-10-27T21:47:51.826+0000] {processor.py:175} INFO - Processing /opt/airflow/dags/airflowdag.py took 2.530 seconds
[2024-10-27T21:48:22.353+0000] {processor.py:153} INFO - Started process (PID=720) to work on /opt/airflow/dags/airflowdag.py
[2024-10-27T21:48:22.355+0000] {processor.py:743} INFO - Processing file /opt/airflow/dags/airflowdag.py for tasks to queue
[2024-10-27T21:48:22.357+0000] {logging_mixin.py:137} INFO - [2024-10-27T21:48:22.357+0000] {dagbag.py:538} INFO - Filling up the DagBag from /opt/airflow/dags/airflowdag.py
[2024-10-27T21:48:24.471+0000] {processor.py:753} INFO - DAG(s) dict_keys(['DAG_Data_Preprocessing']) retrieved from /opt/airflow/dags/airflowdag.py
[2024-10-27T21:48:24.517+0000] {logging_mixin.py:137} INFO - [2024-10-27T21:48:24.517+0000] {dag.py:2690} INFO - Sync 1 DAGs
[2024-10-27T21:48:24.548+0000] {logging_mixin.py:137} INFO - [2024-10-27T21:48:24.548+0000] {dag.py:3441} INFO - Setting next_dagrun for DAG_Data_Preprocessing to None, run_after=None
[2024-10-27T21:48:24.580+0000] {processor.py:175} INFO - Processing /opt/airflow/dags/airflowdag.py took 2.231 seconds
[2024-10-27T21:48:54.937+0000] {processor.py:153} INFO - Started process (PID=770) to work on /opt/airflow/dags/airflowdag.py
[2024-10-27T21:48:54.939+0000] {processor.py:743} INFO - Processing file /opt/airflow/dags/airflowdag.py for tasks to queue
[2024-10-27T21:48:54.941+0000] {logging_mixin.py:137} INFO - [2024-10-27T21:48:54.941+0000] {dagbag.py:538} INFO - Filling up the DagBag from /opt/airflow/dags/airflowdag.py
[2024-10-27T21:48:57.274+0000] {processor.py:753} INFO - DAG(s) dict_keys(['DAG_Data_Preprocessing']) retrieved from /opt/airflow/dags/airflowdag.py
[2024-10-27T21:48:57.343+0000] {logging_mixin.py:137} INFO - [2024-10-27T21:48:57.343+0000] {dag.py:2690} INFO - Sync 1 DAGs
[2024-10-27T21:48:57.374+0000] {logging_mixin.py:137} INFO - [2024-10-27T21:48:57.373+0000] {dag.py:3441} INFO - Setting next_dagrun for DAG_Data_Preprocessing to None, run_after=None
[2024-10-27T21:48:57.400+0000] {processor.py:175} INFO - Processing /opt/airflow/dags/airflowdag.py took 2.471 seconds
[2024-10-27T21:49:27.643+0000] {processor.py:153} INFO - Started process (PID=845) to work on /opt/airflow/dags/airflowdag.py
[2024-10-27T21:49:27.646+0000] {processor.py:743} INFO - Processing file /opt/airflow/dags/airflowdag.py for tasks to queue
[2024-10-27T21:49:27.649+0000] {logging_mixin.py:137} INFO - [2024-10-27T21:49:27.649+0000] {dagbag.py:538} INFO - Filling up the DagBag from /opt/airflow/dags/airflowdag.py
[2024-10-27T21:49:30.035+0000] {processor.py:753} INFO - DAG(s) dict_keys(['DAG_Data_Preprocessing']) retrieved from /opt/airflow/dags/airflowdag.py
[2024-10-27T21:49:30.076+0000] {logging_mixin.py:137} INFO - [2024-10-27T21:49:30.075+0000] {dag.py:2690} INFO - Sync 1 DAGs
[2024-10-27T21:49:30.106+0000] {logging_mixin.py:137} INFO - [2024-10-27T21:49:30.105+0000] {dag.py:3441} INFO - Setting next_dagrun for DAG_Data_Preprocessing to None, run_after=None
[2024-10-27T21:49:30.135+0000] {processor.py:175} INFO - Processing /opt/airflow/dags/airflowdag.py took 2.504 seconds
[2024-10-27T21:50:00.428+0000] {processor.py:153} INFO - Started process (PID=895) to work on /opt/airflow/dags/airflowdag.py
[2024-10-27T21:50:00.431+0000] {processor.py:743} INFO - Processing file /opt/airflow/dags/airflowdag.py for tasks to queue
[2024-10-27T21:50:00.433+0000] {logging_mixin.py:137} INFO - [2024-10-27T21:50:00.432+0000] {dagbag.py:538} INFO - Filling up the DagBag from /opt/airflow/dags/airflowdag.py
[2024-10-27T21:50:02.687+0000] {processor.py:753} INFO - DAG(s) dict_keys(['DAG_Data_Preprocessing']) retrieved from /opt/airflow/dags/airflowdag.py
[2024-10-27T21:50:02.757+0000] {logging_mixin.py:137} INFO - [2024-10-27T21:50:02.757+0000] {dag.py:2690} INFO - Sync 1 DAGs
[2024-10-27T21:50:02.789+0000] {logging_mixin.py:137} INFO - [2024-10-27T21:50:02.788+0000] {dag.py:3441} INFO - Setting next_dagrun for DAG_Data_Preprocessing to None, run_after=None
[2024-10-27T21:50:02.821+0000] {processor.py:175} INFO - Processing /opt/airflow/dags/airflowdag.py took 2.397 seconds
[2024-10-27T21:50:33.213+0000] {processor.py:153} INFO - Started process (PID=945) to work on /opt/airflow/dags/airflowdag.py
[2024-10-27T21:50:33.215+0000] {processor.py:743} INFO - Processing file /opt/airflow/dags/airflowdag.py for tasks to queue
[2024-10-27T21:50:33.217+0000] {logging_mixin.py:137} INFO - [2024-10-27T21:50:33.217+0000] {dagbag.py:538} INFO - Filling up the DagBag from /opt/airflow/dags/airflowdag.py
[2024-10-27T21:50:35.905+0000] {processor.py:753} INFO - DAG(s) dict_keys(['DAG_Data_Preprocessing']) retrieved from /opt/airflow/dags/airflowdag.py
[2024-10-27T21:50:35.971+0000] {logging_mixin.py:137} INFO - [2024-10-27T21:50:35.970+0000] {dag.py:2690} INFO - Sync 1 DAGs
[2024-10-27T21:50:36.000+0000] {logging_mixin.py:137} INFO - [2024-10-27T21:50:36.000+0000] {dag.py:3441} INFO - Setting next_dagrun for DAG_Data_Preprocessing to None, run_after=None
[2024-10-27T21:50:36.036+0000] {processor.py:175} INFO - Processing /opt/airflow/dags/airflowdag.py took 2.828 seconds
[2024-10-27T21:51:06.795+0000] {processor.py:153} INFO - Started process (PID=1019) to work on /opt/airflow/dags/airflowdag.py
[2024-10-27T21:51:06.796+0000] {processor.py:743} INFO - Processing file /opt/airflow/dags/airflowdag.py for tasks to queue
[2024-10-27T21:51:06.798+0000] {logging_mixin.py:137} INFO - [2024-10-27T21:51:06.797+0000] {dagbag.py:538} INFO - Filling up the DagBag from /opt/airflow/dags/airflowdag.py
[2024-10-27T21:51:08.764+0000] {processor.py:753} INFO - DAG(s) dict_keys(['DAG_Data_Preprocessing']) retrieved from /opt/airflow/dags/airflowdag.py
[2024-10-27T21:51:08.798+0000] {logging_mixin.py:137} INFO - [2024-10-27T21:51:08.798+0000] {dag.py:2690} INFO - Sync 1 DAGs
[2024-10-27T21:51:08.825+0000] {logging_mixin.py:137} INFO - [2024-10-27T21:51:08.825+0000] {dag.py:3441} INFO - Setting next_dagrun for DAG_Data_Preprocessing to None, run_after=None
[2024-10-27T21:51:08.854+0000] {processor.py:175} INFO - Processing /opt/airflow/dags/airflowdag.py took 2.062 seconds
[2024-10-27T21:51:39.360+0000] {processor.py:153} INFO - Started process (PID=1070) to work on /opt/airflow/dags/airflowdag.py
[2024-10-27T21:51:39.363+0000] {processor.py:743} INFO - Processing file /opt/airflow/dags/airflowdag.py for tasks to queue
[2024-10-27T21:51:39.366+0000] {logging_mixin.py:137} INFO - [2024-10-27T21:51:39.365+0000] {dagbag.py:538} INFO - Filling up the DagBag from /opt/airflow/dags/airflowdag.py
[2024-10-27T21:51:41.479+0000] {processor.py:753} INFO - DAG(s) dict_keys(['DAG_Data_Preprocessing']) retrieved from /opt/airflow/dags/airflowdag.py
[2024-10-27T21:51:41.515+0000] {logging_mixin.py:137} INFO - [2024-10-27T21:51:41.514+0000] {dag.py:2690} INFO - Sync 1 DAGs
[2024-10-27T21:51:41.542+0000] {logging_mixin.py:137} INFO - [2024-10-27T21:51:41.542+0000] {dag.py:3441} INFO - Setting next_dagrun for DAG_Data_Preprocessing to None, run_after=None
[2024-10-27T21:51:41.568+0000] {processor.py:175} INFO - Processing /opt/airflow/dags/airflowdag.py took 2.211 seconds
[2024-10-27T21:52:11.946+0000] {processor.py:153} INFO - Started process (PID=1120) to work on /opt/airflow/dags/airflowdag.py
[2024-10-27T21:52:11.951+0000] {processor.py:743} INFO - Processing file /opt/airflow/dags/airflowdag.py for tasks to queue
[2024-10-27T21:52:11.953+0000] {logging_mixin.py:137} INFO - [2024-10-27T21:52:11.952+0000] {dagbag.py:538} INFO - Filling up the DagBag from /opt/airflow/dags/airflowdag.py
[2024-10-27T21:52:14.930+0000] {processor.py:753} INFO - DAG(s) dict_keys(['DAG_Data_Preprocessing']) retrieved from /opt/airflow/dags/airflowdag.py
[2024-10-27T21:52:15.035+0000] {logging_mixin.py:137} INFO - [2024-10-27T21:52:15.035+0000] {dag.py:2690} INFO - Sync 1 DAGs
[2024-10-27T21:52:15.070+0000] {logging_mixin.py:137} INFO - [2024-10-27T21:52:15.069+0000] {dag.py:3441} INFO - Setting next_dagrun for DAG_Data_Preprocessing to None, run_after=None
[2024-10-27T21:52:15.103+0000] {processor.py:175} INFO - Processing /opt/airflow/dags/airflowdag.py took 3.169 seconds
[2024-10-27T21:52:45.722+0000] {processor.py:153} INFO - Started process (PID=1194) to work on /opt/airflow/dags/airflowdag.py
[2024-10-27T21:52:45.724+0000] {processor.py:743} INFO - Processing file /opt/airflow/dags/airflowdag.py for tasks to queue
[2024-10-27T21:52:45.725+0000] {logging_mixin.py:137} INFO - [2024-10-27T21:52:45.725+0000] {dagbag.py:538} INFO - Filling up the DagBag from /opt/airflow/dags/airflowdag.py
[2024-10-27T21:52:48.055+0000] {processor.py:753} INFO - DAG(s) dict_keys(['DAG_Data_Preprocessing']) retrieved from /opt/airflow/dags/airflowdag.py
[2024-10-27T21:52:48.098+0000] {logging_mixin.py:137} INFO - [2024-10-27T21:52:48.097+0000] {dag.py:2690} INFO - Sync 1 DAGs
[2024-10-27T21:52:48.126+0000] {logging_mixin.py:137} INFO - [2024-10-27T21:52:48.126+0000] {dag.py:3441} INFO - Setting next_dagrun for DAG_Data_Preprocessing to None, run_after=None
[2024-10-27T21:52:48.153+0000] {processor.py:175} INFO - Processing /opt/airflow/dags/airflowdag.py took 2.435 seconds
[2024-10-27T21:53:18.413+0000] {processor.py:153} INFO - Started process (PID=1244) to work on /opt/airflow/dags/airflowdag.py
[2024-10-27T21:53:18.415+0000] {processor.py:743} INFO - Processing file /opt/airflow/dags/airflowdag.py for tasks to queue
[2024-10-27T21:53:18.416+0000] {logging_mixin.py:137} INFO - [2024-10-27T21:53:18.416+0000] {dagbag.py:538} INFO - Filling up the DagBag from /opt/airflow/dags/airflowdag.py
[2024-10-27T21:53:20.608+0000] {processor.py:753} INFO - DAG(s) dict_keys(['DAG_Data_Preprocessing']) retrieved from /opt/airflow/dags/airflowdag.py
[2024-10-27T21:53:20.640+0000] {logging_mixin.py:137} INFO - [2024-10-27T21:53:20.639+0000] {dag.py:2690} INFO - Sync 1 DAGs
[2024-10-27T21:53:20.667+0000] {logging_mixin.py:137} INFO - [2024-10-27T21:53:20.667+0000] {dag.py:3441} INFO - Setting next_dagrun for DAG_Data_Preprocessing to None, run_after=None
[2024-10-27T21:53:20.697+0000] {processor.py:175} INFO - Processing /opt/airflow/dags/airflowdag.py took 2.287 seconds
[2024-10-27T21:53:51.250+0000] {processor.py:153} INFO - Started process (PID=1294) to work on /opt/airflow/dags/airflowdag.py
[2024-10-27T21:53:51.252+0000] {processor.py:743} INFO - Processing file /opt/airflow/dags/airflowdag.py for tasks to queue
[2024-10-27T21:53:51.255+0000] {logging_mixin.py:137} INFO - [2024-10-27T21:53:51.254+0000] {dagbag.py:538} INFO - Filling up the DagBag from /opt/airflow/dags/airflowdag.py
[2024-10-27T21:53:53.624+0000] {processor.py:753} INFO - DAG(s) dict_keys(['DAG_Data_Preprocessing']) retrieved from /opt/airflow/dags/airflowdag.py
[2024-10-27T21:53:53.665+0000] {logging_mixin.py:137} INFO - [2024-10-27T21:53:53.665+0000] {dag.py:2690} INFO - Sync 1 DAGs
[2024-10-27T21:53:53.697+0000] {logging_mixin.py:137} INFO - [2024-10-27T21:53:53.697+0000] {dag.py:3441} INFO - Setting next_dagrun for DAG_Data_Preprocessing to None, run_after=None
[2024-10-27T21:53:53.731+0000] {processor.py:175} INFO - Processing /opt/airflow/dags/airflowdag.py took 2.485 seconds
[2024-10-27T21:54:23.815+0000] {processor.py:153} INFO - Started process (PID=1353) to work on /opt/airflow/dags/airflowdag.py
[2024-10-27T21:54:23.817+0000] {processor.py:743} INFO - Processing file /opt/airflow/dags/airflowdag.py for tasks to queue
[2024-10-27T21:54:23.819+0000] {logging_mixin.py:137} INFO - [2024-10-27T21:54:23.819+0000] {dagbag.py:538} INFO - Filling up the DagBag from /opt/airflow/dags/airflowdag.py
[2024-10-27T21:54:26.252+0000] {processor.py:753} INFO - DAG(s) dict_keys(['DAG_Data_Preprocessing']) retrieved from /opt/airflow/dags/airflowdag.py
[2024-10-27T21:54:26.460+0000] {logging_mixin.py:137} INFO - [2024-10-27T21:54:26.455+0000] {dag.py:2690} INFO - Sync 1 DAGs
[2024-10-27T21:54:26.553+0000] {logging_mixin.py:137} INFO - [2024-10-27T21:54:26.546+0000] {dag.py:3441} INFO - Setting next_dagrun for DAG_Data_Preprocessing to None, run_after=None
[2024-10-27T21:54:26.732+0000] {processor.py:175} INFO - Processing /opt/airflow/dags/airflowdag.py took 2.922 seconds
[2024-10-27T21:54:56.888+0000] {processor.py:153} INFO - Started process (PID=1418) to work on /opt/airflow/dags/airflowdag.py
[2024-10-27T21:54:56.890+0000] {processor.py:743} INFO - Processing file /opt/airflow/dags/airflowdag.py for tasks to queue
[2024-10-27T21:54:56.891+0000] {logging_mixin.py:137} INFO - [2024-10-27T21:54:56.891+0000] {dagbag.py:538} INFO - Filling up the DagBag from /opt/airflow/dags/airflowdag.py
[2024-10-27T21:54:58.918+0000] {processor.py:753} INFO - DAG(s) dict_keys(['DAG_Data_Preprocessing']) retrieved from /opt/airflow/dags/airflowdag.py
[2024-10-27T21:54:58.951+0000] {logging_mixin.py:137} INFO - [2024-10-27T21:54:58.950+0000] {dag.py:2690} INFO - Sync 1 DAGs
[2024-10-27T21:54:58.978+0000] {logging_mixin.py:137} INFO - [2024-10-27T21:54:58.978+0000] {dag.py:3441} INFO - Setting next_dagrun for DAG_Data_Preprocessing to None, run_after=None
[2024-10-27T21:54:59.006+0000] {processor.py:175} INFO - Processing /opt/airflow/dags/airflowdag.py took 2.122 seconds
[2024-10-27T21:55:29.621+0000] {processor.py:153} INFO - Started process (PID=1468) to work on /opt/airflow/dags/airflowdag.py
[2024-10-27T21:55:29.623+0000] {processor.py:743} INFO - Processing file /opt/airflow/dags/airflowdag.py for tasks to queue
[2024-10-27T21:55:29.626+0000] {logging_mixin.py:137} INFO - [2024-10-27T21:55:29.626+0000] {dagbag.py:538} INFO - Filling up the DagBag from /opt/airflow/dags/airflowdag.py
[2024-10-27T21:55:31.977+0000] {processor.py:753} INFO - DAG(s) dict_keys(['DAG_Data_Preprocessing']) retrieved from /opt/airflow/dags/airflowdag.py
[2024-10-27T21:55:32.010+0000] {logging_mixin.py:137} INFO - [2024-10-27T21:55:32.009+0000] {dag.py:2690} INFO - Sync 1 DAGs
[2024-10-27T21:55:32.035+0000] {logging_mixin.py:137} INFO - [2024-10-27T21:55:32.035+0000] {dag.py:3441} INFO - Setting next_dagrun for DAG_Data_Preprocessing to None, run_after=None
[2024-10-27T21:55:32.063+0000] {processor.py:175} INFO - Processing /opt/airflow/dags/airflowdag.py took 2.446 seconds
[2024-10-27T21:56:02.279+0000] {processor.py:153} INFO - Started process (PID=1525) to work on /opt/airflow/dags/airflowdag.py
[2024-10-27T21:56:02.281+0000] {processor.py:743} INFO - Processing file /opt/airflow/dags/airflowdag.py for tasks to queue
[2024-10-27T21:56:02.283+0000] {logging_mixin.py:137} INFO - [2024-10-27T21:56:02.282+0000] {dagbag.py:538} INFO - Filling up the DagBag from /opt/airflow/dags/airflowdag.py
[2024-10-27T21:56:04.767+0000] {processor.py:753} INFO - DAG(s) dict_keys(['DAG_Data_Preprocessing']) retrieved from /opt/airflow/dags/airflowdag.py
[2024-10-27T21:56:04.935+0000] {logging_mixin.py:137} INFO - [2024-10-27T21:56:04.934+0000] {dag.py:2690} INFO - Sync 1 DAGs
[2024-10-27T21:56:04.970+0000] {logging_mixin.py:137} INFO - [2024-10-27T21:56:04.970+0000] {dag.py:3441} INFO - Setting next_dagrun for DAG_Data_Preprocessing to None, run_after=None
[2024-10-27T21:56:05.005+0000] {processor.py:175} INFO - Processing /opt/airflow/dags/airflowdag.py took 2.732 seconds
[2024-10-27T21:56:35.170+0000] {processor.py:153} INFO - Started process (PID=1592) to work on /opt/airflow/dags/airflowdag.py
[2024-10-27T21:56:35.173+0000] {processor.py:743} INFO - Processing file /opt/airflow/dags/airflowdag.py for tasks to queue
[2024-10-27T21:56:35.175+0000] {logging_mixin.py:137} INFO - [2024-10-27T21:56:35.175+0000] {dagbag.py:538} INFO - Filling up the DagBag from /opt/airflow/dags/airflowdag.py
[2024-10-27T21:56:37.847+0000] {processor.py:753} INFO - DAG(s) dict_keys(['DAG_Data_Preprocessing']) retrieved from /opt/airflow/dags/airflowdag.py
[2024-10-27T21:56:37.887+0000] {logging_mixin.py:137} INFO - [2024-10-27T21:56:37.887+0000] {dag.py:2690} INFO - Sync 1 DAGs
[2024-10-27T21:56:37.915+0000] {logging_mixin.py:137} INFO - [2024-10-27T21:56:37.915+0000] {dag.py:3441} INFO - Setting next_dagrun for DAG_Data_Preprocessing to None, run_after=None
[2024-10-27T21:56:37.943+0000] {processor.py:175} INFO - Processing /opt/airflow/dags/airflowdag.py took 2.779 seconds
[2024-10-27T21:57:08.133+0000] {processor.py:153} INFO - Started process (PID=1642) to work on /opt/airflow/dags/airflowdag.py
[2024-10-27T21:57:08.135+0000] {processor.py:743} INFO - Processing file /opt/airflow/dags/airflowdag.py for tasks to queue
[2024-10-27T21:57:08.136+0000] {logging_mixin.py:137} INFO - [2024-10-27T21:57:08.136+0000] {dagbag.py:538} INFO - Filling up the DagBag from /opt/airflow/dags/airflowdag.py
[2024-10-27T21:57:10.506+0000] {processor.py:753} INFO - DAG(s) dict_keys(['DAG_Data_Preprocessing']) retrieved from /opt/airflow/dags/airflowdag.py
[2024-10-27T21:57:10.540+0000] {logging_mixin.py:137} INFO - [2024-10-27T21:57:10.539+0000] {dag.py:2690} INFO - Sync 1 DAGs
[2024-10-27T21:57:10.568+0000] {logging_mixin.py:137} INFO - [2024-10-27T21:57:10.568+0000] {dag.py:3441} INFO - Setting next_dagrun for DAG_Data_Preprocessing to None, run_after=None
[2024-10-27T21:57:10.597+0000] {processor.py:175} INFO - Processing /opt/airflow/dags/airflowdag.py took 2.467 seconds
[2024-10-27T21:57:41.057+0000] {processor.py:153} INFO - Started process (PID=1692) to work on /opt/airflow/dags/airflowdag.py
[2024-10-27T21:57:41.059+0000] {processor.py:743} INFO - Processing file /opt/airflow/dags/airflowdag.py for tasks to queue
[2024-10-27T21:57:41.061+0000] {logging_mixin.py:137} INFO - [2024-10-27T21:57:41.061+0000] {dagbag.py:538} INFO - Filling up the DagBag from /opt/airflow/dags/airflowdag.py
[2024-10-27T21:57:43.212+0000] {processor.py:753} INFO - DAG(s) dict_keys(['DAG_Data_Preprocessing']) retrieved from /opt/airflow/dags/airflowdag.py
[2024-10-27T21:57:43.249+0000] {logging_mixin.py:137} INFO - [2024-10-27T21:57:43.249+0000] {dag.py:2690} INFO - Sync 1 DAGs
[2024-10-27T21:57:43.279+0000] {logging_mixin.py:137} INFO - [2024-10-27T21:57:43.279+0000] {dag.py:3441} INFO - Setting next_dagrun for DAG_Data_Preprocessing to None, run_after=None
[2024-10-27T21:57:43.311+0000] {processor.py:175} INFO - Processing /opt/airflow/dags/airflowdag.py took 2.259 seconds
[2024-10-27T21:58:14.387+0000] {processor.py:153} INFO - Started process (PID=1742) to work on /opt/airflow/dags/airflowdag.py
[2024-10-27T21:58:14.396+0000] {processor.py:743} INFO - Processing file /opt/airflow/dags/airflowdag.py for tasks to queue
[2024-10-27T21:58:14.404+0000] {logging_mixin.py:137} INFO - [2024-10-27T21:58:14.403+0000] {dagbag.py:538} INFO - Filling up the DagBag from /opt/airflow/dags/airflowdag.py
