[2024-11-15T21:40:54.136+0000] {taskinstance.py:1083} INFO - Dependencies all met for <TaskInstance: DAG_Data_Preprocessing.encode_data_task manual__2024-11-15T21:40:29.759659+00:00 [queued]>
[2024-11-15T21:40:54.150+0000] {taskinstance.py:1083} INFO - Dependencies all met for <TaskInstance: DAG_Data_Preprocessing.encode_data_task manual__2024-11-15T21:40:29.759659+00:00 [queued]>
[2024-11-15T21:40:54.150+0000] {taskinstance.py:1279} INFO - 
--------------------------------------------------------------------------------
[2024-11-15T21:40:54.150+0000] {taskinstance.py:1280} INFO - Starting attempt 1 of 2
[2024-11-15T21:40:54.151+0000] {taskinstance.py:1281} INFO - 
--------------------------------------------------------------------------------
[2024-11-15T21:40:54.169+0000] {taskinstance.py:1300} INFO - Executing <Task(PythonOperator): encode_data_task> on 2024-11-15 21:40:29.759659+00:00
[2024-11-15T21:40:54.178+0000] {standard_task_runner.py:55} INFO - Started process 307 to run task
[2024-11-15T21:40:54.183+0000] {standard_task_runner.py:82} INFO - Running: ['***', 'tasks', 'run', 'DAG_Data_Preprocessing', 'encode_data_task', 'manual__2024-11-15T21:40:29.759659+00:00', '--job-id', '68', '--raw', '--subdir', 'DAGS_FOLDER/data_prep_dag.py', '--cfg-path', '/tmp/tmph4_jlp6t']
[2024-11-15T21:40:54.186+0000] {standard_task_runner.py:83} INFO - Job 68: Subtask encode_data_task
[2024-11-15T21:40:54.285+0000] {task_command.py:388} INFO - Running <TaskInstance: DAG_Data_Preprocessing.encode_data_task manual__2024-11-15T21:40:29.759659+00:00 [running]> on host 8a9381cefcd7
[2024-11-15T21:40:54.383+0000] {taskinstance.py:1509} INFO - Exporting the following env vars:
AIRFLOW_CTX_DAG_OWNER=House_Price_Prediction Team
AIRFLOW_CTX_DAG_ID=DAG_Data_Preprocessing
AIRFLOW_CTX_TASK_ID=encode_data_task
AIRFLOW_CTX_EXECUTION_DATE=2024-11-15T21:40:29.759659+00:00
AIRFLOW_CTX_TRY_NUMBER=1
AIRFLOW_CTX_DAG_RUN_ID=manual__2024-11-15T21:40:29.759659+00:00
[2024-11-15T21:40:54.671+0000] {logging_mixin.py:137} INFO - Categorical columns: ['MS Zoning', 'Street', 'Alley', 'Lot Shape', 'Land Contour', 'Utilities', 'Lot Config', 'Land Slope', 'Neighborhood', 'Condition 1', 'Condition 2', 'Bldg Type', 'House Style', 'Roof Style', 'Roof Matl', 'Exterior 1st', 'Exterior 2nd', 'Mas Vnr Type', 'Exter Qual', 'Exter Cond', 'Foundation', 'Bsmt Qual', 'Bsmt Cond', 'Bsmt Exposure', 'BsmtFin Type 1', 'BsmtFin Type 2', 'Heating', 'Heating QC', 'Central Air', 'Electrical', 'Kitchen Qual', 'Functional', 'Fireplace Qu', 'Garage Type', 'Garage Finish', 'Garage Qual', 'Garage Cond', 'Paved Drive', 'Pool QC', 'Fence', 'Misc Feature', 'Sale Type', 'Sale Condition']
[2024-11-15T21:40:54.741+0000] {logging_mixin.py:137} INFO - Data after One-Hot Encoding:
[2024-11-15T21:40:54.875+0000] {logging_mixin.py:137} INFO -    Order        PID  ...  Sale Condition_Normal  Sale Condition_Partial
0      1  526301100  ...                      1                       0
1      2  526350040  ...                      1                       0
2      3  526351010  ...                      1                       0
3      4  526353030  ...                      1                       0
4      5  527105010  ...                      1                       0

[5 rows x 320 columns]
[2024-11-15T21:40:55.133+0000] {data_prep_dag.py:154} INFO - Data encoding (one-hot) completed successfully
[2024-11-15T21:40:55.136+0000] {python.py:177} INFO - Done. Returned value was: None
[2024-11-15T21:40:55.160+0000] {taskinstance.py:1323} INFO - Marking task as SUCCESS. dag_id=DAG_Data_Preprocessing, task_id=encode_data_task, execution_date=20241115T214029, start_date=20241115T214054, end_date=20241115T214055
[2024-11-15T21:40:55.226+0000] {local_task_job.py:208} INFO - Task exited with return code 0
[2024-11-15T21:40:55.279+0000] {taskinstance.py:2578} INFO - 1 downstream tasks scheduled from follow-on schedule check
