[2024-10-29T16:00:38.036+0000] {taskinstance.py:1083} INFO - Dependencies all met for <TaskInstance: DAG_Data_Preprocessing.load_data_task manual__2024-10-29T16:00:30.003054+00:00 [queued]>
[2024-10-29T16:00:38.055+0000] {taskinstance.py:1083} INFO - Dependencies all met for <TaskInstance: DAG_Data_Preprocessing.load_data_task manual__2024-10-29T16:00:30.003054+00:00 [queued]>
[2024-10-29T16:00:38.056+0000] {taskinstance.py:1279} INFO - 
--------------------------------------------------------------------------------
[2024-10-29T16:00:38.057+0000] {taskinstance.py:1280} INFO - Starting attempt 1 of 1
[2024-10-29T16:00:38.057+0000] {taskinstance.py:1281} INFO - 
--------------------------------------------------------------------------------
[2024-10-29T16:00:38.073+0000] {taskinstance.py:1300} INFO - Executing <Task(PythonOperator): load_data_task> on 2024-10-29 16:00:30.003054+00:00
[2024-10-29T16:00:38.086+0000] {standard_task_runner.py:55} INFO - Started process 214 to run task
[2024-10-29T16:00:38.089+0000] {standard_task_runner.py:82} INFO - Running: ['***', 'tasks', 'run', 'DAG_Data_Preprocessing', 'load_data_task', 'manual__2024-10-29T16:00:30.003054+00:00', '--job-id', '75', '--raw', '--subdir', 'DAGS_FOLDER/***dag.py', '--cfg-path', '/tmp/tmpf16bxek7']
[2024-10-29T16:00:38.091+0000] {standard_task_runner.py:83} INFO - Job 75: Subtask load_data_task
[2024-10-29T16:00:38.167+0000] {task_command.py:388} INFO - Running <TaskInstance: DAG_Data_Preprocessing.load_data_task manual__2024-10-29T16:00:30.003054+00:00 [running]> on host 4cb9a01d4387
[2024-10-29T16:00:38.249+0000] {taskinstance.py:1509} INFO - Exporting the following env vars:
AIRFLOW_CTX_DAG_OWNER=Project Team
AIRFLOW_CTX_DAG_ID=DAG_Data_Preprocessing
AIRFLOW_CTX_TASK_ID=load_data_task
AIRFLOW_CTX_EXECUTION_DATE=2024-10-29T16:00:30.003054+00:00
AIRFLOW_CTX_TRY_NUMBER=1
AIRFLOW_CTX_DAG_RUN_ID=manual__2024-10-29T16:00:30.003054+00:00
[2024-10-29T16:00:38.451+0000] {python.py:177} INFO - Done. Returned value was: None
[2024-10-29T16:00:38.482+0000] {taskinstance.py:1323} INFO - Marking task as SUCCESS. dag_id=DAG_Data_Preprocessing, task_id=load_data_task, execution_date=20241029T160030, start_date=20241029T160038, end_date=20241029T160038
[2024-10-29T16:00:38.544+0000] {local_task_job.py:208} INFO - Task exited with return code 0
[2024-10-29T16:00:38.579+0000] {taskinstance.py:2578} INFO - 1 downstream tasks scheduled from follow-on schedule check
