[2024-11-03T23:42:35.604+0000] {taskinstance.py:1083} INFO - Dependencies all met for <TaskInstance: DAG_Data_Preprocessing.data_cleaning_task manual__2024-11-03T23:42:26.370731+00:00 [queued]>
[2024-11-03T23:42:35.608+0000] {taskinstance.py:1083} INFO - Dependencies all met for <TaskInstance: DAG_Data_Preprocessing.data_cleaning_task manual__2024-11-03T23:42:26.370731+00:00 [queued]>
[2024-11-03T23:42:35.608+0000] {taskinstance.py:1279} INFO - 
--------------------------------------------------------------------------------
[2024-11-03T23:42:35.608+0000] {taskinstance.py:1280} INFO - Starting attempt 1 of 2
[2024-11-03T23:42:35.608+0000] {taskinstance.py:1281} INFO - 
--------------------------------------------------------------------------------
[2024-11-03T23:42:35.613+0000] {taskinstance.py:1300} INFO - Executing <Task(PythonOperator): data_cleaning_task> on 2024-11-03 23:42:26.370731+00:00
[2024-11-03T23:42:35.617+0000] {standard_task_runner.py:55} INFO - Started process 119 to run task
[2024-11-03T23:42:35.619+0000] {standard_task_runner.py:82} INFO - Running: ['***', 'tasks', 'run', 'DAG_Data_Preprocessing', 'data_cleaning_task', 'manual__2024-11-03T23:42:26.370731+00:00', '--job-id', '117', '--raw', '--subdir', 'DAGS_FOLDER/***dag.py', '--cfg-path', '/tmp/tmp00pgiwep']
[2024-11-03T23:42:35.620+0000] {standard_task_runner.py:83} INFO - Job 117: Subtask data_cleaning_task
[2024-11-03T23:42:35.661+0000] {task_command.py:388} INFO - Running <TaskInstance: DAG_Data_Preprocessing.data_cleaning_task manual__2024-11-03T23:42:26.370731+00:00 [running]> on host b77d411e2e76
[2024-11-03T23:42:35.694+0000] {taskinstance.py:1509} INFO - Exporting the following env vars:
AIRFLOW_CTX_DAG_OWNER=House_Price_Prediction Team
AIRFLOW_CTX_DAG_ID=DAG_Data_Preprocessing
AIRFLOW_CTX_TASK_ID=data_cleaning_task
AIRFLOW_CTX_EXECUTION_DATE=2024-11-03T23:42:26.370731+00:00
AIRFLOW_CTX_TRY_NUMBER=1
AIRFLOW_CTX_DAG_RUN_ID=manual__2024-11-03T23:42:26.370731+00:00
[2024-11-03T23:42:35.796+0000] {data_prep.py:85} INFO - No duplicate rows found.
[2024-11-03T23:42:35.913+0000] {airflowdag.py:100} INFO - Data cleaning completed successfully
[2024-11-03T23:42:35.914+0000] {python.py:177} INFO - Done. Returned value was: None
[2024-11-03T23:42:35.918+0000] {taskinstance.py:1323} INFO - Marking task as SUCCESS. dag_id=DAG_Data_Preprocessing, task_id=data_cleaning_task, execution_date=20241103T234226, start_date=20241103T234235, end_date=20241103T234235
[2024-11-03T23:42:35.969+0000] {local_task_job.py:208} INFO - Task exited with return code 0
[2024-11-03T23:42:35.983+0000] {taskinstance.py:2578} INFO - 1 downstream tasks scheduled from follow-on schedule check
