[2024-11-03T18:35:57.197+0000] {taskinstance.py:1083} INFO - Dependencies all met for <TaskInstance: DAG_Data_Preprocessing.encode_data_task manual__2024-11-03T18:35:46.130824+00:00 [queued]>
[2024-11-03T18:35:57.201+0000] {taskinstance.py:1083} INFO - Dependencies all met for <TaskInstance: DAG_Data_Preprocessing.encode_data_task manual__2024-11-03T18:35:46.130824+00:00 [queued]>
[2024-11-03T18:35:57.202+0000] {taskinstance.py:1279} INFO - 
--------------------------------------------------------------------------------
[2024-11-03T18:35:57.202+0000] {taskinstance.py:1280} INFO - Starting attempt 1 of 1
[2024-11-03T18:35:57.202+0000] {taskinstance.py:1281} INFO - 
--------------------------------------------------------------------------------
[2024-11-03T18:35:57.207+0000] {taskinstance.py:1300} INFO - Executing <Task(PythonOperator): encode_data_task> on 2024-11-03 18:35:46.130824+00:00
[2024-11-03T18:35:57.210+0000] {standard_task_runner.py:55} INFO - Started process 120 to run task
[2024-11-03T18:35:57.211+0000] {standard_task_runner.py:82} INFO - Running: ['***', 'tasks', 'run', 'DAG_Data_Preprocessing', 'encode_data_task', 'manual__2024-11-03T18:35:46.130824+00:00', '--job-id', '38', '--raw', '--subdir', 'DAGS_FOLDER/***dag.py', '--cfg-path', '/tmp/tmp1r471ja8']
[2024-11-03T18:35:57.213+0000] {standard_task_runner.py:83} INFO - Job 38: Subtask encode_data_task
[2024-11-03T18:35:57.242+0000] {task_command.py:388} INFO - Running <TaskInstance: DAG_Data_Preprocessing.encode_data_task manual__2024-11-03T18:35:46.130824+00:00 [running]> on host 28c7f11196f5
[2024-11-03T18:35:57.270+0000] {taskinstance.py:1509} INFO - Exporting the following env vars:
AIRFLOW_CTX_DAG_OWNER=House_Price_Prediction Team
AIRFLOW_CTX_DAG_ID=DAG_Data_Preprocessing
AIRFLOW_CTX_TASK_ID=encode_data_task
AIRFLOW_CTX_EXECUTION_DATE=2024-11-03T18:35:46.130824+00:00
AIRFLOW_CTX_TRY_NUMBER=1
AIRFLOW_CTX_DAG_RUN_ID=manual__2024-11-03T18:35:46.130824+00:00
[2024-11-03T18:35:57.355+0000] {encoding.py:27} INFO - Mapping for column 'Exter Qual': {'Missing': 0, 'Po': 1, 'Fa': 2, 'TA': 3, 'Gd': 4, 'Ex': 5}
[2024-11-03T18:35:57.355+0000] {logging_mixin.py:137} INFO - Mapping for column 'Exter Qual':
[2024-11-03T18:35:57.358+0000] {logging_mixin.py:137} INFO -   Exter Qual_Category  Exter Qual_Encoded
0             Missing                   0
1                  Po                   1
2                  Fa                   2
3                  TA                   3
4                  Gd                   4
5                  Ex                   5
[2024-11-03T18:35:57.359+0000] {encoding.py:27} INFO - Mapping for column 'Exter Cond': {'Missing': 0, 'Po': 1, 'Fa': 2, 'TA': 3, 'Gd': 4, 'Ex': 5}
[2024-11-03T18:35:57.359+0000] {logging_mixin.py:137} INFO - Mapping for column 'Exter Cond':
[2024-11-03T18:35:57.360+0000] {logging_mixin.py:137} INFO -   Exter Cond_Category  Exter Cond_Encoded
0             Missing                   0
1                  Po                   1
2                  Fa                   2
3                  TA                   3
4                  Gd                   4
5                  Ex                   5
[2024-11-03T18:35:57.361+0000] {encoding.py:27} INFO - Mapping for column 'Bsmt Qual': {'Missing': 0, 'Po': 1, 'Fa': 2, 'TA': 3, 'Gd': 4, 'Ex': 5}
[2024-11-03T18:35:57.362+0000] {logging_mixin.py:137} INFO - Mapping for column 'Bsmt Qual':
[2024-11-03T18:35:57.363+0000] {logging_mixin.py:137} INFO -   Bsmt Qual_Category  Bsmt Qual_Encoded
0            Missing                  0
1                 Po                  1
2                 Fa                  2
3                 TA                  3
4                 Gd                  4
5                 Ex                  5
[2024-11-03T18:35:57.364+0000] {encoding.py:27} INFO - Mapping for column 'Bsmt Cond': {'Missing': 0, 'Po': 1, 'Fa': 2, 'TA': 3, 'Gd': 4, 'Ex': 5}
[2024-11-03T18:35:57.364+0000] {logging_mixin.py:137} INFO - Mapping for column 'Bsmt Cond':
[2024-11-03T18:35:57.365+0000] {logging_mixin.py:137} INFO -   Bsmt Cond_Category  Bsmt Cond_Encoded
0            Missing                  0
1                 Po                  1
2                 Fa                  2
3                 TA                  3
4                 Gd                  4
5                 Ex                  5
[2024-11-03T18:35:57.366+0000] {encoding.py:27} INFO - Mapping for column 'Heating QC': {'Missing': 0, 'Po': 1, 'Fa': 2, 'TA': 3, 'Gd': 4, 'Ex': 5}
[2024-11-03T18:35:57.366+0000] {logging_mixin.py:137} INFO - Mapping for column 'Heating QC':
[2024-11-03T18:35:57.368+0000] {logging_mixin.py:137} INFO -   Heating QC_Category  Heating QC_Encoded
0             Missing                   0
1                  Po                   1
2                  Fa                   2
3                  TA                   3
4                  Gd                   4
5                  Ex                   5
[2024-11-03T18:35:57.369+0000] {encoding.py:27} INFO - Mapping for column 'Kitchen Qual': {'Missing': 0, 'Po': 1, 'Fa': 2, 'TA': 3, 'Gd': 4, 'Ex': 5}
[2024-11-03T18:35:57.369+0000] {logging_mixin.py:137} INFO - Mapping for column 'Kitchen Qual':
[2024-11-03T18:35:57.370+0000] {logging_mixin.py:137} INFO -   Kitchen Qual_Category  Kitchen Qual_Encoded
0               Missing                     0
1                    Po                     1
2                    Fa                     2
3                    TA                     3
4                    Gd                     4
5                    Ex                     5
[2024-11-03T18:35:57.371+0000] {encoding.py:27} INFO - Mapping for column 'Fireplace Qu': {'Missing': 0, 'Po': 1, 'Fa': 2, 'TA': 3, 'Gd': 4, 'Ex': 5}
[2024-11-03T18:35:57.371+0000] {logging_mixin.py:137} INFO - Mapping for column 'Fireplace Qu':
[2024-11-03T18:35:57.372+0000] {logging_mixin.py:137} INFO -   Fireplace Qu_Category  Fireplace Qu_Encoded
0               Missing                     0
1                    Po                     1
2                    Fa                     2
3                    TA                     3
4                    Gd                     4
5                    Ex                     5
[2024-11-03T18:35:57.373+0000] {encoding.py:27} INFO - Mapping for column 'Garage Qual': {'Missing': 0, 'Po': 1, 'Fa': 2, 'TA': 3, 'Gd': 4, 'Ex': 5}
[2024-11-03T18:35:57.373+0000] {logging_mixin.py:137} INFO - Mapping for column 'Garage Qual':
[2024-11-03T18:35:57.375+0000] {logging_mixin.py:137} INFO -   Garage Qual_Category  Garage Qual_Encoded
0              Missing                    0
1                   Po                    1
2                   Fa                    2
3                   TA                    3
4                   Gd                    4
5                   Ex                    5
[2024-11-03T18:35:57.375+0000] {encoding.py:27} INFO - Mapping for column 'Garage Cond': {'Missing': 0, 'Po': 1, 'Fa': 2, 'TA': 3, 'Gd': 4, 'Ex': 5}
[2024-11-03T18:35:57.376+0000] {logging_mixin.py:137} INFO - Mapping for column 'Garage Cond':
[2024-11-03T18:35:57.377+0000] {logging_mixin.py:137} INFO -   Garage Cond_Category  Garage Cond_Encoded
0              Missing                    0
1                   Po                    1
2                   Fa                    2
3                   TA                    3
4                   Gd                    4
5                   Ex                    5
[2024-11-03T18:35:57.378+0000] {encoding.py:27} INFO - Mapping for column 'Pool QC': {'Missing': 0, 'Po': 1, 'Fa': 2, 'TA': 3, 'Gd': 4, 'Ex': 5}
[2024-11-03T18:35:57.378+0000] {logging_mixin.py:137} INFO - Mapping for column 'Pool QC':
[2024-11-03T18:35:57.379+0000] {logging_mixin.py:137} INFO -   Pool QC_Category  Pool QC_Encoded
0          Missing                0
1               Po                1
2               Fa                2
3               TA                3
4               Gd                4
5               Ex                5
[2024-11-03T18:35:57.380+0000] {encoding.py:53} INFO - Encoding for column 'Land Slope': {'Gtl': 1, 'Mod': 2, 'Sev': 3}
[2024-11-03T18:35:57.380+0000] {logging_mixin.py:137} INFO - Encoding for column 'Land Slope':
[2024-11-03T18:35:57.381+0000] {logging_mixin.py:137} INFO -   Land Slope_Category  Land Slope_Encoded
0                 Gtl                   1
1                 Mod                   2
2                 Sev                   3
[2024-11-03T18:35:57.382+0000] {encoding.py:53} INFO - Encoding for column 'Bsmt Exposure': {'Gd': 4, 'No': 1, 'Mn': 2, 'Av': 3, 'Missing': 0}
[2024-11-03T18:35:57.382+0000] {logging_mixin.py:137} INFO - Encoding for column 'Bsmt Exposure':
[2024-11-03T18:35:57.383+0000] {logging_mixin.py:137} INFO -   Bsmt Exposure_Category  Bsmt Exposure_Encoded
0                     Gd                      4
1                     No                      1
2                     Mn                      2
3                     Av                      3
4                Missing                      0
[2024-11-03T18:35:57.384+0000] {encoding.py:53} INFO - Encoding for column 'Lot Shape': {'IR1': 1, 'Reg': 4, 'IR2': 2, 'IR3': 3}
[2024-11-03T18:35:57.384+0000] {logging_mixin.py:137} INFO - Encoding for column 'Lot Shape':
[2024-11-03T18:35:57.386+0000] {logging_mixin.py:137} INFO -   Lot Shape_Category  Lot Shape_Encoded
0                IR1                  1
1                Reg                  4
2                IR2                  2
3                IR3                  3
[2024-11-03T18:35:57.386+0000] {encoding.py:53} INFO - Encoding for column 'Functional': {'Typ': 1, 'Mod': 2, 'Min1': 3, 'Min2': 4, 'Maj1': 5, 'Maj2': 6, 'Sev': 7, 'Sal': 8}
[2024-11-03T18:35:57.386+0000] {logging_mixin.py:137} INFO - Encoding for column 'Functional':
[2024-11-03T18:35:57.388+0000] {logging_mixin.py:137} INFO -   Functional_Category  Functional_Encoded
0                 Typ                   1
1                 Mod                   2
2                Min1                   3
3                Min2                   4
4                Maj1                   5
5                Maj2                   6
6                 Sev                   7
7                 Sal                   8
[2024-11-03T18:35:57.389+0000] {encoding.py:53} INFO - Encoding for column 'Garage Finish': {'Fin': 3, 'Unf': 1, 'RFn': 2, 'Missing': 0}
[2024-11-03T18:35:57.389+0000] {logging_mixin.py:137} INFO - Encoding for column 'Garage Finish':
[2024-11-03T18:35:57.390+0000] {logging_mixin.py:137} INFO -   Garage Finish_Category  Garage Finish_Encoded
0                    Fin                      3
1                    Unf                      1
2                    RFn                      2
3                Missing                      0
[2024-11-03T18:35:57.391+0000] {encoding.py:53} INFO - Encoding for column 'Paved Drive': {'P': 1, 'Y': 2, 'N': 0}
[2024-11-03T18:35:57.391+0000] {logging_mixin.py:137} INFO - Encoding for column 'Paved Drive':
[2024-11-03T18:35:57.392+0000] {logging_mixin.py:137} INFO -   Paved Drive_Category  Paved Drive_Encoded
0                    P                    1
1                    Y                    2
2                    N                    0
[2024-11-03T18:35:57.392+0000] {encoding.py:53} INFO - Encoding for column 'Central Air': {'Y': 1, 'N': 0}
[2024-11-03T18:35:57.393+0000] {logging_mixin.py:137} INFO - Encoding for column 'Central Air':
[2024-11-03T18:35:57.394+0000] {logging_mixin.py:137} INFO -   Central Air_Category  Central Air_Encoded
0                    Y                    1
1                    N                    0
[2024-11-03T18:35:57.396+0000] {encoding.py:74} INFO - Encoding for remaining column 'MS Zoning': {'RL': 1, 'RH': 2, 'FV': 3, 'RM': 4, 'C (all)': 5, 'I (all)': 6, 'A (agr)': 7}
[2024-11-03T18:35:57.396+0000] {logging_mixin.py:137} INFO - Encoding for remaining column 'MS Zoning':
[2024-11-03T18:35:57.397+0000] {logging_mixin.py:137} INFO -   MS Zoning_Category  MS Zoning_Encoded
0                 RL                  1
1                 RH                  2
2                 FV                  3
3                 RM                  4
4            C (all)                  5
5            I (all)                  6
6            A (agr)                  7
[2024-11-03T18:35:57.398+0000] {encoding.py:74} INFO - Encoding for remaining column 'Street': {'Pave': 1, 'Grvl': 2}
[2024-11-03T18:35:57.398+0000] {logging_mixin.py:137} INFO - Encoding for remaining column 'Street':
[2024-11-03T18:35:57.399+0000] {logging_mixin.py:137} INFO -   Street_Category  Street_Encoded
0            Pave               1
1            Grvl               2
[2024-11-03T18:35:57.400+0000] {encoding.py:74} INFO - Encoding for remaining column 'Alley': {None: 1, 'Pave': 2, 'Grvl': 3}
[2024-11-03T18:35:57.400+0000] {logging_mixin.py:137} INFO - Encoding for remaining column 'Alley':
[2024-11-03T18:35:57.401+0000] {logging_mixin.py:137} INFO -   Alley_Category  Alley_Encoded
0           None              1
1           Pave              2
2           Grvl              3
[2024-11-03T18:35:57.402+0000] {encoding.py:74} INFO - Encoding for remaining column 'Land Contour': {'Lvl': 1, 'HLS': 2, 'Bnk': 3, 'Low': 4}
[2024-11-03T18:35:57.402+0000] {logging_mixin.py:137} INFO - Encoding for remaining column 'Land Contour':
[2024-11-03T18:35:57.403+0000] {logging_mixin.py:137} INFO -   Land Contour_Category  Land Contour_Encoded
0                   Lvl                     1
1                   HLS                     2
2                   Bnk                     3
3                   Low                     4
[2024-11-03T18:35:57.404+0000] {encoding.py:74} INFO - Encoding for remaining column 'Utilities': {'AllPub': 1, 'NoSewr': 2, 'NoSeWa': 3}
[2024-11-03T18:35:57.404+0000] {logging_mixin.py:137} INFO - Encoding for remaining column 'Utilities':
[2024-11-03T18:35:57.405+0000] {logging_mixin.py:137} INFO -   Utilities_Category  Utilities_Encoded
0             AllPub                  1
1             NoSewr                  2
2             NoSeWa                  3
[2024-11-03T18:35:57.406+0000] {encoding.py:74} INFO - Encoding for remaining column 'Lot Config': {'Corner': 1, 'Inside': 2, 'CulDSac': 3, 'FR2': 4, 'FR3': 5}
[2024-11-03T18:35:57.406+0000] {logging_mixin.py:137} INFO - Encoding for remaining column 'Lot Config':
[2024-11-03T18:35:57.407+0000] {logging_mixin.py:137} INFO -   Lot Config_Category  Lot Config_Encoded
0              Corner                   1
1              Inside                   2
2             CulDSac                   3
3                 FR2                   4
4                 FR3                   5
[2024-11-03T18:35:57.408+0000] {encoding.py:74} INFO - Encoding for remaining column 'Neighborhood': {'NAmes': 1, 'Gilbert': 2, 'StoneBr': 3, 'NWAmes': 4, 'Somerst': 5, 'BrDale': 6, 'NPkVill': 7, 'NridgHt': 8, 'Blmngtn': 9, 'NoRidge': 10, 'SawyerW': 11, 'Sawyer': 12, 'Greens': 13, 'BrkSide': 14, 'OldTown': 15, 'IDOTRR': 16, 'ClearCr': 17, 'SWISU': 18, 'Edwards': 19, 'CollgCr': 20, 'Crawfor': 21, 'Blueste': 22, 'Mitchel': 23, 'Timber': 24, 'MeadowV': 25, 'Veenker': 26, 'GrnHill': 27, 'Landmrk': 28}
[2024-11-03T18:35:57.408+0000] {logging_mixin.py:137} INFO - Encoding for remaining column 'Neighborhood':
[2024-11-03T18:35:57.410+0000] {logging_mixin.py:137} INFO -    Neighborhood_Category  Neighborhood_Encoded
0                  NAmes                     1
1                Gilbert                     2
2                StoneBr                     3
3                 NWAmes                     4
4                Somerst                     5
5                 BrDale                     6
6                NPkVill                     7
7                NridgHt                     8
8                Blmngtn                     9
9                NoRidge                    10
10               SawyerW                    11
11                Sawyer                    12
12                Greens                    13
13               BrkSide                    14
14               OldTown                    15
15                IDOTRR                    16
16               ClearCr                    17
17                 SWISU                    18
18               Edwards                    19
19               CollgCr                    20
20               Crawfor                    21
21               Blueste                    22
22               Mitchel                    23
23                Timber                    24
24               MeadowV                    25
25               Veenker                    26
26               GrnHill                    27
27               Landmrk                    28
[2024-11-03T18:35:57.410+0000] {encoding.py:74} INFO - Encoding for remaining column 'Condition 1': {'Norm': 1, 'Feedr': 2, 'PosN': 3, 'RRNe': 4, 'RRAe': 5, 'Artery': 6, 'PosA': 7, 'RRAn': 8, 'RRNn': 9}
[2024-11-03T18:35:57.410+0000] {logging_mixin.py:137} INFO - Encoding for remaining column 'Condition 1':
[2024-11-03T18:35:57.412+0000] {logging_mixin.py:137} INFO -   Condition 1_Category  Condition 1_Encoded
0                 Norm                    1
1                Feedr                    2
2                 PosN                    3
3                 RRNe                    4
4                 RRAe                    5
5               Artery                    6
6                 PosA                    7
7                 RRAn                    8
8                 RRNn                    9
[2024-11-03T18:35:57.412+0000] {encoding.py:74} INFO - Encoding for remaining column 'Condition 2': {'Norm': 1, 'Feedr': 2, 'PosA': 3, 'PosN': 4, 'Artery': 5, 'RRNn': 6, 'RRAe': 7, 'RRAn': 8}
[2024-11-03T18:35:57.412+0000] {logging_mixin.py:137} INFO - Encoding for remaining column 'Condition 2':
[2024-11-03T18:35:57.414+0000] {logging_mixin.py:137} INFO -   Condition 2_Category  Condition 2_Encoded
0                 Norm                    1
1                Feedr                    2
2                 PosA                    3
3                 PosN                    4
4               Artery                    5
5                 RRNn                    6
6                 RRAe                    7
7                 RRAn                    8
[2024-11-03T18:35:57.414+0000] {encoding.py:74} INFO - Encoding for remaining column 'Bldg Type': {'1Fam': 1, 'TwnhsE': 2, 'Twnhs': 3, 'Duplex': 4, '2fmCon': 5}
[2024-11-03T18:35:57.414+0000] {logging_mixin.py:137} INFO - Encoding for remaining column 'Bldg Type':
[2024-11-03T18:35:57.416+0000] {logging_mixin.py:137} INFO -   Bldg Type_Category  Bldg Type_Encoded
0               1Fam                  1
1             TwnhsE                  2
2              Twnhs                  3
3             Duplex                  4
4             2fmCon                  5
[2024-11-03T18:35:57.416+0000] {encoding.py:74} INFO - Encoding for remaining column 'House Style': {'1Story': 1, '2Story': 2, '1.5Fin': 3, 'SFoyer': 4, 'SLvl': 5, '2.5Unf': 6, '1.5Unf': 7, '2.5Fin': 8}
[2024-11-03T18:35:57.416+0000] {logging_mixin.py:137} INFO - Encoding for remaining column 'House Style':
[2024-11-03T18:35:57.418+0000] {logging_mixin.py:137} INFO -   House Style_Category  House Style_Encoded
0               1Story                    1
1               2Story                    2
2               1.5Fin                    3
3               SFoyer                    4
4                 SLvl                    5
5               2.5Unf                    6
6               1.5Unf                    7
7               2.5Fin                    8
[2024-11-03T18:35:57.418+0000] {encoding.py:74} INFO - Encoding for remaining column 'Roof Style': {'Hip': 1, 'Gable': 2, 'Mansard': 3, 'Gambrel': 4, 'Shed': 5, 'Flat': 6}
[2024-11-03T18:35:57.418+0000] {logging_mixin.py:137} INFO - Encoding for remaining column 'Roof Style':
[2024-11-03T18:35:57.419+0000] {logging_mixin.py:137} INFO -   Roof Style_Category  Roof Style_Encoded
0                 Hip                   1
1               Gable                   2
2             Mansard                   3
3             Gambrel                   4
4                Shed                   5
5                Flat                   6
[2024-11-03T18:35:57.420+0000] {encoding.py:74} INFO - Encoding for remaining column 'Roof Matl': {'CompShg': 1, 'WdShake': 2, 'Tar&Grv': 3, 'WdShngl': 4, 'Membran': 5, 'ClyTile': 6, 'Roll': 7, 'Metal': 8}
[2024-11-03T18:35:57.420+0000] {logging_mixin.py:137} INFO - Encoding for remaining column 'Roof Matl':
[2024-11-03T18:35:57.421+0000] {logging_mixin.py:137} INFO -   Roof Matl_Category  Roof Matl_Encoded
0            CompShg                  1
1            WdShake                  2
2            Tar&Grv                  3
3            WdShngl                  4
4            Membran                  5
5            ClyTile                  6
6               Roll                  7
7              Metal                  8
[2024-11-03T18:35:57.422+0000] {encoding.py:74} INFO - Encoding for remaining column 'Exterior 1st': {'BrkFace': 1, 'VinylSd': 2, 'Wd Sdng': 3, 'CemntBd': 4, 'HdBoard': 5, 'Plywood': 6, 'MetalSd': 7, 'AsbShng': 8, 'WdShing': 9, 'Stucco': 10, 'AsphShn': 11, 'BrkComm': 12, 'CBlock': 13, 'PreCast': 14, 'Stone': 15, 'ImStucc': 16}
[2024-11-03T18:35:57.422+0000] {logging_mixin.py:137} INFO - Encoding for remaining column 'Exterior 1st':
[2024-11-03T18:35:57.423+0000] {logging_mixin.py:137} INFO -    Exterior 1st_Category  Exterior 1st_Encoded
0                BrkFace                     1
1                VinylSd                     2
2                Wd Sdng                     3
3                CemntBd                     4
4                HdBoard                     5
5                Plywood                     6
6                MetalSd                     7
7                AsbShng                     8
8                WdShing                     9
9                 Stucco                    10
10               AsphShn                    11
11               BrkComm                    12
12                CBlock                    13
13               PreCast                    14
14                 Stone                    15
15               ImStucc                    16
[2024-11-03T18:35:57.424+0000] {encoding.py:74} INFO - Encoding for remaining column 'Exterior 2nd': {'Plywood': 1, 'VinylSd': 2, 'Wd Sdng': 3, 'BrkFace': 4, 'CmentBd': 5, 'HdBoard': 6, 'Wd Shng': 7, 'MetalSd': 8, 'ImStucc': 9, 'Brk Cmn': 10, 'AsbShng': 11, 'Stucco': 12, 'AsphShn': 13, 'CBlock': 14, 'Stone': 15, 'PreCast': 16, 'Other': 17}
[2024-11-03T18:35:57.424+0000] {logging_mixin.py:137} INFO - Encoding for remaining column 'Exterior 2nd':
[2024-11-03T18:35:57.425+0000] {logging_mixin.py:137} INFO -    Exterior 2nd_Category  Exterior 2nd_Encoded
0                Plywood                     1
1                VinylSd                     2
2                Wd Sdng                     3
3                BrkFace                     4
4                CmentBd                     5
5                HdBoard                     6
6                Wd Shng                     7
7                MetalSd                     8
8                ImStucc                     9
9                Brk Cmn                    10
10               AsbShng                    11
11                Stucco                    12
12               AsphShn                    13
13                CBlock                    14
14                 Stone                    15
15               PreCast                    16
16                 Other                    17
[2024-11-03T18:35:57.426+0000] {encoding.py:74} INFO - Encoding for remaining column 'Mas Vnr Type': {'Stone': 1, 'None': 2, 'BrkFace': 3, None: 4, 'BrkCmn': 5, 'CBlock': 6}
[2024-11-03T18:35:57.426+0000] {logging_mixin.py:137} INFO - Encoding for remaining column 'Mas Vnr Type':
[2024-11-03T18:35:57.427+0000] {logging_mixin.py:137} INFO -   Mas Vnr Type_Category  Mas Vnr Type_Encoded
0                 Stone                     1
1                  None                     2
2               BrkFace                     3
3                  None                     4
4                BrkCmn                     5
5                CBlock                     6
[2024-11-03T18:35:57.428+0000] {encoding.py:74} INFO - Encoding for remaining column 'Foundation': {'CBlock': 1, 'PConc': 2, 'Wood': 3, 'BrkTil': 4, 'Slab': 5, 'Stone': 6}
[2024-11-03T18:35:57.428+0000] {logging_mixin.py:137} INFO - Encoding for remaining column 'Foundation':
[2024-11-03T18:35:57.429+0000] {logging_mixin.py:137} INFO -   Foundation_Category  Foundation_Encoded
0              CBlock                   1
1               PConc                   2
2                Wood                   3
3              BrkTil                   4
4                Slab                   5
5               Stone                   6
[2024-11-03T18:35:57.430+0000] {encoding.py:74} INFO - Encoding for remaining column 'BsmtFin Type 1': {'BLQ': 1, 'Rec': 2, 'ALQ': 3, 'GLQ': 4, 'Unf': 5, 'LwQ': 6, None: 7}
[2024-11-03T18:35:57.430+0000] {logging_mixin.py:137} INFO - Encoding for remaining column 'BsmtFin Type 1':
[2024-11-03T18:35:57.431+0000] {logging_mixin.py:137} INFO -   BsmtFin Type 1_Category  BsmtFin Type 1_Encoded
0                     BLQ                       1
1                     Rec                       2
2                     ALQ                       3
3                     GLQ                       4
4                     Unf                       5
5                     LwQ                       6
6                    None                       7
[2024-11-03T18:35:57.432+0000] {encoding.py:74} INFO - Encoding for remaining column 'BsmtFin Type 2': {'Unf': 1, 'LwQ': 2, 'BLQ': 3, 'Rec': 4, None: 5, 'GLQ': 6, 'ALQ': 7}
[2024-11-03T18:35:57.432+0000] {logging_mixin.py:137} INFO - Encoding for remaining column 'BsmtFin Type 2':
[2024-11-03T18:35:57.433+0000] {logging_mixin.py:137} INFO -   BsmtFin Type 2_Category  BsmtFin Type 2_Encoded
0                     Unf                       1
1                     LwQ                       2
2                     BLQ                       3
3                     Rec                       4
4                    None                       5
5                     GLQ                       6
6                     ALQ                       7
[2024-11-03T18:35:57.434+0000] {encoding.py:74} INFO - Encoding for remaining column 'Heating': {'GasA': 1, 'GasW': 2, 'Grav': 3, 'Wall': 4, 'Floor': 5, 'OthW': 6}
[2024-11-03T18:35:57.434+0000] {logging_mixin.py:137} INFO - Encoding for remaining column 'Heating':
[2024-11-03T18:35:57.435+0000] {logging_mixin.py:137} INFO -   Heating_Category  Heating_Encoded
0             GasA                1
1             GasW                2
2             Grav                3
3             Wall                4
4            Floor                5
5             OthW                6
[2024-11-03T18:35:57.436+0000] {encoding.py:74} INFO - Encoding for remaining column 'Electrical': {'SBrkr': 1, 'FuseA': 2, 'FuseF': 3, 'FuseP': 4, None: 5, 'Mix': 6}
[2024-11-03T18:35:57.436+0000] {logging_mixin.py:137} INFO - Encoding for remaining column 'Electrical':
[2024-11-03T18:35:57.437+0000] {logging_mixin.py:137} INFO -   Electrical_Category  Electrical_Encoded
0               SBrkr                   1
1               FuseA                   2
2               FuseF                   3
3               FuseP                   4
4                None                   5
5                 Mix                   6
[2024-11-03T18:35:57.437+0000] {encoding.py:74} INFO - Encoding for remaining column 'Garage Type': {'Attchd': 1, 'BuiltIn': 2, 'Basment': 3, 'Detchd': 4, None: 5, 'CarPort': 6, '2Types': 7}
[2024-11-03T18:35:57.437+0000] {logging_mixin.py:137} INFO - Encoding for remaining column 'Garage Type':
[2024-11-03T18:35:57.439+0000] {logging_mixin.py:137} INFO -   Garage Type_Category  Garage Type_Encoded
0               Attchd                    1
1              BuiltIn                    2
2              Basment                    3
3               Detchd                    4
4                 None                    5
5              CarPort                    6
6               2Types                    7
[2024-11-03T18:35:57.439+0000] {encoding.py:74} INFO - Encoding for remaining column 'Fence': {None: 1, 'MnPrv': 2, 'GdPrv': 3, 'GdWo': 4, 'MnWw': 5}
[2024-11-03T18:35:57.439+0000] {logging_mixin.py:137} INFO - Encoding for remaining column 'Fence':
[2024-11-03T18:35:57.440+0000] {logging_mixin.py:137} INFO -   Fence_Category  Fence_Encoded
0           None              1
1          MnPrv              2
2          GdPrv              3
3           GdWo              4
4           MnWw              5
[2024-11-03T18:35:57.441+0000] {encoding.py:74} INFO - Encoding for remaining column 'Misc Feature': {None: 1, 'Gar2': 2, 'Shed': 3, 'Othr': 4, 'Elev': 5, 'TenC': 6}
[2024-11-03T18:35:57.441+0000] {logging_mixin.py:137} INFO - Encoding for remaining column 'Misc Feature':
[2024-11-03T18:35:57.442+0000] {logging_mixin.py:137} INFO -   Misc Feature_Category  Misc Feature_Encoded
0                  None                     1
1                  Gar2                     2
2                  Shed                     3
3                  Othr                     4
4                  Elev                     5
5                  TenC                     6
[2024-11-03T18:35:57.443+0000] {encoding.py:74} INFO - Encoding for remaining column 'Sale Type': {'WD ': 1, 'New': 2, 'COD': 3, 'ConLI': 4, 'Con': 5, 'ConLD': 6, 'Oth': 7, 'ConLw': 8, 'CWD': 9, 'VWD': 10}
[2024-11-03T18:35:57.443+0000] {logging_mixin.py:137} INFO - Encoding for remaining column 'Sale Type':
[2024-11-03T18:35:57.444+0000] {logging_mixin.py:137} INFO -   Sale Type_Category  Sale Type_Encoded
0                WD                   1
1                New                  2
2                COD                  3
3              ConLI                  4
4                Con                  5
5              ConLD                  6
6                Oth                  7
7              ConLw                  8
8                CWD                  9
9                VWD                 10
[2024-11-03T18:35:57.444+0000] {encoding.py:74} INFO - Encoding for remaining column 'Sale Condition': {'Normal': 1, 'Partial': 2, 'Family': 3, 'Abnorml': 4, 'Alloca': 5, 'AdjLand': 6}
[2024-11-03T18:35:57.444+0000] {logging_mixin.py:137} INFO - Encoding for remaining column 'Sale Condition':
[2024-11-03T18:35:57.446+0000] {logging_mixin.py:137} INFO -   Sale Condition_Category  Sale Condition_Encoded
0                  Normal                       1
1                 Partial                       2
2                  Family                       3
3                 Abnorml                       4
4                  Alloca                       5
5                 AdjLand                       6
[2024-11-03T18:35:57.540+0000] {python.py:177} INFO - Done. Returned value was: None
[2024-11-03T18:35:57.544+0000] {taskinstance.py:1323} INFO - Marking task as SUCCESS. dag_id=DAG_Data_Preprocessing, task_id=encode_data_task, execution_date=20241103T183546, start_date=20241103T183557, end_date=20241103T183557
[2024-11-03T18:35:57.573+0000] {local_task_job.py:208} INFO - Task exited with return code 0
[2024-11-03T18:35:57.582+0000] {taskinstance.py:2578} INFO - 0 downstream tasks scheduled from follow-on schedule check
