[2024-11-03T20:09:20.626+0000] {taskinstance.py:1083} INFO - Dependencies all met for <TaskInstance: DAG_Data_Preprocessing.data_split_task manual__2024-11-03T20:09:09.733244+00:00 [queued]>
[2024-11-03T20:09:20.630+0000] {taskinstance.py:1083} INFO - Dependencies all met for <TaskInstance: DAG_Data_Preprocessing.data_split_task manual__2024-11-03T20:09:09.733244+00:00 [queued]>
[2024-11-03T20:09:20.630+0000] {taskinstance.py:1279} INFO - 
--------------------------------------------------------------------------------
[2024-11-03T20:09:20.630+0000] {taskinstance.py:1280} INFO - Starting attempt 1 of 1
[2024-11-03T20:09:20.630+0000] {taskinstance.py:1281} INFO - 
--------------------------------------------------------------------------------
[2024-11-03T20:09:20.642+0000] {taskinstance.py:1300} INFO - Executing <Task(PythonOperator): data_split_task> on 2024-11-03 20:09:09.733244+00:00
[2024-11-03T20:09:20.650+0000] {standard_task_runner.py:55} INFO - Started process 109 to run task
[2024-11-03T20:09:20.663+0000] {standard_task_runner.py:82} INFO - Running: ['***', 'tasks', 'run', 'DAG_Data_Preprocessing', 'data_split_task', 'manual__2024-11-03T20:09:09.733244+00:00', '--job-id', '68', '--raw', '--subdir', 'DAGS_FOLDER/***dag.py', '--cfg-path', '/tmp/tmpsihewsgi']
[2024-11-03T20:09:20.664+0000] {standard_task_runner.py:83} INFO - Job 68: Subtask data_split_task
[2024-11-03T20:09:20.691+0000] {task_command.py:388} INFO - Running <TaskInstance: DAG_Data_Preprocessing.data_split_task manual__2024-11-03T20:09:09.733244+00:00 [running]> on host 28c7f11196f5
[2024-11-03T20:09:20.727+0000] {taskinstance.py:1509} INFO - Exporting the following env vars:
AIRFLOW_CTX_DAG_OWNER=House_Price_Prediction Team
AIRFLOW_CTX_DAG_ID=DAG_Data_Preprocessing
AIRFLOW_CTX_TASK_ID=data_split_task
AIRFLOW_CTX_EXECUTION_DATE=2024-11-03T20:09:09.733244+00:00
AIRFLOW_CTX_TRY_NUMBER=1
AIRFLOW_CTX_DAG_RUN_ID=manual__2024-11-03T20:09:09.733244+00:00
[2024-11-03T20:09:20.731+0000] {airflowdag.py:123} ERROR - No encoded data found in XCom for key 'encoded_data'
[2024-11-03T20:09:20.732+0000] {python.py:177} INFO - Done. Returned value was: None
[2024-11-03T20:09:20.735+0000] {taskinstance.py:1323} INFO - Marking task as SUCCESS. dag_id=DAG_Data_Preprocessing, task_id=data_split_task, execution_date=20241103T200909, start_date=20241103T200920, end_date=20241103T200920
[2024-11-03T20:09:20.750+0000] {local_task_job.py:208} INFO - Task exited with return code 0
[2024-11-03T20:09:20.759+0000] {taskinstance.py:2578} INFO - 0 downstream tasks scheduled from follow-on schedule check
