[2024-11-03T23:54:02.550+0000] {taskinstance.py:1083} INFO - Dependencies all met for <TaskInstance: DAG_feature_select_and_data_augmentation.data_split_task manual__2024-11-03T23:54:00.807317+00:00 [queued]>
[2024-11-03T23:54:02.555+0000] {taskinstance.py:1083} INFO - Dependencies all met for <TaskInstance: DAG_feature_select_and_data_augmentation.data_split_task manual__2024-11-03T23:54:00.807317+00:00 [queued]>
[2024-11-03T23:54:02.555+0000] {taskinstance.py:1279} INFO - 
--------------------------------------------------------------------------------
[2024-11-03T23:54:02.555+0000] {taskinstance.py:1280} INFO - Starting attempt 1 of 1
[2024-11-03T23:54:02.555+0000] {taskinstance.py:1281} INFO - 
--------------------------------------------------------------------------------
[2024-11-03T23:54:02.561+0000] {taskinstance.py:1300} INFO - Executing <Task(PythonOperator): data_split_task> on 2024-11-03 23:54:00.807317+00:00
[2024-11-03T23:54:02.566+0000] {standard_task_runner.py:55} INFO - Started process 198 to run task
[2024-11-03T23:54:02.568+0000] {standard_task_runner.py:82} INFO - Running: ['***', 'tasks', 'run', 'DAG_feature_select_and_data_augmentation', 'data_split_task', 'manual__2024-11-03T23:54:00.807317+00:00', '--job-id', '146', '--raw', '--subdir', 'DAGS_FOLDER/feature_and_augm_dag.py', '--cfg-path', '/tmp/tmpnw0jl1z3']
[2024-11-03T23:54:02.569+0000] {standard_task_runner.py:83} INFO - Job 146: Subtask data_split_task
[2024-11-03T23:54:02.608+0000] {task_command.py:388} INFO - Running <TaskInstance: DAG_feature_select_and_data_augmentation.data_split_task manual__2024-11-03T23:54:00.807317+00:00 [running]> on host b77d411e2e76
[2024-11-03T23:54:02.636+0000] {taskinstance.py:1509} INFO - Exporting the following env vars:
AIRFLOW_CTX_DAG_OWNER=House_Price_Prediction Team
AIRFLOW_CTX_DAG_ID=DAG_feature_select_and_data_augmentation
AIRFLOW_CTX_TASK_ID=data_split_task
AIRFLOW_CTX_EXECUTION_DATE=2024-11-03T23:54:00.807317+00:00
AIRFLOW_CTX_TRY_NUMBER=1
AIRFLOW_CTX_DAG_RUN_ID=manual__2024-11-03T23:54:00.807317+00:00
[2024-11-03T23:54:02.637+0000] {feature_and_augm_dag.py:34} INFO - encoded_result
[2024-11-03T23:54:02.641+0000] {feature_and_augm_dag.py:37} ERROR - No encoded data found in XCom for key 'encoded_result'
[2024-11-03T23:54:02.641+0000] {python.py:177} INFO - Done. Returned value was: None
[2024-11-03T23:54:02.645+0000] {taskinstance.py:1323} INFO - Marking task as SUCCESS. dag_id=DAG_feature_select_and_data_augmentation, task_id=data_split_task, execution_date=20241103T235400, start_date=20241103T235402, end_date=20241103T235402
[2024-11-03T23:54:02.671+0000] {local_task_job.py:208} INFO - Task exited with return code 0
[2024-11-03T23:54:02.684+0000] {taskinstance.py:2578} INFO - 1 downstream tasks scheduled from follow-on schedule check
