[2024-11-03T05:30:23.744+0000] {taskinstance.py:1083} INFO - Dependencies all met for <TaskInstance: DAG_Data_Preprocessing.data_cleaning_task manual__2024-11-03T05:30:11.514074+00:00 [queued]>
[2024-11-03T05:30:23.758+0000] {taskinstance.py:1083} INFO - Dependencies all met for <TaskInstance: DAG_Data_Preprocessing.data_cleaning_task manual__2024-11-03T05:30:11.514074+00:00 [queued]>
[2024-11-03T05:30:23.759+0000] {taskinstance.py:1279} INFO - 
--------------------------------------------------------------------------------
[2024-11-03T05:30:23.759+0000] {taskinstance.py:1280} INFO - Starting attempt 1 of 1
[2024-11-03T05:30:23.759+0000] {taskinstance.py:1281} INFO - 
--------------------------------------------------------------------------------
[2024-11-03T05:30:23.780+0000] {taskinstance.py:1300} INFO - Executing <Task(PythonOperator): data_cleaning_task> on 2024-11-03 05:30:11.514074+00:00
[2024-11-03T05:30:23.787+0000] {standard_task_runner.py:55} INFO - Started process 134 to run task
[2024-11-03T05:30:23.792+0000] {standard_task_runner.py:82} INFO - Running: ['***', 'tasks', 'run', 'DAG_Data_Preprocessing', 'data_cleaning_task', 'manual__2024-11-03T05:30:11.514074+00:00', '--job-id', '35', '--raw', '--subdir', 'DAGS_FOLDER/***dag.py', '--cfg-path', '/tmp/tmp9n4ohhs2']
[2024-11-03T05:30:23.795+0000] {standard_task_runner.py:83} INFO - Job 35: Subtask data_cleaning_task
[2024-11-03T05:30:23.873+0000] {task_command.py:388} INFO - Running <TaskInstance: DAG_Data_Preprocessing.data_cleaning_task manual__2024-11-03T05:30:11.514074+00:00 [running]> on host a95df74735a7
[2024-11-03T05:30:23.951+0000] {taskinstance.py:1509} INFO - Exporting the following env vars:
AIRFLOW_CTX_DAG_OWNER=House_Price_Prediction Team
AIRFLOW_CTX_DAG_ID=DAG_Data_Preprocessing
AIRFLOW_CTX_TASK_ID=data_cleaning_task
AIRFLOW_CTX_EXECUTION_DATE=2024-11-03T05:30:11.514074+00:00
AIRFLOW_CTX_TRY_NUMBER=1
AIRFLOW_CTX_DAG_RUN_ID=manual__2024-11-03T05:30:11.514074+00:00
[2024-11-03T05:30:24.169+0000] {data_prep.py:85} INFO - No duplicate rows found.
[2024-11-03T05:30:24.355+0000] {python.py:177} INFO - Done. Returned value was: None
[2024-11-03T05:30:24.366+0000] {taskinstance.py:1323} INFO - Marking task as SUCCESS. dag_id=DAG_Data_Preprocessing, task_id=data_cleaning_task, execution_date=20241103T053011, start_date=20241103T053023, end_date=20241103T053024
[2024-11-03T05:30:24.425+0000] {local_task_job.py:208} INFO - Task exited with return code 0
[2024-11-03T05:30:24.450+0000] {taskinstance.py:2578} INFO - 1 downstream tasks scheduled from follow-on schedule check
