[2024-11-04T00:28:33.014+0000] {taskinstance.py:1083} INFO - Dependencies all met for <TaskInstance: DAG_Data_Preprocessing.data_split_task manual__2024-11-04T00:28:19.385722+00:00 [queued]>
[2024-11-04T00:28:33.018+0000] {taskinstance.py:1083} INFO - Dependencies all met for <TaskInstance: DAG_Data_Preprocessing.data_split_task manual__2024-11-04T00:28:19.385722+00:00 [queued]>
[2024-11-04T00:28:33.018+0000] {taskinstance.py:1279} INFO - 
--------------------------------------------------------------------------------
[2024-11-04T00:28:33.018+0000] {taskinstance.py:1280} INFO - Starting attempt 1 of 2
[2024-11-04T00:28:33.018+0000] {taskinstance.py:1281} INFO - 
--------------------------------------------------------------------------------
[2024-11-04T00:28:33.024+0000] {taskinstance.py:1300} INFO - Executing <Task(PythonOperator): data_split_task> on 2024-11-04 00:28:19.385722+00:00
[2024-11-04T00:28:33.027+0000] {standard_task_runner.py:55} INFO - Started process 111 to run task
[2024-11-04T00:28:33.029+0000] {standard_task_runner.py:82} INFO - Running: ['***', 'tasks', 'run', 'DAG_Data_Preprocessing', 'data_split_task', 'manual__2024-11-04T00:28:19.385722+00:00', '--job-id', '186', '--raw', '--subdir', 'DAGS_FOLDER/***dag.py', '--cfg-path', '/tmp/tmpzjhx5sk6']
[2024-11-04T00:28:33.030+0000] {standard_task_runner.py:83} INFO - Job 186: Subtask data_split_task
[2024-11-04T00:28:33.055+0000] {task_command.py:388} INFO - Running <TaskInstance: DAG_Data_Preprocessing.data_split_task manual__2024-11-04T00:28:19.385722+00:00 [running]> on host b77d411e2e76
[2024-11-04T00:28:33.083+0000] {taskinstance.py:1509} INFO - Exporting the following env vars:
AIRFLOW_CTX_DAG_OWNER=House_Price_Prediction Team
AIRFLOW_CTX_DAG_ID=DAG_Data_Preprocessing
AIRFLOW_CTX_TASK_ID=data_split_task
AIRFLOW_CTX_EXECUTION_DATE=2024-11-04T00:28:19.385722+00:00
AIRFLOW_CTX_TRY_NUMBER=1
AIRFLOW_CTX_DAG_RUN_ID=manual__2024-11-04T00:28:19.385722+00:00
[2024-11-04T00:28:33.084+0000] {airflowdag.py:143} INFO - encoded_result
[2024-11-04T00:28:33.217+0000] {python.py:177} INFO - Done. Returned value was: None
[2024-11-04T00:28:33.221+0000] {taskinstance.py:1323} INFO - Marking task as SUCCESS. dag_id=DAG_Data_Preprocessing, task_id=data_split_task, execution_date=20241104T002819, start_date=20241104T002833, end_date=20241104T002833
[2024-11-04T00:28:33.253+0000] {local_task_job.py:208} INFO - Task exited with return code 0
[2024-11-04T00:28:33.266+0000] {taskinstance.py:2578} INFO - 1 downstream tasks scheduled from follow-on schedule check
