[2024-11-03T20:02:28.243+0000] {taskinstance.py:1083} INFO - Dependencies all met for <TaskInstance: DAG_Data_Preprocessing.data_cleaning_task manual__2024-11-03T20:02:22.230315+00:00 [queued]>
[2024-11-03T20:02:28.247+0000] {taskinstance.py:1083} INFO - Dependencies all met for <TaskInstance: DAG_Data_Preprocessing.data_cleaning_task manual__2024-11-03T20:02:22.230315+00:00 [queued]>
[2024-11-03T20:02:28.248+0000] {taskinstance.py:1279} INFO - 
--------------------------------------------------------------------------------
[2024-11-03T20:02:28.248+0000] {taskinstance.py:1280} INFO - Starting attempt 1 of 1
[2024-11-03T20:02:28.248+0000] {taskinstance.py:1281} INFO - 
--------------------------------------------------------------------------------
[2024-11-03T20:02:28.253+0000] {taskinstance.py:1300} INFO - Executing <Task(PythonOperator): data_cleaning_task> on 2024-11-03 20:02:22.230315+00:00
[2024-11-03T20:02:28.256+0000] {standard_task_runner.py:55} INFO - Started process 103 to run task
[2024-11-03T20:02:28.257+0000] {standard_task_runner.py:82} INFO - Running: ['***', 'tasks', 'run', 'DAG_Data_Preprocessing', 'data_cleaning_task', 'manual__2024-11-03T20:02:22.230315+00:00', '--job-id', '58', '--raw', '--subdir', 'DAGS_FOLDER/***dag.py', '--cfg-path', '/tmp/tmpjw3jpkpi']
[2024-11-03T20:02:28.258+0000] {standard_task_runner.py:83} INFO - Job 58: Subtask data_cleaning_task
[2024-11-03T20:02:28.282+0000] {task_command.py:388} INFO - Running <TaskInstance: DAG_Data_Preprocessing.data_cleaning_task manual__2024-11-03T20:02:22.230315+00:00 [running]> on host 28c7f11196f5
[2024-11-03T20:02:28.328+0000] {taskinstance.py:1509} INFO - Exporting the following env vars:
AIRFLOW_CTX_DAG_OWNER=House_Price_Prediction Team
AIRFLOW_CTX_DAG_ID=DAG_Data_Preprocessing
AIRFLOW_CTX_TASK_ID=data_cleaning_task
AIRFLOW_CTX_EXECUTION_DATE=2024-11-03T20:02:22.230315+00:00
AIRFLOW_CTX_TRY_NUMBER=1
AIRFLOW_CTX_DAG_RUN_ID=manual__2024-11-03T20:02:22.230315+00:00
[2024-11-03T20:02:28.430+0000] {data_prep.py:85} INFO - No duplicate rows found.
[2024-11-03T20:02:28.603+0000] {python.py:177} INFO - Done. Returned value was: None
[2024-11-03T20:02:28.608+0000] {taskinstance.py:1323} INFO - Marking task as SUCCESS. dag_id=DAG_Data_Preprocessing, task_id=data_cleaning_task, execution_date=20241103T200222, start_date=20241103T200228, end_date=20241103T200228
[2024-11-03T20:02:28.657+0000] {local_task_job.py:208} INFO - Task exited with return code 0
[2024-11-03T20:02:28.705+0000] {taskinstance.py:2578} INFO - 1 downstream tasks scheduled from follow-on schedule check
