[2024-10-30T21:10:11.852+0000] {taskinstance.py:1083} INFO - Dependencies all met for <TaskInstance: DAG_Data_Preprocessing.load_data_task manual__2024-10-30T21:10:01.761470+00:00 [queued]>
[2024-10-30T21:10:11.881+0000] {taskinstance.py:1083} INFO - Dependencies all met for <TaskInstance: DAG_Data_Preprocessing.load_data_task manual__2024-10-30T21:10:01.761470+00:00 [queued]>
[2024-10-30T21:10:11.886+0000] {taskinstance.py:1279} INFO - 
--------------------------------------------------------------------------------
[2024-10-30T21:10:11.887+0000] {taskinstance.py:1280} INFO - Starting attempt 1 of 1
[2024-10-30T21:10:11.887+0000] {taskinstance.py:1281} INFO - 
--------------------------------------------------------------------------------
[2024-10-30T21:10:11.927+0000] {taskinstance.py:1300} INFO - Executing <Task(PythonOperator): load_data_task> on 2024-10-30 21:10:01.761470+00:00
[2024-10-30T21:10:11.972+0000] {standard_task_runner.py:55} INFO - Started process 354 to run task
[2024-10-30T21:10:11.984+0000] {standard_task_runner.py:82} INFO - Running: ['***', 'tasks', 'run', 'DAG_Data_Preprocessing', 'load_data_task', 'manual__2024-10-30T21:10:01.761470+00:00', '--job-id', '3', '--raw', '--subdir', 'DAGS_FOLDER/***dag.py', '--cfg-path', '/tmp/tmp7a_hhjmo']
[2024-10-30T21:10:12.004+0000] {standard_task_runner.py:83} INFO - Job 3: Subtask load_data_task
[2024-10-30T21:10:12.467+0000] {task_command.py:388} INFO - Running <TaskInstance: DAG_Data_Preprocessing.load_data_task manual__2024-10-30T21:10:01.761470+00:00 [running]> on host 052b17e822df
[2024-10-30T21:10:12.675+0000] {taskinstance.py:1509} INFO - Exporting the following env vars:
AIRFLOW_CTX_DAG_OWNER=Project Team
AIRFLOW_CTX_DAG_ID=DAG_Data_Preprocessing
AIRFLOW_CTX_TASK_ID=load_data_task
AIRFLOW_CTX_EXECUTION_DATE=2024-10-30T21:10:01.761470+00:00
AIRFLOW_CTX_TRY_NUMBER=1
AIRFLOW_CTX_DAG_RUN_ID=manual__2024-10-30T21:10:01.761470+00:00
[2024-10-30T21:10:13.048+0000] {python.py:177} INFO - Done. Returned value was: None
[2024-10-30T21:10:13.065+0000] {taskinstance.py:1323} INFO - Marking task as SUCCESS. dag_id=DAG_Data_Preprocessing, task_id=load_data_task, execution_date=20241030T211001, start_date=20241030T211011, end_date=20241030T211013
[2024-10-30T21:10:13.108+0000] {local_task_job.py:208} INFO - Task exited with return code 0
[2024-10-30T21:10:13.151+0000] {taskinstance.py:2578} INFO - 1 downstream tasks scheduled from follow-on schedule check
