[2024-10-27T21:40:07.644+0000] {taskinstance.py:1083} INFO - Dependencies all met for <TaskInstance: DAG_Data_Preprocessing.data_preprocessing_task manual__2024-10-27T21:39:54.397119+00:00 [queued]>
[2024-10-27T21:40:07.664+0000] {taskinstance.py:1083} INFO - Dependencies all met for <TaskInstance: DAG_Data_Preprocessing.data_preprocessing_task manual__2024-10-27T21:39:54.397119+00:00 [queued]>
[2024-10-27T21:40:07.665+0000] {taskinstance.py:1279} INFO - 
--------------------------------------------------------------------------------
[2024-10-27T21:40:07.666+0000] {taskinstance.py:1280} INFO - Starting attempt 1 of 1
[2024-10-27T21:40:07.667+0000] {taskinstance.py:1281} INFO - 
--------------------------------------------------------------------------------
[2024-10-27T21:40:07.683+0000] {taskinstance.py:1300} INFO - Executing <Task(PythonOperator): data_preprocessing_task> on 2024-10-27 21:39:54.397119+00:00
[2024-10-27T21:40:07.698+0000] {standard_task_runner.py:55} INFO - Started process 870 to run task
[2024-10-27T21:40:07.703+0000] {standard_task_runner.py:82} INFO - Running: ['***', 'tasks', 'run', 'DAG_Data_Preprocessing', 'data_preprocessing_task', 'manual__2024-10-27T21:39:54.397119+00:00', '--job-id', '62', '--raw', '--subdir', 'DAGS_FOLDER/***dag.py', '--cfg-path', '/tmp/tmp6suns72c']
[2024-10-27T21:40:07.705+0000] {standard_task_runner.py:83} INFO - Job 62: Subtask data_preprocessing_task
[2024-10-27T21:40:07.779+0000] {task_command.py:388} INFO - Running <TaskInstance: DAG_Data_Preprocessing.data_preprocessing_task manual__2024-10-27T21:39:54.397119+00:00 [running]> on host 4cb9a01d4387
[2024-10-27T21:40:07.886+0000] {taskinstance.py:1509} INFO - Exporting the following env vars:
AIRFLOW_CTX_DAG_OWNER=Krishna
AIRFLOW_CTX_DAG_ID=DAG_Data_Preprocessing
AIRFLOW_CTX_TASK_ID=data_preprocessing_task
AIRFLOW_CTX_EXECUTION_DATE=2024-10-27T21:39:54.397119+00:00
AIRFLOW_CTX_TRY_NUMBER=1
AIRFLOW_CTX_DAG_RUN_ID=manual__2024-10-27T21:39:54.397119+00:00
[2024-10-27T21:40:08.051+0000] {python.py:177} INFO - Done. Returned value was: None
[2024-10-27T21:40:08.068+0000] {taskinstance.py:1323} INFO - Marking task as SUCCESS. dag_id=DAG_Data_Preprocessing, task_id=data_preprocessing_task, execution_date=20241027T213954, start_date=20241027T214007, end_date=20241027T214008
[2024-10-27T21:40:08.119+0000] {local_task_job.py:208} INFO - Task exited with return code 0
[2024-10-27T21:40:08.153+0000] {taskinstance.py:2578} INFO - 1 downstream tasks scheduled from follow-on schedule check
