[2024-11-03T23:53:30.491+0000] {taskinstance.py:1083} INFO - Dependencies all met for <TaskInstance: DAG_feature_select_and_data_augmentation.data_split_task manual__2024-11-03T23:53:29.587906+00:00 [queued]>
[2024-11-03T23:53:30.497+0000] {taskinstance.py:1083} INFO - Dependencies all met for <TaskInstance: DAG_feature_select_and_data_augmentation.data_split_task manual__2024-11-03T23:53:29.587906+00:00 [queued]>
[2024-11-03T23:53:30.497+0000] {taskinstance.py:1279} INFO - 
--------------------------------------------------------------------------------
[2024-11-03T23:53:30.497+0000] {taskinstance.py:1280} INFO - Starting attempt 1 of 1
[2024-11-03T23:53:30.497+0000] {taskinstance.py:1281} INFO - 
--------------------------------------------------------------------------------
[2024-11-03T23:53:30.504+0000] {taskinstance.py:1300} INFO - Executing <Task(PythonOperator): data_split_task> on 2024-11-03 23:53:29.587906+00:00
[2024-11-03T23:53:30.509+0000] {standard_task_runner.py:55} INFO - Started process 144 to run task
[2024-11-03T23:53:30.512+0000] {standard_task_runner.py:82} INFO - Running: ['***', 'tasks', 'run', 'DAG_feature_select_and_data_augmentation', 'data_split_task', 'manual__2024-11-03T23:53:29.587906+00:00', '--job-id', '144', '--raw', '--subdir', 'DAGS_FOLDER/feature_and_augm_dag.py', '--cfg-path', '/tmp/tmpv91g8t_r']
[2024-11-03T23:53:30.513+0000] {standard_task_runner.py:83} INFO - Job 144: Subtask data_split_task
[2024-11-03T23:53:30.542+0000] {task_command.py:388} INFO - Running <TaskInstance: DAG_feature_select_and_data_augmentation.data_split_task manual__2024-11-03T23:53:29.587906+00:00 [running]> on host b77d411e2e76
[2024-11-03T23:53:30.570+0000] {taskinstance.py:1509} INFO - Exporting the following env vars:
AIRFLOW_CTX_DAG_OWNER=House_Price_Prediction Team
AIRFLOW_CTX_DAG_ID=DAG_feature_select_and_data_augmentation
AIRFLOW_CTX_TASK_ID=data_split_task
AIRFLOW_CTX_EXECUTION_DATE=2024-11-03T23:53:29.587906+00:00
AIRFLOW_CTX_TRY_NUMBER=1
AIRFLOW_CTX_DAG_RUN_ID=manual__2024-11-03T23:53:29.587906+00:00
[2024-11-03T23:53:30.571+0000] {feature_and_augm_dag.py:34} INFO - encoded_result
[2024-11-03T23:53:30.575+0000] {feature_and_augm_dag.py:37} ERROR - No encoded data found in XCom for key 'encoded_result'
[2024-11-03T23:53:30.575+0000] {python.py:177} INFO - Done. Returned value was: None
[2024-11-03T23:53:30.579+0000] {taskinstance.py:1323} INFO - Marking task as SUCCESS. dag_id=DAG_feature_select_and_data_augmentation, task_id=data_split_task, execution_date=20241103T235329, start_date=20241103T235330, end_date=20241103T235330
[2024-11-03T23:53:30.616+0000] {local_task_job.py:208} INFO - Task exited with return code 0
[2024-11-03T23:53:30.630+0000] {taskinstance.py:2578} INFO - 1 downstream tasks scheduled from follow-on schedule check
