[2024-10-21T20:15:24.122+0000] {processor.py:153} INFO - Started process (PID=74) to work on /opt/airflow/dags/airflowdag.py
[2024-10-21T20:15:24.126+0000] {processor.py:743} INFO - Processing file /opt/airflow/dags/airflowdag.py for tasks to queue
[2024-10-21T20:15:24.130+0000] {logging_mixin.py:137} INFO - [2024-10-21T20:15:24.129+0000] {dagbag.py:538} INFO - Filling up the DagBag from /opt/airflow/dags/airflowdag.py
[2024-10-21T20:15:26.292+0000] {logging_mixin.py:137} INFO - [2024-10-21T20:15:26.267+0000] {dagbag.py:343} ERROR - Failed to import: /opt/airflow/dags/airflowdag.py
Traceback (most recent call last):
  File "/home/airflow/.local/lib/python3.7/site-packages/airflow/models/dagbag.py", line 339, in parse
    loader.exec_module(new_module)
  File "<frozen importlib._bootstrap_external>", line 728, in exec_module
  File "<frozen importlib._bootstrap>", line 219, in _call_with_frames_removed
  File "/opt/airflow/dags/airflowdag.py", line 5, in <module>
    from src.data_prep import load_data, data_preprocessing, build_save_model,load_model_elbow
  File "/opt/airflow/dags/src/data_prep.py", line 2, in <module>
    from sklearn.preprocessing import MinMaxScaler
ModuleNotFoundError: No module named 'sklearn'
[2024-10-21T20:15:26.301+0000] {processor.py:755} WARNING - No viable dags retrieved from /opt/airflow/dags/airflowdag.py
[2024-10-21T20:15:26.355+0000] {processor.py:175} INFO - Processing /opt/airflow/dags/airflowdag.py took 2.246 seconds
[2024-10-21T20:15:57.179+0000] {processor.py:153} INFO - Started process (PID=124) to work on /opt/airflow/dags/airflowdag.py
[2024-10-21T20:15:57.188+0000] {processor.py:743} INFO - Processing file /opt/airflow/dags/airflowdag.py for tasks to queue
[2024-10-21T20:15:57.199+0000] {logging_mixin.py:137} INFO - [2024-10-21T20:15:57.198+0000] {dagbag.py:538} INFO - Filling up the DagBag from /opt/airflow/dags/airflowdag.py
[2024-10-21T20:15:59.995+0000] {logging_mixin.py:137} INFO - [2024-10-21T20:15:59.947+0000] {dagbag.py:343} ERROR - Failed to import: /opt/airflow/dags/airflowdag.py
Traceback (most recent call last):
  File "/home/airflow/.local/lib/python3.7/site-packages/airflow/models/dagbag.py", line 339, in parse
    loader.exec_module(new_module)
  File "<frozen importlib._bootstrap_external>", line 728, in exec_module
  File "<frozen importlib._bootstrap>", line 219, in _call_with_frames_removed
  File "/opt/airflow/dags/airflowdag.py", line 5, in <module>
    from src.data_prep import load_data, data_preprocessing, build_save_model,load_model_elbow
  File "/opt/airflow/dags/src/data_prep.py", line 2, in <module>
    from sklearn.preprocessing import MinMaxScaler
ModuleNotFoundError: No module named 'sklearn'
[2024-10-21T20:16:00.000+0000] {processor.py:755} WARNING - No viable dags retrieved from /opt/airflow/dags/airflowdag.py
[2024-10-21T20:16:00.162+0000] {processor.py:175} INFO - Processing /opt/airflow/dags/airflowdag.py took 3.041 seconds
[2024-10-21T20:16:30.365+0000] {processor.py:153} INFO - Started process (PID=174) to work on /opt/airflow/dags/airflowdag.py
[2024-10-21T20:16:30.367+0000] {processor.py:743} INFO - Processing file /opt/airflow/dags/airflowdag.py for tasks to queue
[2024-10-21T20:16:30.368+0000] {logging_mixin.py:137} INFO - [2024-10-21T20:16:30.368+0000] {dagbag.py:538} INFO - Filling up the DagBag from /opt/airflow/dags/airflowdag.py
[2024-10-21T20:16:30.992+0000] {logging_mixin.py:137} INFO - [2024-10-21T20:16:30.978+0000] {dagbag.py:343} ERROR - Failed to import: /opt/airflow/dags/airflowdag.py
Traceback (most recent call last):
  File "/home/airflow/.local/lib/python3.7/site-packages/airflow/models/dagbag.py", line 339, in parse
    loader.exec_module(new_module)
  File "<frozen importlib._bootstrap_external>", line 728, in exec_module
  File "<frozen importlib._bootstrap>", line 219, in _call_with_frames_removed
  File "/opt/airflow/dags/airflowdag.py", line 5, in <module>
    from src.data_prep import load_data, data_preprocessing, build_save_model,load_model_elbow
  File "/opt/airflow/dags/src/data_prep.py", line 2, in <module>
    from sklearn.preprocessing import MinMaxScaler
ModuleNotFoundError: No module named 'sklearn'
[2024-10-21T20:16:30.995+0000] {processor.py:755} WARNING - No viable dags retrieved from /opt/airflow/dags/airflowdag.py
[2024-10-21T20:16:31.024+0000] {processor.py:175} INFO - Processing /opt/airflow/dags/airflowdag.py took 0.662 seconds
[2024-10-21T20:17:01.318+0000] {processor.py:153} INFO - Started process (PID=224) to work on /opt/airflow/dags/airflowdag.py
[2024-10-21T20:17:01.320+0000] {processor.py:743} INFO - Processing file /opt/airflow/dags/airflowdag.py for tasks to queue
[2024-10-21T20:17:01.321+0000] {logging_mixin.py:137} INFO - [2024-10-21T20:17:01.321+0000] {dagbag.py:538} INFO - Filling up the DagBag from /opt/airflow/dags/airflowdag.py
[2024-10-21T20:17:01.952+0000] {logging_mixin.py:137} INFO - [2024-10-21T20:17:01.940+0000] {dagbag.py:343} ERROR - Failed to import: /opt/airflow/dags/airflowdag.py
Traceback (most recent call last):
  File "/home/airflow/.local/lib/python3.7/site-packages/airflow/models/dagbag.py", line 339, in parse
    loader.exec_module(new_module)
  File "<frozen importlib._bootstrap_external>", line 728, in exec_module
  File "<frozen importlib._bootstrap>", line 219, in _call_with_frames_removed
  File "/opt/airflow/dags/airflowdag.py", line 5, in <module>
    from src.data_prep import load_data, data_preprocessing, build_save_model,load_model_elbow
  File "/opt/airflow/dags/src/data_prep.py", line 2, in <module>
    from sklearn.preprocessing import MinMaxScaler
ModuleNotFoundError: No module named 'sklearn'
[2024-10-21T20:17:01.955+0000] {processor.py:755} WARNING - No viable dags retrieved from /opt/airflow/dags/airflowdag.py
[2024-10-21T20:17:01.985+0000] {processor.py:175} INFO - Processing /opt/airflow/dags/airflowdag.py took 0.673 seconds
[2024-10-21T20:17:32.268+0000] {processor.py:153} INFO - Started process (PID=283) to work on /opt/airflow/dags/airflowdag.py
[2024-10-21T20:17:32.270+0000] {processor.py:743} INFO - Processing file /opt/airflow/dags/airflowdag.py for tasks to queue
[2024-10-21T20:17:32.271+0000] {logging_mixin.py:137} INFO - [2024-10-21T20:17:32.271+0000] {dagbag.py:538} INFO - Filling up the DagBag from /opt/airflow/dags/airflowdag.py
[2024-10-21T20:17:33.011+0000] {logging_mixin.py:137} INFO - [2024-10-21T20:17:32.993+0000] {dagbag.py:343} ERROR - Failed to import: /opt/airflow/dags/airflowdag.py
Traceback (most recent call last):
  File "/home/airflow/.local/lib/python3.7/site-packages/airflow/models/dagbag.py", line 339, in parse
    loader.exec_module(new_module)
  File "<frozen importlib._bootstrap_external>", line 728, in exec_module
  File "<frozen importlib._bootstrap>", line 219, in _call_with_frames_removed
  File "/opt/airflow/dags/airflowdag.py", line 5, in <module>
    from src.data_prep import load_data, data_preprocessing, build_save_model,load_model_elbow
  File "/opt/airflow/dags/src/data_prep.py", line 2, in <module>
    from sklearn.preprocessing import MinMaxScaler
ModuleNotFoundError: No module named 'sklearn'
[2024-10-21T20:17:33.017+0000] {processor.py:755} WARNING - No viable dags retrieved from /opt/airflow/dags/airflowdag.py
[2024-10-21T20:17:33.063+0000] {processor.py:175} INFO - Processing /opt/airflow/dags/airflowdag.py took 0.800 seconds
[2024-10-21T20:18:03.255+0000] {processor.py:153} INFO - Started process (PID=348) to work on /opt/airflow/dags/airflowdag.py
[2024-10-21T20:18:03.257+0000] {processor.py:743} INFO - Processing file /opt/airflow/dags/airflowdag.py for tasks to queue
[2024-10-21T20:18:03.258+0000] {logging_mixin.py:137} INFO - [2024-10-21T20:18:03.258+0000] {dagbag.py:538} INFO - Filling up the DagBag from /opt/airflow/dags/airflowdag.py
[2024-10-21T20:18:03.854+0000] {logging_mixin.py:137} INFO - [2024-10-21T20:18:03.840+0000] {dagbag.py:343} ERROR - Failed to import: /opt/airflow/dags/airflowdag.py
Traceback (most recent call last):
  File "/home/airflow/.local/lib/python3.7/site-packages/airflow/models/dagbag.py", line 339, in parse
    loader.exec_module(new_module)
  File "<frozen importlib._bootstrap_external>", line 728, in exec_module
  File "<frozen importlib._bootstrap>", line 219, in _call_with_frames_removed
  File "/opt/airflow/dags/airflowdag.py", line 5, in <module>
    from src.data_prep import load_data, data_preprocessing, build_save_model,load_model_elbow
  File "/opt/airflow/dags/src/data_prep.py", line 2, in <module>
    from sklearn.preprocessing import MinMaxScaler
ModuleNotFoundError: No module named 'sklearn'
[2024-10-21T20:18:03.858+0000] {processor.py:755} WARNING - No viable dags retrieved from /opt/airflow/dags/airflowdag.py
[2024-10-21T20:18:03.882+0000] {processor.py:175} INFO - Processing /opt/airflow/dags/airflowdag.py took 0.630 seconds
[2024-10-21T20:18:34.152+0000] {processor.py:153} INFO - Started process (PID=398) to work on /opt/airflow/dags/airflowdag.py
[2024-10-21T20:18:34.153+0000] {processor.py:743} INFO - Processing file /opt/airflow/dags/airflowdag.py for tasks to queue
[2024-10-21T20:18:34.154+0000] {logging_mixin.py:137} INFO - [2024-10-21T20:18:34.154+0000] {dagbag.py:538} INFO - Filling up the DagBag from /opt/airflow/dags/airflowdag.py
[2024-10-21T20:18:34.680+0000] {logging_mixin.py:137} INFO - [2024-10-21T20:18:34.669+0000] {dagbag.py:343} ERROR - Failed to import: /opt/airflow/dags/airflowdag.py
Traceback (most recent call last):
  File "/home/airflow/.local/lib/python3.7/site-packages/airflow/models/dagbag.py", line 339, in parse
    loader.exec_module(new_module)
  File "<frozen importlib._bootstrap_external>", line 728, in exec_module
  File "<frozen importlib._bootstrap>", line 219, in _call_with_frames_removed
  File "/opt/airflow/dags/airflowdag.py", line 5, in <module>
    from src.data_prep import load_data, data_preprocessing, build_save_model,load_model_elbow
  File "/opt/airflow/dags/src/data_prep.py", line 2, in <module>
    from sklearn.preprocessing import MinMaxScaler
ModuleNotFoundError: No module named 'sklearn'
[2024-10-21T20:18:34.683+0000] {processor.py:755} WARNING - No viable dags retrieved from /opt/airflow/dags/airflowdag.py
[2024-10-21T20:18:34.707+0000] {processor.py:175} INFO - Processing /opt/airflow/dags/airflowdag.py took 0.559 seconds
[2024-10-21T20:19:04.814+0000] {processor.py:153} INFO - Started process (PID=448) to work on /opt/airflow/dags/airflowdag.py
[2024-10-21T20:19:04.815+0000] {processor.py:743} INFO - Processing file /opt/airflow/dags/airflowdag.py for tasks to queue
[2024-10-21T20:19:04.817+0000] {logging_mixin.py:137} INFO - [2024-10-21T20:19:04.816+0000] {dagbag.py:538} INFO - Filling up the DagBag from /opt/airflow/dags/airflowdag.py
[2024-10-21T20:19:05.356+0000] {logging_mixin.py:137} INFO - [2024-10-21T20:19:05.340+0000] {dagbag.py:343} ERROR - Failed to import: /opt/airflow/dags/airflowdag.py
Traceback (most recent call last):
  File "/home/airflow/.local/lib/python3.7/site-packages/airflow/models/dagbag.py", line 339, in parse
    loader.exec_module(new_module)
  File "<frozen importlib._bootstrap_external>", line 728, in exec_module
  File "<frozen importlib._bootstrap>", line 219, in _call_with_frames_removed
  File "/opt/airflow/dags/airflowdag.py", line 5, in <module>
    from src.data_prep import load_data, data_preprocessing, build_save_model,load_model_elbow
  File "/opt/airflow/dags/src/data_prep.py", line 2, in <module>
    from sklearn.preprocessing import MinMaxScaler
ModuleNotFoundError: No module named 'sklearn'
[2024-10-21T20:19:05.359+0000] {processor.py:755} WARNING - No viable dags retrieved from /opt/airflow/dags/airflowdag.py
[2024-10-21T20:19:05.385+0000] {processor.py:175} INFO - Processing /opt/airflow/dags/airflowdag.py took 0.574 seconds
[2024-10-21T22:29:44.559+0000] {processor.py:153} INFO - Started process (PID=76) to work on /opt/airflow/dags/airflowdag.py
[2024-10-21T22:29:44.563+0000] {processor.py:743} INFO - Processing file /opt/airflow/dags/airflowdag.py for tasks to queue
[2024-10-21T22:29:44.565+0000] {logging_mixin.py:137} INFO - [2024-10-21T22:29:44.565+0000] {dagbag.py:538} INFO - Filling up the DagBag from /opt/airflow/dags/airflowdag.py
[2024-10-21T22:29:45.344+0000] {logging_mixin.py:137} INFO - [2024-10-21T22:29:45.331+0000] {dagbag.py:343} ERROR - Failed to import: /opt/airflow/dags/airflowdag.py
Traceback (most recent call last):
  File "/home/airflow/.local/lib/python3.7/site-packages/airflow/models/dagbag.py", line 339, in parse
    loader.exec_module(new_module)
  File "<frozen importlib._bootstrap_external>", line 728, in exec_module
  File "<frozen importlib._bootstrap>", line 219, in _call_with_frames_removed
  File "/opt/airflow/dags/airflowdag.py", line 5, in <module>
    from src.data_prep import load_data, data_preprocessing, build_save_model, load_model_elbow
  File "/opt/airflow/dags/src/data_prep.py", line 2, in <module>
    from sklearn.preprocessing import MinMaxScaler
ModuleNotFoundError: No module named 'sklearn'
[2024-10-21T22:29:45.348+0000] {processor.py:755} WARNING - No viable dags retrieved from /opt/airflow/dags/airflowdag.py
[2024-10-21T22:29:45.385+0000] {processor.py:175} INFO - Processing /opt/airflow/dags/airflowdag.py took 0.830 seconds
[2024-10-21T22:30:16.120+0000] {processor.py:153} INFO - Started process (PID=126) to work on /opt/airflow/dags/airflowdag.py
[2024-10-21T22:30:16.126+0000] {processor.py:743} INFO - Processing file /opt/airflow/dags/airflowdag.py for tasks to queue
[2024-10-21T22:30:16.135+0000] {logging_mixin.py:137} INFO - [2024-10-21T22:30:16.134+0000] {dagbag.py:538} INFO - Filling up the DagBag from /opt/airflow/dags/airflowdag.py
[2024-10-21T22:30:18.148+0000] {logging_mixin.py:137} INFO - [2024-10-21T22:30:18.078+0000] {dagbag.py:343} ERROR - Failed to import: /opt/airflow/dags/airflowdag.py
Traceback (most recent call last):
  File "/home/airflow/.local/lib/python3.7/site-packages/airflow/models/dagbag.py", line 339, in parse
    loader.exec_module(new_module)
  File "<frozen importlib._bootstrap_external>", line 728, in exec_module
  File "<frozen importlib._bootstrap>", line 219, in _call_with_frames_removed
  File "/opt/airflow/dags/airflowdag.py", line 5, in <module>
    from src.data_prep import load_data, data_preprocessing, build_save_model, load_model_elbow
  File "/opt/airflow/dags/src/data_prep.py", line 2, in <module>
    from sklearn.preprocessing import MinMaxScaler
ModuleNotFoundError: No module named 'sklearn'
[2024-10-21T22:30:18.155+0000] {processor.py:755} WARNING - No viable dags retrieved from /opt/airflow/dags/airflowdag.py
[2024-10-21T22:30:18.474+0000] {processor.py:175} INFO - Processing /opt/airflow/dags/airflowdag.py took 2.312 seconds
[2024-10-21T22:30:48.592+0000] {processor.py:153} INFO - Started process (PID=176) to work on /opt/airflow/dags/airflowdag.py
[2024-10-21T22:30:48.595+0000] {processor.py:743} INFO - Processing file /opt/airflow/dags/airflowdag.py for tasks to queue
[2024-10-21T22:30:48.598+0000] {logging_mixin.py:137} INFO - [2024-10-21T22:30:48.598+0000] {dagbag.py:538} INFO - Filling up the DagBag from /opt/airflow/dags/airflowdag.py
[2024-10-21T22:30:49.601+0000] {logging_mixin.py:137} INFO - [2024-10-21T22:30:49.583+0000] {dagbag.py:343} ERROR - Failed to import: /opt/airflow/dags/airflowdag.py
Traceback (most recent call last):
  File "/home/airflow/.local/lib/python3.7/site-packages/airflow/models/dagbag.py", line 339, in parse
    loader.exec_module(new_module)
  File "<frozen importlib._bootstrap_external>", line 728, in exec_module
  File "<frozen importlib._bootstrap>", line 219, in _call_with_frames_removed
  File "/opt/airflow/dags/airflowdag.py", line 5, in <module>
    from src.data_prep import load_data, data_preprocessing, build_save_model, load_model_elbow
  File "/opt/airflow/dags/src/data_prep.py", line 2, in <module>
    from sklearn.preprocessing import MinMaxScaler
ModuleNotFoundError: No module named 'sklearn'
[2024-10-21T22:30:49.607+0000] {processor.py:755} WARNING - No viable dags retrieved from /opt/airflow/dags/airflowdag.py
[2024-10-21T22:30:49.651+0000] {processor.py:175} INFO - Processing /opt/airflow/dags/airflowdag.py took 1.064 seconds
[2024-10-21T22:31:19.957+0000] {processor.py:153} INFO - Started process (PID=226) to work on /opt/airflow/dags/airflowdag.py
[2024-10-21T22:31:19.960+0000] {processor.py:743} INFO - Processing file /opt/airflow/dags/airflowdag.py for tasks to queue
[2024-10-21T22:31:19.963+0000] {logging_mixin.py:137} INFO - [2024-10-21T22:31:19.963+0000] {dagbag.py:538} INFO - Filling up the DagBag from /opt/airflow/dags/airflowdag.py
[2024-10-21T22:31:21.086+0000] {logging_mixin.py:137} INFO - [2024-10-21T22:31:21.072+0000] {dagbag.py:343} ERROR - Failed to import: /opt/airflow/dags/airflowdag.py
Traceback (most recent call last):
  File "/home/airflow/.local/lib/python3.7/site-packages/airflow/models/dagbag.py", line 339, in parse
    loader.exec_module(new_module)
  File "<frozen importlib._bootstrap_external>", line 728, in exec_module
  File "<frozen importlib._bootstrap>", line 219, in _call_with_frames_removed
  File "/opt/airflow/dags/airflowdag.py", line 5, in <module>
    from src.data_prep import load_data, data_preprocessing, build_save_model, load_model_elbow
  File "/opt/airflow/dags/src/data_prep.py", line 2, in <module>
    from sklearn.preprocessing import MinMaxScaler
ModuleNotFoundError: No module named 'sklearn'
[2024-10-21T22:31:21.090+0000] {processor.py:755} WARNING - No viable dags retrieved from /opt/airflow/dags/airflowdag.py
[2024-10-21T22:31:21.115+0000] {processor.py:175} INFO - Processing /opt/airflow/dags/airflowdag.py took 1.164 seconds
[2024-10-21T22:31:51.412+0000] {processor.py:153} INFO - Started process (PID=276) to work on /opt/airflow/dags/airflowdag.py
[2024-10-21T22:31:51.415+0000] {processor.py:743} INFO - Processing file /opt/airflow/dags/airflowdag.py for tasks to queue
[2024-10-21T22:31:51.416+0000] {logging_mixin.py:137} INFO - [2024-10-21T22:31:51.416+0000] {dagbag.py:538} INFO - Filling up the DagBag from /opt/airflow/dags/airflowdag.py
[2024-10-21T22:31:52.382+0000] {logging_mixin.py:137} INFO - [2024-10-21T22:31:52.369+0000] {dagbag.py:343} ERROR - Failed to import: /opt/airflow/dags/airflowdag.py
Traceback (most recent call last):
  File "/home/airflow/.local/lib/python3.7/site-packages/airflow/models/dagbag.py", line 339, in parse
    loader.exec_module(new_module)
  File "<frozen importlib._bootstrap_external>", line 728, in exec_module
  File "<frozen importlib._bootstrap>", line 219, in _call_with_frames_removed
  File "/opt/airflow/dags/airflowdag.py", line 5, in <module>
    from src.data_prep import load_data, data_preprocessing, build_save_model, load_model_elbow
  File "/opt/airflow/dags/src/data_prep.py", line 2, in <module>
    from sklearn.preprocessing import MinMaxScaler
ModuleNotFoundError: No module named 'sklearn'
[2024-10-21T22:31:52.387+0000] {processor.py:755} WARNING - No viable dags retrieved from /opt/airflow/dags/airflowdag.py
[2024-10-21T22:31:52.409+0000] {processor.py:175} INFO - Processing /opt/airflow/dags/airflowdag.py took 1.004 seconds
[2024-10-21T22:32:22.739+0000] {processor.py:153} INFO - Started process (PID=326) to work on /opt/airflow/dags/airflowdag.py
[2024-10-21T22:32:22.742+0000] {processor.py:743} INFO - Processing file /opt/airflow/dags/airflowdag.py for tasks to queue
[2024-10-21T22:32:22.745+0000] {logging_mixin.py:137} INFO - [2024-10-21T22:32:22.745+0000] {dagbag.py:538} INFO - Filling up the DagBag from /opt/airflow/dags/airflowdag.py
[2024-10-21T22:32:23.925+0000] {logging_mixin.py:137} INFO - [2024-10-21T22:32:23.910+0000] {dagbag.py:343} ERROR - Failed to import: /opt/airflow/dags/airflowdag.py
Traceback (most recent call last):
  File "/home/airflow/.local/lib/python3.7/site-packages/airflow/models/dagbag.py", line 339, in parse
    loader.exec_module(new_module)
  File "<frozen importlib._bootstrap_external>", line 728, in exec_module
  File "<frozen importlib._bootstrap>", line 219, in _call_with_frames_removed
  File "/opt/airflow/dags/airflowdag.py", line 5, in <module>
    from src.data_prep import load_data, data_preprocessing, build_save_model, load_model_elbow
  File "/opt/airflow/dags/src/data_prep.py", line 2, in <module>
    from sklearn.preprocessing import MinMaxScaler
ModuleNotFoundError: No module named 'sklearn'
[2024-10-21T22:32:23.929+0000] {processor.py:755} WARNING - No viable dags retrieved from /opt/airflow/dags/airflowdag.py
[2024-10-21T22:32:23.959+0000] {processor.py:175} INFO - Processing /opt/airflow/dags/airflowdag.py took 1.226 seconds
[2024-10-21T22:32:54.108+0000] {processor.py:153} INFO - Started process (PID=376) to work on /opt/airflow/dags/airflowdag.py
[2024-10-21T22:32:54.111+0000] {processor.py:743} INFO - Processing file /opt/airflow/dags/airflowdag.py for tasks to queue
[2024-10-21T22:32:54.114+0000] {logging_mixin.py:137} INFO - [2024-10-21T22:32:54.114+0000] {dagbag.py:538} INFO - Filling up the DagBag from /opt/airflow/dags/airflowdag.py
[2024-10-21T22:32:55.143+0000] {logging_mixin.py:137} INFO - [2024-10-21T22:32:55.120+0000] {dagbag.py:343} ERROR - Failed to import: /opt/airflow/dags/airflowdag.py
Traceback (most recent call last):
  File "/home/airflow/.local/lib/python3.7/site-packages/airflow/models/dagbag.py", line 339, in parse
    loader.exec_module(new_module)
  File "<frozen importlib._bootstrap_external>", line 728, in exec_module
  File "<frozen importlib._bootstrap>", line 219, in _call_with_frames_removed
  File "/opt/airflow/dags/airflowdag.py", line 5, in <module>
    from src.data_prep import load_data, data_preprocessing, build_save_model, load_model_elbow
  File "/opt/airflow/dags/src/data_prep.py", line 2, in <module>
    from sklearn.preprocessing import MinMaxScaler
ModuleNotFoundError: No module named 'sklearn'
[2024-10-21T22:32:55.153+0000] {processor.py:755} WARNING - No viable dags retrieved from /opt/airflow/dags/airflowdag.py
[2024-10-21T22:32:55.234+0000] {processor.py:175} INFO - Processing /opt/airflow/dags/airflowdag.py took 1.129 seconds
[2024-10-21T22:47:19.023+0000] {processor.py:153} INFO - Started process (PID=103) to work on /opt/airflow/dags/airflowdag.py
[2024-10-21T22:47:19.025+0000] {processor.py:743} INFO - Processing file /opt/airflow/dags/airflowdag.py for tasks to queue
[2024-10-21T22:47:19.027+0000] {logging_mixin.py:137} INFO - [2024-10-21T22:47:19.027+0000] {dagbag.py:538} INFO - Filling up the DagBag from /opt/airflow/dags/airflowdag.py
[2024-10-21T22:47:25.991+0000] {logging_mixin.py:137} INFO - [2024-10-21T22:47:25.982+0000] {dagbag.py:343} ERROR - Failed to import: /opt/airflow/dags/airflowdag.py
Traceback (most recent call last):
  File "/home/airflow/.local/lib/python3.7/site-packages/airflow/models/dagbag.py", line 339, in parse
    loader.exec_module(new_module)
  File "<frozen importlib._bootstrap_external>", line 728, in exec_module
  File "<frozen importlib._bootstrap>", line 219, in _call_with_frames_removed
  File "/opt/airflow/dags/airflowdag.py", line 5, in <module>
    from src.data_prep import load_data, data_preprocessing, build_save_model, load_model_elbow
  File "/opt/airflow/dags/src/data_prep.py", line 4, in <module>
    from kneed import KneeLocator # type: ignore
ModuleNotFoundError: No module named 'kneed'
[2024-10-21T22:47:25.994+0000] {processor.py:755} WARNING - No viable dags retrieved from /opt/airflow/dags/airflowdag.py
[2024-10-21T22:47:26.060+0000] {processor.py:175} INFO - Processing /opt/airflow/dags/airflowdag.py took 7.006 seconds
[2024-10-21T22:47:56.513+0000] {processor.py:153} INFO - Started process (PID=162) to work on /opt/airflow/dags/airflowdag.py
[2024-10-21T22:47:56.514+0000] {processor.py:743} INFO - Processing file /opt/airflow/dags/airflowdag.py for tasks to queue
[2024-10-21T22:47:56.519+0000] {logging_mixin.py:137} INFO - [2024-10-21T22:47:56.518+0000] {dagbag.py:538} INFO - Filling up the DagBag from /opt/airflow/dags/airflowdag.py
[2024-10-21T22:48:01.050+0000] {logging_mixin.py:137} INFO - [2024-10-21T22:48:01.029+0000] {dagbag.py:343} ERROR - Failed to import: /opt/airflow/dags/airflowdag.py
Traceback (most recent call last):
  File "/home/airflow/.local/lib/python3.7/site-packages/airflow/models/dagbag.py", line 339, in parse
    loader.exec_module(new_module)
  File "<frozen importlib._bootstrap_external>", line 728, in exec_module
  File "<frozen importlib._bootstrap>", line 219, in _call_with_frames_removed
  File "/opt/airflow/dags/airflowdag.py", line 5, in <module>
    from src.data_prep import load_data, data_preprocessing, build_save_model, load_model_elbow
  File "/opt/airflow/dags/src/data_prep.py", line 4, in <module>
    from kneed import KneeLocator # type: ignore
ModuleNotFoundError: No module named 'kneed'
[2024-10-21T22:48:01.059+0000] {processor.py:755} WARNING - No viable dags retrieved from /opt/airflow/dags/airflowdag.py
[2024-10-21T22:48:01.089+0000] {processor.py:175} INFO - Processing /opt/airflow/dags/airflowdag.py took 4.583 seconds
[2024-10-21T22:48:31.519+0000] {processor.py:153} INFO - Started process (PID=227) to work on /opt/airflow/dags/airflowdag.py
[2024-10-21T22:48:31.521+0000] {processor.py:743} INFO - Processing file /opt/airflow/dags/airflowdag.py for tasks to queue
[2024-10-21T22:48:31.523+0000] {logging_mixin.py:137} INFO - [2024-10-21T22:48:31.523+0000] {dagbag.py:538} INFO - Filling up the DagBag from /opt/airflow/dags/airflowdag.py
[2024-10-21T22:48:34.300+0000] {logging_mixin.py:137} INFO - [2024-10-21T22:48:34.284+0000] {dagbag.py:343} ERROR - Failed to import: /opt/airflow/dags/airflowdag.py
Traceback (most recent call last):
  File "/home/airflow/.local/lib/python3.7/site-packages/airflow/models/dagbag.py", line 339, in parse
    loader.exec_module(new_module)
  File "<frozen importlib._bootstrap_external>", line 728, in exec_module
  File "<frozen importlib._bootstrap>", line 219, in _call_with_frames_removed
  File "/opt/airflow/dags/airflowdag.py", line 5, in <module>
    from src.data_prep import load_data, data_preprocessing, build_save_model, load_model_elbow
  File "/opt/airflow/dags/src/data_prep.py", line 4, in <module>
    from kneed import KneeLocator # type: ignore
ModuleNotFoundError: No module named 'kneed'
[2024-10-21T22:48:34.304+0000] {processor.py:755} WARNING - No viable dags retrieved from /opt/airflow/dags/airflowdag.py
[2024-10-21T22:48:34.341+0000] {processor.py:175} INFO - Processing /opt/airflow/dags/airflowdag.py took 2.830 seconds
[2024-10-21T22:49:04.508+0000] {processor.py:153} INFO - Started process (PID=278) to work on /opt/airflow/dags/airflowdag.py
[2024-10-21T22:49:04.511+0000] {processor.py:743} INFO - Processing file /opt/airflow/dags/airflowdag.py for tasks to queue
[2024-10-21T22:49:04.513+0000] {logging_mixin.py:137} INFO - [2024-10-21T22:49:04.512+0000] {dagbag.py:538} INFO - Filling up the DagBag from /opt/airflow/dags/airflowdag.py
[2024-10-21T22:49:06.537+0000] {logging_mixin.py:137} INFO - [2024-10-21T22:49:06.524+0000] {dagbag.py:343} ERROR - Failed to import: /opt/airflow/dags/airflowdag.py
Traceback (most recent call last):
  File "/home/airflow/.local/lib/python3.7/site-packages/airflow/models/dagbag.py", line 339, in parse
    loader.exec_module(new_module)
  File "<frozen importlib._bootstrap_external>", line 728, in exec_module
  File "<frozen importlib._bootstrap>", line 219, in _call_with_frames_removed
  File "/opt/airflow/dags/airflowdag.py", line 5, in <module>
    from src.data_prep import load_data, data_preprocessing, build_save_model, load_model_elbow
  File "/opt/airflow/dags/src/data_prep.py", line 4, in <module>
    from kneed import KneeLocator # type: ignore
ModuleNotFoundError: No module named 'kneed'
[2024-10-21T22:49:06.541+0000] {processor.py:755} WARNING - No viable dags retrieved from /opt/airflow/dags/airflowdag.py
[2024-10-21T22:49:06.582+0000] {processor.py:175} INFO - Processing /opt/airflow/dags/airflowdag.py took 2.081 seconds
[2024-10-21T22:49:36.891+0000] {processor.py:153} INFO - Started process (PID=328) to work on /opt/airflow/dags/airflowdag.py
[2024-10-21T22:49:36.894+0000] {processor.py:743} INFO - Processing file /opt/airflow/dags/airflowdag.py for tasks to queue
[2024-10-21T22:49:36.896+0000] {logging_mixin.py:137} INFO - [2024-10-21T22:49:36.896+0000] {dagbag.py:538} INFO - Filling up the DagBag from /opt/airflow/dags/airflowdag.py
[2024-10-21T22:49:40.397+0000] {logging_mixin.py:137} INFO - [2024-10-21T22:49:40.380+0000] {dagbag.py:343} ERROR - Failed to import: /opt/airflow/dags/airflowdag.py
Traceback (most recent call last):
  File "/home/airflow/.local/lib/python3.7/site-packages/airflow/models/dagbag.py", line 339, in parse
    loader.exec_module(new_module)
  File "<frozen importlib._bootstrap_external>", line 728, in exec_module
  File "<frozen importlib._bootstrap>", line 219, in _call_with_frames_removed
  File "/opt/airflow/dags/airflowdag.py", line 5, in <module>
    from src.data_prep import load_data, data_preprocessing, build_save_model, load_model_elbow
  File "/opt/airflow/dags/src/data_prep.py", line 4, in <module>
    from kneed import KneeLocator # type: ignore
ModuleNotFoundError: No module named 'kneed'
[2024-10-21T22:49:40.401+0000] {processor.py:755} WARNING - No viable dags retrieved from /opt/airflow/dags/airflowdag.py
[2024-10-21T22:49:40.469+0000] {processor.py:175} INFO - Processing /opt/airflow/dags/airflowdag.py took 3.583 seconds
[2024-10-21T22:53:50.579+0000] {processor.py:153} INFO - Started process (PID=109) to work on /opt/airflow/dags/airflowdag.py
[2024-10-21T22:53:50.587+0000] {processor.py:743} INFO - Processing file /opt/airflow/dags/airflowdag.py for tasks to queue
[2024-10-21T22:53:50.603+0000] {logging_mixin.py:137} INFO - [2024-10-21T22:53:50.602+0000] {dagbag.py:538} INFO - Filling up the DagBag from /opt/airflow/dags/airflowdag.py
[2024-10-21T22:53:57.956+0000] {processor.py:753} INFO - DAG(s) dict_keys(['DAG_Data_Preprocessing']) retrieved from /opt/airflow/dags/airflowdag.py
[2024-10-21T22:53:58.279+0000] {logging_mixin.py:137} INFO - [2024-10-21T22:53:58.278+0000] {manager.py:504} INFO - Created Permission View: can edit on DAG:DAG_Data_Preprocessing
[2024-10-21T22:53:58.295+0000] {logging_mixin.py:137} INFO - [2024-10-21T22:53:58.295+0000] {manager.py:504} INFO - Created Permission View: can delete on DAG:DAG_Data_Preprocessing
[2024-10-21T22:53:58.308+0000] {logging_mixin.py:137} INFO - [2024-10-21T22:53:58.307+0000] {manager.py:504} INFO - Created Permission View: can read on DAG:DAG_Data_Preprocessing
[2024-10-21T22:53:58.309+0000] {logging_mixin.py:137} INFO - [2024-10-21T22:53:58.308+0000] {dag.py:2690} INFO - Sync 1 DAGs
[2024-10-21T22:53:58.333+0000] {logging_mixin.py:137} INFO - [2024-10-21T22:53:58.333+0000] {dag.py:2711} INFO - Creating ORM DAG for DAG_Data_Preprocessing
[2024-10-21T22:53:58.345+0000] {logging_mixin.py:137} INFO - [2024-10-21T22:53:58.345+0000] {dag.py:3441} INFO - Setting next_dagrun for DAG_Data_Preprocessing to None, run_after=None
[2024-10-21T22:53:58.377+0000] {processor.py:175} INFO - Processing /opt/airflow/dags/airflowdag.py took 7.726 seconds
[2024-10-21T22:54:28.469+0000] {processor.py:153} INFO - Started process (PID=177) to work on /opt/airflow/dags/airflowdag.py
[2024-10-21T22:54:28.472+0000] {processor.py:743} INFO - Processing file /opt/airflow/dags/airflowdag.py for tasks to queue
[2024-10-21T22:54:28.477+0000] {logging_mixin.py:137} INFO - [2024-10-21T22:54:28.477+0000] {dagbag.py:538} INFO - Filling up the DagBag from /opt/airflow/dags/airflowdag.py
[2024-10-21T22:54:32.112+0000] {processor.py:753} INFO - DAG(s) dict_keys(['DAG_Data_Preprocessing']) retrieved from /opt/airflow/dags/airflowdag.py
[2024-10-21T22:54:32.149+0000] {logging_mixin.py:137} INFO - [2024-10-21T22:54:32.148+0000] {dag.py:2690} INFO - Sync 1 DAGs
[2024-10-21T22:54:32.181+0000] {logging_mixin.py:137} INFO - [2024-10-21T22:54:32.181+0000] {dag.py:3441} INFO - Setting next_dagrun for DAG_Data_Preprocessing to None, run_after=None
[2024-10-21T22:54:32.221+0000] {processor.py:175} INFO - Processing /opt/airflow/dags/airflowdag.py took 3.760 seconds
[2024-10-21T22:55:02.643+0000] {processor.py:153} INFO - Started process (PID=227) to work on /opt/airflow/dags/airflowdag.py
[2024-10-21T22:55:02.645+0000] {processor.py:743} INFO - Processing file /opt/airflow/dags/airflowdag.py for tasks to queue
[2024-10-21T22:55:02.646+0000] {logging_mixin.py:137} INFO - [2024-10-21T22:55:02.646+0000] {dagbag.py:538} INFO - Filling up the DagBag from /opt/airflow/dags/airflowdag.py
[2024-10-21T22:55:04.545+0000] {processor.py:753} INFO - DAG(s) dict_keys(['DAG_Data_Preprocessing']) retrieved from /opt/airflow/dags/airflowdag.py
[2024-10-21T22:55:04.596+0000] {logging_mixin.py:137} INFO - [2024-10-21T22:55:04.596+0000] {dag.py:2690} INFO - Sync 1 DAGs
[2024-10-21T22:55:04.620+0000] {logging_mixin.py:137} INFO - [2024-10-21T22:55:04.620+0000] {dag.py:3441} INFO - Setting next_dagrun for DAG_Data_Preprocessing to None, run_after=None
[2024-10-21T22:55:04.647+0000] {processor.py:175} INFO - Processing /opt/airflow/dags/airflowdag.py took 2.008 seconds
[2024-10-21T22:55:35.120+0000] {processor.py:153} INFO - Started process (PID=277) to work on /opt/airflow/dags/airflowdag.py
[2024-10-21T22:55:35.123+0000] {processor.py:743} INFO - Processing file /opt/airflow/dags/airflowdag.py for tasks to queue
[2024-10-21T22:55:35.124+0000] {logging_mixin.py:137} INFO - [2024-10-21T22:55:35.124+0000] {dagbag.py:538} INFO - Filling up the DagBag from /opt/airflow/dags/airflowdag.py
[2024-10-21T22:55:37.287+0000] {processor.py:753} INFO - DAG(s) dict_keys(['DAG_Data_Preprocessing']) retrieved from /opt/airflow/dags/airflowdag.py
[2024-10-21T22:55:37.423+0000] {logging_mixin.py:137} INFO - [2024-10-21T22:55:37.422+0000] {dag.py:2690} INFO - Sync 1 DAGs
[2024-10-21T22:55:37.463+0000] {logging_mixin.py:137} INFO - [2024-10-21T22:55:37.462+0000] {dag.py:3441} INFO - Setting next_dagrun for DAG_Data_Preprocessing to None, run_after=None
[2024-10-21T22:55:37.492+0000] {processor.py:175} INFO - Processing /opt/airflow/dags/airflowdag.py took 2.377 seconds
[2024-10-21T22:56:08.098+0000] {processor.py:153} INFO - Started process (PID=327) to work on /opt/airflow/dags/airflowdag.py
[2024-10-21T22:56:08.100+0000] {processor.py:743} INFO - Processing file /opt/airflow/dags/airflowdag.py for tasks to queue
[2024-10-21T22:56:08.101+0000] {logging_mixin.py:137} INFO - [2024-10-21T22:56:08.101+0000] {dagbag.py:538} INFO - Filling up the DagBag from /opt/airflow/dags/airflowdag.py
[2024-10-21T22:56:10.097+0000] {processor.py:753} INFO - DAG(s) dict_keys(['DAG_Data_Preprocessing']) retrieved from /opt/airflow/dags/airflowdag.py
[2024-10-21T22:56:10.172+0000] {logging_mixin.py:137} INFO - [2024-10-21T22:56:10.172+0000] {dag.py:2690} INFO - Sync 1 DAGs
[2024-10-21T22:56:10.199+0000] {logging_mixin.py:137} INFO - [2024-10-21T22:56:10.199+0000] {dag.py:3441} INFO - Setting next_dagrun for DAG_Data_Preprocessing to None, run_after=None
[2024-10-21T22:56:10.222+0000] {processor.py:175} INFO - Processing /opt/airflow/dags/airflowdag.py took 2.126 seconds
[2024-10-21T22:56:40.514+0000] {processor.py:153} INFO - Started process (PID=353) to work on /opt/airflow/dags/airflowdag.py
[2024-10-21T22:56:40.516+0000] {processor.py:743} INFO - Processing file /opt/airflow/dags/airflowdag.py for tasks to queue
[2024-10-21T22:56:40.518+0000] {logging_mixin.py:137} INFO - [2024-10-21T22:56:40.517+0000] {dagbag.py:538} INFO - Filling up the DagBag from /opt/airflow/dags/airflowdag.py
[2024-10-21T22:56:42.858+0000] {processor.py:753} INFO - DAG(s) dict_keys(['DAG_Data_Preprocessing']) retrieved from /opt/airflow/dags/airflowdag.py
[2024-10-21T22:56:42.962+0000] {logging_mixin.py:137} INFO - [2024-10-21T22:56:42.961+0000] {dag.py:2690} INFO - Sync 1 DAGs
[2024-10-21T22:56:42.991+0000] {logging_mixin.py:137} INFO - [2024-10-21T22:56:42.990+0000] {dag.py:3441} INFO - Setting next_dagrun for DAG_Data_Preprocessing to None, run_after=None
[2024-10-21T22:56:43.023+0000] {processor.py:175} INFO - Processing /opt/airflow/dags/airflowdag.py took 2.514 seconds
[2024-10-21T22:57:13.777+0000] {processor.py:153} INFO - Started process (PID=404) to work on /opt/airflow/dags/airflowdag.py
[2024-10-21T22:57:13.779+0000] {processor.py:743} INFO - Processing file /opt/airflow/dags/airflowdag.py for tasks to queue
[2024-10-21T22:57:13.780+0000] {logging_mixin.py:137} INFO - [2024-10-21T22:57:13.779+0000] {dagbag.py:538} INFO - Filling up the DagBag from /opt/airflow/dags/airflowdag.py
[2024-10-21T22:57:15.778+0000] {processor.py:753} INFO - DAG(s) dict_keys(['DAG_Data_Preprocessing']) retrieved from /opt/airflow/dags/airflowdag.py
[2024-10-21T22:57:15.875+0000] {logging_mixin.py:137} INFO - [2024-10-21T22:57:15.875+0000] {dag.py:2690} INFO - Sync 1 DAGs
[2024-10-21T22:57:15.911+0000] {logging_mixin.py:137} INFO - [2024-10-21T22:57:15.910+0000] {dag.py:3441} INFO - Setting next_dagrun for DAG_Data_Preprocessing to None, run_after=None
[2024-10-21T22:57:15.958+0000] {processor.py:175} INFO - Processing /opt/airflow/dags/airflowdag.py took 2.186 seconds
[2024-10-21T22:57:46.724+0000] {processor.py:153} INFO - Started process (PID=454) to work on /opt/airflow/dags/airflowdag.py
[2024-10-21T22:57:46.730+0000] {processor.py:743} INFO - Processing file /opt/airflow/dags/airflowdag.py for tasks to queue
[2024-10-21T22:57:46.731+0000] {logging_mixin.py:137} INFO - [2024-10-21T22:57:46.731+0000] {dagbag.py:538} INFO - Filling up the DagBag from /opt/airflow/dags/airflowdag.py
[2024-10-21T22:57:58.352+0000] {processor.py:753} INFO - DAG(s) dict_keys(['DAG_Data_Preprocessing']) retrieved from /opt/airflow/dags/airflowdag.py
[2024-10-21T22:57:58.436+0000] {logging_mixin.py:137} INFO - [2024-10-21T22:57:58.435+0000] {dag.py:2690} INFO - Sync 1 DAGs
[2024-10-21T22:57:58.462+0000] {logging_mixin.py:137} INFO - [2024-10-21T22:57:58.461+0000] {dag.py:3441} INFO - Setting next_dagrun for DAG_Data_Preprocessing to None, run_after=None
[2024-10-21T22:57:58.483+0000] {processor.py:175} INFO - Processing /opt/airflow/dags/airflowdag.py took 11.452 seconds
[2024-10-21T23:01:01.025+0000] {processor.py:153} INFO - Started process (PID=74) to work on /opt/airflow/dags/airflowdag.py
[2024-10-21T23:01:01.038+0000] {processor.py:743} INFO - Processing file /opt/airflow/dags/airflowdag.py for tasks to queue
[2024-10-21T23:01:01.041+0000] {logging_mixin.py:137} INFO - [2024-10-21T23:01:01.040+0000] {dagbag.py:538} INFO - Filling up the DagBag from /opt/airflow/dags/airflowdag.py
[2024-10-21T23:01:04.930+0000] {processor.py:753} INFO - DAG(s) dict_keys(['DAG_Data_Preprocessing']) retrieved from /opt/airflow/dags/airflowdag.py
[2024-10-21T23:01:05.275+0000] {logging_mixin.py:137} INFO - [2024-10-21T23:01:05.272+0000] {dag.py:2690} INFO - Sync 1 DAGs
[2024-10-21T23:01:05.371+0000] {logging_mixin.py:137} INFO - [2024-10-21T23:01:05.371+0000] {dag.py:3441} INFO - Setting next_dagrun for DAG_Data_Preprocessing to None, run_after=None
[2024-10-21T23:01:05.520+0000] {processor.py:175} INFO - Processing /opt/airflow/dags/airflowdag.py took 4.521 seconds
[2024-10-21T23:01:35.715+0000] {processor.py:153} INFO - Started process (PID=124) to work on /opt/airflow/dags/airflowdag.py
[2024-10-21T23:01:35.720+0000] {processor.py:743} INFO - Processing file /opt/airflow/dags/airflowdag.py for tasks to queue
[2024-10-21T23:01:35.725+0000] {logging_mixin.py:137} INFO - [2024-10-21T23:01:35.725+0000] {dagbag.py:538} INFO - Filling up the DagBag from /opt/airflow/dags/airflowdag.py
[2024-10-21T23:01:39.051+0000] {processor.py:753} INFO - DAG(s) dict_keys(['DAG_Data_Preprocessing']) retrieved from /opt/airflow/dags/airflowdag.py
[2024-10-21T23:01:39.092+0000] {logging_mixin.py:137} INFO - [2024-10-21T23:01:39.091+0000] {dag.py:2690} INFO - Sync 1 DAGs
[2024-10-21T23:01:39.126+0000] {logging_mixin.py:137} INFO - [2024-10-21T23:01:39.126+0000] {dag.py:3441} INFO - Setting next_dagrun for DAG_Data_Preprocessing to None, run_after=None
[2024-10-21T23:01:39.155+0000] {processor.py:175} INFO - Processing /opt/airflow/dags/airflowdag.py took 3.464 seconds
[2024-10-21T23:02:09.342+0000] {processor.py:153} INFO - Started process (PID=198) to work on /opt/airflow/dags/airflowdag.py
[2024-10-21T23:02:09.345+0000] {processor.py:743} INFO - Processing file /opt/airflow/dags/airflowdag.py for tasks to queue
[2024-10-21T23:02:09.346+0000] {logging_mixin.py:137} INFO - [2024-10-21T23:02:09.346+0000] {dagbag.py:538} INFO - Filling up the DagBag from /opt/airflow/dags/airflowdag.py
[2024-10-21T23:02:14.146+0000] {processor.py:753} INFO - DAG(s) dict_keys(['DAG_Data_Preprocessing']) retrieved from /opt/airflow/dags/airflowdag.py
[2024-10-21T23:02:14.261+0000] {logging_mixin.py:137} INFO - [2024-10-21T23:02:14.261+0000] {dag.py:2690} INFO - Sync 1 DAGs
[2024-10-21T23:02:14.307+0000] {logging_mixin.py:137} INFO - [2024-10-21T23:02:14.307+0000] {dag.py:3441} INFO - Setting next_dagrun for DAG_Data_Preprocessing to None, run_after=None
[2024-10-21T23:02:14.355+0000] {processor.py:175} INFO - Processing /opt/airflow/dags/airflowdag.py took 5.018 seconds
[2024-10-21T23:02:44.812+0000] {processor.py:153} INFO - Started process (PID=249) to work on /opt/airflow/dags/airflowdag.py
[2024-10-21T23:02:44.815+0000] {processor.py:743} INFO - Processing file /opt/airflow/dags/airflowdag.py for tasks to queue
[2024-10-21T23:02:44.816+0000] {logging_mixin.py:137} INFO - [2024-10-21T23:02:44.816+0000] {dagbag.py:538} INFO - Filling up the DagBag from /opt/airflow/dags/airflowdag.py
[2024-10-21T23:02:47.273+0000] {processor.py:753} INFO - DAG(s) dict_keys(['DAG_Data_Preprocessing']) retrieved from /opt/airflow/dags/airflowdag.py
[2024-10-21T23:02:47.308+0000] {logging_mixin.py:137} INFO - [2024-10-21T23:02:47.308+0000] {dag.py:2690} INFO - Sync 1 DAGs
[2024-10-21T23:02:47.338+0000] {logging_mixin.py:137} INFO - [2024-10-21T23:02:47.337+0000] {dag.py:3441} INFO - Setting next_dagrun for DAG_Data_Preprocessing to None, run_after=None
[2024-10-21T23:02:47.366+0000] {processor.py:175} INFO - Processing /opt/airflow/dags/airflowdag.py took 2.558 seconds
[2024-10-21T23:03:17.814+0000] {processor.py:153} INFO - Started process (PID=299) to work on /opt/airflow/dags/airflowdag.py
[2024-10-21T23:03:17.817+0000] {processor.py:743} INFO - Processing file /opt/airflow/dags/airflowdag.py for tasks to queue
[2024-10-21T23:03:17.818+0000] {logging_mixin.py:137} INFO - [2024-10-21T23:03:17.818+0000] {dagbag.py:538} INFO - Filling up the DagBag from /opt/airflow/dags/airflowdag.py
[2024-10-21T23:03:19.692+0000] {processor.py:753} INFO - DAG(s) dict_keys(['DAG_Data_Preprocessing']) retrieved from /opt/airflow/dags/airflowdag.py
[2024-10-21T23:03:19.723+0000] {logging_mixin.py:137} INFO - [2024-10-21T23:03:19.722+0000] {dag.py:2690} INFO - Sync 1 DAGs
[2024-10-21T23:03:19.748+0000] {logging_mixin.py:137} INFO - [2024-10-21T23:03:19.747+0000] {dag.py:3441} INFO - Setting next_dagrun for DAG_Data_Preprocessing to None, run_after=None
[2024-10-21T23:03:19.774+0000] {processor.py:175} INFO - Processing /opt/airflow/dags/airflowdag.py took 1.964 seconds
[2024-10-21T23:03:50.173+0000] {processor.py:153} INFO - Started process (PID=349) to work on /opt/airflow/dags/airflowdag.py
[2024-10-21T23:03:50.175+0000] {processor.py:743} INFO - Processing file /opt/airflow/dags/airflowdag.py for tasks to queue
[2024-10-21T23:03:50.176+0000] {logging_mixin.py:137} INFO - [2024-10-21T23:03:50.176+0000] {dagbag.py:538} INFO - Filling up the DagBag from /opt/airflow/dags/airflowdag.py
[2024-10-21T23:03:52.471+0000] {processor.py:753} INFO - DAG(s) dict_keys(['DAG_Data_Preprocessing']) retrieved from /opt/airflow/dags/airflowdag.py
[2024-10-21T23:03:52.517+0000] {logging_mixin.py:137} INFO - [2024-10-21T23:03:52.517+0000] {dag.py:2690} INFO - Sync 1 DAGs
[2024-10-21T23:03:52.551+0000] {logging_mixin.py:137} INFO - [2024-10-21T23:03:52.551+0000] {dag.py:3441} INFO - Setting next_dagrun for DAG_Data_Preprocessing to None, run_after=None
[2024-10-21T23:03:52.586+0000] {processor.py:175} INFO - Processing /opt/airflow/dags/airflowdag.py took 2.417 seconds
[2024-10-21T23:04:23.086+0000] {processor.py:153} INFO - Started process (PID=399) to work on /opt/airflow/dags/airflowdag.py
[2024-10-21T23:04:23.088+0000] {processor.py:743} INFO - Processing file /opt/airflow/dags/airflowdag.py for tasks to queue
[2024-10-21T23:04:23.090+0000] {logging_mixin.py:137} INFO - [2024-10-21T23:04:23.089+0000] {dagbag.py:538} INFO - Filling up the DagBag from /opt/airflow/dags/airflowdag.py
[2024-10-21T23:04:25.388+0000] {processor.py:753} INFO - DAG(s) dict_keys(['DAG_Data_Preprocessing']) retrieved from /opt/airflow/dags/airflowdag.py
[2024-10-21T23:04:25.436+0000] {logging_mixin.py:137} INFO - [2024-10-21T23:04:25.436+0000] {dag.py:2690} INFO - Sync 1 DAGs
[2024-10-21T23:04:25.465+0000] {logging_mixin.py:137} INFO - [2024-10-21T23:04:25.464+0000] {dag.py:3441} INFO - Setting next_dagrun for DAG_Data_Preprocessing to None, run_after=None
[2024-10-21T23:04:25.497+0000] {processor.py:175} INFO - Processing /opt/airflow/dags/airflowdag.py took 2.415 seconds
[2024-10-21T23:04:55.870+0000] {processor.py:153} INFO - Started process (PID=450) to work on /opt/airflow/dags/airflowdag.py
[2024-10-21T23:04:55.873+0000] {processor.py:743} INFO - Processing file /opt/airflow/dags/airflowdag.py for tasks to queue
[2024-10-21T23:04:55.874+0000] {logging_mixin.py:137} INFO - [2024-10-21T23:04:55.874+0000] {dagbag.py:538} INFO - Filling up the DagBag from /opt/airflow/dags/airflowdag.py
[2024-10-21T23:04:58.473+0000] {processor.py:753} INFO - DAG(s) dict_keys(['DAG_Data_Preprocessing']) retrieved from /opt/airflow/dags/airflowdag.py
[2024-10-21T23:04:58.510+0000] {logging_mixin.py:137} INFO - [2024-10-21T23:04:58.509+0000] {dag.py:2690} INFO - Sync 1 DAGs
[2024-10-21T23:04:58.536+0000] {logging_mixin.py:137} INFO - [2024-10-21T23:04:58.536+0000] {dag.py:3441} INFO - Setting next_dagrun for DAG_Data_Preprocessing to None, run_after=None
[2024-10-21T23:04:58.564+0000] {processor.py:175} INFO - Processing /opt/airflow/dags/airflowdag.py took 2.615 seconds
[2024-10-21T23:05:28.944+0000] {processor.py:153} INFO - Started process (PID=509) to work on /opt/airflow/dags/airflowdag.py
[2024-10-21T23:05:28.946+0000] {processor.py:743} INFO - Processing file /opt/airflow/dags/airflowdag.py for tasks to queue
[2024-10-21T23:05:28.950+0000] {logging_mixin.py:137} INFO - [2024-10-21T23:05:28.949+0000] {dagbag.py:538} INFO - Filling up the DagBag from /opt/airflow/dags/airflowdag.py
[2024-10-21T23:05:31.543+0000] {processor.py:753} INFO - DAG(s) dict_keys(['DAG_Data_Preprocessing']) retrieved from /opt/airflow/dags/airflowdag.py
[2024-10-21T23:05:31.758+0000] {logging_mixin.py:137} INFO - [2024-10-21T23:05:31.757+0000] {dag.py:2690} INFO - Sync 1 DAGs
[2024-10-21T23:05:31.799+0000] {logging_mixin.py:137} INFO - [2024-10-21T23:05:31.798+0000] {dag.py:3441} INFO - Setting next_dagrun for DAG_Data_Preprocessing to None, run_after=None
[2024-10-21T23:05:31.847+0000] {processor.py:175} INFO - Processing /opt/airflow/dags/airflowdag.py took 2.906 seconds
[2024-10-21T23:06:02.385+0000] {processor.py:153} INFO - Started process (PID=574) to work on /opt/airflow/dags/airflowdag.py
[2024-10-21T23:06:02.386+0000] {processor.py:743} INFO - Processing file /opt/airflow/dags/airflowdag.py for tasks to queue
[2024-10-21T23:06:02.388+0000] {logging_mixin.py:137} INFO - [2024-10-21T23:06:02.388+0000] {dagbag.py:538} INFO - Filling up the DagBag from /opt/airflow/dags/airflowdag.py
[2024-10-21T23:06:05.140+0000] {processor.py:753} INFO - DAG(s) dict_keys(['DAG_Data_Preprocessing']) retrieved from /opt/airflow/dags/airflowdag.py
[2024-10-21T23:06:05.220+0000] {logging_mixin.py:137} INFO - [2024-10-21T23:06:05.219+0000] {dag.py:2690} INFO - Sync 1 DAGs
[2024-10-21T23:06:05.253+0000] {logging_mixin.py:137} INFO - [2024-10-21T23:06:05.253+0000] {dag.py:3441} INFO - Setting next_dagrun for DAG_Data_Preprocessing to None, run_after=None
[2024-10-21T23:06:05.282+0000] {processor.py:175} INFO - Processing /opt/airflow/dags/airflowdag.py took 2.900 seconds
[2024-10-21T23:06:35.684+0000] {processor.py:153} INFO - Started process (PID=624) to work on /opt/airflow/dags/airflowdag.py
[2024-10-21T23:06:35.685+0000] {processor.py:743} INFO - Processing file /opt/airflow/dags/airflowdag.py for tasks to queue
[2024-10-21T23:06:35.687+0000] {logging_mixin.py:137} INFO - [2024-10-21T23:06:35.686+0000] {dagbag.py:538} INFO - Filling up the DagBag from /opt/airflow/dags/airflowdag.py
[2024-10-21T23:06:37.890+0000] {processor.py:753} INFO - DAG(s) dict_keys(['DAG_Data_Preprocessing']) retrieved from /opt/airflow/dags/airflowdag.py
[2024-10-21T23:06:37.922+0000] {logging_mixin.py:137} INFO - [2024-10-21T23:06:37.922+0000] {dag.py:2690} INFO - Sync 1 DAGs
[2024-10-21T23:06:37.949+0000] {logging_mixin.py:137} INFO - [2024-10-21T23:06:37.949+0000] {dag.py:3441} INFO - Setting next_dagrun for DAG_Data_Preprocessing to None, run_after=None
[2024-10-21T23:06:37.975+0000] {processor.py:175} INFO - Processing /opt/airflow/dags/airflowdag.py took 2.295 seconds
[2024-10-21T23:08:59.055+0000] {processor.py:153} INFO - Started process (PID=102) to work on /opt/airflow/dags/airflowdag.py
[2024-10-21T23:08:59.058+0000] {processor.py:743} INFO - Processing file /opt/airflow/dags/airflowdag.py for tasks to queue
[2024-10-21T23:08:59.062+0000] {logging_mixin.py:137} INFO - [2024-10-21T23:08:59.062+0000] {dagbag.py:538} INFO - Filling up the DagBag from /opt/airflow/dags/airflowdag.py
[2024-10-21T23:09:04.245+0000] {processor.py:753} INFO - DAG(s) dict_keys(['DAG_Data_Preprocessing']) retrieved from /opt/airflow/dags/airflowdag.py
[2024-10-21T23:09:04.471+0000] {logging_mixin.py:137} INFO - [2024-10-21T23:09:04.470+0000] {dag.py:2690} INFO - Sync 1 DAGs
[2024-10-21T23:09:04.536+0000] {logging_mixin.py:137} INFO - [2024-10-21T23:09:04.536+0000] {dag.py:3441} INFO - Setting next_dagrun for DAG_Data_Preprocessing to None, run_after=None
[2024-10-21T23:09:04.596+0000] {processor.py:175} INFO - Processing /opt/airflow/dags/airflowdag.py took 5.427 seconds
[2024-10-21T23:09:34.817+0000] {processor.py:153} INFO - Started process (PID=153) to work on /opt/airflow/dags/airflowdag.py
[2024-10-21T23:09:34.821+0000] {processor.py:743} INFO - Processing file /opt/airflow/dags/airflowdag.py for tasks to queue
[2024-10-21T23:09:34.827+0000] {logging_mixin.py:137} INFO - [2024-10-21T23:09:34.826+0000] {dagbag.py:538} INFO - Filling up the DagBag from /opt/airflow/dags/airflowdag.py
[2024-10-21T23:09:39.430+0000] {processor.py:753} INFO - DAG(s) dict_keys(['DAG_Data_Preprocessing']) retrieved from /opt/airflow/dags/airflowdag.py
[2024-10-21T23:09:39.697+0000] {logging_mixin.py:137} INFO - [2024-10-21T23:09:39.695+0000] {dag.py:2690} INFO - Sync 1 DAGs
[2024-10-21T23:09:39.777+0000] {logging_mixin.py:137} INFO - [2024-10-21T23:09:39.777+0000] {dag.py:3441} INFO - Setting next_dagrun for DAG_Data_Preprocessing to None, run_after=None
[2024-10-21T23:09:39.970+0000] {processor.py:175} INFO - Processing /opt/airflow/dags/airflowdag.py took 5.163 seconds
[2024-10-21T23:10:10.301+0000] {processor.py:153} INFO - Started process (PID=227) to work on /opt/airflow/dags/airflowdag.py
[2024-10-21T23:10:10.306+0000] {processor.py:743} INFO - Processing file /opt/airflow/dags/airflowdag.py for tasks to queue
[2024-10-21T23:10:10.311+0000] {logging_mixin.py:137} INFO - [2024-10-21T23:10:10.310+0000] {dagbag.py:538} INFO - Filling up the DagBag from /opt/airflow/dags/airflowdag.py
[2024-10-21T23:12:08.722+0000] {processor.py:153} INFO - Started process (PID=74) to work on /opt/airflow/dags/airflowdag.py
[2024-10-21T23:12:08.726+0000] {processor.py:743} INFO - Processing file /opt/airflow/dags/airflowdag.py for tasks to queue
[2024-10-21T23:12:08.728+0000] {logging_mixin.py:137} INFO - [2024-10-21T23:12:08.727+0000] {dagbag.py:538} INFO - Filling up the DagBag from /opt/airflow/dags/airflowdag.py
[2024-10-21T23:12:13.942+0000] {processor.py:753} INFO - DAG(s) dict_keys(['DAG_Data_Preprocessing']) retrieved from /opt/airflow/dags/airflowdag.py
[2024-10-21T23:12:14.084+0000] {logging_mixin.py:137} INFO - [2024-10-21T23:12:14.082+0000] {dag.py:2690} INFO - Sync 1 DAGs
[2024-10-21T23:12:14.123+0000] {logging_mixin.py:137} INFO - [2024-10-21T23:12:14.123+0000] {dag.py:3441} INFO - Setting next_dagrun for DAG_Data_Preprocessing to None, run_after=None
[2024-10-21T23:12:14.170+0000] {processor.py:175} INFO - Processing /opt/airflow/dags/airflowdag.py took 5.460 seconds
[2024-10-21T23:12:44.287+0000] {processor.py:153} INFO - Started process (PID=124) to work on /opt/airflow/dags/airflowdag.py
[2024-10-21T23:12:44.290+0000] {processor.py:743} INFO - Processing file /opt/airflow/dags/airflowdag.py for tasks to queue
[2024-10-21T23:12:44.295+0000] {logging_mixin.py:137} INFO - [2024-10-21T23:12:44.294+0000] {dagbag.py:538} INFO - Filling up the DagBag from /opt/airflow/dags/airflowdag.py
[2024-10-21T23:12:47.735+0000] {processor.py:753} INFO - DAG(s) dict_keys(['DAG_Data_Preprocessing']) retrieved from /opt/airflow/dags/airflowdag.py
[2024-10-21T23:12:47.782+0000] {logging_mixin.py:137} INFO - [2024-10-21T23:12:47.781+0000] {dag.py:2690} INFO - Sync 1 DAGs
[2024-10-21T23:12:47.826+0000] {logging_mixin.py:137} INFO - [2024-10-21T23:12:47.826+0000] {dag.py:3441} INFO - Setting next_dagrun for DAG_Data_Preprocessing to None, run_after=None
[2024-10-21T23:12:47.861+0000] {processor.py:175} INFO - Processing /opt/airflow/dags/airflowdag.py took 3.506 seconds
[2024-10-21T23:13:17.952+0000] {processor.py:153} INFO - Started process (PID=183) to work on /opt/airflow/dags/airflowdag.py
[2024-10-21T23:13:17.954+0000] {processor.py:743} INFO - Processing file /opt/airflow/dags/airflowdag.py for tasks to queue
[2024-10-21T23:13:17.956+0000] {logging_mixin.py:137} INFO - [2024-10-21T23:13:17.956+0000] {dagbag.py:538} INFO - Filling up the DagBag from /opt/airflow/dags/airflowdag.py
[2024-10-21T23:13:20.519+0000] {processor.py:753} INFO - DAG(s) dict_keys(['DAG_Data_Preprocessing']) retrieved from /opt/airflow/dags/airflowdag.py
[2024-10-21T23:13:20.660+0000] {logging_mixin.py:137} INFO - [2024-10-21T23:13:20.660+0000] {dag.py:2690} INFO - Sync 1 DAGs
[2024-10-21T23:13:20.688+0000] {logging_mixin.py:137} INFO - [2024-10-21T23:13:20.688+0000] {dag.py:3441} INFO - Setting next_dagrun for DAG_Data_Preprocessing to None, run_after=None
[2024-10-21T23:13:20.720+0000] {processor.py:175} INFO - Processing /opt/airflow/dags/airflowdag.py took 2.771 seconds
[2024-10-21T23:13:51.038+0000] {processor.py:153} INFO - Started process (PID=248) to work on /opt/airflow/dags/airflowdag.py
[2024-10-21T23:13:51.040+0000] {processor.py:743} INFO - Processing file /opt/airflow/dags/airflowdag.py for tasks to queue
[2024-10-21T23:13:51.041+0000] {logging_mixin.py:137} INFO - [2024-10-21T23:13:51.041+0000] {dagbag.py:538} INFO - Filling up the DagBag from /opt/airflow/dags/airflowdag.py
[2024-10-21T23:13:52.844+0000] {processor.py:753} INFO - DAG(s) dict_keys(['DAG_Data_Preprocessing']) retrieved from /opt/airflow/dags/airflowdag.py
[2024-10-21T23:13:52.872+0000] {logging_mixin.py:137} INFO - [2024-10-21T23:13:52.872+0000] {dag.py:2690} INFO - Sync 1 DAGs
[2024-10-21T23:13:52.895+0000] {logging_mixin.py:137} INFO - [2024-10-21T23:13:52.894+0000] {dag.py:3441} INFO - Setting next_dagrun for DAG_Data_Preprocessing to None, run_after=None
[2024-10-21T23:13:52.918+0000] {processor.py:175} INFO - Processing /opt/airflow/dags/airflowdag.py took 1.883 seconds
[2024-10-21T23:14:23.220+0000] {processor.py:153} INFO - Started process (PID=298) to work on /opt/airflow/dags/airflowdag.py
[2024-10-21T23:14:23.221+0000] {processor.py:743} INFO - Processing file /opt/airflow/dags/airflowdag.py for tasks to queue
[2024-10-21T23:14:23.222+0000] {logging_mixin.py:137} INFO - [2024-10-21T23:14:23.222+0000] {dagbag.py:538} INFO - Filling up the DagBag from /opt/airflow/dags/airflowdag.py
[2024-10-21T23:14:24.766+0000] {processor.py:753} INFO - DAG(s) dict_keys(['DAG_Data_Preprocessing']) retrieved from /opt/airflow/dags/airflowdag.py
[2024-10-21T23:14:24.794+0000] {logging_mixin.py:137} INFO - [2024-10-21T23:14:24.794+0000] {dag.py:2690} INFO - Sync 1 DAGs
[2024-10-21T23:14:24.818+0000] {logging_mixin.py:137} INFO - [2024-10-21T23:14:24.818+0000] {dag.py:3441} INFO - Setting next_dagrun for DAG_Data_Preprocessing to None, run_after=None
[2024-10-21T23:14:24.839+0000] {processor.py:175} INFO - Processing /opt/airflow/dags/airflowdag.py took 1.622 seconds
[2024-10-21T23:14:55.045+0000] {processor.py:153} INFO - Started process (PID=372) to work on /opt/airflow/dags/airflowdag.py
[2024-10-21T23:14:55.047+0000] {processor.py:743} INFO - Processing file /opt/airflow/dags/airflowdag.py for tasks to queue
[2024-10-21T23:14:55.048+0000] {logging_mixin.py:137} INFO - [2024-10-21T23:14:55.048+0000] {dagbag.py:538} INFO - Filling up the DagBag from /opt/airflow/dags/airflowdag.py
[2024-10-21T23:14:56.887+0000] {processor.py:753} INFO - DAG(s) dict_keys(['DAG_Data_Preprocessing']) retrieved from /opt/airflow/dags/airflowdag.py
[2024-10-21T23:14:56.921+0000] {logging_mixin.py:137} INFO - [2024-10-21T23:14:56.921+0000] {dag.py:2690} INFO - Sync 1 DAGs
[2024-10-21T23:14:56.947+0000] {logging_mixin.py:137} INFO - [2024-10-21T23:14:56.947+0000] {dag.py:3441} INFO - Setting next_dagrun for DAG_Data_Preprocessing to None, run_after=None
[2024-10-21T23:14:56.971+0000] {processor.py:175} INFO - Processing /opt/airflow/dags/airflowdag.py took 1.931 seconds
[2024-10-21T23:15:27.319+0000] {processor.py:153} INFO - Started process (PID=422) to work on /opt/airflow/dags/airflowdag.py
[2024-10-21T23:15:27.320+0000] {processor.py:743} INFO - Processing file /opt/airflow/dags/airflowdag.py for tasks to queue
[2024-10-21T23:15:27.322+0000] {logging_mixin.py:137} INFO - [2024-10-21T23:15:27.321+0000] {dagbag.py:538} INFO - Filling up the DagBag from /opt/airflow/dags/airflowdag.py
[2024-10-21T23:15:30.422+0000] {processor.py:753} INFO - DAG(s) dict_keys(['DAG_Data_Preprocessing']) retrieved from /opt/airflow/dags/airflowdag.py
[2024-10-21T23:15:30.527+0000] {logging_mixin.py:137} INFO - [2024-10-21T23:15:30.526+0000] {dag.py:2690} INFO - Sync 1 DAGs
[2024-10-21T23:15:30.577+0000] {logging_mixin.py:137} INFO - [2024-10-21T23:15:30.576+0000] {dag.py:3441} INFO - Setting next_dagrun for DAG_Data_Preprocessing to None, run_after=None
[2024-10-21T23:15:30.625+0000] {processor.py:175} INFO - Processing /opt/airflow/dags/airflowdag.py took 3.310 seconds
[2024-10-21T23:16:00.780+0000] {processor.py:153} INFO - Started process (PID=472) to work on /opt/airflow/dags/airflowdag.py
[2024-10-21T23:16:00.781+0000] {processor.py:743} INFO - Processing file /opt/airflow/dags/airflowdag.py for tasks to queue
[2024-10-21T23:16:00.782+0000] {logging_mixin.py:137} INFO - [2024-10-21T23:16:00.782+0000] {dagbag.py:538} INFO - Filling up the DagBag from /opt/airflow/dags/airflowdag.py
[2024-10-21T23:16:03.568+0000] {processor.py:753} INFO - DAG(s) dict_keys(['DAG_Data_Preprocessing']) retrieved from /opt/airflow/dags/airflowdag.py
[2024-10-21T23:16:21.245+0000] {logging_mixin.py:137} INFO - [2024-10-21T23:16:21.241+0000] {dag.py:2690} INFO - Sync 1 DAGs
[2024-10-21T23:16:21.293+0000] {logging_mixin.py:137} INFO - [2024-10-21T23:16:21.292+0000] {dag.py:3441} INFO - Setting next_dagrun for DAG_Data_Preprocessing to None, run_after=None
[2024-10-21T23:16:21.326+0000] {processor.py:175} INFO - Processing /opt/airflow/dags/airflowdag.py took 20.190 seconds
[2024-10-21T23:16:51.152+0000] {processor.py:153} INFO - Started process (PID=74) to work on /opt/airflow/dags/airflowdag.py
[2024-10-21T23:16:51.153+0000] {processor.py:743} INFO - Processing file /opt/airflow/dags/airflowdag.py for tasks to queue
[2024-10-21T23:16:51.154+0000] {logging_mixin.py:137} INFO - [2024-10-21T23:16:51.154+0000] {dagbag.py:538} INFO - Filling up the DagBag from /opt/airflow/dags/airflowdag.py
[2024-10-21T23:16:54.510+0000] {processor.py:753} INFO - DAG(s) dict_keys(['DAG_Data_Preprocessing']) retrieved from /opt/airflow/dags/airflowdag.py
[2024-10-21T23:16:54.931+0000] {logging_mixin.py:137} INFO - [2024-10-21T23:16:54.924+0000] {dag.py:2690} INFO - Sync 1 DAGs
[2024-10-21T23:16:55.046+0000] {logging_mixin.py:137} INFO - [2024-10-21T23:16:55.046+0000] {dag.py:3441} INFO - Setting next_dagrun for DAG_Data_Preprocessing to None, run_after=None
[2024-10-21T23:16:55.103+0000] {processor.py:175} INFO - Processing /opt/airflow/dags/airflowdag.py took 3.955 seconds
[2024-10-21T23:17:25.497+0000] {processor.py:153} INFO - Started process (PID=123) to work on /opt/airflow/dags/airflowdag.py
[2024-10-21T23:17:25.499+0000] {processor.py:743} INFO - Processing file /opt/airflow/dags/airflowdag.py for tasks to queue
[2024-10-21T23:17:25.500+0000] {logging_mixin.py:137} INFO - [2024-10-21T23:17:25.500+0000] {dagbag.py:538} INFO - Filling up the DagBag from /opt/airflow/dags/airflowdag.py
[2024-10-21T23:17:28.040+0000] {processor.py:753} INFO - DAG(s) dict_keys(['DAG_Data_Preprocessing']) retrieved from /opt/airflow/dags/airflowdag.py
[2024-10-21T23:17:28.096+0000] {logging_mixin.py:137} INFO - [2024-10-21T23:17:28.095+0000] {dag.py:2690} INFO - Sync 1 DAGs
[2024-10-21T23:17:28.154+0000] {logging_mixin.py:137} INFO - [2024-10-21T23:17:28.153+0000] {dag.py:3441} INFO - Setting next_dagrun for DAG_Data_Preprocessing to None, run_after=None
[2024-10-21T23:17:28.189+0000] {processor.py:175} INFO - Processing /opt/airflow/dags/airflowdag.py took 2.696 seconds
[2024-10-21T23:17:58.595+0000] {processor.py:153} INFO - Started process (PID=173) to work on /opt/airflow/dags/airflowdag.py
[2024-10-21T23:17:58.597+0000] {processor.py:743} INFO - Processing file /opt/airflow/dags/airflowdag.py for tasks to queue
[2024-10-21T23:17:58.599+0000] {logging_mixin.py:137} INFO - [2024-10-21T23:17:58.599+0000] {dagbag.py:538} INFO - Filling up the DagBag from /opt/airflow/dags/airflowdag.py
[2024-10-21T23:18:01.537+0000] {processor.py:753} INFO - DAG(s) dict_keys(['DAG_Data_Preprocessing']) retrieved from /opt/airflow/dags/airflowdag.py
[2024-10-21T23:18:01.599+0000] {logging_mixin.py:137} INFO - [2024-10-21T23:18:01.598+0000] {dag.py:2690} INFO - Sync 1 DAGs
[2024-10-21T23:18:01.649+0000] {logging_mixin.py:137} INFO - [2024-10-21T23:18:01.648+0000] {dag.py:3441} INFO - Setting next_dagrun for DAG_Data_Preprocessing to None, run_after=None
[2024-10-21T23:18:01.692+0000] {processor.py:175} INFO - Processing /opt/airflow/dags/airflowdag.py took 3.105 seconds
[2024-10-21T23:18:32.042+0000] {processor.py:153} INFO - Started process (PID=223) to work on /opt/airflow/dags/airflowdag.py
[2024-10-21T23:18:32.044+0000] {processor.py:743} INFO - Processing file /opt/airflow/dags/airflowdag.py for tasks to queue
[2024-10-21T23:18:32.045+0000] {logging_mixin.py:137} INFO - [2024-10-21T23:18:32.044+0000] {dagbag.py:538} INFO - Filling up the DagBag from /opt/airflow/dags/airflowdag.py
[2024-10-21T23:18:35.785+0000] {processor.py:753} INFO - DAG(s) dict_keys(['DAG_Data_Preprocessing']) retrieved from /opt/airflow/dags/airflowdag.py
[2024-10-21T23:18:35.863+0000] {logging_mixin.py:137} INFO - [2024-10-21T23:18:35.862+0000] {dag.py:2690} INFO - Sync 1 DAGs
[2024-10-21T23:18:35.919+0000] {logging_mixin.py:137} INFO - [2024-10-21T23:18:35.918+0000] {dag.py:3441} INFO - Setting next_dagrun for DAG_Data_Preprocessing to None, run_after=None
[2024-10-21T23:18:35.960+0000] {processor.py:175} INFO - Processing /opt/airflow/dags/airflowdag.py took 3.922 seconds
[2024-10-21T23:19:06.386+0000] {processor.py:153} INFO - Started process (PID=273) to work on /opt/airflow/dags/airflowdag.py
[2024-10-21T23:19:06.388+0000] {processor.py:743} INFO - Processing file /opt/airflow/dags/airflowdag.py for tasks to queue
[2024-10-21T23:19:06.391+0000] {logging_mixin.py:137} INFO - [2024-10-21T23:19:06.390+0000] {dagbag.py:538} INFO - Filling up the DagBag from /opt/airflow/dags/airflowdag.py
[2024-10-21T23:19:10.463+0000] {processor.py:753} INFO - DAG(s) dict_keys(['DAG_Data_Preprocessing']) retrieved from /opt/airflow/dags/airflowdag.py
[2024-10-21T23:19:11.013+0000] {logging_mixin.py:137} INFO - [2024-10-21T23:19:11.005+0000] {dag.py:2690} INFO - Sync 1 DAGs
[2024-10-21T23:19:11.085+0000] {logging_mixin.py:137} INFO - [2024-10-21T23:19:11.085+0000] {dag.py:3441} INFO - Setting next_dagrun for DAG_Data_Preprocessing to None, run_after=None
[2024-10-21T23:19:11.165+0000] {processor.py:175} INFO - Processing /opt/airflow/dags/airflowdag.py took 4.784 seconds
[2024-10-21T23:19:41.933+0000] {processor.py:153} INFO - Started process (PID=323) to work on /opt/airflow/dags/airflowdag.py
[2024-10-21T23:19:41.937+0000] {processor.py:743} INFO - Processing file /opt/airflow/dags/airflowdag.py for tasks to queue
[2024-10-21T23:19:41.940+0000] {logging_mixin.py:137} INFO - [2024-10-21T23:19:41.939+0000] {dagbag.py:538} INFO - Filling up the DagBag from /opt/airflow/dags/airflowdag.py
[2024-10-21T23:19:45.327+0000] {processor.py:753} INFO - DAG(s) dict_keys(['DAG_Data_Preprocessing']) retrieved from /opt/airflow/dags/airflowdag.py
[2024-10-21T23:19:45.371+0000] {logging_mixin.py:137} INFO - [2024-10-21T23:19:45.370+0000] {dag.py:2690} INFO - Sync 1 DAGs
[2024-10-21T23:19:45.408+0000] {logging_mixin.py:137} INFO - [2024-10-21T23:19:45.408+0000] {dag.py:3441} INFO - Setting next_dagrun for DAG_Data_Preprocessing to None, run_after=None
[2024-10-21T23:19:45.436+0000] {processor.py:175} INFO - Processing /opt/airflow/dags/airflowdag.py took 3.510 seconds
[2024-10-21T23:20:15.980+0000] {processor.py:153} INFO - Started process (PID=373) to work on /opt/airflow/dags/airflowdag.py
[2024-10-21T23:20:15.982+0000] {processor.py:743} INFO - Processing file /opt/airflow/dags/airflowdag.py for tasks to queue
[2024-10-21T23:20:15.987+0000] {logging_mixin.py:137} INFO - [2024-10-21T23:20:15.986+0000] {dagbag.py:538} INFO - Filling up the DagBag from /opt/airflow/dags/airflowdag.py
[2024-10-21T23:20:46.033+0000] {logging_mixin.py:137} INFO - [2024-10-21T23:20:46.031+0000] {timeout.py:68} ERROR - Process timed out, PID: 373
[2024-10-21T23:20:46.034+0000] {logging_mixin.py:137} WARNING - Exception ignored in: <function WeakKeyDictionary.__init__.<locals>.remove at 0x7fb4433b6d40>
[2024-10-21T23:20:46.034+0000] {logging_mixin.py:137} WARNING - Traceback (most recent call last):
[2024-10-21T23:20:46.035+0000] {logging_mixin.py:137} WARNING -   File "/usr/local/lib/python3.7/weakref.py", line 358, in remove
[2024-10-21T23:20:46.037+0000] {logging_mixin.py:137} WARNING -     def remove(k, selfref=ref(self)):
[2024-10-21T23:20:46.037+0000] {logging_mixin.py:137} WARNING -   File "/home/airflow/.local/lib/python3.7/site-packages/airflow/utils/timeout.py", line 69, in handle_timeout
[2024-10-21T23:20:46.041+0000] {logging_mixin.py:137} WARNING -     raise AirflowTaskTimeout(self.error_message)
[2024-10-21T23:20:46.042+0000] {logging_mixin.py:137} WARNING - airflow.exceptions.AirflowTaskTimeout: DagBag import timeout for /opt/airflow/dags/airflowdag.py after 30.0s.
Please take a look at these docs to improve your DAG import time:
* https://airflow.apache.org/docs/apache-airflow/2.5.1/best-practices.html#top-level-python-code
* https://airflow.apache.org/docs/apache-airflow/2.5.1/best-practices.html#reducing-dag-complexity, PID: 373
[2024-10-21T23:20:46.576+0000] {processor.py:753} INFO - DAG(s) dict_keys(['DAG_Data_Preprocessing']) retrieved from /opt/airflow/dags/airflowdag.py
[2024-10-21T23:20:46.616+0000] {logging_mixin.py:137} INFO - [2024-10-21T23:20:46.615+0000] {dag.py:2690} INFO - Sync 1 DAGs
[2024-10-21T23:20:46.647+0000] {logging_mixin.py:137} INFO - [2024-10-21T23:20:46.647+0000] {dag.py:3441} INFO - Setting next_dagrun for DAG_Data_Preprocessing to None, run_after=None
[2024-10-21T23:20:46.675+0000] {processor.py:175} INFO - Processing /opt/airflow/dags/airflowdag.py took 30.709 seconds
[2024-10-21T23:20:55.492+0000] {processor.py:153} INFO - Started process (PID=375) to work on /opt/airflow/dags/airflowdag.py
[2024-10-21T23:20:55.493+0000] {processor.py:743} INFO - Processing file /opt/airflow/dags/airflowdag.py for tasks to queue
[2024-10-21T23:20:55.494+0000] {logging_mixin.py:137} INFO - [2024-10-21T23:20:55.494+0000] {dagbag.py:538} INFO - Filling up the DagBag from /opt/airflow/dags/airflowdag.py
[2024-10-21T23:20:57.452+0000] {processor.py:753} INFO - DAG(s) dict_keys(['DAG_Data_Preprocessing']) retrieved from /opt/airflow/dags/airflowdag.py
[2024-10-21T23:20:57.503+0000] {logging_mixin.py:137} INFO - [2024-10-21T23:20:57.502+0000] {taskinstance.py:1770} ERROR - {'DAG Id': 'DAG_Data_Preprocessing', 'Task Id': 'build_save_model_task', 'Run Id': 'manual__2024-10-21T23:15:43.162586+00:00', 'Hostname': 'ab069c37e78e', 'External Executor Id': '7403c910-f203-4f0c-bde1-90dfa45da2b9'}
[2024-10-21T23:20:57.530+0000] {logging_mixin.py:137} INFO - [2024-10-21T23:20:57.530+0000] {taskinstance.py:1323} INFO - Marking task as FAILED. dag_id=DAG_Data_Preprocessing, task_id=build_save_model_task, execution_date=20241021T231543, start_date=20241021T231557, end_date=20241021T232057
[2024-10-21T23:20:57.550+0000] {processor.py:713} INFO - Executed failure callback for <TaskInstance: DAG_Data_Preprocessing.build_save_model_task manual__2024-10-21T23:15:43.162586+00:00 [failed]> in state failed
[2024-10-21T23:20:57.580+0000] {logging_mixin.py:137} INFO - [2024-10-21T23:20:57.580+0000] {dag.py:2690} INFO - Sync 1 DAGs
[2024-10-21T23:20:57.608+0000] {logging_mixin.py:137} INFO - [2024-10-21T23:20:57.608+0000] {dag.py:3441} INFO - Setting next_dagrun for DAG_Data_Preprocessing to None, run_after=None
[2024-10-21T23:20:57.635+0000] {processor.py:175} INFO - Processing /opt/airflow/dags/airflowdag.py took 2.145 seconds
[2024-10-21T23:21:27.825+0000] {processor.py:153} INFO - Started process (PID=449) to work on /opt/airflow/dags/airflowdag.py
[2024-10-21T23:21:27.827+0000] {processor.py:743} INFO - Processing file /opt/airflow/dags/airflowdag.py for tasks to queue
[2024-10-21T23:21:27.828+0000] {logging_mixin.py:137} INFO - [2024-10-21T23:21:27.828+0000] {dagbag.py:538} INFO - Filling up the DagBag from /opt/airflow/dags/airflowdag.py
[2024-10-21T23:21:29.735+0000] {processor.py:753} INFO - DAG(s) dict_keys(['DAG_Data_Preprocessing']) retrieved from /opt/airflow/dags/airflowdag.py
[2024-10-21T23:21:29.797+0000] {logging_mixin.py:137} INFO - [2024-10-21T23:21:29.796+0000] {dag.py:2690} INFO - Sync 1 DAGs
[2024-10-21T23:21:29.824+0000] {logging_mixin.py:137} INFO - [2024-10-21T23:21:29.824+0000] {dag.py:3441} INFO - Setting next_dagrun for DAG_Data_Preprocessing to None, run_after=None
[2024-10-21T23:21:29.849+0000] {processor.py:175} INFO - Processing /opt/airflow/dags/airflowdag.py took 2.026 seconds
[2024-10-21T23:22:00.223+0000] {processor.py:153} INFO - Started process (PID=499) to work on /opt/airflow/dags/airflowdag.py
[2024-10-21T23:22:00.225+0000] {processor.py:743} INFO - Processing file /opt/airflow/dags/airflowdag.py for tasks to queue
[2024-10-21T23:22:00.226+0000] {logging_mixin.py:137} INFO - [2024-10-21T23:22:00.226+0000] {dagbag.py:538} INFO - Filling up the DagBag from /opt/airflow/dags/airflowdag.py
[2024-10-21T23:22:01.737+0000] {processor.py:753} INFO - DAG(s) dict_keys(['DAG_Data_Preprocessing']) retrieved from /opt/airflow/dags/airflowdag.py
[2024-10-21T23:22:01.775+0000] {logging_mixin.py:137} INFO - [2024-10-21T23:22:01.774+0000] {dag.py:2690} INFO - Sync 1 DAGs
[2024-10-21T23:22:01.807+0000] {logging_mixin.py:137} INFO - [2024-10-21T23:22:01.807+0000] {dag.py:3441} INFO - Setting next_dagrun for DAG_Data_Preprocessing to None, run_after=None
[2024-10-21T23:22:01.855+0000] {processor.py:175} INFO - Processing /opt/airflow/dags/airflowdag.py took 1.634 seconds
[2024-10-21T23:22:32.226+0000] {processor.py:153} INFO - Started process (PID=549) to work on /opt/airflow/dags/airflowdag.py
[2024-10-21T23:22:32.228+0000] {processor.py:743} INFO - Processing file /opt/airflow/dags/airflowdag.py for tasks to queue
[2024-10-21T23:22:32.229+0000] {logging_mixin.py:137} INFO - [2024-10-21T23:22:32.229+0000] {dagbag.py:538} INFO - Filling up the DagBag from /opt/airflow/dags/airflowdag.py
[2024-10-21T23:22:33.877+0000] {processor.py:753} INFO - DAG(s) dict_keys(['DAG_Data_Preprocessing']) retrieved from /opt/airflow/dags/airflowdag.py
[2024-10-21T23:22:33.905+0000] {logging_mixin.py:137} INFO - [2024-10-21T23:22:33.905+0000] {dag.py:2690} INFO - Sync 1 DAGs
[2024-10-21T23:22:33.929+0000] {logging_mixin.py:137} INFO - [2024-10-21T23:22:33.929+0000] {dag.py:3441} INFO - Setting next_dagrun for DAG_Data_Preprocessing to None, run_after=None
[2024-10-21T23:22:33.951+0000] {processor.py:175} INFO - Processing /opt/airflow/dags/airflowdag.py took 1.728 seconds
[2024-10-21T23:23:04.360+0000] {processor.py:153} INFO - Started process (PID=599) to work on /opt/airflow/dags/airflowdag.py
[2024-10-21T23:23:04.363+0000] {processor.py:743} INFO - Processing file /opt/airflow/dags/airflowdag.py for tasks to queue
[2024-10-21T23:23:04.364+0000] {logging_mixin.py:137} INFO - [2024-10-21T23:23:04.364+0000] {dagbag.py:538} INFO - Filling up the DagBag from /opt/airflow/dags/airflowdag.py
[2024-10-21T23:23:07.461+0000] {processor.py:753} INFO - DAG(s) dict_keys(['DAG_Data_Preprocessing']) retrieved from /opt/airflow/dags/airflowdag.py
[2024-10-21T23:23:07.618+0000] {logging_mixin.py:137} INFO - [2024-10-21T23:23:07.617+0000] {dag.py:2690} INFO - Sync 1 DAGs
[2024-10-21T23:23:07.656+0000] {logging_mixin.py:137} INFO - [2024-10-21T23:23:07.656+0000] {dag.py:3441} INFO - Setting next_dagrun for DAG_Data_Preprocessing to None, run_after=None
[2024-10-21T23:23:07.701+0000] {processor.py:175} INFO - Processing /opt/airflow/dags/airflowdag.py took 3.252 seconds
[2024-10-21T23:23:37.838+0000] {processor.py:153} INFO - Started process (PID=660) to work on /opt/airflow/dags/airflowdag.py
[2024-10-21T23:23:37.840+0000] {processor.py:743} INFO - Processing file /opt/airflow/dags/airflowdag.py for tasks to queue
[2024-10-21T23:23:37.841+0000] {logging_mixin.py:137} INFO - [2024-10-21T23:23:37.841+0000] {dagbag.py:538} INFO - Filling up the DagBag from /opt/airflow/dags/airflowdag.py
[2024-10-21T23:23:40.630+0000] {processor.py:753} INFO - DAG(s) dict_keys(['DAG_Data_Preprocessing']) retrieved from /opt/airflow/dags/airflowdag.py
[2024-10-21T23:23:41.057+0000] {logging_mixin.py:137} INFO - [2024-10-21T23:23:41.047+0000] {dag.py:2690} INFO - Sync 1 DAGs
[2024-10-21T23:23:41.169+0000] {logging_mixin.py:137} INFO - [2024-10-21T23:23:41.168+0000] {dag.py:3441} INFO - Setting next_dagrun for DAG_Data_Preprocessing to None, run_after=None
[2024-10-21T23:23:41.248+0000] {processor.py:175} INFO - Processing /opt/airflow/dags/airflowdag.py took 3.415 seconds
[2024-10-21T23:24:11.451+0000] {processor.py:153} INFO - Started process (PID=725) to work on /opt/airflow/dags/airflowdag.py
[2024-10-21T23:24:11.452+0000] {processor.py:743} INFO - Processing file /opt/airflow/dags/airflowdag.py for tasks to queue
[2024-10-21T23:24:11.454+0000] {logging_mixin.py:137} INFO - [2024-10-21T23:24:11.454+0000] {dagbag.py:538} INFO - Filling up the DagBag from /opt/airflow/dags/airflowdag.py
[2024-10-21T23:24:13.547+0000] {processor.py:753} INFO - DAG(s) dict_keys(['DAG_Data_Preprocessing']) retrieved from /opt/airflow/dags/airflowdag.py
[2024-10-21T23:24:13.587+0000] {logging_mixin.py:137} INFO - [2024-10-21T23:24:13.586+0000] {dag.py:2690} INFO - Sync 1 DAGs
[2024-10-21T23:24:13.618+0000] {logging_mixin.py:137} INFO - [2024-10-21T23:24:13.618+0000] {dag.py:3441} INFO - Setting next_dagrun for DAG_Data_Preprocessing to None, run_after=None
[2024-10-21T23:24:13.647+0000] {processor.py:175} INFO - Processing /opt/airflow/dags/airflowdag.py took 2.200 seconds
