[2024-10-30T21:10:18.555+0000] {taskinstance.py:1083} INFO - Dependencies all met for <TaskInstance: DAG_Data_Preprocessing.data_preprocessing_task manual__2024-10-30T21:10:01.761470+00:00 [queued]>
[2024-10-30T21:10:18.600+0000] {taskinstance.py:1083} INFO - Dependencies all met for <TaskInstance: DAG_Data_Preprocessing.data_preprocessing_task manual__2024-10-30T21:10:01.761470+00:00 [queued]>
[2024-10-30T21:10:18.601+0000] {taskinstance.py:1279} INFO - 
--------------------------------------------------------------------------------
[2024-10-30T21:10:18.602+0000] {taskinstance.py:1280} INFO - Starting attempt 1 of 1
[2024-10-30T21:10:18.603+0000] {taskinstance.py:1281} INFO - 
--------------------------------------------------------------------------------
[2024-10-30T21:10:18.754+0000] {taskinstance.py:1300} INFO - Executing <Task(PythonOperator): data_preprocessing_task> on 2024-10-30 21:10:01.761470+00:00
[2024-10-30T21:10:18.790+0000] {standard_task_runner.py:55} INFO - Started process 373 to run task
[2024-10-30T21:10:18.802+0000] {standard_task_runner.py:82} INFO - Running: ['***', 'tasks', 'run', 'DAG_Data_Preprocessing', 'data_preprocessing_task', 'manual__2024-10-30T21:10:01.761470+00:00', '--job-id', '4', '--raw', '--subdir', 'DAGS_FOLDER/***dag.py', '--cfg-path', '/tmp/tmp15umbq9n']
[2024-10-30T21:10:18.811+0000] {standard_task_runner.py:83} INFO - Job 4: Subtask data_preprocessing_task
[2024-10-30T21:10:19.109+0000] {task_command.py:388} INFO - Running <TaskInstance: DAG_Data_Preprocessing.data_preprocessing_task manual__2024-10-30T21:10:01.761470+00:00 [running]> on host 052b17e822df
[2024-10-30T21:10:19.619+0000] {taskinstance.py:1509} INFO - Exporting the following env vars:
AIRFLOW_CTX_DAG_OWNER=Project Team
AIRFLOW_CTX_DAG_ID=DAG_Data_Preprocessing
AIRFLOW_CTX_TASK_ID=data_preprocessing_task
AIRFLOW_CTX_EXECUTION_DATE=2024-10-30T21:10:01.761470+00:00
AIRFLOW_CTX_TRY_NUMBER=1
AIRFLOW_CTX_DAG_RUN_ID=manual__2024-10-30T21:10:01.761470+00:00
[2024-10-30T21:10:19.898+0000] {python.py:177} INFO - Done. Returned value was: None
[2024-10-30T21:10:19.931+0000] {taskinstance.py:1323} INFO - Marking task as SUCCESS. dag_id=DAG_Data_Preprocessing, task_id=data_preprocessing_task, execution_date=20241030T211001, start_date=20241030T211018, end_date=20241030T211019
[2024-10-30T21:10:19.984+0000] {local_task_job.py:208} INFO - Task exited with return code 0
[2024-10-30T21:10:20.053+0000] {taskinstance.py:2578} INFO - 0 downstream tasks scheduled from follow-on schedule check
