[2024-11-13T00:52:39.736+0000] {processor.py:153} INFO - Started process (PID=78116) to work on /opt/airflow/dags/data_prep_dag.py
[2024-11-13T00:52:39.737+0000] {processor.py:743} INFO - Processing file /opt/airflow/dags/data_prep_dag.py for tasks to queue
[2024-11-13T00:52:39.738+0000] {logging_mixin.py:137} INFO - [2024-11-13T00:52:39.738+0000] {dagbag.py:538} INFO - Filling up the DagBag from /opt/airflow/dags/data_prep_dag.py
[2024-11-13T00:52:40.352+0000] {processor.py:753} INFO - DAG(s) dict_keys(['DAG_Data_Preprocessing']) retrieved from /opt/airflow/dags/data_prep_dag.py
[2024-11-13T00:52:40.368+0000] {logging_mixin.py:137} INFO - [2024-11-13T00:52:40.368+0000] {dag.py:2690} INFO - Sync 1 DAGs
[2024-11-13T00:52:40.386+0000] {logging_mixin.py:137} INFO - [2024-11-13T00:52:40.386+0000] {dag.py:3441} INFO - Setting next_dagrun for DAG_Data_Preprocessing to None, run_after=None
[2024-11-13T00:52:40.397+0000] {processor.py:175} INFO - Processing /opt/airflow/dags/data_prep_dag.py took 0.664 seconds
[2024-11-13T02:30:17.480+0000] {processor.py:153} INFO - Started process (PID=78154) to work on /opt/airflow/dags/data_prep_dag.py
[2024-11-13T02:30:17.482+0000] {processor.py:743} INFO - Processing file /opt/airflow/dags/data_prep_dag.py for tasks to queue
[2024-11-13T02:30:17.483+0000] {logging_mixin.py:137} INFO - [2024-11-13T02:30:17.482+0000] {dagbag.py:538} INFO - Filling up the DagBag from /opt/airflow/dags/data_prep_dag.py
[2024-11-13T02:30:18.914+0000] {processor.py:753} INFO - DAG(s) dict_keys(['DAG_Data_Preprocessing']) retrieved from /opt/airflow/dags/data_prep_dag.py
[2024-11-13T02:30:18.937+0000] {logging_mixin.py:137} INFO - [2024-11-13T02:30:18.936+0000] {dag.py:2690} INFO - Sync 1 DAGs
[2024-11-13T02:30:18.965+0000] {logging_mixin.py:137} INFO - [2024-11-13T02:30:18.965+0000] {dag.py:3441} INFO - Setting next_dagrun for DAG_Data_Preprocessing to None, run_after=None
[2024-11-13T02:30:18.988+0000] {processor.py:175} INFO - Processing /opt/airflow/dags/data_prep_dag.py took 1.513 seconds
[2024-11-13T02:30:49.608+0000] {processor.py:153} INFO - Started process (PID=78208) to work on /opt/airflow/dags/data_prep_dag.py
[2024-11-13T02:30:49.610+0000] {processor.py:743} INFO - Processing file /opt/airflow/dags/data_prep_dag.py for tasks to queue
[2024-11-13T02:30:49.610+0000] {logging_mixin.py:137} INFO - [2024-11-13T02:30:49.610+0000] {dagbag.py:538} INFO - Filling up the DagBag from /opt/airflow/dags/data_prep_dag.py
[2024-11-13T02:30:50.133+0000] {processor.py:753} INFO - DAG(s) dict_keys(['DAG_Data_Preprocessing']) retrieved from /opt/airflow/dags/data_prep_dag.py
[2024-11-13T02:30:50.147+0000] {logging_mixin.py:137} INFO - [2024-11-13T02:30:50.147+0000] {dag.py:2690} INFO - Sync 1 DAGs
[2024-11-13T02:30:50.163+0000] {logging_mixin.py:137} INFO - [2024-11-13T02:30:50.163+0000] {dag.py:3441} INFO - Setting next_dagrun for DAG_Data_Preprocessing to None, run_after=None
[2024-11-13T02:30:50.174+0000] {processor.py:175} INFO - Processing /opt/airflow/dags/data_prep_dag.py took 0.571 seconds
[2024-11-13T02:31:20.575+0000] {processor.py:153} INFO - Started process (PID=78246) to work on /opt/airflow/dags/data_prep_dag.py
[2024-11-13T02:31:20.576+0000] {processor.py:743} INFO - Processing file /opt/airflow/dags/data_prep_dag.py for tasks to queue
[2024-11-13T02:31:20.577+0000] {logging_mixin.py:137} INFO - [2024-11-13T02:31:20.577+0000] {dagbag.py:538} INFO - Filling up the DagBag from /opt/airflow/dags/data_prep_dag.py
[2024-11-13T02:31:21.302+0000] {processor.py:753} INFO - DAG(s) dict_keys(['DAG_Data_Preprocessing']) retrieved from /opt/airflow/dags/data_prep_dag.py
[2024-11-13T02:31:21.317+0000] {logging_mixin.py:137} INFO - [2024-11-13T02:31:21.316+0000] {dag.py:2690} INFO - Sync 1 DAGs
[2024-11-13T02:31:21.333+0000] {logging_mixin.py:137} INFO - [2024-11-13T02:31:21.333+0000] {dag.py:3441} INFO - Setting next_dagrun for DAG_Data_Preprocessing to None, run_after=None
[2024-11-13T02:31:21.345+0000] {processor.py:175} INFO - Processing /opt/airflow/dags/data_prep_dag.py took 0.775 seconds
[2024-11-13T02:31:51.374+0000] {processor.py:153} INFO - Started process (PID=78300) to work on /opt/airflow/dags/data_prep_dag.py
[2024-11-13T02:31:51.376+0000] {processor.py:743} INFO - Processing file /opt/airflow/dags/data_prep_dag.py for tasks to queue
[2024-11-13T02:31:51.376+0000] {logging_mixin.py:137} INFO - [2024-11-13T02:31:51.376+0000] {dagbag.py:538} INFO - Filling up the DagBag from /opt/airflow/dags/data_prep_dag.py
[2024-11-13T02:31:51.958+0000] {processor.py:753} INFO - DAG(s) dict_keys(['DAG_Data_Preprocessing']) retrieved from /opt/airflow/dags/data_prep_dag.py
[2024-11-13T02:31:51.972+0000] {logging_mixin.py:137} INFO - [2024-11-13T02:31:51.972+0000] {dag.py:2690} INFO - Sync 1 DAGs
[2024-11-13T02:31:51.988+0000] {logging_mixin.py:137} INFO - [2024-11-13T02:31:51.988+0000] {dag.py:3441} INFO - Setting next_dagrun for DAG_Data_Preprocessing to None, run_after=None
[2024-11-13T02:31:51.999+0000] {processor.py:175} INFO - Processing /opt/airflow/dags/data_prep_dag.py took 0.627 seconds
[2024-11-13T02:32:22.489+0000] {processor.py:153} INFO - Started process (PID=78354) to work on /opt/airflow/dags/data_prep_dag.py
[2024-11-13T02:32:22.490+0000] {processor.py:743} INFO - Processing file /opt/airflow/dags/data_prep_dag.py for tasks to queue
[2024-11-13T02:32:22.491+0000] {logging_mixin.py:137} INFO - [2024-11-13T02:32:22.491+0000] {dagbag.py:538} INFO - Filling up the DagBag from /opt/airflow/dags/data_prep_dag.py
[2024-11-13T02:32:23.149+0000] {processor.py:753} INFO - DAG(s) dict_keys(['DAG_Data_Preprocessing']) retrieved from /opt/airflow/dags/data_prep_dag.py
[2024-11-13T02:32:23.165+0000] {logging_mixin.py:137} INFO - [2024-11-13T02:32:23.164+0000] {dag.py:2690} INFO - Sync 1 DAGs
[2024-11-13T02:32:23.182+0000] {logging_mixin.py:137} INFO - [2024-11-13T02:32:23.182+0000] {dag.py:3441} INFO - Setting next_dagrun for DAG_Data_Preprocessing to None, run_after=None
[2024-11-13T02:32:23.193+0000] {processor.py:175} INFO - Processing /opt/airflow/dags/data_prep_dag.py took 0.710 seconds
[2024-11-13T02:32:53.470+0000] {processor.py:153} INFO - Started process (PID=78394) to work on /opt/airflow/dags/data_prep_dag.py
[2024-11-13T02:32:53.472+0000] {processor.py:743} INFO - Processing file /opt/airflow/dags/data_prep_dag.py for tasks to queue
[2024-11-13T02:32:53.472+0000] {logging_mixin.py:137} INFO - [2024-11-13T02:32:53.472+0000] {dagbag.py:538} INFO - Filling up the DagBag from /opt/airflow/dags/data_prep_dag.py
[2024-11-13T02:32:54.004+0000] {processor.py:753} INFO - DAG(s) dict_keys(['DAG_Data_Preprocessing']) retrieved from /opt/airflow/dags/data_prep_dag.py
[2024-11-13T02:32:54.019+0000] {logging_mixin.py:137} INFO - [2024-11-13T02:32:54.018+0000] {dag.py:2690} INFO - Sync 1 DAGs
[2024-11-13T02:32:54.035+0000] {logging_mixin.py:137} INFO - [2024-11-13T02:32:54.035+0000] {dag.py:3441} INFO - Setting next_dagrun for DAG_Data_Preprocessing to None, run_after=None
[2024-11-13T02:32:54.046+0000] {processor.py:175} INFO - Processing /opt/airflow/dags/data_prep_dag.py took 0.582 seconds
[2024-11-13T02:33:24.209+0000] {processor.py:153} INFO - Started process (PID=78448) to work on /opt/airflow/dags/data_prep_dag.py
[2024-11-13T02:33:24.210+0000] {processor.py:743} INFO - Processing file /opt/airflow/dags/data_prep_dag.py for tasks to queue
[2024-11-13T02:33:24.211+0000] {logging_mixin.py:137} INFO - [2024-11-13T02:33:24.210+0000] {dagbag.py:538} INFO - Filling up the DagBag from /opt/airflow/dags/data_prep_dag.py
[2024-11-13T02:33:24.885+0000] {processor.py:753} INFO - DAG(s) dict_keys(['DAG_Data_Preprocessing']) retrieved from /opt/airflow/dags/data_prep_dag.py
[2024-11-13T02:33:24.908+0000] {logging_mixin.py:137} INFO - [2024-11-13T02:33:24.908+0000] {dag.py:2690} INFO - Sync 1 DAGs
[2024-11-13T02:33:24.926+0000] {logging_mixin.py:137} INFO - [2024-11-13T02:33:24.926+0000] {dag.py:3441} INFO - Setting next_dagrun for DAG_Data_Preprocessing to None, run_after=None
[2024-11-13T02:33:24.939+0000] {processor.py:175} INFO - Processing /opt/airflow/dags/data_prep_dag.py took 0.732 seconds
[2024-11-13T02:33:55.246+0000] {processor.py:153} INFO - Started process (PID=78486) to work on /opt/airflow/dags/data_prep_dag.py
[2024-11-13T02:33:55.248+0000] {processor.py:743} INFO - Processing file /opt/airflow/dags/data_prep_dag.py for tasks to queue
[2024-11-13T02:33:55.249+0000] {logging_mixin.py:137} INFO - [2024-11-13T02:33:55.249+0000] {dagbag.py:538} INFO - Filling up the DagBag from /opt/airflow/dags/data_prep_dag.py
[2024-11-13T02:33:55.858+0000] {processor.py:753} INFO - DAG(s) dict_keys(['DAG_Data_Preprocessing']) retrieved from /opt/airflow/dags/data_prep_dag.py
[2024-11-13T02:33:55.875+0000] {logging_mixin.py:137} INFO - [2024-11-13T02:33:55.875+0000] {dag.py:2690} INFO - Sync 1 DAGs
[2024-11-13T02:33:55.892+0000] {logging_mixin.py:137} INFO - [2024-11-13T02:33:55.892+0000] {dag.py:3441} INFO - Setting next_dagrun for DAG_Data_Preprocessing to None, run_after=None
[2024-11-13T02:33:55.903+0000] {processor.py:175} INFO - Processing /opt/airflow/dags/data_prep_dag.py took 0.661 seconds
[2024-11-13T02:34:26.171+0000] {processor.py:153} INFO - Started process (PID=78540) to work on /opt/airflow/dags/data_prep_dag.py
[2024-11-13T02:34:26.173+0000] {processor.py:743} INFO - Processing file /opt/airflow/dags/data_prep_dag.py for tasks to queue
[2024-11-13T02:34:26.174+0000] {logging_mixin.py:137} INFO - [2024-11-13T02:34:26.174+0000] {dagbag.py:538} INFO - Filling up the DagBag from /opt/airflow/dags/data_prep_dag.py
[2024-11-13T02:34:26.807+0000] {processor.py:753} INFO - DAG(s) dict_keys(['DAG_Data_Preprocessing']) retrieved from /opt/airflow/dags/data_prep_dag.py
[2024-11-13T02:34:26.824+0000] {logging_mixin.py:137} INFO - [2024-11-13T02:34:26.824+0000] {dag.py:2690} INFO - Sync 1 DAGs
[2024-11-13T02:34:26.841+0000] {logging_mixin.py:137} INFO - [2024-11-13T02:34:26.841+0000] {dag.py:3441} INFO - Setting next_dagrun for DAG_Data_Preprocessing to None, run_after=None
[2024-11-13T02:34:26.852+0000] {processor.py:175} INFO - Processing /opt/airflow/dags/data_prep_dag.py took 0.686 seconds
[2024-11-13T02:34:57.507+0000] {processor.py:153} INFO - Started process (PID=78579) to work on /opt/airflow/dags/data_prep_dag.py
[2024-11-13T02:34:57.509+0000] {processor.py:743} INFO - Processing file /opt/airflow/dags/data_prep_dag.py for tasks to queue
[2024-11-13T02:34:57.510+0000] {logging_mixin.py:137} INFO - [2024-11-13T02:34:57.510+0000] {dagbag.py:538} INFO - Filling up the DagBag from /opt/airflow/dags/data_prep_dag.py
[2024-11-13T02:34:58.244+0000] {processor.py:753} INFO - DAG(s) dict_keys(['DAG_Data_Preprocessing']) retrieved from /opt/airflow/dags/data_prep_dag.py
[2024-11-13T02:34:58.262+0000] {logging_mixin.py:137} INFO - [2024-11-13T02:34:58.261+0000] {dag.py:2690} INFO - Sync 1 DAGs
[2024-11-13T02:34:58.280+0000] {logging_mixin.py:137} INFO - [2024-11-13T02:34:58.280+0000] {dag.py:3441} INFO - Setting next_dagrun for DAG_Data_Preprocessing to None, run_after=None
[2024-11-13T02:34:58.291+0000] {processor.py:175} INFO - Processing /opt/airflow/dags/data_prep_dag.py took 0.791 seconds
[2024-11-13T02:35:28.845+0000] {processor.py:153} INFO - Started process (PID=78632) to work on /opt/airflow/dags/data_prep_dag.py
[2024-11-13T02:35:28.847+0000] {processor.py:743} INFO - Processing file /opt/airflow/dags/data_prep_dag.py for tasks to queue
[2024-11-13T02:35:28.847+0000] {logging_mixin.py:137} INFO - [2024-11-13T02:35:28.847+0000] {dagbag.py:538} INFO - Filling up the DagBag from /opt/airflow/dags/data_prep_dag.py
[2024-11-13T02:35:29.594+0000] {processor.py:753} INFO - DAG(s) dict_keys(['DAG_Data_Preprocessing']) retrieved from /opt/airflow/dags/data_prep_dag.py
[2024-11-13T02:35:29.614+0000] {logging_mixin.py:137} INFO - [2024-11-13T02:35:29.614+0000] {dag.py:2690} INFO - Sync 1 DAGs
[2024-11-13T02:35:29.633+0000] {logging_mixin.py:137} INFO - [2024-11-13T02:35:29.633+0000] {dag.py:3441} INFO - Setting next_dagrun for DAG_Data_Preprocessing to None, run_after=None
[2024-11-13T02:35:29.645+0000] {processor.py:175} INFO - Processing /opt/airflow/dags/data_prep_dag.py took 0.805 seconds
[2024-11-13T02:36:00.185+0000] {processor.py:153} INFO - Started process (PID=78669) to work on /opt/airflow/dags/data_prep_dag.py
[2024-11-13T02:36:00.186+0000] {processor.py:743} INFO - Processing file /opt/airflow/dags/data_prep_dag.py for tasks to queue
[2024-11-13T02:36:00.186+0000] {logging_mixin.py:137} INFO - [2024-11-13T02:36:00.186+0000] {dagbag.py:538} INFO - Filling up the DagBag from /opt/airflow/dags/data_prep_dag.py
[2024-11-13T02:36:00.918+0000] {processor.py:753} INFO - DAG(s) dict_keys(['DAG_Data_Preprocessing']) retrieved from /opt/airflow/dags/data_prep_dag.py
[2024-11-13T02:36:00.937+0000] {logging_mixin.py:137} INFO - [2024-11-13T02:36:00.936+0000] {dag.py:2690} INFO - Sync 1 DAGs
[2024-11-13T02:36:00.958+0000] {logging_mixin.py:137} INFO - [2024-11-13T02:36:00.957+0000] {dag.py:3441} INFO - Setting next_dagrun for DAG_Data_Preprocessing to None, run_after=None
[2024-11-13T02:36:00.972+0000] {processor.py:175} INFO - Processing /opt/airflow/dags/data_prep_dag.py took 0.790 seconds
[2024-11-13T02:36:31.561+0000] {processor.py:153} INFO - Started process (PID=78722) to work on /opt/airflow/dags/data_prep_dag.py
[2024-11-13T02:36:31.564+0000] {processor.py:743} INFO - Processing file /opt/airflow/dags/data_prep_dag.py for tasks to queue
[2024-11-13T02:36:31.565+0000] {logging_mixin.py:137} INFO - [2024-11-13T02:36:31.565+0000] {dagbag.py:538} INFO - Filling up the DagBag from /opt/airflow/dags/data_prep_dag.py
[2024-11-13T02:36:32.424+0000] {processor.py:753} INFO - DAG(s) dict_keys(['DAG_Data_Preprocessing']) retrieved from /opt/airflow/dags/data_prep_dag.py
[2024-11-13T02:36:32.442+0000] {logging_mixin.py:137} INFO - [2024-11-13T02:36:32.442+0000] {dag.py:2690} INFO - Sync 1 DAGs
[2024-11-13T02:36:32.459+0000] {logging_mixin.py:137} INFO - [2024-11-13T02:36:32.459+0000] {dag.py:3441} INFO - Setting next_dagrun for DAG_Data_Preprocessing to None, run_after=None
[2024-11-13T02:36:32.470+0000] {processor.py:175} INFO - Processing /opt/airflow/dags/data_prep_dag.py took 0.916 seconds
[2024-11-13T02:37:02.795+0000] {processor.py:153} INFO - Started process (PID=78775) to work on /opt/airflow/dags/data_prep_dag.py
[2024-11-13T02:37:02.796+0000] {processor.py:743} INFO - Processing file /opt/airflow/dags/data_prep_dag.py for tasks to queue
[2024-11-13T02:37:02.797+0000] {logging_mixin.py:137} INFO - [2024-11-13T02:37:02.797+0000] {dagbag.py:538} INFO - Filling up the DagBag from /opt/airflow/dags/data_prep_dag.py
[2024-11-13T02:37:03.702+0000] {processor.py:753} INFO - DAG(s) dict_keys(['DAG_Data_Preprocessing']) retrieved from /opt/airflow/dags/data_prep_dag.py
[2024-11-13T02:37:03.728+0000] {logging_mixin.py:137} INFO - [2024-11-13T02:37:03.727+0000] {dag.py:2690} INFO - Sync 1 DAGs
[2024-11-13T02:37:03.756+0000] {logging_mixin.py:137} INFO - [2024-11-13T02:37:03.756+0000] {dag.py:3441} INFO - Setting next_dagrun for DAG_Data_Preprocessing to None, run_after=None
[2024-11-13T02:37:03.775+0000] {processor.py:175} INFO - Processing /opt/airflow/dags/data_prep_dag.py took 0.983 seconds
[2024-11-13T02:37:33.826+0000] {processor.py:153} INFO - Started process (PID=78815) to work on /opt/airflow/dags/data_prep_dag.py
[2024-11-13T02:37:33.827+0000] {processor.py:743} INFO - Processing file /opt/airflow/dags/data_prep_dag.py for tasks to queue
[2024-11-13T02:37:33.828+0000] {logging_mixin.py:137} INFO - [2024-11-13T02:37:33.828+0000] {dagbag.py:538} INFO - Filling up the DagBag from /opt/airflow/dags/data_prep_dag.py
[2024-11-13T02:37:34.540+0000] {processor.py:753} INFO - DAG(s) dict_keys(['DAG_Data_Preprocessing']) retrieved from /opt/airflow/dags/data_prep_dag.py
[2024-11-13T02:37:34.557+0000] {logging_mixin.py:137} INFO - [2024-11-13T02:37:34.556+0000] {dag.py:2690} INFO - Sync 1 DAGs
[2024-11-13T02:37:34.574+0000] {logging_mixin.py:137} INFO - [2024-11-13T02:37:34.574+0000] {dag.py:3441} INFO - Setting next_dagrun for DAG_Data_Preprocessing to None, run_after=None
[2024-11-13T02:37:34.585+0000] {processor.py:175} INFO - Processing /opt/airflow/dags/data_prep_dag.py took 0.764 seconds
[2024-11-13T02:38:04.860+0000] {processor.py:153} INFO - Started process (PID=78869) to work on /opt/airflow/dags/data_prep_dag.py
[2024-11-13T02:38:04.862+0000] {processor.py:743} INFO - Processing file /opt/airflow/dags/data_prep_dag.py for tasks to queue
[2024-11-13T02:38:04.863+0000] {logging_mixin.py:137} INFO - [2024-11-13T02:38:04.863+0000] {dagbag.py:538} INFO - Filling up the DagBag from /opt/airflow/dags/data_prep_dag.py
[2024-11-13T02:38:05.490+0000] {processor.py:753} INFO - DAG(s) dict_keys(['DAG_Data_Preprocessing']) retrieved from /opt/airflow/dags/data_prep_dag.py
[2024-11-13T02:38:05.507+0000] {logging_mixin.py:137} INFO - [2024-11-13T02:38:05.507+0000] {dag.py:2690} INFO - Sync 1 DAGs
[2024-11-13T02:38:05.524+0000] {logging_mixin.py:137} INFO - [2024-11-13T02:38:05.524+0000] {dag.py:3441} INFO - Setting next_dagrun for DAG_Data_Preprocessing to None, run_after=None
[2024-11-13T02:38:05.535+0000] {processor.py:175} INFO - Processing /opt/airflow/dags/data_prep_dag.py took 0.682 seconds
[2024-11-13T02:38:35.812+0000] {processor.py:153} INFO - Started process (PID=78907) to work on /opt/airflow/dags/data_prep_dag.py
[2024-11-13T02:38:35.813+0000] {processor.py:743} INFO - Processing file /opt/airflow/dags/data_prep_dag.py for tasks to queue
[2024-11-13T02:38:35.814+0000] {logging_mixin.py:137} INFO - [2024-11-13T02:38:35.813+0000] {dagbag.py:538} INFO - Filling up the DagBag from /opt/airflow/dags/data_prep_dag.py
[2024-11-13T02:38:36.390+0000] {processor.py:753} INFO - DAG(s) dict_keys(['DAG_Data_Preprocessing']) retrieved from /opt/airflow/dags/data_prep_dag.py
[2024-11-13T02:38:36.403+0000] {logging_mixin.py:137} INFO - [2024-11-13T02:38:36.403+0000] {dag.py:2690} INFO - Sync 1 DAGs
[2024-11-13T02:38:36.419+0000] {logging_mixin.py:137} INFO - [2024-11-13T02:38:36.419+0000] {dag.py:3441} INFO - Setting next_dagrun for DAG_Data_Preprocessing to None, run_after=None
[2024-11-13T02:38:36.429+0000] {processor.py:175} INFO - Processing /opt/airflow/dags/data_prep_dag.py took 0.621 seconds
[2024-11-13T02:39:06.845+0000] {processor.py:153} INFO - Started process (PID=78961) to work on /opt/airflow/dags/data_prep_dag.py
[2024-11-13T02:39:06.846+0000] {processor.py:743} INFO - Processing file /opt/airflow/dags/data_prep_dag.py for tasks to queue
[2024-11-13T02:39:06.847+0000] {logging_mixin.py:137} INFO - [2024-11-13T02:39:06.846+0000] {dagbag.py:538} INFO - Filling up the DagBag from /opt/airflow/dags/data_prep_dag.py
[2024-11-13T02:39:07.404+0000] {processor.py:753} INFO - DAG(s) dict_keys(['DAG_Data_Preprocessing']) retrieved from /opt/airflow/dags/data_prep_dag.py
[2024-11-13T02:39:07.419+0000] {logging_mixin.py:137} INFO - [2024-11-13T02:39:07.419+0000] {dag.py:2690} INFO - Sync 1 DAGs
[2024-11-13T02:39:07.436+0000] {logging_mixin.py:137} INFO - [2024-11-13T02:39:07.436+0000] {dag.py:3441} INFO - Setting next_dagrun for DAG_Data_Preprocessing to None, run_after=None
[2024-11-13T02:39:07.447+0000] {processor.py:175} INFO - Processing /opt/airflow/dags/data_prep_dag.py took 0.607 seconds
[2024-11-13T02:39:38.242+0000] {processor.py:153} INFO - Started process (PID=78999) to work on /opt/airflow/dags/data_prep_dag.py
[2024-11-13T02:39:38.243+0000] {processor.py:743} INFO - Processing file /opt/airflow/dags/data_prep_dag.py for tasks to queue
[2024-11-13T02:39:38.244+0000] {logging_mixin.py:137} INFO - [2024-11-13T02:39:38.244+0000] {dagbag.py:538} INFO - Filling up the DagBag from /opt/airflow/dags/data_prep_dag.py
[2024-11-13T02:39:39.247+0000] {processor.py:753} INFO - DAG(s) dict_keys(['DAG_Data_Preprocessing']) retrieved from /opt/airflow/dags/data_prep_dag.py
[2024-11-13T02:39:39.275+0000] {logging_mixin.py:137} INFO - [2024-11-13T02:39:39.274+0000] {dag.py:2690} INFO - Sync 1 DAGs
[2024-11-13T02:39:39.321+0000] {logging_mixin.py:137} INFO - [2024-11-13T02:39:39.320+0000] {dag.py:3441} INFO - Setting next_dagrun for DAG_Data_Preprocessing to None, run_after=None
[2024-11-13T02:39:39.347+0000] {processor.py:175} INFO - Processing /opt/airflow/dags/data_prep_dag.py took 1.113 seconds
[2024-11-13T02:40:09.650+0000] {processor.py:153} INFO - Started process (PID=79053) to work on /opt/airflow/dags/data_prep_dag.py
[2024-11-13T02:40:09.652+0000] {processor.py:743} INFO - Processing file /opt/airflow/dags/data_prep_dag.py for tasks to queue
[2024-11-13T02:40:09.653+0000] {logging_mixin.py:137} INFO - [2024-11-13T02:40:09.653+0000] {dagbag.py:538} INFO - Filling up the DagBag from /opt/airflow/dags/data_prep_dag.py
[2024-11-13T02:40:10.441+0000] {processor.py:753} INFO - DAG(s) dict_keys(['DAG_Data_Preprocessing']) retrieved from /opt/airflow/dags/data_prep_dag.py
[2024-11-13T02:40:10.487+0000] {logging_mixin.py:137} INFO - [2024-11-13T02:40:10.487+0000] {dag.py:2690} INFO - Sync 1 DAGs
[2024-11-13T02:40:10.504+0000] {logging_mixin.py:137} INFO - [2024-11-13T02:40:10.504+0000] {dag.py:3441} INFO - Setting next_dagrun for DAG_Data_Preprocessing to None, run_after=None
[2024-11-13T02:40:10.520+0000] {processor.py:175} INFO - Processing /opt/airflow/dags/data_prep_dag.py took 0.876 seconds
[2024-11-13T02:40:40.659+0000] {processor.py:153} INFO - Started process (PID=79091) to work on /opt/airflow/dags/data_prep_dag.py
[2024-11-13T02:40:40.661+0000] {processor.py:743} INFO - Processing file /opt/airflow/dags/data_prep_dag.py for tasks to queue
[2024-11-13T02:40:40.662+0000] {logging_mixin.py:137} INFO - [2024-11-13T02:40:40.662+0000] {dagbag.py:538} INFO - Filling up the DagBag from /opt/airflow/dags/data_prep_dag.py
[2024-11-13T02:40:41.783+0000] {processor.py:753} INFO - DAG(s) dict_keys(['DAG_Data_Preprocessing']) retrieved from /opt/airflow/dags/data_prep_dag.py
[2024-11-13T02:40:41.804+0000] {logging_mixin.py:137} INFO - [2024-11-13T02:40:41.804+0000] {dag.py:2690} INFO - Sync 1 DAGs
[2024-11-13T02:40:41.825+0000] {logging_mixin.py:137} INFO - [2024-11-13T02:40:41.825+0000] {dag.py:3441} INFO - Setting next_dagrun for DAG_Data_Preprocessing to None, run_after=None
[2024-11-13T02:40:41.845+0000] {processor.py:175} INFO - Processing /opt/airflow/dags/data_prep_dag.py took 1.193 seconds
[2024-11-13T02:42:08.244+0000] {processor.py:153} INFO - Started process (PID=63) to work on /opt/airflow/dags/data_prep_dag.py
[2024-11-13T02:42:08.245+0000] {processor.py:743} INFO - Processing file /opt/airflow/dags/data_prep_dag.py for tasks to queue
[2024-11-13T02:42:08.246+0000] {logging_mixin.py:137} INFO - [2024-11-13T02:42:08.246+0000] {dagbag.py:538} INFO - Filling up the DagBag from /opt/airflow/dags/data_prep_dag.py
[2024-11-13T02:42:09.000+0000] {processor.py:753} INFO - DAG(s) dict_keys(['DAG_Data_Preprocessing']) retrieved from /opt/airflow/dags/data_prep_dag.py
[2024-11-13T02:42:09.052+0000] {logging_mixin.py:137} INFO - [2024-11-13T02:42:09.052+0000] {dag.py:2690} INFO - Sync 1 DAGs
[2024-11-13T02:42:09.073+0000] {logging_mixin.py:137} INFO - [2024-11-13T02:42:09.073+0000] {dag.py:3441} INFO - Setting next_dagrun for DAG_Data_Preprocessing to None, run_after=None
[2024-11-13T02:42:09.092+0000] {processor.py:175} INFO - Processing /opt/airflow/dags/data_prep_dag.py took 0.851 seconds
[2024-11-13T02:42:39.276+0000] {processor.py:153} INFO - Started process (PID=101) to work on /opt/airflow/dags/data_prep_dag.py
[2024-11-13T02:42:39.280+0000] {processor.py:743} INFO - Processing file /opt/airflow/dags/data_prep_dag.py for tasks to queue
[2024-11-13T02:42:39.281+0000] {logging_mixin.py:137} INFO - [2024-11-13T02:42:39.280+0000] {dagbag.py:538} INFO - Filling up the DagBag from /opt/airflow/dags/data_prep_dag.py
[2024-11-13T02:42:39.821+0000] {processor.py:753} INFO - DAG(s) dict_keys(['DAG_Data_Preprocessing']) retrieved from /opt/airflow/dags/data_prep_dag.py
[2024-11-13T02:42:39.836+0000] {logging_mixin.py:137} INFO - [2024-11-13T02:42:39.835+0000] {dag.py:2690} INFO - Sync 1 DAGs
[2024-11-13T02:42:39.860+0000] {logging_mixin.py:137} INFO - [2024-11-13T02:42:39.860+0000] {dag.py:3441} INFO - Setting next_dagrun for DAG_Data_Preprocessing to None, run_after=None
[2024-11-13T02:42:39.871+0000] {processor.py:175} INFO - Processing /opt/airflow/dags/data_prep_dag.py took 0.602 seconds
[2024-11-13T02:43:10.285+0000] {processor.py:153} INFO - Started process (PID=155) to work on /opt/airflow/dags/data_prep_dag.py
[2024-11-13T02:43:10.286+0000] {processor.py:743} INFO - Processing file /opt/airflow/dags/data_prep_dag.py for tasks to queue
[2024-11-13T02:43:10.286+0000] {logging_mixin.py:137} INFO - [2024-11-13T02:43:10.286+0000] {dagbag.py:538} INFO - Filling up the DagBag from /opt/airflow/dags/data_prep_dag.py
[2024-11-13T02:43:10.820+0000] {processor.py:753} INFO - DAG(s) dict_keys(['DAG_Data_Preprocessing']) retrieved from /opt/airflow/dags/data_prep_dag.py
[2024-11-13T02:43:10.834+0000] {logging_mixin.py:137} INFO - [2024-11-13T02:43:10.833+0000] {dag.py:2690} INFO - Sync 1 DAGs
[2024-11-13T02:43:10.849+0000] {logging_mixin.py:137} INFO - [2024-11-13T02:43:10.849+0000] {dag.py:3441} INFO - Setting next_dagrun for DAG_Data_Preprocessing to None, run_after=None
[2024-11-13T02:43:10.859+0000] {processor.py:175} INFO - Processing /opt/airflow/dags/data_prep_dag.py took 0.577 seconds
[2024-11-13T02:43:41.638+0000] {processor.py:153} INFO - Started process (PID=202) to work on /opt/airflow/dags/data_prep_dag.py
[2024-11-13T02:43:41.639+0000] {processor.py:743} INFO - Processing file /opt/airflow/dags/data_prep_dag.py for tasks to queue
[2024-11-13T02:43:41.639+0000] {logging_mixin.py:137} INFO - [2024-11-13T02:43:41.639+0000] {dagbag.py:538} INFO - Filling up the DagBag from /opt/airflow/dags/data_prep_dag.py
[2024-11-13T02:43:42.409+0000] {processor.py:753} INFO - DAG(s) dict_keys(['DAG_Data_Preprocessing']) retrieved from /opt/airflow/dags/data_prep_dag.py
[2024-11-13T02:43:42.429+0000] {logging_mixin.py:137} INFO - [2024-11-13T02:43:42.428+0000] {dag.py:2690} INFO - Sync 1 DAGs
[2024-11-13T02:43:42.471+0000] {logging_mixin.py:137} INFO - [2024-11-13T02:43:42.471+0000] {dag.py:3441} INFO - Setting next_dagrun for DAG_Data_Preprocessing to None, run_after=None
[2024-11-13T02:43:42.516+0000] {processor.py:175} INFO - Processing /opt/airflow/dags/data_prep_dag.py took 0.882 seconds
[2024-11-13T02:44:12.582+0000] {processor.py:153} INFO - Started process (PID=246) to work on /opt/airflow/dags/data_prep_dag.py
[2024-11-13T02:44:12.583+0000] {processor.py:743} INFO - Processing file /opt/airflow/dags/data_prep_dag.py for tasks to queue
[2024-11-13T02:44:12.583+0000] {logging_mixin.py:137} INFO - [2024-11-13T02:44:12.583+0000] {dagbag.py:538} INFO - Filling up the DagBag from /opt/airflow/dags/data_prep_dag.py
[2024-11-13T02:44:13.195+0000] {processor.py:753} INFO - DAG(s) dict_keys(['DAG_Data_Preprocessing']) retrieved from /opt/airflow/dags/data_prep_dag.py
[2024-11-13T02:44:13.210+0000] {logging_mixin.py:137} INFO - [2024-11-13T02:44:13.210+0000] {dag.py:2690} INFO - Sync 1 DAGs
[2024-11-13T02:44:13.226+0000] {logging_mixin.py:137} INFO - [2024-11-13T02:44:13.226+0000] {dag.py:3441} INFO - Setting next_dagrun for DAG_Data_Preprocessing to None, run_after=None
[2024-11-13T02:44:13.237+0000] {processor.py:175} INFO - Processing /opt/airflow/dags/data_prep_dag.py took 0.658 seconds
[2024-11-13T02:44:45.637+0000] {processor.py:153} INFO - Started process (PID=300) to work on /opt/airflow/dags/data_prep_dag.py
[2024-11-13T02:44:45.642+0000] {processor.py:743} INFO - Processing file /opt/airflow/dags/data_prep_dag.py for tasks to queue
[2024-11-13T02:44:45.652+0000] {logging_mixin.py:137} INFO - [2024-11-13T02:44:45.649+0000] {dagbag.py:538} INFO - Filling up the DagBag from /opt/airflow/dags/data_prep_dag.py
[2024-11-13T02:44:46.632+0000] {processor.py:753} INFO - DAG(s) dict_keys(['DAG_Data_Preprocessing']) retrieved from /opt/airflow/dags/data_prep_dag.py
[2024-11-13T02:44:46.648+0000] {logging_mixin.py:137} INFO - [2024-11-13T02:44:46.647+0000] {dag.py:2690} INFO - Sync 1 DAGs
[2024-11-13T02:44:46.663+0000] {logging_mixin.py:137} INFO - [2024-11-13T02:44:46.663+0000] {dag.py:3441} INFO - Setting next_dagrun for DAG_Data_Preprocessing to None, run_after=None
[2024-11-13T02:44:46.674+0000] {processor.py:175} INFO - Processing /opt/airflow/dags/data_prep_dag.py took 1.049 seconds
[2024-11-13T02:45:16.836+0000] {processor.py:153} INFO - Started process (PID=338) to work on /opt/airflow/dags/data_prep_dag.py
[2024-11-13T02:45:16.837+0000] {processor.py:743} INFO - Processing file /opt/airflow/dags/data_prep_dag.py for tasks to queue
[2024-11-13T02:45:16.838+0000] {logging_mixin.py:137} INFO - [2024-11-13T02:45:16.838+0000] {dagbag.py:538} INFO - Filling up the DagBag from /opt/airflow/dags/data_prep_dag.py
[2024-11-13T02:45:17.426+0000] {processor.py:753} INFO - DAG(s) dict_keys(['DAG_Data_Preprocessing']) retrieved from /opt/airflow/dags/data_prep_dag.py
[2024-11-13T02:45:17.441+0000] {logging_mixin.py:137} INFO - [2024-11-13T02:45:17.440+0000] {dag.py:2690} INFO - Sync 1 DAGs
[2024-11-13T02:45:17.458+0000] {logging_mixin.py:137} INFO - [2024-11-13T02:45:17.458+0000] {dag.py:3441} INFO - Setting next_dagrun for DAG_Data_Preprocessing to None, run_after=None
[2024-11-13T02:45:17.470+0000] {processor.py:175} INFO - Processing /opt/airflow/dags/data_prep_dag.py took 0.636 seconds
[2024-11-13T02:45:47.832+0000] {processor.py:153} INFO - Started process (PID=392) to work on /opt/airflow/dags/data_prep_dag.py
[2024-11-13T02:45:47.832+0000] {processor.py:743} INFO - Processing file /opt/airflow/dags/data_prep_dag.py for tasks to queue
[2024-11-13T02:45:47.833+0000] {logging_mixin.py:137} INFO - [2024-11-13T02:45:47.833+0000] {dagbag.py:538} INFO - Filling up the DagBag from /opt/airflow/dags/data_prep_dag.py
[2024-11-13T02:45:48.364+0000] {processor.py:753} INFO - DAG(s) dict_keys(['DAG_Data_Preprocessing']) retrieved from /opt/airflow/dags/data_prep_dag.py
[2024-11-13T02:45:48.377+0000] {logging_mixin.py:137} INFO - [2024-11-13T02:45:48.377+0000] {dag.py:2690} INFO - Sync 1 DAGs
[2024-11-13T02:45:48.393+0000] {logging_mixin.py:137} INFO - [2024-11-13T02:45:48.393+0000] {dag.py:3441} INFO - Setting next_dagrun for DAG_Data_Preprocessing to None, run_after=None
[2024-11-13T02:45:48.403+0000] {processor.py:175} INFO - Processing /opt/airflow/dags/data_prep_dag.py took 0.575 seconds
[2024-11-13T02:46:18.891+0000] {processor.py:153} INFO - Started process (PID=430) to work on /opt/airflow/dags/data_prep_dag.py
[2024-11-13T02:46:18.891+0000] {processor.py:743} INFO - Processing file /opt/airflow/dags/data_prep_dag.py for tasks to queue
[2024-11-13T02:46:18.892+0000] {logging_mixin.py:137} INFO - [2024-11-13T02:46:18.892+0000] {dagbag.py:538} INFO - Filling up the DagBag from /opt/airflow/dags/data_prep_dag.py
[2024-11-13T02:46:19.428+0000] {processor.py:753} INFO - DAG(s) dict_keys(['DAG_Data_Preprocessing']) retrieved from /opt/airflow/dags/data_prep_dag.py
[2024-11-13T02:46:19.444+0000] {logging_mixin.py:137} INFO - [2024-11-13T02:46:19.443+0000] {dag.py:2690} INFO - Sync 1 DAGs
[2024-11-13T02:46:19.460+0000] {logging_mixin.py:137} INFO - [2024-11-13T02:46:19.460+0000] {dag.py:3441} INFO - Setting next_dagrun for DAG_Data_Preprocessing to None, run_after=None
[2024-11-13T02:46:19.471+0000] {processor.py:175} INFO - Processing /opt/airflow/dags/data_prep_dag.py took 0.583 seconds
[2024-11-13T02:46:49.892+0000] {processor.py:153} INFO - Started process (PID=484) to work on /opt/airflow/dags/data_prep_dag.py
[2024-11-13T02:46:49.893+0000] {processor.py:743} INFO - Processing file /opt/airflow/dags/data_prep_dag.py for tasks to queue
[2024-11-13T02:46:49.894+0000] {logging_mixin.py:137} INFO - [2024-11-13T02:46:49.894+0000] {dagbag.py:538} INFO - Filling up the DagBag from /opt/airflow/dags/data_prep_dag.py
[2024-11-13T02:46:50.485+0000] {processor.py:753} INFO - DAG(s) dict_keys(['DAG_Data_Preprocessing']) retrieved from /opt/airflow/dags/data_prep_dag.py
[2024-11-13T02:46:50.500+0000] {logging_mixin.py:137} INFO - [2024-11-13T02:46:50.500+0000] {dag.py:2690} INFO - Sync 1 DAGs
[2024-11-13T02:46:50.516+0000] {logging_mixin.py:137} INFO - [2024-11-13T02:46:50.516+0000] {dag.py:3441} INFO - Setting next_dagrun for DAG_Data_Preprocessing to None, run_after=None
[2024-11-13T02:46:50.527+0000] {processor.py:175} INFO - Processing /opt/airflow/dags/data_prep_dag.py took 0.639 seconds
[2024-11-13T02:47:20.766+0000] {processor.py:153} INFO - Started process (PID=533) to work on /opt/airflow/dags/data_prep_dag.py
[2024-11-13T02:47:20.767+0000] {processor.py:743} INFO - Processing file /opt/airflow/dags/data_prep_dag.py for tasks to queue
[2024-11-13T02:47:20.768+0000] {logging_mixin.py:137} INFO - [2024-11-13T02:47:20.768+0000] {dagbag.py:538} INFO - Filling up the DagBag from /opt/airflow/dags/data_prep_dag.py
[2024-11-13T02:47:21.462+0000] {processor.py:753} INFO - DAG(s) dict_keys(['DAG_Data_Preprocessing']) retrieved from /opt/airflow/dags/data_prep_dag.py
[2024-11-13T02:47:21.487+0000] {logging_mixin.py:137} INFO - [2024-11-13T02:47:21.486+0000] {dag.py:2690} INFO - Sync 1 DAGs
[2024-11-13T02:47:21.509+0000] {logging_mixin.py:137} INFO - [2024-11-13T02:47:21.509+0000] {dag.py:3441} INFO - Setting next_dagrun for DAG_Data_Preprocessing to None, run_after=None
[2024-11-13T02:47:21.526+0000] {processor.py:175} INFO - Processing /opt/airflow/dags/data_prep_dag.py took 0.762 seconds
[2024-11-13T02:47:52.382+0000] {processor.py:153} INFO - Started process (PID=579) to work on /opt/airflow/dags/data_prep_dag.py
[2024-11-13T02:47:52.384+0000] {processor.py:743} INFO - Processing file /opt/airflow/dags/data_prep_dag.py for tasks to queue
[2024-11-13T02:47:52.385+0000] {logging_mixin.py:137} INFO - [2024-11-13T02:47:52.385+0000] {dagbag.py:538} INFO - Filling up the DagBag from /opt/airflow/dags/data_prep_dag.py
[2024-11-13T02:47:52.951+0000] {processor.py:753} INFO - DAG(s) dict_keys(['DAG_Data_Preprocessing']) retrieved from /opt/airflow/dags/data_prep_dag.py
[2024-11-13T02:47:52.966+0000] {logging_mixin.py:137} INFO - [2024-11-13T02:47:52.966+0000] {dag.py:2690} INFO - Sync 1 DAGs
[2024-11-13T02:47:52.982+0000] {logging_mixin.py:137} INFO - [2024-11-13T02:47:52.982+0000] {dag.py:3441} INFO - Setting next_dagrun for DAG_Data_Preprocessing to None, run_after=None
[2024-11-13T02:47:52.993+0000] {processor.py:175} INFO - Processing /opt/airflow/dags/data_prep_dag.py took 0.614 seconds
[2024-11-13T02:48:23.173+0000] {processor.py:153} INFO - Started process (PID=633) to work on /opt/airflow/dags/data_prep_dag.py
[2024-11-13T02:48:23.173+0000] {processor.py:743} INFO - Processing file /opt/airflow/dags/data_prep_dag.py for tasks to queue
[2024-11-13T02:48:23.174+0000] {logging_mixin.py:137} INFO - [2024-11-13T02:48:23.174+0000] {dagbag.py:538} INFO - Filling up the DagBag from /opt/airflow/dags/data_prep_dag.py
[2024-11-13T02:48:23.950+0000] {processor.py:753} INFO - DAG(s) dict_keys(['DAG_Data_Preprocessing']) retrieved from /opt/airflow/dags/data_prep_dag.py
[2024-11-13T02:48:23.965+0000] {logging_mixin.py:137} INFO - [2024-11-13T02:48:23.964+0000] {dag.py:2690} INFO - Sync 1 DAGs
[2024-11-13T02:48:23.980+0000] {logging_mixin.py:137} INFO - [2024-11-13T02:48:23.980+0000] {dag.py:3441} INFO - Setting next_dagrun for DAG_Data_Preprocessing to None, run_after=None
[2024-11-13T02:48:23.990+0000] {processor.py:175} INFO - Processing /opt/airflow/dags/data_prep_dag.py took 0.821 seconds
[2024-11-13T02:48:54.269+0000] {processor.py:153} INFO - Started process (PID=671) to work on /opt/airflow/dags/data_prep_dag.py
[2024-11-13T02:48:54.271+0000] {processor.py:743} INFO - Processing file /opt/airflow/dags/data_prep_dag.py for tasks to queue
[2024-11-13T02:48:54.271+0000] {logging_mixin.py:137} INFO - [2024-11-13T02:48:54.271+0000] {dagbag.py:538} INFO - Filling up the DagBag from /opt/airflow/dags/data_prep_dag.py
[2024-11-13T02:48:54.898+0000] {processor.py:753} INFO - DAG(s) dict_keys(['DAG_Data_Preprocessing']) retrieved from /opt/airflow/dags/data_prep_dag.py
[2024-11-13T02:48:54.912+0000] {logging_mixin.py:137} INFO - [2024-11-13T02:48:54.912+0000] {dag.py:2690} INFO - Sync 1 DAGs
[2024-11-13T02:48:54.929+0000] {logging_mixin.py:137} INFO - [2024-11-13T02:48:54.929+0000] {dag.py:3441} INFO - Setting next_dagrun for DAG_Data_Preprocessing to None, run_after=None
[2024-11-13T02:48:54.941+0000] {processor.py:175} INFO - Processing /opt/airflow/dags/data_prep_dag.py took 0.676 seconds
[2024-11-13T02:49:25.180+0000] {processor.py:153} INFO - Started process (PID=725) to work on /opt/airflow/dags/data_prep_dag.py
[2024-11-13T02:49:25.182+0000] {processor.py:743} INFO - Processing file /opt/airflow/dags/data_prep_dag.py for tasks to queue
[2024-11-13T02:49:25.182+0000] {logging_mixin.py:137} INFO - [2024-11-13T02:49:25.182+0000] {dagbag.py:538} INFO - Filling up the DagBag from /opt/airflow/dags/data_prep_dag.py
[2024-11-13T02:49:25.775+0000] {processor.py:753} INFO - DAG(s) dict_keys(['DAG_Data_Preprocessing']) retrieved from /opt/airflow/dags/data_prep_dag.py
[2024-11-13T02:49:25.789+0000] {logging_mixin.py:137} INFO - [2024-11-13T02:49:25.788+0000] {dag.py:2690} INFO - Sync 1 DAGs
[2024-11-13T02:49:25.805+0000] {logging_mixin.py:137} INFO - [2024-11-13T02:49:25.805+0000] {dag.py:3441} INFO - Setting next_dagrun for DAG_Data_Preprocessing to None, run_after=None
[2024-11-13T02:49:25.815+0000] {processor.py:175} INFO - Processing /opt/airflow/dags/data_prep_dag.py took 0.639 seconds
[2024-11-13T02:49:56.272+0000] {processor.py:153} INFO - Started process (PID=763) to work on /opt/airflow/dags/data_prep_dag.py
[2024-11-13T02:49:56.274+0000] {processor.py:743} INFO - Processing file /opt/airflow/dags/data_prep_dag.py for tasks to queue
[2024-11-13T02:49:56.274+0000] {logging_mixin.py:137} INFO - [2024-11-13T02:49:56.274+0000] {dagbag.py:538} INFO - Filling up the DagBag from /opt/airflow/dags/data_prep_dag.py
[2024-11-13T02:49:56.949+0000] {processor.py:753} INFO - DAG(s) dict_keys(['DAG_Data_Preprocessing']) retrieved from /opt/airflow/dags/data_prep_dag.py
[2024-11-13T02:49:56.966+0000] {logging_mixin.py:137} INFO - [2024-11-13T02:49:56.966+0000] {dag.py:2690} INFO - Sync 1 DAGs
[2024-11-13T02:49:56.987+0000] {logging_mixin.py:137} INFO - [2024-11-13T02:49:56.987+0000] {dag.py:3441} INFO - Setting next_dagrun for DAG_Data_Preprocessing to None, run_after=None
[2024-11-13T02:49:57.002+0000] {processor.py:175} INFO - Processing /opt/airflow/dags/data_prep_dag.py took 0.736 seconds
[2024-11-13T02:50:27.646+0000] {processor.py:153} INFO - Started process (PID=817) to work on /opt/airflow/dags/data_prep_dag.py
[2024-11-13T02:50:27.648+0000] {processor.py:743} INFO - Processing file /opt/airflow/dags/data_prep_dag.py for tasks to queue
[2024-11-13T02:50:27.649+0000] {logging_mixin.py:137} INFO - [2024-11-13T02:50:27.648+0000] {dagbag.py:538} INFO - Filling up the DagBag from /opt/airflow/dags/data_prep_dag.py
[2024-11-13T02:50:28.331+0000] {processor.py:753} INFO - DAG(s) dict_keys(['DAG_Data_Preprocessing']) retrieved from /opt/airflow/dags/data_prep_dag.py
[2024-11-13T02:50:28.347+0000] {logging_mixin.py:137} INFO - [2024-11-13T02:50:28.346+0000] {dag.py:2690} INFO - Sync 1 DAGs
[2024-11-13T02:50:28.363+0000] {logging_mixin.py:137} INFO - [2024-11-13T02:50:28.362+0000] {dag.py:3441} INFO - Setting next_dagrun for DAG_Data_Preprocessing to None, run_after=None
[2024-11-13T02:50:28.373+0000] {processor.py:175} INFO - Processing /opt/airflow/dags/data_prep_dag.py took 0.733 seconds
[2024-11-13T02:50:58.588+0000] {processor.py:153} INFO - Started process (PID=855) to work on /opt/airflow/dags/data_prep_dag.py
[2024-11-13T02:50:58.591+0000] {processor.py:743} INFO - Processing file /opt/airflow/dags/data_prep_dag.py for tasks to queue
[2024-11-13T02:50:58.593+0000] {logging_mixin.py:137} INFO - [2024-11-13T02:50:58.593+0000] {dagbag.py:538} INFO - Filling up the DagBag from /opt/airflow/dags/data_prep_dag.py
[2024-11-13T02:50:59.513+0000] {processor.py:753} INFO - DAG(s) dict_keys(['DAG_Data_Preprocessing']) retrieved from /opt/airflow/dags/data_prep_dag.py
[2024-11-13T02:50:59.541+0000] {logging_mixin.py:137} INFO - [2024-11-13T02:50:59.541+0000] {dag.py:2690} INFO - Sync 1 DAGs
[2024-11-13T02:50:59.572+0000] {logging_mixin.py:137} INFO - [2024-11-13T02:50:59.571+0000] {dag.py:3441} INFO - Setting next_dagrun for DAG_Data_Preprocessing to None, run_after=None
[2024-11-13T02:50:59.589+0000] {processor.py:175} INFO - Processing /opt/airflow/dags/data_prep_dag.py took 1.008 seconds
[2024-11-13T02:51:29.708+0000] {processor.py:153} INFO - Started process (PID=909) to work on /opt/airflow/dags/data_prep_dag.py
[2024-11-13T02:51:29.709+0000] {processor.py:743} INFO - Processing file /opt/airflow/dags/data_prep_dag.py for tasks to queue
[2024-11-13T02:51:29.710+0000] {logging_mixin.py:137} INFO - [2024-11-13T02:51:29.710+0000] {dagbag.py:538} INFO - Filling up the DagBag from /opt/airflow/dags/data_prep_dag.py
[2024-11-13T02:51:30.318+0000] {processor.py:753} INFO - DAG(s) dict_keys(['DAG_Data_Preprocessing']) retrieved from /opt/airflow/dags/data_prep_dag.py
[2024-11-13T02:51:30.341+0000] {logging_mixin.py:137} INFO - [2024-11-13T02:51:30.340+0000] {dag.py:2690} INFO - Sync 1 DAGs
[2024-11-13T02:51:30.357+0000] {logging_mixin.py:137} INFO - [2024-11-13T02:51:30.357+0000] {dag.py:3441} INFO - Setting next_dagrun for DAG_Data_Preprocessing to None, run_after=None
[2024-11-13T02:51:30.369+0000] {processor.py:175} INFO - Processing /opt/airflow/dags/data_prep_dag.py took 0.664 seconds
[2024-11-13T02:51:35.429+0000] {processor.py:153} INFO - Started process (PID=920) to work on /opt/airflow/dags/data_prep_dag.py
[2024-11-13T02:51:35.430+0000] {processor.py:743} INFO - Processing file /opt/airflow/dags/data_prep_dag.py for tasks to queue
[2024-11-13T02:51:35.430+0000] {logging_mixin.py:137} INFO - [2024-11-13T02:51:35.430+0000] {dagbag.py:538} INFO - Filling up the DagBag from /opt/airflow/dags/data_prep_dag.py
[2024-11-13T02:51:36.130+0000] {processor.py:753} INFO - DAG(s) dict_keys(['DAG_Data_Preprocessing']) retrieved from /opt/airflow/dags/data_prep_dag.py
[2024-11-13T02:51:36.147+0000] {logging_mixin.py:137} INFO - [2024-11-13T02:51:36.146+0000] {dag.py:2690} INFO - Sync 1 DAGs
[2024-11-13T02:51:36.164+0000] {logging_mixin.py:137} INFO - [2024-11-13T02:51:36.164+0000] {dag.py:3441} INFO - Setting next_dagrun for DAG_Data_Preprocessing to None, run_after=None
[2024-11-13T02:51:36.177+0000] {processor.py:175} INFO - Processing /opt/airflow/dags/data_prep_dag.py took 0.751 seconds
[2024-11-13T02:51:37.784+0000] {processor.py:153} INFO - Started process (PID=929) to work on /opt/airflow/dags/data_prep_dag.py
[2024-11-13T02:51:37.786+0000] {processor.py:743} INFO - Processing file /opt/airflow/dags/data_prep_dag.py for tasks to queue
[2024-11-13T02:51:37.786+0000] {logging_mixin.py:137} INFO - [2024-11-13T02:51:37.786+0000] {dagbag.py:538} INFO - Filling up the DagBag from /opt/airflow/dags/data_prep_dag.py
[2024-11-13T02:51:38.420+0000] {processor.py:753} INFO - DAG(s) dict_keys(['DAG_Data_Preprocessing']) retrieved from /opt/airflow/dags/data_prep_dag.py
[2024-11-13T02:51:38.434+0000] {logging_mixin.py:137} INFO - [2024-11-13T02:51:38.434+0000] {dag.py:2690} INFO - Sync 1 DAGs
[2024-11-13T02:51:38.451+0000] {logging_mixin.py:137} INFO - [2024-11-13T02:51:38.451+0000] {dag.py:3441} INFO - Setting next_dagrun for DAG_Data_Preprocessing to None, run_after=None
[2024-11-13T02:51:38.463+0000] {processor.py:175} INFO - Processing /opt/airflow/dags/data_prep_dag.py took 0.682 seconds
[2024-11-13T02:52:33.372+0000] {processor.py:153} INFO - Started process (PID=58) to work on /opt/airflow/dags/data_prep_dag.py
[2024-11-13T02:52:33.374+0000] {processor.py:743} INFO - Processing file /opt/airflow/dags/data_prep_dag.py for tasks to queue
[2024-11-13T02:52:33.376+0000] {logging_mixin.py:137} INFO - [2024-11-13T02:52:33.376+0000] {dagbag.py:538} INFO - Filling up the DagBag from /opt/airflow/dags/data_prep_dag.py
[2024-11-13T02:52:34.541+0000] {processor.py:753} INFO - DAG(s) dict_keys(['DAG_Data_Preprocessing']) retrieved from /opt/airflow/dags/data_prep_dag.py
[2024-11-13T02:52:34.625+0000] {logging_mixin.py:137} INFO - [2024-11-13T02:52:34.625+0000] {dag.py:2690} INFO - Sync 1 DAGs
[2024-11-13T02:52:34.656+0000] {logging_mixin.py:137} INFO - [2024-11-13T02:52:34.656+0000] {dag.py:3441} INFO - Setting next_dagrun for DAG_Data_Preprocessing to None, run_after=None
[2024-11-13T02:52:34.676+0000] {processor.py:175} INFO - Processing /opt/airflow/dags/data_prep_dag.py took 1.311 seconds
[2024-11-13T02:53:05.044+0000] {processor.py:153} INFO - Started process (PID=105) to work on /opt/airflow/dags/data_prep_dag.py
[2024-11-13T02:53:05.056+0000] {processor.py:743} INFO - Processing file /opt/airflow/dags/data_prep_dag.py for tasks to queue
[2024-11-13T02:53:05.105+0000] {logging_mixin.py:137} INFO - [2024-11-13T02:53:05.105+0000] {dagbag.py:538} INFO - Filling up the DagBag from /opt/airflow/dags/data_prep_dag.py
[2024-11-13T02:53:10.374+0000] {processor.py:753} INFO - DAG(s) dict_keys(['DAG_Data_Preprocessing']) retrieved from /opt/airflow/dags/data_prep_dag.py
[2024-11-13T02:53:10.416+0000] {logging_mixin.py:137} INFO - [2024-11-13T02:53:10.414+0000] {dag.py:2690} INFO - Sync 1 DAGs
[2024-11-13T02:53:10.463+0000] {logging_mixin.py:137} INFO - [2024-11-13T02:53:10.463+0000] {dag.py:3441} INFO - Setting next_dagrun for DAG_Data_Preprocessing to None, run_after=None
[2024-11-13T02:53:10.501+0000] {processor.py:175} INFO - Processing /opt/airflow/dags/data_prep_dag.py took 5.513 seconds
[2024-11-13T02:53:40.775+0000] {processor.py:153} INFO - Started process (PID=150) to work on /opt/airflow/dags/data_prep_dag.py
[2024-11-13T02:53:40.780+0000] {processor.py:743} INFO - Processing file /opt/airflow/dags/data_prep_dag.py for tasks to queue
[2024-11-13T02:53:40.782+0000] {logging_mixin.py:137} INFO - [2024-11-13T02:53:40.781+0000] {dagbag.py:538} INFO - Filling up the DagBag from /opt/airflow/dags/data_prep_dag.py
[2024-11-13T02:53:42.071+0000] {processor.py:753} INFO - DAG(s) dict_keys(['DAG_Data_Preprocessing']) retrieved from /opt/airflow/dags/data_prep_dag.py
[2024-11-13T02:53:42.097+0000] {logging_mixin.py:137} INFO - [2024-11-13T02:53:42.096+0000] {dag.py:2690} INFO - Sync 1 DAGs
[2024-11-13T02:53:42.121+0000] {logging_mixin.py:137} INFO - [2024-11-13T02:53:42.121+0000] {dag.py:3441} INFO - Setting next_dagrun for DAG_Data_Preprocessing to None, run_after=None
[2024-11-13T02:53:42.140+0000] {processor.py:175} INFO - Processing /opt/airflow/dags/data_prep_dag.py took 1.371 seconds
[2024-11-13T02:54:12.745+0000] {processor.py:153} INFO - Started process (PID=188) to work on /opt/airflow/dags/data_prep_dag.py
[2024-11-13T02:54:12.748+0000] {processor.py:743} INFO - Processing file /opt/airflow/dags/data_prep_dag.py for tasks to queue
[2024-11-13T02:54:12.749+0000] {logging_mixin.py:137} INFO - [2024-11-13T02:54:12.749+0000] {dagbag.py:538} INFO - Filling up the DagBag from /opt/airflow/dags/data_prep_dag.py
[2024-11-13T02:54:13.702+0000] {processor.py:753} INFO - DAG(s) dict_keys(['DAG_Data_Preprocessing']) retrieved from /opt/airflow/dags/data_prep_dag.py
[2024-11-13T02:54:13.721+0000] {logging_mixin.py:137} INFO - [2024-11-13T02:54:13.721+0000] {dag.py:2690} INFO - Sync 1 DAGs
[2024-11-13T02:54:13.745+0000] {logging_mixin.py:137} INFO - [2024-11-13T02:54:13.745+0000] {dag.py:3441} INFO - Setting next_dagrun for DAG_Data_Preprocessing to None, run_after=None
[2024-11-13T02:54:13.758+0000] {processor.py:175} INFO - Processing /opt/airflow/dags/data_prep_dag.py took 1.019 seconds
[2024-11-13T02:54:43.889+0000] {processor.py:153} INFO - Started process (PID=242) to work on /opt/airflow/dags/data_prep_dag.py
[2024-11-13T02:54:43.892+0000] {processor.py:743} INFO - Processing file /opt/airflow/dags/data_prep_dag.py for tasks to queue
[2024-11-13T02:54:43.894+0000] {logging_mixin.py:137} INFO - [2024-11-13T02:54:43.894+0000] {dagbag.py:538} INFO - Filling up the DagBag from /opt/airflow/dags/data_prep_dag.py
[2024-11-13T02:54:44.680+0000] {processor.py:753} INFO - DAG(s) dict_keys(['DAG_Data_Preprocessing']) retrieved from /opt/airflow/dags/data_prep_dag.py
[2024-11-13T02:54:44.703+0000] {logging_mixin.py:137} INFO - [2024-11-13T02:54:44.703+0000] {dag.py:2690} INFO - Sync 1 DAGs
[2024-11-13T02:54:44.718+0000] {logging_mixin.py:137} INFO - [2024-11-13T02:54:44.718+0000] {dag.py:3441} INFO - Setting next_dagrun for DAG_Data_Preprocessing to None, run_after=None
[2024-11-13T02:54:44.728+0000] {processor.py:175} INFO - Processing /opt/airflow/dags/data_prep_dag.py took 0.844 seconds
[2024-11-13T02:55:15.053+0000] {processor.py:153} INFO - Started process (PID=280) to work on /opt/airflow/dags/data_prep_dag.py
[2024-11-13T02:55:15.056+0000] {processor.py:743} INFO - Processing file /opt/airflow/dags/data_prep_dag.py for tasks to queue
[2024-11-13T02:55:15.058+0000] {logging_mixin.py:137} INFO - [2024-11-13T02:55:15.057+0000] {dagbag.py:538} INFO - Filling up the DagBag from /opt/airflow/dags/data_prep_dag.py
[2024-11-13T02:55:16.102+0000] {processor.py:753} INFO - DAG(s) dict_keys(['DAG_Data_Preprocessing']) retrieved from /opt/airflow/dags/data_prep_dag.py
[2024-11-13T02:55:16.129+0000] {logging_mixin.py:137} INFO - [2024-11-13T02:55:16.128+0000] {dag.py:2690} INFO - Sync 1 DAGs
[2024-11-13T02:55:16.153+0000] {logging_mixin.py:137} INFO - [2024-11-13T02:55:16.153+0000] {dag.py:3441} INFO - Setting next_dagrun for DAG_Data_Preprocessing to None, run_after=None
[2024-11-13T02:55:16.168+0000] {processor.py:175} INFO - Processing /opt/airflow/dags/data_prep_dag.py took 1.120 seconds
[2024-11-13T02:55:46.452+0000] {processor.py:153} INFO - Started process (PID=334) to work on /opt/airflow/dags/data_prep_dag.py
[2024-11-13T02:55:46.454+0000] {processor.py:743} INFO - Processing file /opt/airflow/dags/data_prep_dag.py for tasks to queue
[2024-11-13T02:55:46.455+0000] {logging_mixin.py:137} INFO - [2024-11-13T02:55:46.455+0000] {dagbag.py:538} INFO - Filling up the DagBag from /opt/airflow/dags/data_prep_dag.py
[2024-11-13T02:55:47.200+0000] {processor.py:753} INFO - DAG(s) dict_keys(['DAG_Data_Preprocessing']) retrieved from /opt/airflow/dags/data_prep_dag.py
[2024-11-13T02:55:47.213+0000] {logging_mixin.py:137} INFO - [2024-11-13T02:55:47.213+0000] {dag.py:2690} INFO - Sync 1 DAGs
[2024-11-13T02:55:47.229+0000] {logging_mixin.py:137} INFO - [2024-11-13T02:55:47.229+0000] {dag.py:3441} INFO - Setting next_dagrun for DAG_Data_Preprocessing to None, run_after=None
[2024-11-13T02:55:47.239+0000] {processor.py:175} INFO - Processing /opt/airflow/dags/data_prep_dag.py took 0.792 seconds
[2024-11-13T02:56:17.508+0000] {processor.py:153} INFO - Started process (PID=390) to work on /opt/airflow/dags/data_prep_dag.py
[2024-11-13T02:56:17.509+0000] {processor.py:743} INFO - Processing file /opt/airflow/dags/data_prep_dag.py for tasks to queue
[2024-11-13T02:56:17.510+0000] {logging_mixin.py:137} INFO - [2024-11-13T02:56:17.510+0000] {dagbag.py:538} INFO - Filling up the DagBag from /opt/airflow/dags/data_prep_dag.py
[2024-11-13T02:56:18.119+0000] {processor.py:753} INFO - DAG(s) dict_keys(['DAG_Data_Preprocessing']) retrieved from /opt/airflow/dags/data_prep_dag.py
[2024-11-13T02:56:18.134+0000] {logging_mixin.py:137} INFO - [2024-11-13T02:56:18.134+0000] {dag.py:2690} INFO - Sync 1 DAGs
[2024-11-13T02:56:18.151+0000] {logging_mixin.py:137} INFO - [2024-11-13T02:56:18.151+0000] {dag.py:3441} INFO - Setting next_dagrun for DAG_Data_Preprocessing to None, run_after=None
[2024-11-13T02:56:18.162+0000] {processor.py:175} INFO - Processing /opt/airflow/dags/data_prep_dag.py took 0.657 seconds
[2024-11-13T02:56:59.124+0000] {processor.py:153} INFO - Started process (PID=59) to work on /opt/airflow/dags/data_prep_dag.py
[2024-11-13T02:56:59.126+0000] {processor.py:743} INFO - Processing file /opt/airflow/dags/data_prep_dag.py for tasks to queue
[2024-11-13T02:56:59.127+0000] {logging_mixin.py:137} INFO - [2024-11-13T02:56:59.127+0000] {dagbag.py:538} INFO - Filling up the DagBag from /opt/airflow/dags/data_prep_dag.py
[2024-11-13T02:57:00.413+0000] {processor.py:753} INFO - DAG(s) dict_keys(['DAG_Data_Preprocessing']) retrieved from /opt/airflow/dags/data_prep_dag.py
[2024-11-13T02:57:00.521+0000] {logging_mixin.py:137} INFO - [2024-11-13T02:57:00.520+0000] {dag.py:2690} INFO - Sync 1 DAGs
[2024-11-13T02:57:00.555+0000] {logging_mixin.py:137} INFO - [2024-11-13T02:57:00.555+0000] {dag.py:3441} INFO - Setting next_dagrun for DAG_Data_Preprocessing to None, run_after=None
[2024-11-13T02:57:00.578+0000] {processor.py:175} INFO - Processing /opt/airflow/dags/data_prep_dag.py took 1.458 seconds
[2024-11-13T02:57:30.786+0000] {processor.py:153} INFO - Started process (PID=97) to work on /opt/airflow/dags/data_prep_dag.py
[2024-11-13T02:57:30.787+0000] {processor.py:743} INFO - Processing file /opt/airflow/dags/data_prep_dag.py for tasks to queue
[2024-11-13T02:57:30.788+0000] {logging_mixin.py:137} INFO - [2024-11-13T02:57:30.788+0000] {dagbag.py:538} INFO - Filling up the DagBag from /opt/airflow/dags/data_prep_dag.py
[2024-11-13T02:57:31.574+0000] {processor.py:753} INFO - DAG(s) dict_keys(['DAG_Data_Preprocessing']) retrieved from /opt/airflow/dags/data_prep_dag.py
[2024-11-13T02:57:31.601+0000] {logging_mixin.py:137} INFO - [2024-11-13T02:57:31.601+0000] {dag.py:2690} INFO - Sync 1 DAGs
[2024-11-13T02:57:31.636+0000] {processor.py:175} INFO - Processing /opt/airflow/dags/data_prep_dag.py took 0.852 seconds
[2024-11-13T02:58:01.930+0000] {processor.py:153} INFO - Started process (PID=151) to work on /opt/airflow/dags/data_prep_dag.py
[2024-11-13T02:58:01.931+0000] {processor.py:743} INFO - Processing file /opt/airflow/dags/data_prep_dag.py for tasks to queue
[2024-11-13T02:58:01.932+0000] {logging_mixin.py:137} INFO - [2024-11-13T02:58:01.932+0000] {dagbag.py:538} INFO - Filling up the DagBag from /opt/airflow/dags/data_prep_dag.py
[2024-11-13T02:58:02.893+0000] {processor.py:753} INFO - DAG(s) dict_keys(['DAG_Data_Preprocessing']) retrieved from /opt/airflow/dags/data_prep_dag.py
[2024-11-13T02:58:02.916+0000] {logging_mixin.py:137} INFO - [2024-11-13T02:58:02.916+0000] {dag.py:2690} INFO - Sync 1 DAGs
[2024-11-13T02:58:02.935+0000] {logging_mixin.py:137} INFO - [2024-11-13T02:58:02.935+0000] {dag.py:3441} INFO - Setting next_dagrun for DAG_Data_Preprocessing to None, run_after=None
[2024-11-13T02:58:02.946+0000] {processor.py:175} INFO - Processing /opt/airflow/dags/data_prep_dag.py took 1.020 seconds
[2024-11-13T02:58:33.235+0000] {processor.py:153} INFO - Started process (PID=189) to work on /opt/airflow/dags/data_prep_dag.py
[2024-11-13T02:58:33.237+0000] {processor.py:743} INFO - Processing file /opt/airflow/dags/data_prep_dag.py for tasks to queue
[2024-11-13T02:58:33.237+0000] {logging_mixin.py:137} INFO - [2024-11-13T02:58:33.237+0000] {dagbag.py:538} INFO - Filling up the DagBag from /opt/airflow/dags/data_prep_dag.py
[2024-11-13T02:58:34.166+0000] {processor.py:753} INFO - DAG(s) dict_keys(['DAG_Data_Preprocessing']) retrieved from /opt/airflow/dags/data_prep_dag.py
[2024-11-13T02:58:34.242+0000] {logging_mixin.py:137} INFO - [2024-11-13T02:58:34.241+0000] {dag.py:2690} INFO - Sync 1 DAGs
[2024-11-13T02:58:34.301+0000] {logging_mixin.py:137} INFO - [2024-11-13T02:58:34.301+0000] {dag.py:3441} INFO - Setting next_dagrun for DAG_Data_Preprocessing to None, run_after=None
[2024-11-13T02:58:34.337+0000] {processor.py:175} INFO - Processing /opt/airflow/dags/data_prep_dag.py took 1.108 seconds
[2024-11-13T02:59:04.688+0000] {processor.py:153} INFO - Started process (PID=244) to work on /opt/airflow/dags/data_prep_dag.py
[2024-11-13T02:59:04.690+0000] {processor.py:743} INFO - Processing file /opt/airflow/dags/data_prep_dag.py for tasks to queue
[2024-11-13T02:59:04.690+0000] {logging_mixin.py:137} INFO - [2024-11-13T02:59:04.690+0000] {dagbag.py:538} INFO - Filling up the DagBag from /opt/airflow/dags/data_prep_dag.py
[2024-11-13T02:59:05.332+0000] {processor.py:753} INFO - DAG(s) dict_keys(['DAG_Data_Preprocessing']) retrieved from /opt/airflow/dags/data_prep_dag.py
[2024-11-13T02:59:05.348+0000] {logging_mixin.py:137} INFO - [2024-11-13T02:59:05.347+0000] {dag.py:2690} INFO - Sync 1 DAGs
[2024-11-13T02:59:05.363+0000] {logging_mixin.py:137} INFO - [2024-11-13T02:59:05.363+0000] {dag.py:3441} INFO - Setting next_dagrun for DAG_Data_Preprocessing to None, run_after=None
[2024-11-13T02:59:05.374+0000] {processor.py:175} INFO - Processing /opt/airflow/dags/data_prep_dag.py took 0.689 seconds
[2024-11-13T02:59:35.691+0000] {processor.py:153} INFO - Started process (PID=297) to work on /opt/airflow/dags/data_prep_dag.py
[2024-11-13T02:59:35.699+0000] {processor.py:743} INFO - Processing file /opt/airflow/dags/data_prep_dag.py for tasks to queue
[2024-11-13T02:59:35.703+0000] {logging_mixin.py:137} INFO - [2024-11-13T02:59:35.703+0000] {dagbag.py:538} INFO - Filling up the DagBag from /opt/airflow/dags/data_prep_dag.py
[2024-11-13T02:59:36.511+0000] {processor.py:753} INFO - DAG(s) dict_keys(['DAG_Data_Preprocessing']) retrieved from /opt/airflow/dags/data_prep_dag.py
[2024-11-13T02:59:36.529+0000] {logging_mixin.py:137} INFO - [2024-11-13T02:59:36.529+0000] {dag.py:2690} INFO - Sync 1 DAGs
[2024-11-13T02:59:36.547+0000] {logging_mixin.py:137} INFO - [2024-11-13T02:59:36.547+0000] {dag.py:3441} INFO - Setting next_dagrun for DAG_Data_Preprocessing to None, run_after=None
[2024-11-13T02:59:36.558+0000] {processor.py:175} INFO - Processing /opt/airflow/dags/data_prep_dag.py took 0.876 seconds
[2024-11-13T03:00:06.894+0000] {processor.py:153} INFO - Started process (PID=335) to work on /opt/airflow/dags/data_prep_dag.py
[2024-11-13T03:00:06.895+0000] {processor.py:743} INFO - Processing file /opt/airflow/dags/data_prep_dag.py for tasks to queue
[2024-11-13T03:00:06.897+0000] {logging_mixin.py:137} INFO - [2024-11-13T03:00:06.897+0000] {dagbag.py:538} INFO - Filling up the DagBag from /opt/airflow/dags/data_prep_dag.py
[2024-11-13T03:00:07.802+0000] {processor.py:753} INFO - DAG(s) dict_keys(['DAG_Data_Preprocessing']) retrieved from /opt/airflow/dags/data_prep_dag.py
[2024-11-13T03:00:07.821+0000] {logging_mixin.py:137} INFO - [2024-11-13T03:00:07.821+0000] {dag.py:2690} INFO - Sync 1 DAGs
[2024-11-13T03:00:07.844+0000] {logging_mixin.py:137} INFO - [2024-11-13T03:00:07.844+0000] {dag.py:3441} INFO - Setting next_dagrun for DAG_Data_Preprocessing to None, run_after=None
[2024-11-13T03:00:07.866+0000] {processor.py:175} INFO - Processing /opt/airflow/dags/data_prep_dag.py took 0.976 seconds
[2024-11-13T03:00:38.175+0000] {processor.py:153} INFO - Started process (PID=389) to work on /opt/airflow/dags/data_prep_dag.py
[2024-11-13T03:00:38.178+0000] {processor.py:743} INFO - Processing file /opt/airflow/dags/data_prep_dag.py for tasks to queue
[2024-11-13T03:00:38.179+0000] {logging_mixin.py:137} INFO - [2024-11-13T03:00:38.179+0000] {dagbag.py:538} INFO - Filling up the DagBag from /opt/airflow/dags/data_prep_dag.py
[2024-11-13T03:00:39.002+0000] {processor.py:753} INFO - DAG(s) dict_keys(['DAG_Data_Preprocessing']) retrieved from /opt/airflow/dags/data_prep_dag.py
[2024-11-13T03:00:39.019+0000] {logging_mixin.py:137} INFO - [2024-11-13T03:00:39.019+0000] {dag.py:2690} INFO - Sync 1 DAGs
[2024-11-13T03:00:39.037+0000] {logging_mixin.py:137} INFO - [2024-11-13T03:00:39.037+0000] {dag.py:3441} INFO - Setting next_dagrun for DAG_Data_Preprocessing to None, run_after=None
[2024-11-13T03:00:39.049+0000] {processor.py:175} INFO - Processing /opt/airflow/dags/data_prep_dag.py took 0.879 seconds
[2024-11-13T03:01:09.341+0000] {processor.py:153} INFO - Started process (PID=436) to work on /opt/airflow/dags/data_prep_dag.py
[2024-11-13T03:01:09.342+0000] {processor.py:743} INFO - Processing file /opt/airflow/dags/data_prep_dag.py for tasks to queue
[2024-11-13T03:01:09.343+0000] {logging_mixin.py:137} INFO - [2024-11-13T03:01:09.342+0000] {dagbag.py:538} INFO - Filling up the DagBag from /opt/airflow/dags/data_prep_dag.py
[2024-11-13T03:01:10.509+0000] {processor.py:753} INFO - DAG(s) dict_keys(['DAG_Data_Preprocessing']) retrieved from /opt/airflow/dags/data_prep_dag.py
[2024-11-13T03:01:10.533+0000] {logging_mixin.py:137} INFO - [2024-11-13T03:01:10.533+0000] {dag.py:2690} INFO - Sync 1 DAGs
[2024-11-13T03:01:10.559+0000] {logging_mixin.py:137} INFO - [2024-11-13T03:01:10.559+0000] {dag.py:3441} INFO - Setting next_dagrun for DAG_Data_Preprocessing to None, run_after=None
[2024-11-13T03:01:10.578+0000] {processor.py:175} INFO - Processing /opt/airflow/dags/data_prep_dag.py took 1.241 seconds
[2024-11-13T03:01:40.872+0000] {processor.py:153} INFO - Started process (PID=480) to work on /opt/airflow/dags/data_prep_dag.py
[2024-11-13T03:01:40.875+0000] {processor.py:743} INFO - Processing file /opt/airflow/dags/data_prep_dag.py for tasks to queue
[2024-11-13T03:01:40.879+0000] {logging_mixin.py:137} INFO - [2024-11-13T03:01:40.878+0000] {dagbag.py:538} INFO - Filling up the DagBag from /opt/airflow/dags/data_prep_dag.py
[2024-11-13T03:01:42.220+0000] {processor.py:753} INFO - DAG(s) dict_keys(['DAG_Data_Preprocessing']) retrieved from /opt/airflow/dags/data_prep_dag.py
[2024-11-13T03:01:42.246+0000] {logging_mixin.py:137} INFO - [2024-11-13T03:01:42.245+0000] {dag.py:2690} INFO - Sync 1 DAGs
[2024-11-13T03:01:42.277+0000] {logging_mixin.py:137} INFO - [2024-11-13T03:01:42.277+0000] {dag.py:3441} INFO - Setting next_dagrun for DAG_Data_Preprocessing to None, run_after=None
[2024-11-13T03:01:42.306+0000] {processor.py:175} INFO - Processing /opt/airflow/dags/data_prep_dag.py took 1.438 seconds
[2024-11-13T03:02:12.620+0000] {processor.py:153} INFO - Started process (PID=534) to work on /opt/airflow/dags/data_prep_dag.py
[2024-11-13T03:02:12.622+0000] {processor.py:743} INFO - Processing file /opt/airflow/dags/data_prep_dag.py for tasks to queue
[2024-11-13T03:02:12.623+0000] {logging_mixin.py:137} INFO - [2024-11-13T03:02:12.623+0000] {dagbag.py:538} INFO - Filling up the DagBag from /opt/airflow/dags/data_prep_dag.py
[2024-11-13T03:02:14.705+0000] {processor.py:753} INFO - DAG(s) dict_keys(['DAG_Data_Preprocessing']) retrieved from /opt/airflow/dags/data_prep_dag.py
[2024-11-13T03:02:14.739+0000] {logging_mixin.py:137} INFO - [2024-11-13T03:02:14.738+0000] {dag.py:2690} INFO - Sync 1 DAGs
[2024-11-13T03:02:14.780+0000] {logging_mixin.py:137} INFO - [2024-11-13T03:02:14.780+0000] {dag.py:3441} INFO - Setting next_dagrun for DAG_Data_Preprocessing to None, run_after=None
[2024-11-13T03:02:14.805+0000] {processor.py:175} INFO - Processing /opt/airflow/dags/data_prep_dag.py took 2.191 seconds
[2024-11-13T03:02:45.196+0000] {processor.py:153} INFO - Started process (PID=572) to work on /opt/airflow/dags/data_prep_dag.py
[2024-11-13T03:02:45.198+0000] {processor.py:743} INFO - Processing file /opt/airflow/dags/data_prep_dag.py for tasks to queue
[2024-11-13T03:02:45.198+0000] {logging_mixin.py:137} INFO - [2024-11-13T03:02:45.198+0000] {dagbag.py:538} INFO - Filling up the DagBag from /opt/airflow/dags/data_prep_dag.py
[2024-11-13T03:02:45.927+0000] {processor.py:753} INFO - DAG(s) dict_keys(['DAG_Data_Preprocessing']) retrieved from /opt/airflow/dags/data_prep_dag.py
[2024-11-13T03:02:45.950+0000] {logging_mixin.py:137} INFO - [2024-11-13T03:02:45.949+0000] {dag.py:2690} INFO - Sync 1 DAGs
[2024-11-13T03:02:45.970+0000] {logging_mixin.py:137} INFO - [2024-11-13T03:02:45.970+0000] {dag.py:3441} INFO - Setting next_dagrun for DAG_Data_Preprocessing to None, run_after=None
[2024-11-13T03:02:45.984+0000] {processor.py:175} INFO - Processing /opt/airflow/dags/data_prep_dag.py took 0.790 seconds
[2024-11-13T03:03:16.305+0000] {processor.py:153} INFO - Started process (PID=626) to work on /opt/airflow/dags/data_prep_dag.py
[2024-11-13T03:03:16.308+0000] {processor.py:743} INFO - Processing file /opt/airflow/dags/data_prep_dag.py for tasks to queue
[2024-11-13T03:03:16.310+0000] {logging_mixin.py:137} INFO - [2024-11-13T03:03:16.309+0000] {dagbag.py:538} INFO - Filling up the DagBag from /opt/airflow/dags/data_prep_dag.py
[2024-11-13T03:03:17.360+0000] {processor.py:753} INFO - DAG(s) dict_keys(['DAG_Data_Preprocessing']) retrieved from /opt/airflow/dags/data_prep_dag.py
[2024-11-13T03:03:17.393+0000] {logging_mixin.py:137} INFO - [2024-11-13T03:03:17.392+0000] {dag.py:2690} INFO - Sync 1 DAGs
[2024-11-13T03:03:17.441+0000] {logging_mixin.py:137} INFO - [2024-11-13T03:03:17.440+0000] {dag.py:3441} INFO - Setting next_dagrun for DAG_Data_Preprocessing to None, run_after=None
[2024-11-13T03:03:17.473+0000] {processor.py:175} INFO - Processing /opt/airflow/dags/data_prep_dag.py took 1.174 seconds
[2024-11-13T03:03:47.693+0000] {processor.py:153} INFO - Started process (PID=664) to work on /opt/airflow/dags/data_prep_dag.py
[2024-11-13T03:03:47.695+0000] {processor.py:743} INFO - Processing file /opt/airflow/dags/data_prep_dag.py for tasks to queue
[2024-11-13T03:03:47.695+0000] {logging_mixin.py:137} INFO - [2024-11-13T03:03:47.695+0000] {dagbag.py:538} INFO - Filling up the DagBag from /opt/airflow/dags/data_prep_dag.py
[2024-11-13T03:03:48.444+0000] {processor.py:753} INFO - DAG(s) dict_keys(['DAG_Data_Preprocessing']) retrieved from /opt/airflow/dags/data_prep_dag.py
[2024-11-13T03:03:48.457+0000] {logging_mixin.py:137} INFO - [2024-11-13T03:03:48.457+0000] {dag.py:2690} INFO - Sync 1 DAGs
[2024-11-13T03:03:48.473+0000] {logging_mixin.py:137} INFO - [2024-11-13T03:03:48.473+0000] {dag.py:3441} INFO - Setting next_dagrun for DAG_Data_Preprocessing to None, run_after=None
[2024-11-13T03:03:48.483+0000] {processor.py:175} INFO - Processing /opt/airflow/dags/data_prep_dag.py took 0.795 seconds
[2024-11-13T03:04:18.765+0000] {processor.py:153} INFO - Started process (PID=718) to work on /opt/airflow/dags/data_prep_dag.py
[2024-11-13T03:04:18.767+0000] {processor.py:743} INFO - Processing file /opt/airflow/dags/data_prep_dag.py for tasks to queue
[2024-11-13T03:04:18.768+0000] {logging_mixin.py:137} INFO - [2024-11-13T03:04:18.768+0000] {dagbag.py:538} INFO - Filling up the DagBag from /opt/airflow/dags/data_prep_dag.py
[2024-11-13T03:04:19.501+0000] {processor.py:753} INFO - DAG(s) dict_keys(['DAG_Data_Preprocessing']) retrieved from /opt/airflow/dags/data_prep_dag.py
[2024-11-13T03:04:19.516+0000] {logging_mixin.py:137} INFO - [2024-11-13T03:04:19.516+0000] {dag.py:2690} INFO - Sync 1 DAGs
[2024-11-13T03:04:19.535+0000] {logging_mixin.py:137} INFO - [2024-11-13T03:04:19.535+0000] {dag.py:3441} INFO - Setting next_dagrun for DAG_Data_Preprocessing to None, run_after=None
[2024-11-13T03:04:19.547+0000] {processor.py:175} INFO - Processing /opt/airflow/dags/data_prep_dag.py took 0.787 seconds
[2024-11-13T03:04:49.876+0000] {processor.py:153} INFO - Started process (PID=756) to work on /opt/airflow/dags/data_prep_dag.py
[2024-11-13T03:04:49.879+0000] {processor.py:743} INFO - Processing file /opt/airflow/dags/data_prep_dag.py for tasks to queue
[2024-11-13T03:04:49.880+0000] {logging_mixin.py:137} INFO - [2024-11-13T03:04:49.880+0000] {dagbag.py:538} INFO - Filling up the DagBag from /opt/airflow/dags/data_prep_dag.py
[2024-11-13T03:04:50.789+0000] {processor.py:753} INFO - DAG(s) dict_keys(['DAG_Data_Preprocessing']) retrieved from /opt/airflow/dags/data_prep_dag.py
[2024-11-13T03:04:50.806+0000] {logging_mixin.py:137} INFO - [2024-11-13T03:04:50.806+0000] {dag.py:2690} INFO - Sync 1 DAGs
[2024-11-13T03:04:50.825+0000] {logging_mixin.py:137} INFO - [2024-11-13T03:04:50.825+0000] {dag.py:3441} INFO - Setting next_dagrun for DAG_Data_Preprocessing to None, run_after=None
[2024-11-13T03:04:50.839+0000] {processor.py:175} INFO - Processing /opt/airflow/dags/data_prep_dag.py took 0.971 seconds
[2024-11-13T03:05:21.168+0000] {processor.py:153} INFO - Started process (PID=810) to work on /opt/airflow/dags/data_prep_dag.py
[2024-11-13T03:05:21.170+0000] {processor.py:743} INFO - Processing file /opt/airflow/dags/data_prep_dag.py for tasks to queue
[2024-11-13T03:05:21.171+0000] {logging_mixin.py:137} INFO - [2024-11-13T03:05:21.171+0000] {dagbag.py:538} INFO - Filling up the DagBag from /opt/airflow/dags/data_prep_dag.py
[2024-11-13T03:05:21.929+0000] {processor.py:753} INFO - DAG(s) dict_keys(['DAG_Data_Preprocessing']) retrieved from /opt/airflow/dags/data_prep_dag.py
[2024-11-13T03:05:21.944+0000] {logging_mixin.py:137} INFO - [2024-11-13T03:05:21.943+0000] {dag.py:2690} INFO - Sync 1 DAGs
[2024-11-13T03:05:21.962+0000] {logging_mixin.py:137} INFO - [2024-11-13T03:05:21.962+0000] {dag.py:3441} INFO - Setting next_dagrun for DAG_Data_Preprocessing to None, run_after=None
[2024-11-13T03:05:21.976+0000] {processor.py:175} INFO - Processing /opt/airflow/dags/data_prep_dag.py took 0.815 seconds
[2024-11-13T03:05:52.276+0000] {processor.py:153} INFO - Started process (PID=857) to work on /opt/airflow/dags/data_prep_dag.py
[2024-11-13T03:05:52.278+0000] {processor.py:743} INFO - Processing file /opt/airflow/dags/data_prep_dag.py for tasks to queue
[2024-11-13T03:05:52.279+0000] {logging_mixin.py:137} INFO - [2024-11-13T03:05:52.279+0000] {dagbag.py:538} INFO - Filling up the DagBag from /opt/airflow/dags/data_prep_dag.py
[2024-11-13T03:05:53.500+0000] {processor.py:753} INFO - DAG(s) dict_keys(['DAG_Data_Preprocessing']) retrieved from /opt/airflow/dags/data_prep_dag.py
[2024-11-13T03:05:53.540+0000] {logging_mixin.py:137} INFO - [2024-11-13T03:05:53.540+0000] {dag.py:2690} INFO - Sync 1 DAGs
[2024-11-13T03:05:53.566+0000] {logging_mixin.py:137} INFO - [2024-11-13T03:05:53.566+0000] {dag.py:3441} INFO - Setting next_dagrun for DAG_Data_Preprocessing to None, run_after=None
[2024-11-13T03:05:53.584+0000] {processor.py:175} INFO - Processing /opt/airflow/dags/data_prep_dag.py took 1.315 seconds
[2024-11-13T03:06:23.813+0000] {processor.py:153} INFO - Started process (PID=903) to work on /opt/airflow/dags/data_prep_dag.py
[2024-11-13T03:06:23.815+0000] {processor.py:743} INFO - Processing file /opt/airflow/dags/data_prep_dag.py for tasks to queue
[2024-11-13T03:06:23.816+0000] {logging_mixin.py:137} INFO - [2024-11-13T03:06:23.815+0000] {dagbag.py:538} INFO - Filling up the DagBag from /opt/airflow/dags/data_prep_dag.py
[2024-11-13T03:06:24.556+0000] {processor.py:753} INFO - DAG(s) dict_keys(['DAG_Data_Preprocessing']) retrieved from /opt/airflow/dags/data_prep_dag.py
[2024-11-13T03:06:24.575+0000] {logging_mixin.py:137} INFO - [2024-11-13T03:06:24.575+0000] {dag.py:2690} INFO - Sync 1 DAGs
[2024-11-13T03:06:24.593+0000] {logging_mixin.py:137} INFO - [2024-11-13T03:06:24.593+0000] {dag.py:3441} INFO - Setting next_dagrun for DAG_Data_Preprocessing to None, run_after=None
[2024-11-13T03:06:24.605+0000] {processor.py:175} INFO - Processing /opt/airflow/dags/data_prep_dag.py took 0.800 seconds
[2024-11-13T03:06:54.671+0000] {processor.py:153} INFO - Started process (PID=957) to work on /opt/airflow/dags/data_prep_dag.py
[2024-11-13T03:06:54.672+0000] {processor.py:743} INFO - Processing file /opt/airflow/dags/data_prep_dag.py for tasks to queue
[2024-11-13T03:06:54.673+0000] {logging_mixin.py:137} INFO - [2024-11-13T03:06:54.672+0000] {dagbag.py:538} INFO - Filling up the DagBag from /opt/airflow/dags/data_prep_dag.py
[2024-11-13T03:06:55.232+0000] {processor.py:753} INFO - DAG(s) dict_keys(['DAG_Data_Preprocessing']) retrieved from /opt/airflow/dags/data_prep_dag.py
[2024-11-13T03:06:55.250+0000] {logging_mixin.py:137} INFO - [2024-11-13T03:06:55.250+0000] {dag.py:2690} INFO - Sync 1 DAGs
[2024-11-13T03:06:55.268+0000] {logging_mixin.py:137} INFO - [2024-11-13T03:06:55.268+0000] {dag.py:3441} INFO - Setting next_dagrun for DAG_Data_Preprocessing to None, run_after=None
[2024-11-13T03:06:55.280+0000] {processor.py:175} INFO - Processing /opt/airflow/dags/data_prep_dag.py took 0.614 seconds
[2024-11-13T03:07:25.572+0000] {processor.py:153} INFO - Started process (PID=995) to work on /opt/airflow/dags/data_prep_dag.py
[2024-11-13T03:07:25.573+0000] {processor.py:743} INFO - Processing file /opt/airflow/dags/data_prep_dag.py for tasks to queue
[2024-11-13T03:07:25.574+0000] {logging_mixin.py:137} INFO - [2024-11-13T03:07:25.574+0000] {dagbag.py:538} INFO - Filling up the DagBag from /opt/airflow/dags/data_prep_dag.py
[2024-11-13T03:07:26.214+0000] {processor.py:753} INFO - DAG(s) dict_keys(['DAG_Data_Preprocessing']) retrieved from /opt/airflow/dags/data_prep_dag.py
[2024-11-13T03:07:26.234+0000] {logging_mixin.py:137} INFO - [2024-11-13T03:07:26.233+0000] {dag.py:2690} INFO - Sync 1 DAGs
[2024-11-13T03:07:26.253+0000] {logging_mixin.py:137} INFO - [2024-11-13T03:07:26.253+0000] {dag.py:3441} INFO - Setting next_dagrun for DAG_Data_Preprocessing to None, run_after=None
[2024-11-13T03:07:26.265+0000] {processor.py:175} INFO - Processing /opt/airflow/dags/data_prep_dag.py took 0.698 seconds
[2024-11-13T03:07:56.766+0000] {processor.py:153} INFO - Started process (PID=1049) to work on /opt/airflow/dags/data_prep_dag.py
[2024-11-13T03:07:56.768+0000] {processor.py:743} INFO - Processing file /opt/airflow/dags/data_prep_dag.py for tasks to queue
[2024-11-13T03:07:56.769+0000] {logging_mixin.py:137} INFO - [2024-11-13T03:07:56.769+0000] {dagbag.py:538} INFO - Filling up the DagBag from /opt/airflow/dags/data_prep_dag.py
[2024-11-13T03:07:57.327+0000] {processor.py:753} INFO - DAG(s) dict_keys(['DAG_Data_Preprocessing']) retrieved from /opt/airflow/dags/data_prep_dag.py
[2024-11-13T03:07:57.344+0000] {logging_mixin.py:137} INFO - [2024-11-13T03:07:57.343+0000] {dag.py:2690} INFO - Sync 1 DAGs
[2024-11-13T03:07:57.364+0000] {logging_mixin.py:137} INFO - [2024-11-13T03:07:57.364+0000] {dag.py:3441} INFO - Setting next_dagrun for DAG_Data_Preprocessing to None, run_after=None
[2024-11-13T03:07:57.380+0000] {processor.py:175} INFO - Processing /opt/airflow/dags/data_prep_dag.py took 0.618 seconds
[2024-11-13T03:08:55.117+0000] {processor.py:153} INFO - Started process (PID=59) to work on /opt/airflow/dags/data_prep_dag.py
[2024-11-13T03:08:55.118+0000] {processor.py:743} INFO - Processing file /opt/airflow/dags/data_prep_dag.py for tasks to queue
[2024-11-13T03:08:55.120+0000] {logging_mixin.py:137} INFO - [2024-11-13T03:08:55.120+0000] {dagbag.py:538} INFO - Filling up the DagBag from /opt/airflow/dags/data_prep_dag.py
[2024-11-13T03:08:56.241+0000] {processor.py:753} INFO - DAG(s) dict_keys(['DAG_Data_Preprocessing']) retrieved from /opt/airflow/dags/data_prep_dag.py
[2024-11-13T03:08:56.345+0000] {logging_mixin.py:137} INFO - [2024-11-13T03:08:56.344+0000] {dag.py:2690} INFO - Sync 1 DAGs
[2024-11-13T03:08:56.378+0000] {logging_mixin.py:137} INFO - [2024-11-13T03:08:56.377+0000] {dag.py:3441} INFO - Setting next_dagrun for DAG_Data_Preprocessing to None, run_after=None
[2024-11-13T03:08:56.400+0000] {processor.py:175} INFO - Processing /opt/airflow/dags/data_prep_dag.py took 1.292 seconds
[2024-11-13T03:09:26.616+0000] {processor.py:153} INFO - Started process (PID=97) to work on /opt/airflow/dags/data_prep_dag.py
[2024-11-13T03:09:26.617+0000] {processor.py:743} INFO - Processing file /opt/airflow/dags/data_prep_dag.py for tasks to queue
[2024-11-13T03:09:26.618+0000] {logging_mixin.py:137} INFO - [2024-11-13T03:09:26.618+0000] {dagbag.py:538} INFO - Filling up the DagBag from /opt/airflow/dags/data_prep_dag.py
[2024-11-13T03:09:27.451+0000] {processor.py:753} INFO - DAG(s) dict_keys(['DAG_Data_Preprocessing']) retrieved from /opt/airflow/dags/data_prep_dag.py
[2024-11-13T03:09:27.468+0000] {logging_mixin.py:137} INFO - [2024-11-13T03:09:27.468+0000] {dag.py:2690} INFO - Sync 1 DAGs
[2024-11-13T03:09:27.488+0000] {logging_mixin.py:137} INFO - [2024-11-13T03:09:27.488+0000] {dag.py:3441} INFO - Setting next_dagrun for DAG_Data_Preprocessing to None, run_after=None
[2024-11-13T03:09:27.499+0000] {processor.py:175} INFO - Processing /opt/airflow/dags/data_prep_dag.py took 0.887 seconds
[2024-11-13T03:09:57.853+0000] {processor.py:153} INFO - Started process (PID=151) to work on /opt/airflow/dags/data_prep_dag.py
[2024-11-13T03:09:57.856+0000] {processor.py:743} INFO - Processing file /opt/airflow/dags/data_prep_dag.py for tasks to queue
[2024-11-13T03:09:57.857+0000] {logging_mixin.py:137} INFO - [2024-11-13T03:09:57.856+0000] {dagbag.py:538} INFO - Filling up the DagBag from /opt/airflow/dags/data_prep_dag.py
[2024-11-13T03:09:58.554+0000] {processor.py:753} INFO - DAG(s) dict_keys(['DAG_Data_Preprocessing']) retrieved from /opt/airflow/dags/data_prep_dag.py
[2024-11-13T03:09:58.567+0000] {logging_mixin.py:137} INFO - [2024-11-13T03:09:58.567+0000] {dag.py:2690} INFO - Sync 1 DAGs
[2024-11-13T03:09:58.588+0000] {logging_mixin.py:137} INFO - [2024-11-13T03:09:58.588+0000] {dag.py:3441} INFO - Setting next_dagrun for DAG_Data_Preprocessing to None, run_after=None
[2024-11-13T03:09:58.607+0000] {processor.py:175} INFO - Processing /opt/airflow/dags/data_prep_dag.py took 0.757 seconds
[2024-11-13T03:10:28.864+0000] {processor.py:153} INFO - Started process (PID=189) to work on /opt/airflow/dags/data_prep_dag.py
[2024-11-13T03:10:28.866+0000] {processor.py:743} INFO - Processing file /opt/airflow/dags/data_prep_dag.py for tasks to queue
[2024-11-13T03:10:28.866+0000] {logging_mixin.py:137} INFO - [2024-11-13T03:10:28.866+0000] {dagbag.py:538} INFO - Filling up the DagBag from /opt/airflow/dags/data_prep_dag.py
[2024-11-13T03:10:29.707+0000] {processor.py:753} INFO - DAG(s) dict_keys(['DAG_Data_Preprocessing']) retrieved from /opt/airflow/dags/data_prep_dag.py
[2024-11-13T03:10:29.723+0000] {logging_mixin.py:137} INFO - [2024-11-13T03:10:29.723+0000] {dag.py:2690} INFO - Sync 1 DAGs
[2024-11-13T03:10:29.750+0000] {logging_mixin.py:137} INFO - [2024-11-13T03:10:29.750+0000] {dag.py:3441} INFO - Setting next_dagrun for DAG_Data_Preprocessing to None, run_after=None
[2024-11-13T03:10:29.766+0000] {processor.py:175} INFO - Processing /opt/airflow/dags/data_prep_dag.py took 0.907 seconds
[2024-11-13T03:11:00.070+0000] {processor.py:153} INFO - Started process (PID=243) to work on /opt/airflow/dags/data_prep_dag.py
[2024-11-13T03:11:00.072+0000] {processor.py:743} INFO - Processing file /opt/airflow/dags/data_prep_dag.py for tasks to queue
[2024-11-13T03:11:00.073+0000] {logging_mixin.py:137} INFO - [2024-11-13T03:11:00.073+0000] {dagbag.py:538} INFO - Filling up the DagBag from /opt/airflow/dags/data_prep_dag.py
[2024-11-13T03:11:00.827+0000] {processor.py:753} INFO - DAG(s) dict_keys(['DAG_Data_Preprocessing']) retrieved from /opt/airflow/dags/data_prep_dag.py
[2024-11-13T03:11:00.843+0000] {logging_mixin.py:137} INFO - [2024-11-13T03:11:00.843+0000] {dag.py:2690} INFO - Sync 1 DAGs
[2024-11-13T03:11:00.862+0000] {logging_mixin.py:137} INFO - [2024-11-13T03:11:00.862+0000] {dag.py:3441} INFO - Setting next_dagrun for DAG_Data_Preprocessing to None, run_after=None
[2024-11-13T03:11:00.873+0000] {processor.py:175} INFO - Processing /opt/airflow/dags/data_prep_dag.py took 0.807 seconds
[2024-11-13T03:11:31.185+0000] {processor.py:153} INFO - Started process (PID=297) to work on /opt/airflow/dags/data_prep_dag.py
[2024-11-13T03:11:31.187+0000] {processor.py:743} INFO - Processing file /opt/airflow/dags/data_prep_dag.py for tasks to queue
[2024-11-13T03:11:31.188+0000] {logging_mixin.py:137} INFO - [2024-11-13T03:11:31.188+0000] {dagbag.py:538} INFO - Filling up the DagBag from /opt/airflow/dags/data_prep_dag.py
[2024-11-13T03:11:31.915+0000] {processor.py:753} INFO - DAG(s) dict_keys(['DAG_Data_Preprocessing']) retrieved from /opt/airflow/dags/data_prep_dag.py
[2024-11-13T03:11:31.932+0000] {logging_mixin.py:137} INFO - [2024-11-13T03:11:31.932+0000] {dag.py:2690} INFO - Sync 1 DAGs
[2024-11-13T03:11:31.954+0000] {logging_mixin.py:137} INFO - [2024-11-13T03:11:31.953+0000] {dag.py:3441} INFO - Setting next_dagrun for DAG_Data_Preprocessing to None, run_after=None
[2024-11-13T03:11:31.965+0000] {processor.py:175} INFO - Processing /opt/airflow/dags/data_prep_dag.py took 0.784 seconds
[2024-11-13T03:12:02.247+0000] {processor.py:153} INFO - Started process (PID=335) to work on /opt/airflow/dags/data_prep_dag.py
[2024-11-13T03:12:02.248+0000] {processor.py:743} INFO - Processing file /opt/airflow/dags/data_prep_dag.py for tasks to queue
[2024-11-13T03:12:02.249+0000] {logging_mixin.py:137} INFO - [2024-11-13T03:12:02.249+0000] {dagbag.py:538} INFO - Filling up the DagBag from /opt/airflow/dags/data_prep_dag.py
[2024-11-13T03:12:03.013+0000] {processor.py:753} INFO - DAG(s) dict_keys(['DAG_Data_Preprocessing']) retrieved from /opt/airflow/dags/data_prep_dag.py
[2024-11-13T03:12:03.030+0000] {logging_mixin.py:137} INFO - [2024-11-13T03:12:03.030+0000] {dag.py:2690} INFO - Sync 1 DAGs
[2024-11-13T03:12:03.049+0000] {logging_mixin.py:137} INFO - [2024-11-13T03:12:03.049+0000] {dag.py:3441} INFO - Setting next_dagrun for DAG_Data_Preprocessing to None, run_after=None
[2024-11-13T03:12:03.061+0000] {processor.py:175} INFO - Processing /opt/airflow/dags/data_prep_dag.py took 0.816 seconds
[2024-11-13T03:12:33.447+0000] {processor.py:153} INFO - Started process (PID=389) to work on /opt/airflow/dags/data_prep_dag.py
[2024-11-13T03:12:33.449+0000] {processor.py:743} INFO - Processing file /opt/airflow/dags/data_prep_dag.py for tasks to queue
[2024-11-13T03:12:33.451+0000] {logging_mixin.py:137} INFO - [2024-11-13T03:12:33.451+0000] {dagbag.py:538} INFO - Filling up the DagBag from /opt/airflow/dags/data_prep_dag.py
[2024-11-13T03:12:34.208+0000] {processor.py:753} INFO - DAG(s) dict_keys(['DAG_Data_Preprocessing']) retrieved from /opt/airflow/dags/data_prep_dag.py
[2024-11-13T03:12:34.230+0000] {logging_mixin.py:137} INFO - [2024-11-13T03:12:34.229+0000] {dag.py:2690} INFO - Sync 1 DAGs
[2024-11-13T03:12:34.249+0000] {logging_mixin.py:137} INFO - [2024-11-13T03:12:34.249+0000] {dag.py:3441} INFO - Setting next_dagrun for DAG_Data_Preprocessing to None, run_after=None
[2024-11-13T03:12:34.260+0000] {processor.py:175} INFO - Processing /opt/airflow/dags/data_prep_dag.py took 0.817 seconds
[2024-11-13T03:13:04.574+0000] {processor.py:153} INFO - Started process (PID=443) to work on /opt/airflow/dags/data_prep_dag.py
[2024-11-13T03:13:04.576+0000] {processor.py:743} INFO - Processing file /opt/airflow/dags/data_prep_dag.py for tasks to queue
[2024-11-13T03:13:04.577+0000] {logging_mixin.py:137} INFO - [2024-11-13T03:13:04.577+0000] {dagbag.py:538} INFO - Filling up the DagBag from /opt/airflow/dags/data_prep_dag.py
[2024-11-13T03:13:05.362+0000] {processor.py:753} INFO - DAG(s) dict_keys(['DAG_Data_Preprocessing']) retrieved from /opt/airflow/dags/data_prep_dag.py
[2024-11-13T03:13:05.378+0000] {logging_mixin.py:137} INFO - [2024-11-13T03:13:05.378+0000] {dag.py:2690} INFO - Sync 1 DAGs
[2024-11-13T03:13:05.396+0000] {logging_mixin.py:137} INFO - [2024-11-13T03:13:05.395+0000] {dag.py:3441} INFO - Setting next_dagrun for DAG_Data_Preprocessing to None, run_after=None
[2024-11-13T03:13:05.409+0000] {processor.py:175} INFO - Processing /opt/airflow/dags/data_prep_dag.py took 0.839 seconds
[2024-11-13T03:13:35.690+0000] {processor.py:153} INFO - Started process (PID=481) to work on /opt/airflow/dags/data_prep_dag.py
[2024-11-13T03:13:35.693+0000] {processor.py:743} INFO - Processing file /opt/airflow/dags/data_prep_dag.py for tasks to queue
[2024-11-13T03:13:35.694+0000] {logging_mixin.py:137} INFO - [2024-11-13T03:13:35.694+0000] {dagbag.py:538} INFO - Filling up the DagBag from /opt/airflow/dags/data_prep_dag.py
[2024-11-13T03:13:36.287+0000] {processor.py:753} INFO - DAG(s) dict_keys(['DAG_Data_Preprocessing']) retrieved from /opt/airflow/dags/data_prep_dag.py
[2024-11-13T03:13:36.306+0000] {logging_mixin.py:137} INFO - [2024-11-13T03:13:36.305+0000] {dag.py:2690} INFO - Sync 1 DAGs
[2024-11-13T03:13:36.325+0000] {logging_mixin.py:137} INFO - [2024-11-13T03:13:36.325+0000] {dag.py:3441} INFO - Setting next_dagrun for DAG_Data_Preprocessing to None, run_after=None
[2024-11-13T03:13:36.337+0000] {processor.py:175} INFO - Processing /opt/airflow/dags/data_prep_dag.py took 0.654 seconds
[2024-11-13T03:14:21.704+0000] {processor.py:153} INFO - Started process (PID=57) to work on /opt/airflow/dags/data_prep_dag.py
[2024-11-13T03:14:21.707+0000] {processor.py:743} INFO - Processing file /opt/airflow/dags/data_prep_dag.py for tasks to queue
[2024-11-13T03:14:21.710+0000] {logging_mixin.py:137} INFO - [2024-11-13T03:14:21.709+0000] {dagbag.py:538} INFO - Filling up the DagBag from /opt/airflow/dags/data_prep_dag.py
[2024-11-13T03:14:22.867+0000] {processor.py:753} INFO - DAG(s) dict_keys(['DAG_Data_Preprocessing']) retrieved from /opt/airflow/dags/data_prep_dag.py
[2024-11-13T03:14:23.013+0000] {logging_mixin.py:137} INFO - [2024-11-13T03:14:23.012+0000] {dag.py:2690} INFO - Sync 1 DAGs
[2024-11-13T03:14:23.101+0000] {logging_mixin.py:137} INFO - [2024-11-13T03:14:23.101+0000] {dag.py:3441} INFO - Setting next_dagrun for DAG_Data_Preprocessing to None, run_after=None
[2024-11-13T03:14:23.137+0000] {processor.py:175} INFO - Processing /opt/airflow/dags/data_prep_dag.py took 1.436 seconds
[2024-11-13T03:14:54.015+0000] {processor.py:153} INFO - Started process (PID=96) to work on /opt/airflow/dags/data_prep_dag.py
[2024-11-13T03:14:54.016+0000] {processor.py:743} INFO - Processing file /opt/airflow/dags/data_prep_dag.py for tasks to queue
[2024-11-13T03:14:54.017+0000] {logging_mixin.py:137} INFO - [2024-11-13T03:14:54.017+0000] {dagbag.py:538} INFO - Filling up the DagBag from /opt/airflow/dags/data_prep_dag.py
[2024-11-13T03:14:54.620+0000] {processor.py:753} INFO - DAG(s) dict_keys(['DAG_Data_Preprocessing']) retrieved from /opt/airflow/dags/data_prep_dag.py
[2024-11-13T03:14:54.639+0000] {logging_mixin.py:137} INFO - [2024-11-13T03:14:54.639+0000] {dag.py:2690} INFO - Sync 1 DAGs
[2024-11-13T03:14:54.676+0000] {processor.py:175} INFO - Processing /opt/airflow/dags/data_prep_dag.py took 0.664 seconds
[2024-11-13T03:15:25.769+0000] {processor.py:153} INFO - Started process (PID=150) to work on /opt/airflow/dags/data_prep_dag.py
[2024-11-13T03:15:25.776+0000] {processor.py:743} INFO - Processing file /opt/airflow/dags/data_prep_dag.py for tasks to queue
[2024-11-13T03:15:25.780+0000] {logging_mixin.py:137} INFO - [2024-11-13T03:15:25.780+0000] {dagbag.py:538} INFO - Filling up the DagBag from /opt/airflow/dags/data_prep_dag.py
[2024-11-13T03:15:26.723+0000] {processor.py:753} INFO - DAG(s) dict_keys(['DAG_Data_Preprocessing']) retrieved from /opt/airflow/dags/data_prep_dag.py
[2024-11-13T03:15:26.741+0000] {logging_mixin.py:137} INFO - [2024-11-13T03:15:26.741+0000] {dag.py:2690} INFO - Sync 1 DAGs
[2024-11-13T03:15:26.764+0000] {logging_mixin.py:137} INFO - [2024-11-13T03:15:26.764+0000] {dag.py:3441} INFO - Setting next_dagrun for DAG_Data_Preprocessing to None, run_after=None
[2024-11-13T03:15:26.778+0000] {processor.py:175} INFO - Processing /opt/airflow/dags/data_prep_dag.py took 1.019 seconds
[2024-11-13T03:15:57.302+0000] {processor.py:153} INFO - Started process (PID=187) to work on /opt/airflow/dags/data_prep_dag.py
[2024-11-13T03:15:57.304+0000] {processor.py:743} INFO - Processing file /opt/airflow/dags/data_prep_dag.py for tasks to queue
[2024-11-13T03:15:57.305+0000] {logging_mixin.py:137} INFO - [2024-11-13T03:15:57.304+0000] {dagbag.py:538} INFO - Filling up the DagBag from /opt/airflow/dags/data_prep_dag.py
[2024-11-13T03:15:58.129+0000] {processor.py:753} INFO - DAG(s) dict_keys(['DAG_Data_Preprocessing']) retrieved from /opt/airflow/dags/data_prep_dag.py
[2024-11-13T03:15:58.152+0000] {logging_mixin.py:137} INFO - [2024-11-13T03:15:58.151+0000] {dag.py:2690} INFO - Sync 1 DAGs
[2024-11-13T03:15:58.189+0000] {logging_mixin.py:137} INFO - [2024-11-13T03:15:58.189+0000] {dag.py:3441} INFO - Setting next_dagrun for DAG_Data_Preprocessing to None, run_after=None
[2024-11-13T03:15:58.217+0000] {processor.py:175} INFO - Processing /opt/airflow/dags/data_prep_dag.py took 0.918 seconds
[2024-11-13T03:16:28.681+0000] {processor.py:153} INFO - Started process (PID=242) to work on /opt/airflow/dags/data_prep_dag.py
[2024-11-13T03:16:28.682+0000] {processor.py:743} INFO - Processing file /opt/airflow/dags/data_prep_dag.py for tasks to queue
[2024-11-13T03:16:28.683+0000] {logging_mixin.py:137} INFO - [2024-11-13T03:16:28.683+0000] {dagbag.py:538} INFO - Filling up the DagBag from /opt/airflow/dags/data_prep_dag.py
[2024-11-13T03:16:29.286+0000] {processor.py:753} INFO - DAG(s) dict_keys(['DAG_Data_Preprocessing']) retrieved from /opt/airflow/dags/data_prep_dag.py
[2024-11-13T03:16:29.305+0000] {logging_mixin.py:137} INFO - [2024-11-13T03:16:29.304+0000] {dag.py:2690} INFO - Sync 1 DAGs
[2024-11-13T03:16:29.325+0000] {logging_mixin.py:137} INFO - [2024-11-13T03:16:29.325+0000] {dag.py:3441} INFO - Setting next_dagrun for DAG_Data_Preprocessing to None, run_after=None
[2024-11-13T03:16:29.337+0000] {processor.py:175} INFO - Processing /opt/airflow/dags/data_prep_dag.py took 0.661 seconds
[2024-11-13T03:16:59.638+0000] {processor.py:153} INFO - Started process (PID=295) to work on /opt/airflow/dags/data_prep_dag.py
[2024-11-13T03:16:59.640+0000] {processor.py:743} INFO - Processing file /opt/airflow/dags/data_prep_dag.py for tasks to queue
[2024-11-13T03:16:59.641+0000] {logging_mixin.py:137} INFO - [2024-11-13T03:16:59.641+0000] {dagbag.py:538} INFO - Filling up the DagBag from /opt/airflow/dags/data_prep_dag.py
[2024-11-13T03:17:00.399+0000] {processor.py:753} INFO - DAG(s) dict_keys(['DAG_Data_Preprocessing']) retrieved from /opt/airflow/dags/data_prep_dag.py
[2024-11-13T03:17:00.414+0000] {logging_mixin.py:137} INFO - [2024-11-13T03:17:00.413+0000] {dag.py:2690} INFO - Sync 1 DAGs
[2024-11-13T03:17:00.436+0000] {logging_mixin.py:137} INFO - [2024-11-13T03:17:00.436+0000] {dag.py:3441} INFO - Setting next_dagrun for DAG_Data_Preprocessing to None, run_after=None
[2024-11-13T03:17:00.449+0000] {processor.py:175} INFO - Processing /opt/airflow/dags/data_prep_dag.py took 0.815 seconds
[2024-11-13T03:17:30.792+0000] {processor.py:153} INFO - Started process (PID=332) to work on /opt/airflow/dags/data_prep_dag.py
[2024-11-13T03:17:30.796+0000] {processor.py:743} INFO - Processing file /opt/airflow/dags/data_prep_dag.py for tasks to queue
[2024-11-13T03:17:30.797+0000] {logging_mixin.py:137} INFO - [2024-11-13T03:17:30.797+0000] {dagbag.py:538} INFO - Filling up the DagBag from /opt/airflow/dags/data_prep_dag.py
[2024-11-13T03:17:31.648+0000] {processor.py:753} INFO - DAG(s) dict_keys(['DAG_Data_Preprocessing']) retrieved from /opt/airflow/dags/data_prep_dag.py
[2024-11-13T03:17:31.663+0000] {logging_mixin.py:137} INFO - [2024-11-13T03:17:31.662+0000] {dag.py:2690} INFO - Sync 1 DAGs
[2024-11-13T03:17:31.682+0000] {logging_mixin.py:137} INFO - [2024-11-13T03:17:31.682+0000] {dag.py:3441} INFO - Setting next_dagrun for DAG_Data_Preprocessing to None, run_after=None
[2024-11-13T03:17:31.702+0000] {processor.py:175} INFO - Processing /opt/airflow/dags/data_prep_dag.py took 0.917 seconds
[2024-11-13T03:18:02.015+0000] {processor.py:153} INFO - Started process (PID=386) to work on /opt/airflow/dags/data_prep_dag.py
[2024-11-13T03:18:02.016+0000] {processor.py:743} INFO - Processing file /opt/airflow/dags/data_prep_dag.py for tasks to queue
[2024-11-13T03:18:02.017+0000] {logging_mixin.py:137} INFO - [2024-11-13T03:18:02.017+0000] {dagbag.py:538} INFO - Filling up the DagBag from /opt/airflow/dags/data_prep_dag.py
[2024-11-13T03:18:02.776+0000] {processor.py:753} INFO - DAG(s) dict_keys(['DAG_Data_Preprocessing']) retrieved from /opt/airflow/dags/data_prep_dag.py
[2024-11-13T03:18:02.791+0000] {logging_mixin.py:137} INFO - [2024-11-13T03:18:02.791+0000] {dag.py:2690} INFO - Sync 1 DAGs
[2024-11-13T03:18:02.814+0000] {logging_mixin.py:137} INFO - [2024-11-13T03:18:02.814+0000] {dag.py:3441} INFO - Setting next_dagrun for DAG_Data_Preprocessing to None, run_after=None
[2024-11-13T03:18:02.826+0000] {processor.py:175} INFO - Processing /opt/airflow/dags/data_prep_dag.py took 0.816 seconds
[2024-11-13T03:18:33.132+0000] {processor.py:153} INFO - Started process (PID=424) to work on /opt/airflow/dags/data_prep_dag.py
[2024-11-13T03:18:33.133+0000] {processor.py:743} INFO - Processing file /opt/airflow/dags/data_prep_dag.py for tasks to queue
[2024-11-13T03:18:33.134+0000] {logging_mixin.py:137} INFO - [2024-11-13T03:18:33.134+0000] {dagbag.py:538} INFO - Filling up the DagBag from /opt/airflow/dags/data_prep_dag.py
[2024-11-13T03:18:34.567+0000] {processor.py:753} INFO - DAG(s) dict_keys(['DAG_Data_Preprocessing']) retrieved from /opt/airflow/dags/data_prep_dag.py
[2024-11-13T03:18:34.605+0000] {logging_mixin.py:137} INFO - [2024-11-13T03:18:34.605+0000] {dag.py:2690} INFO - Sync 1 DAGs
[2024-11-13T03:18:34.647+0000] {logging_mixin.py:137} INFO - [2024-11-13T03:18:34.646+0000] {dag.py:3441} INFO - Setting next_dagrun for DAG_Data_Preprocessing to None, run_after=None
[2024-11-13T03:18:34.679+0000] {processor.py:175} INFO - Processing /opt/airflow/dags/data_prep_dag.py took 1.551 seconds
[2024-11-13T03:19:04.812+0000] {processor.py:153} INFO - Started process (PID=479) to work on /opt/airflow/dags/data_prep_dag.py
[2024-11-13T03:19:04.813+0000] {processor.py:743} INFO - Processing file /opt/airflow/dags/data_prep_dag.py for tasks to queue
[2024-11-13T03:19:04.814+0000] {logging_mixin.py:137} INFO - [2024-11-13T03:19:04.814+0000] {dagbag.py:538} INFO - Filling up the DagBag from /opt/airflow/dags/data_prep_dag.py
[2024-11-13T03:19:05.544+0000] {processor.py:753} INFO - DAG(s) dict_keys(['DAG_Data_Preprocessing']) retrieved from /opt/airflow/dags/data_prep_dag.py
[2024-11-13T03:19:05.558+0000] {logging_mixin.py:137} INFO - [2024-11-13T03:19:05.557+0000] {dag.py:2690} INFO - Sync 1 DAGs
[2024-11-13T03:19:05.575+0000] {logging_mixin.py:137} INFO - [2024-11-13T03:19:05.575+0000] {dag.py:3441} INFO - Setting next_dagrun for DAG_Data_Preprocessing to None, run_after=None
[2024-11-13T03:19:05.585+0000] {processor.py:175} INFO - Processing /opt/airflow/dags/data_prep_dag.py took 0.776 seconds
[2024-11-13T03:19:38.227+0000] {processor.py:153} INFO - Started process (PID=526) to work on /opt/airflow/dags/data_prep_dag.py
[2024-11-13T03:19:38.238+0000] {processor.py:743} INFO - Processing file /opt/airflow/dags/data_prep_dag.py for tasks to queue
[2024-11-13T03:19:38.257+0000] {logging_mixin.py:137} INFO - [2024-11-13T03:19:38.256+0000] {dagbag.py:538} INFO - Filling up the DagBag from /opt/airflow/dags/data_prep_dag.py
[2024-11-13T03:19:41.540+0000] {processor.py:753} INFO - DAG(s) dict_keys(['DAG_Data_Preprocessing']) retrieved from /opt/airflow/dags/data_prep_dag.py
[2024-11-13T03:19:41.605+0000] {logging_mixin.py:137} INFO - [2024-11-13T03:19:41.604+0000] {dag.py:2690} INFO - Sync 1 DAGs
[2024-11-13T03:19:41.689+0000] {logging_mixin.py:137} INFO - [2024-11-13T03:19:41.689+0000] {dag.py:3441} INFO - Setting next_dagrun for DAG_Data_Preprocessing to None, run_after=None
[2024-11-13T03:19:41.718+0000] {processor.py:175} INFO - Processing /opt/airflow/dags/data_prep_dag.py took 3.530 seconds
[2024-11-13T03:20:11.900+0000] {processor.py:153} INFO - Started process (PID=571) to work on /opt/airflow/dags/data_prep_dag.py
[2024-11-13T03:20:11.902+0000] {processor.py:743} INFO - Processing file /opt/airflow/dags/data_prep_dag.py for tasks to queue
[2024-11-13T03:20:11.903+0000] {logging_mixin.py:137} INFO - [2024-11-13T03:20:11.902+0000] {dagbag.py:538} INFO - Filling up the DagBag from /opt/airflow/dags/data_prep_dag.py
[2024-11-13T03:20:12.682+0000] {processor.py:753} INFO - DAG(s) dict_keys(['DAG_Data_Preprocessing']) retrieved from /opt/airflow/dags/data_prep_dag.py
[2024-11-13T03:20:12.697+0000] {logging_mixin.py:137} INFO - [2024-11-13T03:20:12.697+0000] {dag.py:2690} INFO - Sync 1 DAGs
[2024-11-13T03:20:12.721+0000] {logging_mixin.py:137} INFO - [2024-11-13T03:20:12.721+0000] {dag.py:3441} INFO - Setting next_dagrun for DAG_Data_Preprocessing to None, run_after=None
[2024-11-13T03:20:12.733+0000] {processor.py:175} INFO - Processing /opt/airflow/dags/data_prep_dag.py took 0.840 seconds
[2024-11-13T03:20:43.062+0000] {processor.py:153} INFO - Started process (PID=619) to work on /opt/airflow/dags/data_prep_dag.py
[2024-11-13T03:20:43.064+0000] {processor.py:743} INFO - Processing file /opt/airflow/dags/data_prep_dag.py for tasks to queue
[2024-11-13T03:20:43.066+0000] {logging_mixin.py:137} INFO - [2024-11-13T03:20:43.066+0000] {dagbag.py:538} INFO - Filling up the DagBag from /opt/airflow/dags/data_prep_dag.py
[2024-11-13T03:20:44.404+0000] {processor.py:753} INFO - DAG(s) dict_keys(['DAG_Data_Preprocessing']) retrieved from /opt/airflow/dags/data_prep_dag.py
[2024-11-13T03:20:44.445+0000] {logging_mixin.py:137} INFO - [2024-11-13T03:20:44.444+0000] {dag.py:2690} INFO - Sync 1 DAGs
[2024-11-13T03:20:44.473+0000] {logging_mixin.py:137} INFO - [2024-11-13T03:20:44.473+0000] {dag.py:3441} INFO - Setting next_dagrun for DAG_Data_Preprocessing to None, run_after=None
[2024-11-13T03:20:44.490+0000] {processor.py:175} INFO - Processing /opt/airflow/dags/data_prep_dag.py took 1.440 seconds
