[2024-11-03T18:59:10.261+0000] {taskinstance.py:1083} INFO - Dependencies all met for <TaskInstance: DAG_Data_Preprocessing.load_data_task manual__2024-11-03T18:59:05.994397+00:00 [queued]>
[2024-11-03T18:59:10.312+0000] {taskinstance.py:1083} INFO - Dependencies all met for <TaskInstance: DAG_Data_Preprocessing.load_data_task manual__2024-11-03T18:59:05.994397+00:00 [queued]>
[2024-11-03T18:59:10.312+0000] {taskinstance.py:1279} INFO - 
--------------------------------------------------------------------------------
[2024-11-03T18:59:10.313+0000] {taskinstance.py:1280} INFO - Starting attempt 1 of 1
[2024-11-03T18:59:10.313+0000] {taskinstance.py:1281} INFO - 
--------------------------------------------------------------------------------
[2024-11-03T18:59:10.335+0000] {taskinstance.py:1300} INFO - Executing <Task(PythonOperator): load_data_task> on 2024-11-03 18:59:05.994397+00:00
[2024-11-03T18:59:10.342+0000] {standard_task_runner.py:55} INFO - Started process 606 to run task
[2024-11-03T18:59:10.349+0000] {standard_task_runner.py:82} INFO - Running: ['***', 'tasks', 'run', 'DAG_Data_Preprocessing', 'load_data_task', 'manual__2024-11-03T18:59:05.994397+00:00', '--job-id', '46', '--raw', '--subdir', 'DAGS_FOLDER/***dag.py', '--cfg-path', '/tmp/tmpeniuuu_3']
[2024-11-03T18:59:10.355+0000] {standard_task_runner.py:83} INFO - Job 46: Subtask load_data_task
[2024-11-03T18:59:10.462+0000] {task_command.py:388} INFO - Running <TaskInstance: DAG_Data_Preprocessing.load_data_task manual__2024-11-03T18:59:05.994397+00:00 [running]> on host a95df74735a7
[2024-11-03T18:59:10.578+0000] {taskinstance.py:1509} INFO - Exporting the following env vars:
AIRFLOW_CTX_DAG_OWNER=House_Price_Prediction Team
AIRFLOW_CTX_DAG_ID=DAG_Data_Preprocessing
AIRFLOW_CTX_TASK_ID=load_data_task
AIRFLOW_CTX_EXECUTION_DATE=2024-11-03T18:59:05.994397+00:00
AIRFLOW_CTX_TRY_NUMBER=1
AIRFLOW_CTX_DAG_RUN_ID=manual__2024-11-03T18:59:05.994397+00:00
[2024-11-03T18:59:11.360+0000] {data_prep.py:35} INFO -    Order        PID  MS SubClass  ... Sale Type  Sale Condition  SalePrice
0      1  526301100           20  ...       WD           Normal     215000
1      2  526350040           20  ...       WD           Normal     105000
2      3  526351010           20  ...       WD           Normal     172000
3      4  526353030           20  ...       WD           Normal     244000
4      5  527105010           60  ...       WD           Normal     189900

[5 rows x 82 columns]
[2024-11-03T18:59:11.707+0000] {python.py:177} INFO - Done. Returned value was: None
[2024-11-03T18:59:11.723+0000] {taskinstance.py:1323} INFO - Marking task as SUCCESS. dag_id=DAG_Data_Preprocessing, task_id=load_data_task, execution_date=20241103T185905, start_date=20241103T185910, end_date=20241103T185911
[2024-11-03T18:59:11.776+0000] {local_task_job.py:208} INFO - Task exited with return code 0
[2024-11-03T18:59:11.823+0000] {taskinstance.py:2578} INFO - 1 downstream tasks scheduled from follow-on schedule check
