[2024-10-27T21:09:19.727+0000] {taskinstance.py:1083} INFO - Dependencies all met for <TaskInstance: DAG_Data_Preprocessing.data_preprocessing_task manual__2024-10-27T21:09:02.189511+00:00 [queued]>
[2024-10-27T21:09:19.747+0000] {taskinstance.py:1083} INFO - Dependencies all met for <TaskInstance: DAG_Data_Preprocessing.data_preprocessing_task manual__2024-10-27T21:09:02.189511+00:00 [queued]>
[2024-10-27T21:09:19.748+0000] {taskinstance.py:1279} INFO - 
--------------------------------------------------------------------------------
[2024-10-27T21:09:19.749+0000] {taskinstance.py:1280} INFO - Starting attempt 1 of 1
[2024-10-27T21:09:19.750+0000] {taskinstance.py:1281} INFO - 
--------------------------------------------------------------------------------
[2024-10-27T21:09:19.775+0000] {taskinstance.py:1300} INFO - Executing <Task(PythonOperator): data_preprocessing_task> on 2024-10-27 21:09:02.189511+00:00
[2024-10-27T21:09:19.790+0000] {standard_task_runner.py:55} INFO - Started process 473 to run task
[2024-10-27T21:09:19.794+0000] {standard_task_runner.py:82} INFO - Running: ['***', 'tasks', 'run', 'DAG_Data_Preprocessing', 'data_preprocessing_task', 'manual__2024-10-27T21:09:02.189511+00:00', '--job-id', '54', '--raw', '--subdir', 'DAGS_FOLDER/***dag.py', '--cfg-path', '/tmp/tmpfc2r5qpr']
[2024-10-27T21:09:19.797+0000] {standard_task_runner.py:83} INFO - Job 54: Subtask data_preprocessing_task
[2024-10-27T21:09:19.884+0000] {task_command.py:388} INFO - Running <TaskInstance: DAG_Data_Preprocessing.data_preprocessing_task manual__2024-10-27T21:09:02.189511+00:00 [running]> on host 4cb9a01d4387
[2024-10-27T21:09:19.981+0000] {taskinstance.py:1509} INFO - Exporting the following env vars:
AIRFLOW_CTX_DAG_OWNER=Krishna
AIRFLOW_CTX_DAG_ID=DAG_Data_Preprocessing
AIRFLOW_CTX_TASK_ID=data_preprocessing_task
AIRFLOW_CTX_EXECUTION_DATE=2024-10-27T21:09:02.189511+00:00
AIRFLOW_CTX_TRY_NUMBER=1
AIRFLOW_CTX_DAG_RUN_ID=manual__2024-10-27T21:09:02.189511+00:00
[2024-10-27T21:09:20.112+0000] {python.py:177} INFO - Done. Returned value was: None
[2024-10-27T21:09:20.124+0000] {taskinstance.py:1323} INFO - Marking task as SUCCESS. dag_id=DAG_Data_Preprocessing, task_id=data_preprocessing_task, execution_date=20241027T210902, start_date=20241027T210919, end_date=20241027T210920
[2024-10-27T21:09:20.169+0000] {local_task_job.py:208} INFO - Task exited with return code 0
[2024-10-27T21:09:20.208+0000] {taskinstance.py:2578} INFO - 1 downstream tasks scheduled from follow-on schedule check
