[2024-10-21T23:15:48.374+0000] {taskinstance.py:1083} INFO - Dependencies all met for <TaskInstance: DAG_Data_Preprocessing.load_data_task manual__2024-10-21T23:15:43.162586+00:00 [queued]>
[2024-10-21T23:15:48.395+0000] {taskinstance.py:1083} INFO - Dependencies all met for <TaskInstance: DAG_Data_Preprocessing.load_data_task manual__2024-10-21T23:15:43.162586+00:00 [queued]>
[2024-10-21T23:15:48.396+0000] {taskinstance.py:1279} INFO - 
--------------------------------------------------------------------------------
[2024-10-21T23:15:48.396+0000] {taskinstance.py:1280} INFO - Starting attempt 1 of 1
[2024-10-21T23:15:48.397+0000] {taskinstance.py:1281} INFO - 
--------------------------------------------------------------------------------
[2024-10-21T23:15:48.425+0000] {taskinstance.py:1300} INFO - Executing <Task(PythonOperator): load_data_task> on 2024-10-21 23:15:43.162586+00:00
[2024-10-21T23:15:48.443+0000] {standard_task_runner.py:55} INFO - Started process 480 to run task
[2024-10-21T23:15:48.447+0000] {standard_task_runner.py:82} INFO - Running: ['***', 'tasks', 'run', 'DAG_Data_Preprocessing', 'load_data_task', 'manual__2024-10-21T23:15:43.162586+00:00', '--job-id', '45', '--raw', '--subdir', 'DAGS_FOLDER/***dag.py', '--cfg-path', '/tmp/tmp48dlxwnk']
[2024-10-21T23:15:48.451+0000] {standard_task_runner.py:83} INFO - Job 45: Subtask load_data_task
[2024-10-21T23:15:48.537+0000] {task_command.py:388} INFO - Running <TaskInstance: DAG_Data_Preprocessing.load_data_task manual__2024-10-21T23:15:43.162586+00:00 [running]> on host ab069c37e78e
[2024-10-21T23:15:48.660+0000] {taskinstance.py:1509} INFO - Exporting the following env vars:
AIRFLOW_CTX_DAG_OWNER=Krishna
AIRFLOW_CTX_DAG_ID=DAG_Data_Preprocessing
AIRFLOW_CTX_TASK_ID=load_data_task
AIRFLOW_CTX_EXECUTION_DATE=2024-10-21T23:15:43.162586+00:00
AIRFLOW_CTX_TRY_NUMBER=1
AIRFLOW_CTX_DAG_RUN_ID=manual__2024-10-21T23:15:43.162586+00:00
[2024-10-21T23:15:48.855+0000] {python.py:177} INFO - Done. Returned value was: None
[2024-10-21T23:15:48.868+0000] {taskinstance.py:1323} INFO - Marking task as SUCCESS. dag_id=DAG_Data_Preprocessing, task_id=load_data_task, execution_date=20241021T231543, start_date=20241021T231548, end_date=20241021T231548
[2024-10-21T23:15:48.904+0000] {local_task_job.py:208} INFO - Task exited with return code 0
[2024-10-21T23:15:48.937+0000] {taskinstance.py:2578} INFO - 1 downstream tasks scheduled from follow-on schedule check
