[2024-11-03T18:35:48.349+0000] {taskinstance.py:1083} INFO - Dependencies all met for <TaskInstance: DAG_Data_Preprocessing.load_data_task manual__2024-11-03T18:35:46.130824+00:00 [queued]>
[2024-11-03T18:35:48.355+0000] {taskinstance.py:1083} INFO - Dependencies all met for <TaskInstance: DAG_Data_Preprocessing.load_data_task manual__2024-11-03T18:35:46.130824+00:00 [queued]>
[2024-11-03T18:35:48.355+0000] {taskinstance.py:1279} INFO - 
--------------------------------------------------------------------------------
[2024-11-03T18:35:48.355+0000] {taskinstance.py:1280} INFO - Starting attempt 1 of 1
[2024-11-03T18:35:48.356+0000] {taskinstance.py:1281} INFO - 
--------------------------------------------------------------------------------
[2024-11-03T18:35:48.366+0000] {taskinstance.py:1300} INFO - Executing <Task(PythonOperator): load_data_task> on 2024-11-03 18:35:46.130824+00:00
[2024-11-03T18:35:48.382+0000] {standard_task_runner.py:55} INFO - Started process 92 to run task
[2024-11-03T18:35:48.386+0000] {standard_task_runner.py:82} INFO - Running: ['***', 'tasks', 'run', 'DAG_Data_Preprocessing', 'load_data_task', 'manual__2024-11-03T18:35:46.130824+00:00', '--job-id', '34', '--raw', '--subdir', 'DAGS_FOLDER/***dag.py', '--cfg-path', '/tmp/tmp499wjmpy']
[2024-11-03T18:35:48.388+0000] {standard_task_runner.py:83} INFO - Job 34: Subtask load_data_task
[2024-11-03T18:35:48.428+0000] {task_command.py:388} INFO - Running <TaskInstance: DAG_Data_Preprocessing.load_data_task manual__2024-11-03T18:35:46.130824+00:00 [running]> on host 28c7f11196f5
[2024-11-03T18:35:48.486+0000] {taskinstance.py:1509} INFO - Exporting the following env vars:
AIRFLOW_CTX_DAG_OWNER=House_Price_Prediction Team
AIRFLOW_CTX_DAG_ID=DAG_Data_Preprocessing
AIRFLOW_CTX_TASK_ID=load_data_task
AIRFLOW_CTX_EXECUTION_DATE=2024-11-03T18:35:46.130824+00:00
AIRFLOW_CTX_TRY_NUMBER=1
AIRFLOW_CTX_DAG_RUN_ID=manual__2024-11-03T18:35:46.130824+00:00
[2024-11-03T18:35:49.252+0000] {data_prep.py:35} INFO -    Order        PID  MS SubClass  ... Sale Type  Sale Condition  SalePrice
0      1  526301100           20  ...       WD           Normal     215000
1      2  526350040           20  ...       WD           Normal     105000
2      3  526351010           20  ...       WD           Normal     172000
3      4  526353030           20  ...       WD           Normal     244000
4      5  527105010           60  ...       WD           Normal     189900

[5 rows x 82 columns]
[2024-11-03T18:35:49.478+0000] {python.py:177} INFO - Done. Returned value was: None
[2024-11-03T18:35:49.489+0000] {taskinstance.py:1323} INFO - Marking task as SUCCESS. dag_id=DAG_Data_Preprocessing, task_id=load_data_task, execution_date=20241103T183546, start_date=20241103T183548, end_date=20241103T183549
[2024-11-03T18:35:49.529+0000] {local_task_job.py:208} INFO - Task exited with return code 0
[2024-11-03T18:35:49.559+0000] {taskinstance.py:2578} INFO - 1 downstream tasks scheduled from follow-on schedule check
