[2024-11-13T02:57:36.511+0000] {taskinstance.py:1083} INFO - Dependencies all met for <TaskInstance: DAG_feature_select_and_data_augmentation.feature_selection_task manual__2024-11-13T02:57:32.445667+00:00 [queued]>
[2024-11-13T02:57:36.528+0000] {taskinstance.py:1083} INFO - Dependencies all met for <TaskInstance: DAG_feature_select_and_data_augmentation.feature_selection_task manual__2024-11-13T02:57:32.445667+00:00 [queued]>
[2024-11-13T02:57:36.528+0000] {taskinstance.py:1279} INFO - 
--------------------------------------------------------------------------------
[2024-11-13T02:57:36.528+0000] {taskinstance.py:1280} INFO - Starting attempt 1 of 1
[2024-11-13T02:57:36.528+0000] {taskinstance.py:1281} INFO - 
--------------------------------------------------------------------------------
[2024-11-13T02:57:36.548+0000] {taskinstance.py:1300} INFO - Executing <Task(PythonOperator): feature_selection_task> on 2024-11-13 02:57:32.445667+00:00
[2024-11-13T02:57:36.552+0000] {standard_task_runner.py:55} INFO - Started process 147 to run task
[2024-11-13T02:57:36.554+0000] {standard_task_runner.py:82} INFO - Running: ['***', 'tasks', 'run', 'DAG_feature_select_and_data_augmentation', 'feature_selection_task', 'manual__2024-11-13T02:57:32.445667+00:00', '--job-id', '272', '--raw', '--subdir', 'DAGS_FOLDER/feature_and_augm_dag.py', '--cfg-path', '/tmp/tmpdfo7l5s1']
[2024-11-13T02:57:36.556+0000] {standard_task_runner.py:83} INFO - Job 272: Subtask feature_selection_task
[2024-11-13T02:57:36.665+0000] {task_command.py:388} INFO - Running <TaskInstance: DAG_feature_select_and_data_augmentation.feature_selection_task manual__2024-11-13T02:57:32.445667+00:00 [running]> on host b77d411e2e76
[2024-11-13T02:57:36.762+0000] {taskinstance.py:1509} INFO - Exporting the following env vars:
AIRFLOW_CTX_DAG_OWNER=House_Price_Prediction Team
AIRFLOW_CTX_DAG_ID=DAG_feature_select_and_data_augmentation
AIRFLOW_CTX_TASK_ID=feature_selection_task
AIRFLOW_CTX_EXECUTION_DATE=2024-11-13T02:57:32.445667+00:00
AIRFLOW_CTX_TRY_NUMBER=1
AIRFLOW_CTX_DAG_RUN_ID=manual__2024-11-13T02:57:32.445667+00:00
[2024-11-13T02:57:37.063+0000] {python.py:177} INFO - Done. Returned value was: None
[2024-11-13T02:57:37.120+0000] {taskinstance.py:1323} INFO - Marking task as SUCCESS. dag_id=DAG_feature_select_and_data_augmentation, task_id=feature_selection_task, execution_date=20241113T025732, start_date=20241113T025736, end_date=20241113T025737
[2024-11-13T02:57:37.161+0000] {local_task_job.py:208} INFO - Task exited with return code 0
[2024-11-13T02:57:37.243+0000] {taskinstance.py:2578} INFO - 1 downstream tasks scheduled from follow-on schedule check
