[2024-11-13T03:15:01.133+0000] {taskinstance.py:1083} INFO - Dependencies all met for <TaskInstance: DAG_Data_Preprocessing.trigger_dag2_with_conf manual__2024-11-13T03:14:47.133081+00:00 [queued]>
[2024-11-13T03:15:01.140+0000] {taskinstance.py:1083} INFO - Dependencies all met for <TaskInstance: DAG_Data_Preprocessing.trigger_dag2_with_conf manual__2024-11-13T03:14:47.133081+00:00 [queued]>
[2024-11-13T03:15:01.140+0000] {taskinstance.py:1279} INFO - 
--------------------------------------------------------------------------------
[2024-11-13T03:15:01.140+0000] {taskinstance.py:1280} INFO - Starting attempt 1 of 2
[2024-11-13T03:15:01.140+0000] {taskinstance.py:1281} INFO - 
--------------------------------------------------------------------------------
[2024-11-13T03:15:01.150+0000] {taskinstance.py:1300} INFO - Executing <Task(PythonOperator): trigger_dag2_with_conf> on 2024-11-13 03:14:47.133081+00:00
[2024-11-13T03:15:01.154+0000] {standard_task_runner.py:55} INFO - Started process 141 to run task
[2024-11-13T03:15:01.157+0000] {standard_task_runner.py:82} INFO - Running: ['***', 'tasks', 'run', 'DAG_Data_Preprocessing', 'trigger_dag2_with_conf', 'manual__2024-11-13T03:14:47.133081+00:00', '--job-id', '297', '--raw', '--subdir', 'DAGS_FOLDER/data_prep_dag.py', '--cfg-path', '/tmp/tmpw7snhjdy']
[2024-11-13T03:15:01.158+0000] {standard_task_runner.py:83} INFO - Job 297: Subtask trigger_dag2_with_conf
[2024-11-13T03:15:01.200+0000] {task_command.py:388} INFO - Running <TaskInstance: DAG_Data_Preprocessing.trigger_dag2_with_conf manual__2024-11-13T03:14:47.133081+00:00 [running]> on host b77d411e2e76
[2024-11-13T03:15:01.248+0000] {taskinstance.py:1509} INFO - Exporting the following env vars:
AIRFLOW_CTX_DAG_OWNER=House_Price_Prediction Team
AIRFLOW_CTX_DAG_ID=DAG_Data_Preprocessing
AIRFLOW_CTX_TASK_ID=trigger_dag2_with_conf
AIRFLOW_CTX_EXECUTION_DATE=2024-11-13T03:14:47.133081+00:00
AIRFLOW_CTX_TRY_NUMBER=1
AIRFLOW_CTX_DAG_RUN_ID=manual__2024-11-13T03:14:47.133081+00:00
[2024-11-13T03:15:01.563+0000] {python.py:177} INFO - Done. Returned value was: None
[2024-11-13T03:15:01.569+0000] {taskinstance.py:1323} INFO - Marking task as SUCCESS. dag_id=DAG_Data_Preprocessing, task_id=trigger_dag2_with_conf, execution_date=20241113T031447, start_date=20241113T031501, end_date=20241113T031501
[2024-11-13T03:15:01.599+0000] {local_task_job.py:208} INFO - Task exited with return code 0
[2024-11-13T03:15:01.613+0000] {taskinstance.py:2578} INFO - 0 downstream tasks scheduled from follow-on schedule check
