[2024-11-03T23:42:28.652+0000] {taskinstance.py:1083} INFO - Dependencies all met for <TaskInstance: DAG_Data_Preprocessing.load_data_task manual__2024-11-03T23:42:26.370731+00:00 [queued]>
[2024-11-03T23:42:28.656+0000] {taskinstance.py:1083} INFO - Dependencies all met for <TaskInstance: DAG_Data_Preprocessing.load_data_task manual__2024-11-03T23:42:26.370731+00:00 [queued]>
[2024-11-03T23:42:28.656+0000] {taskinstance.py:1279} INFO - 
--------------------------------------------------------------------------------
[2024-11-03T23:42:28.657+0000] {taskinstance.py:1280} INFO - Starting attempt 1 of 2
[2024-11-03T23:42:28.657+0000] {taskinstance.py:1281} INFO - 
--------------------------------------------------------------------------------
[2024-11-03T23:42:28.663+0000] {taskinstance.py:1300} INFO - Executing <Task(PythonOperator): load_data_task> on 2024-11-03 23:42:26.370731+00:00
[2024-11-03T23:42:28.667+0000] {standard_task_runner.py:55} INFO - Started process 110 to run task
[2024-11-03T23:42:28.669+0000] {standard_task_runner.py:82} INFO - Running: ['***', 'tasks', 'run', 'DAG_Data_Preprocessing', 'load_data_task', 'manual__2024-11-03T23:42:26.370731+00:00', '--job-id', '114', '--raw', '--subdir', 'DAGS_FOLDER/***dag.py', '--cfg-path', '/tmp/tmp1i0mqppw']
[2024-11-03T23:42:28.670+0000] {standard_task_runner.py:83} INFO - Job 114: Subtask load_data_task
[2024-11-03T23:42:28.701+0000] {task_command.py:388} INFO - Running <TaskInstance: DAG_Data_Preprocessing.load_data_task manual__2024-11-03T23:42:26.370731+00:00 [running]> on host b77d411e2e76
[2024-11-03T23:42:28.738+0000] {taskinstance.py:1509} INFO - Exporting the following env vars:
AIRFLOW_CTX_DAG_OWNER=House_Price_Prediction Team
AIRFLOW_CTX_DAG_ID=DAG_Data_Preprocessing
AIRFLOW_CTX_TASK_ID=load_data_task
AIRFLOW_CTX_EXECUTION_DATE=2024-11-03T23:42:26.370731+00:00
AIRFLOW_CTX_TRY_NUMBER=1
AIRFLOW_CTX_DAG_RUN_ID=manual__2024-11-03T23:42:26.370731+00:00
[2024-11-03T23:42:29.395+0000] {data_prep.py:35} INFO -    Order        PID  MS SubClass  ... Sale Type  Sale Condition  SalePrice
0      1  526301100           20  ...       WD           Normal     215000
1      2  526350040           20  ...       WD           Normal     105000
2      3  526351010           20  ...       WD           Normal     172000
3      4  526353030           20  ...       WD           Normal     244000
4      5  527105010           60  ...       WD           Normal     189900

[5 rows x 82 columns]
[2024-11-03T23:42:29.544+0000] {airflowdag.py:35} INFO - Data loaded successfully
[2024-11-03T23:42:29.544+0000] {python.py:177} INFO - Done. Returned value was: None
[2024-11-03T23:42:29.549+0000] {taskinstance.py:1323} INFO - Marking task as SUCCESS. dag_id=DAG_Data_Preprocessing, task_id=load_data_task, execution_date=20241103T234226, start_date=20241103T234228, end_date=20241103T234229
[2024-11-03T23:42:29.564+0000] {local_task_job.py:208} INFO - Task exited with return code 0
[2024-11-03T23:42:29.579+0000] {taskinstance.py:2578} INFO - 1 downstream tasks scheduled from follow-on schedule check
