[2024-11-04T02:46:35.296+0000] {taskinstance.py:1083} INFO - Dependencies all met for <TaskInstance: DAG_feature_select_and_data_augmentation.data_augmentation_task manual__2024-11-04T02:46:31.453478+00:00 [queued]>
[2024-11-04T02:46:35.316+0000] {taskinstance.py:1083} INFO - Dependencies all met for <TaskInstance: DAG_feature_select_and_data_augmentation.data_augmentation_task manual__2024-11-04T02:46:31.453478+00:00 [queued]>
[2024-11-04T02:46:35.316+0000] {taskinstance.py:1279} INFO - 
--------------------------------------------------------------------------------
[2024-11-04T02:46:35.316+0000] {taskinstance.py:1280} INFO - Starting attempt 1 of 1
[2024-11-04T02:46:35.316+0000] {taskinstance.py:1281} INFO - 
--------------------------------------------------------------------------------
[2024-11-04T02:46:35.330+0000] {taskinstance.py:1300} INFO - Executing <Task(PythonOperator): data_augmentation_task> on 2024-11-04 02:46:31.453478+00:00
[2024-11-04T02:46:35.334+0000] {standard_task_runner.py:55} INFO - Started process 282 to run task
[2024-11-04T02:46:35.336+0000] {standard_task_runner.py:82} INFO - Running: ['***', 'tasks', 'run', 'DAG_feature_select_and_data_augmentation', 'data_augmentation_task', 'manual__2024-11-04T02:46:31.453478+00:00', '--job-id', '231', '--raw', '--subdir', 'DAGS_FOLDER/feature_and_augm_dag.py', '--cfg-path', '/tmp/tmpmmmt84n9']
[2024-11-04T02:46:35.337+0000] {standard_task_runner.py:83} INFO - Job 231: Subtask data_augmentation_task
[2024-11-04T02:46:35.396+0000] {task_command.py:388} INFO - Running <TaskInstance: DAG_feature_select_and_data_augmentation.data_augmentation_task manual__2024-11-04T02:46:31.453478+00:00 [running]> on host b77d411e2e76
[2024-11-04T02:46:35.439+0000] {taskinstance.py:1509} INFO - Exporting the following env vars:
AIRFLOW_CTX_DAG_OWNER=House_Price_Prediction Team
AIRFLOW_CTX_DAG_ID=DAG_feature_select_and_data_augmentation
AIRFLOW_CTX_TASK_ID=data_augmentation_task
AIRFLOW_CTX_EXECUTION_DATE=2024-11-04T02:46:31.453478+00:00
AIRFLOW_CTX_TRY_NUMBER=1
AIRFLOW_CTX_DAG_RUN_ID=manual__2024-11-04T02:46:31.453478+00:00
[2024-11-04T02:46:35.608+0000] {python.py:177} INFO - Done. Returned value was: None
[2024-11-04T02:46:35.613+0000] {taskinstance.py:1323} INFO - Marking task as SUCCESS. dag_id=DAG_feature_select_and_data_augmentation, task_id=data_augmentation_task, execution_date=20241104T024631, start_date=20241104T024635, end_date=20241104T024635
[2024-11-04T02:46:35.642+0000] {local_task_job.py:208} INFO - Task exited with return code 0
[2024-11-04T02:46:35.668+0000] {taskinstance.py:2578} INFO - 0 downstream tasks scheduled from follow-on schedule check
