[2024-10-29T15:39:40.252+0000] {processor.py:153} INFO - Started process (PID=84) to work on /opt/airflow/dags/airflowdag.py
[2024-10-29T15:39:40.256+0000] {processor.py:743} INFO - Processing file /opt/airflow/dags/airflowdag.py for tasks to queue
[2024-10-29T15:39:40.259+0000] {logging_mixin.py:137} INFO - [2024-10-29T15:39:40.258+0000] {dagbag.py:538} INFO - Filling up the DagBag from /opt/airflow/dags/airflowdag.py
[2024-10-29T15:39:51.195+0000] {processor.py:753} INFO - DAG(s) dict_keys(['DAG_Data_Preprocessing']) retrieved from /opt/airflow/dags/airflowdag.py
[2024-10-29T15:39:51.562+0000] {logging_mixin.py:137} INFO - [2024-10-29T15:39:51.561+0000] {dag.py:2690} INFO - Sync 1 DAGs
[2024-10-29T15:39:51.627+0000] {logging_mixin.py:137} INFO - [2024-10-29T15:39:51.627+0000] {dag.py:3441} INFO - Setting next_dagrun for DAG_Data_Preprocessing to None, run_after=None
[2024-10-29T15:39:51.715+0000] {processor.py:175} INFO - Processing /opt/airflow/dags/airflowdag.py took 11.468 seconds
[2024-10-29T15:40:22.205+0000] {processor.py:153} INFO - Started process (PID=134) to work on /opt/airflow/dags/airflowdag.py
[2024-10-29T15:40:22.209+0000] {processor.py:743} INFO - Processing file /opt/airflow/dags/airflowdag.py for tasks to queue
[2024-10-29T15:40:22.216+0000] {logging_mixin.py:137} INFO - [2024-10-29T15:40:22.215+0000] {dagbag.py:538} INFO - Filling up the DagBag from /opt/airflow/dags/airflowdag.py
[2024-10-29T15:40:26.980+0000] {processor.py:753} INFO - DAG(s) dict_keys(['DAG_Data_Preprocessing']) retrieved from /opt/airflow/dags/airflowdag.py
[2024-10-29T15:40:27.017+0000] {logging_mixin.py:137} INFO - [2024-10-29T15:40:27.016+0000] {dag.py:2690} INFO - Sync 1 DAGs
[2024-10-29T15:40:27.048+0000] {logging_mixin.py:137} INFO - [2024-10-29T15:40:27.048+0000] {dag.py:3441} INFO - Setting next_dagrun for DAG_Data_Preprocessing to None, run_after=None
[2024-10-29T15:40:27.079+0000] {processor.py:175} INFO - Processing /opt/airflow/dags/airflowdag.py took 4.909 seconds
[2024-10-29T15:40:57.374+0000] {processor.py:153} INFO - Started process (PID=199) to work on /opt/airflow/dags/airflowdag.py
[2024-10-29T15:40:57.376+0000] {processor.py:743} INFO - Processing file /opt/airflow/dags/airflowdag.py for tasks to queue
[2024-10-29T15:40:57.381+0000] {logging_mixin.py:137} INFO - [2024-10-29T15:40:57.380+0000] {dagbag.py:538} INFO - Filling up the DagBag from /opt/airflow/dags/airflowdag.py
[2024-10-29T15:41:01.825+0000] {processor.py:753} INFO - DAG(s) dict_keys(['DAG_Data_Preprocessing']) retrieved from /opt/airflow/dags/airflowdag.py
[2024-10-29T15:41:02.537+0000] {logging_mixin.py:137} INFO - [2024-10-29T15:41:02.534+0000] {dag.py:2690} INFO - Sync 1 DAGs
[2024-10-29T15:41:02.637+0000] {logging_mixin.py:137} INFO - [2024-10-29T15:41:02.636+0000] {dag.py:3441} INFO - Setting next_dagrun for DAG_Data_Preprocessing to None, run_after=None
[2024-10-29T15:41:02.751+0000] {processor.py:175} INFO - Processing /opt/airflow/dags/airflowdag.py took 5.387 seconds
[2024-10-29T15:41:33.127+0000] {processor.py:153} INFO - Started process (PID=249) to work on /opt/airflow/dags/airflowdag.py
[2024-10-29T15:41:33.132+0000] {processor.py:743} INFO - Processing file /opt/airflow/dags/airflowdag.py for tasks to queue
[2024-10-29T15:41:33.137+0000] {logging_mixin.py:137} INFO - [2024-10-29T15:41:33.137+0000] {dagbag.py:538} INFO - Filling up the DagBag from /opt/airflow/dags/airflowdag.py
[2024-10-29T15:41:37.406+0000] {processor.py:753} INFO - DAG(s) dict_keys(['DAG_Data_Preprocessing']) retrieved from /opt/airflow/dags/airflowdag.py
[2024-10-29T15:41:37.453+0000] {logging_mixin.py:137} INFO - [2024-10-29T15:41:37.453+0000] {dag.py:2690} INFO - Sync 1 DAGs
[2024-10-29T15:41:37.485+0000] {logging_mixin.py:137} INFO - [2024-10-29T15:41:37.485+0000] {dag.py:3441} INFO - Setting next_dagrun for DAG_Data_Preprocessing to None, run_after=None
[2024-10-29T15:41:37.514+0000] {processor.py:175} INFO - Processing /opt/airflow/dags/airflowdag.py took 4.406 seconds
[2024-10-29T15:42:07.696+0000] {processor.py:153} INFO - Started process (PID=299) to work on /opt/airflow/dags/airflowdag.py
[2024-10-29T15:42:07.699+0000] {processor.py:743} INFO - Processing file /opt/airflow/dags/airflowdag.py for tasks to queue
[2024-10-29T15:42:07.701+0000] {logging_mixin.py:137} INFO - [2024-10-29T15:42:07.701+0000] {dagbag.py:538} INFO - Filling up the DagBag from /opt/airflow/dags/airflowdag.py
[2024-10-29T15:42:09.778+0000] {processor.py:753} INFO - DAG(s) dict_keys(['DAG_Data_Preprocessing']) retrieved from /opt/airflow/dags/airflowdag.py
[2024-10-29T15:42:09.835+0000] {logging_mixin.py:137} INFO - [2024-10-29T15:42:09.832+0000] {dag.py:2690} INFO - Sync 1 DAGs
[2024-10-29T15:42:09.869+0000] {logging_mixin.py:137} INFO - [2024-10-29T15:42:09.869+0000] {dag.py:3441} INFO - Setting next_dagrun for DAG_Data_Preprocessing to None, run_after=None
[2024-10-29T15:42:09.899+0000] {processor.py:175} INFO - Processing /opt/airflow/dags/airflowdag.py took 2.206 seconds
[2024-10-29T15:42:40.247+0000] {processor.py:153} INFO - Started process (PID=349) to work on /opt/airflow/dags/airflowdag.py
[2024-10-29T15:42:40.248+0000] {processor.py:743} INFO - Processing file /opt/airflow/dags/airflowdag.py for tasks to queue
[2024-10-29T15:42:40.250+0000] {logging_mixin.py:137} INFO - [2024-10-29T15:42:40.249+0000] {dagbag.py:538} INFO - Filling up the DagBag from /opt/airflow/dags/airflowdag.py
[2024-10-29T15:42:42.886+0000] {processor.py:753} INFO - DAG(s) dict_keys(['DAG_Data_Preprocessing']) retrieved from /opt/airflow/dags/airflowdag.py
[2024-10-29T15:42:42.948+0000] {logging_mixin.py:137} INFO - [2024-10-29T15:42:42.947+0000] {dag.py:2690} INFO - Sync 1 DAGs
[2024-10-29T15:42:42.981+0000] {logging_mixin.py:137} INFO - [2024-10-29T15:42:42.980+0000] {dag.py:3441} INFO - Setting next_dagrun for DAG_Data_Preprocessing to None, run_after=None
[2024-10-29T15:42:43.011+0000] {processor.py:175} INFO - Processing /opt/airflow/dags/airflowdag.py took 2.767 seconds
[2024-10-29T15:43:13.936+0000] {processor.py:153} INFO - Started process (PID=399) to work on /opt/airflow/dags/airflowdag.py
[2024-10-29T15:43:13.969+0000] {processor.py:743} INFO - Processing file /opt/airflow/dags/airflowdag.py for tasks to queue
[2024-10-29T15:43:14.028+0000] {logging_mixin.py:137} INFO - [2024-10-29T15:43:13.999+0000] {dagbag.py:538} INFO - Filling up the DagBag from /opt/airflow/dags/airflowdag.py
[2024-10-29T15:44:06.165+0000] {processor.py:153} INFO - Started process (PID=73) to work on /opt/airflow/dags/airflowdag.py
[2024-10-29T15:44:06.167+0000] {processor.py:743} INFO - Processing file /opt/airflow/dags/airflowdag.py for tasks to queue
[2024-10-29T15:44:06.169+0000] {logging_mixin.py:137} INFO - [2024-10-29T15:44:06.168+0000] {dagbag.py:538} INFO - Filling up the DagBag from /opt/airflow/dags/airflowdag.py
[2024-10-29T15:44:09.492+0000] {processor.py:753} INFO - DAG(s) dict_keys(['DAG_Data_Preprocessing']) retrieved from /opt/airflow/dags/airflowdag.py
[2024-10-29T15:44:09.595+0000] {logging_mixin.py:137} INFO - [2024-10-29T15:44:09.594+0000] {dag.py:2690} INFO - Sync 1 DAGs
[2024-10-29T15:44:09.637+0000] {logging_mixin.py:137} INFO - [2024-10-29T15:44:09.637+0000] {dag.py:3441} INFO - Setting next_dagrun for DAG_Data_Preprocessing to None, run_after=None
[2024-10-29T15:44:09.687+0000] {processor.py:175} INFO - Processing /opt/airflow/dags/airflowdag.py took 3.526 seconds
[2024-10-29T15:44:40.027+0000] {processor.py:153} INFO - Started process (PID=123) to work on /opt/airflow/dags/airflowdag.py
[2024-10-29T15:44:40.031+0000] {processor.py:743} INFO - Processing file /opt/airflow/dags/airflowdag.py for tasks to queue
[2024-10-29T15:44:40.033+0000] {logging_mixin.py:137} INFO - [2024-10-29T15:44:40.032+0000] {dagbag.py:538} INFO - Filling up the DagBag from /opt/airflow/dags/airflowdag.py
[2024-10-29T15:44:43.624+0000] {processor.py:753} INFO - DAG(s) dict_keys(['DAG_Data_Preprocessing']) retrieved from /opt/airflow/dags/airflowdag.py
[2024-10-29T15:44:43.897+0000] {logging_mixin.py:137} INFO - [2024-10-29T15:44:43.896+0000] {dag.py:2690} INFO - Sync 1 DAGs
[2024-10-29T15:44:43.968+0000] {logging_mixin.py:137} INFO - [2024-10-29T15:44:43.968+0000] {dag.py:3441} INFO - Setting next_dagrun for DAG_Data_Preprocessing to None, run_after=None
[2024-10-29T15:44:44.053+0000] {processor.py:175} INFO - Processing /opt/airflow/dags/airflowdag.py took 4.029 seconds
[2024-10-29T15:45:14.299+0000] {processor.py:153} INFO - Started process (PID=182) to work on /opt/airflow/dags/airflowdag.py
[2024-10-29T15:45:14.300+0000] {processor.py:743} INFO - Processing file /opt/airflow/dags/airflowdag.py for tasks to queue
[2024-10-29T15:45:14.301+0000] {logging_mixin.py:137} INFO - [2024-10-29T15:45:14.301+0000] {dagbag.py:538} INFO - Filling up the DagBag from /opt/airflow/dags/airflowdag.py
[2024-10-29T15:45:16.994+0000] {processor.py:753} INFO - DAG(s) dict_keys(['DAG_Data_Preprocessing']) retrieved from /opt/airflow/dags/airflowdag.py
[2024-10-29T15:45:17.047+0000] {logging_mixin.py:137} INFO - [2024-10-29T15:45:17.047+0000] {dag.py:2690} INFO - Sync 1 DAGs
[2024-10-29T15:45:17.085+0000] {logging_mixin.py:137} INFO - [2024-10-29T15:45:17.085+0000] {dag.py:3441} INFO - Setting next_dagrun for DAG_Data_Preprocessing to None, run_after=None
[2024-10-29T15:45:17.124+0000] {processor.py:175} INFO - Processing /opt/airflow/dags/airflowdag.py took 2.829 seconds
[2024-10-29T15:45:47.420+0000] {processor.py:153} INFO - Started process (PID=247) to work on /opt/airflow/dags/airflowdag.py
[2024-10-29T15:45:47.421+0000] {processor.py:743} INFO - Processing file /opt/airflow/dags/airflowdag.py for tasks to queue
[2024-10-29T15:45:47.423+0000] {logging_mixin.py:137} INFO - [2024-10-29T15:45:47.422+0000] {dagbag.py:538} INFO - Filling up the DagBag from /opt/airflow/dags/airflowdag.py
[2024-10-29T15:45:49.521+0000] {processor.py:753} INFO - DAG(s) dict_keys(['DAG_Data_Preprocessing']) retrieved from /opt/airflow/dags/airflowdag.py
[2024-10-29T15:45:49.554+0000] {logging_mixin.py:137} INFO - [2024-10-29T15:45:49.553+0000] {dag.py:2690} INFO - Sync 1 DAGs
[2024-10-29T15:45:49.588+0000] {logging_mixin.py:137} INFO - [2024-10-29T15:45:49.588+0000] {dag.py:3441} INFO - Setting next_dagrun for DAG_Data_Preprocessing to None, run_after=None
[2024-10-29T15:45:49.613+0000] {processor.py:175} INFO - Processing /opt/airflow/dags/airflowdag.py took 2.197 seconds
[2024-10-29T15:46:19.829+0000] {processor.py:153} INFO - Started process (PID=297) to work on /opt/airflow/dags/airflowdag.py
[2024-10-29T15:46:19.831+0000] {processor.py:743} INFO - Processing file /opt/airflow/dags/airflowdag.py for tasks to queue
[2024-10-29T15:46:19.833+0000] {logging_mixin.py:137} INFO - [2024-10-29T15:46:19.832+0000] {dagbag.py:538} INFO - Filling up the DagBag from /opt/airflow/dags/airflowdag.py
[2024-10-29T15:46:22.313+0000] {processor.py:753} INFO - DAG(s) dict_keys(['DAG_Data_Preprocessing']) retrieved from /opt/airflow/dags/airflowdag.py
[2024-10-29T15:46:22.354+0000] {logging_mixin.py:137} INFO - [2024-10-29T15:46:22.353+0000] {dag.py:2690} INFO - Sync 1 DAGs
[2024-10-29T15:46:22.387+0000] {logging_mixin.py:137} INFO - [2024-10-29T15:46:22.386+0000] {dag.py:3441} INFO - Setting next_dagrun for DAG_Data_Preprocessing to None, run_after=None
[2024-10-29T15:46:22.426+0000] {processor.py:175} INFO - Processing /opt/airflow/dags/airflowdag.py took 2.601 seconds
[2024-10-29T15:46:52.803+0000] {processor.py:153} INFO - Started process (PID=346) to work on /opt/airflow/dags/airflowdag.py
[2024-10-29T15:46:52.805+0000] {processor.py:743} INFO - Processing file /opt/airflow/dags/airflowdag.py for tasks to queue
[2024-10-29T15:46:52.808+0000] {logging_mixin.py:137} INFO - [2024-10-29T15:46:52.807+0000] {dagbag.py:538} INFO - Filling up the DagBag from /opt/airflow/dags/airflowdag.py
[2024-10-29T15:46:56.226+0000] {processor.py:753} INFO - DAG(s) dict_keys(['DAG_Data_Preprocessing']) retrieved from /opt/airflow/dags/airflowdag.py
[2024-10-29T15:46:56.853+0000] {logging_mixin.py:137} INFO - [2024-10-29T15:46:56.847+0000] {dag.py:2690} INFO - Sync 1 DAGs
[2024-10-29T15:46:56.988+0000] {logging_mixin.py:137} INFO - [2024-10-29T15:46:56.983+0000] {dag.py:3441} INFO - Setting next_dagrun for DAG_Data_Preprocessing to None, run_after=None
[2024-10-29T15:46:57.078+0000] {processor.py:175} INFO - Processing /opt/airflow/dags/airflowdag.py took 4.281 seconds
[2024-10-29T15:47:27.403+0000] {processor.py:153} INFO - Started process (PID=395) to work on /opt/airflow/dags/airflowdag.py
[2024-10-29T15:47:27.404+0000] {processor.py:743} INFO - Processing file /opt/airflow/dags/airflowdag.py for tasks to queue
[2024-10-29T15:47:27.405+0000] {logging_mixin.py:137} INFO - [2024-10-29T15:47:27.405+0000] {dagbag.py:538} INFO - Filling up the DagBag from /opt/airflow/dags/airflowdag.py
[2024-10-29T15:47:30.558+0000] {processor.py:753} INFO - DAG(s) dict_keys(['DAG_Data_Preprocessing']) retrieved from /opt/airflow/dags/airflowdag.py
[2024-10-29T15:47:43.420+0000] {logging_mixin.py:137} INFO - [2024-10-29T15:47:43.418+0000] {dag.py:2690} INFO - Sync 1 DAGs
[2024-10-29T15:47:43.467+0000] {logging_mixin.py:137} INFO - [2024-10-29T15:47:43.467+0000] {dag.py:3441} INFO - Setting next_dagrun for DAG_Data_Preprocessing to None, run_after=None
[2024-10-29T15:47:43.505+0000] {processor.py:175} INFO - Processing /opt/airflow/dags/airflowdag.py took 16.106 seconds
[2024-10-29T15:48:07.650+0000] {processor.py:153} INFO - Started process (PID=74) to work on /opt/airflow/dags/airflowdag.py
[2024-10-29T15:48:07.652+0000] {processor.py:743} INFO - Processing file /opt/airflow/dags/airflowdag.py for tasks to queue
[2024-10-29T15:48:07.654+0000] {logging_mixin.py:137} INFO - [2024-10-29T15:48:07.654+0000] {dagbag.py:538} INFO - Filling up the DagBag from /opt/airflow/dags/airflowdag.py
[2024-10-29T15:48:10.054+0000] {processor.py:753} INFO - DAG(s) dict_keys(['DAG_Data_Preprocessing']) retrieved from /opt/airflow/dags/airflowdag.py
[2024-10-29T15:48:10.122+0000] {logging_mixin.py:137} INFO - [2024-10-29T15:48:10.121+0000] {dag.py:2690} INFO - Sync 1 DAGs
[2024-10-29T15:48:10.161+0000] {logging_mixin.py:137} INFO - [2024-10-29T15:48:10.161+0000] {dag.py:3441} INFO - Setting next_dagrun for DAG_Data_Preprocessing to None, run_after=None
[2024-10-29T15:48:10.190+0000] {processor.py:175} INFO - Processing /opt/airflow/dags/airflowdag.py took 2.544 seconds
[2024-10-29T15:48:40.440+0000] {processor.py:153} INFO - Started process (PID=123) to work on /opt/airflow/dags/airflowdag.py
[2024-10-29T15:48:40.441+0000] {processor.py:743} INFO - Processing file /opt/airflow/dags/airflowdag.py for tasks to queue
[2024-10-29T15:48:40.442+0000] {logging_mixin.py:137} INFO - [2024-10-29T15:48:40.442+0000] {dagbag.py:538} INFO - Filling up the DagBag from /opt/airflow/dags/airflowdag.py
[2024-10-29T15:48:42.890+0000] {processor.py:753} INFO - DAG(s) dict_keys(['DAG_Data_Preprocessing']) retrieved from /opt/airflow/dags/airflowdag.py
[2024-10-29T15:48:42.945+0000] {logging_mixin.py:137} INFO - [2024-10-29T15:48:42.944+0000] {dag.py:2690} INFO - Sync 1 DAGs
[2024-10-29T15:48:42.982+0000] {logging_mixin.py:137} INFO - [2024-10-29T15:48:42.982+0000] {dag.py:3441} INFO - Setting next_dagrun for DAG_Data_Preprocessing to None, run_after=None
[2024-10-29T15:48:43.018+0000] {processor.py:175} INFO - Processing /opt/airflow/dags/airflowdag.py took 2.581 seconds
[2024-10-29T15:49:13.153+0000] {processor.py:153} INFO - Started process (PID=173) to work on /opt/airflow/dags/airflowdag.py
[2024-10-29T15:49:13.154+0000] {processor.py:743} INFO - Processing file /opt/airflow/dags/airflowdag.py for tasks to queue
[2024-10-29T15:49:13.155+0000] {logging_mixin.py:137} INFO - [2024-10-29T15:49:13.155+0000] {dagbag.py:538} INFO - Filling up the DagBag from /opt/airflow/dags/airflowdag.py
[2024-10-29T15:49:15.513+0000] {processor.py:753} INFO - DAG(s) dict_keys(['DAG_Data_Preprocessing']) retrieved from /opt/airflow/dags/airflowdag.py
[2024-10-29T15:49:15.561+0000] {logging_mixin.py:137} INFO - [2024-10-29T15:49:15.561+0000] {dag.py:2690} INFO - Sync 1 DAGs
[2024-10-29T15:49:15.596+0000] {logging_mixin.py:137} INFO - [2024-10-29T15:49:15.595+0000] {dag.py:3441} INFO - Setting next_dagrun for DAG_Data_Preprocessing to None, run_after=None
[2024-10-29T15:49:15.635+0000] {processor.py:175} INFO - Processing /opt/airflow/dags/airflowdag.py took 2.485 seconds
[2024-10-29T15:49:45.903+0000] {processor.py:153} INFO - Started process (PID=222) to work on /opt/airflow/dags/airflowdag.py
[2024-10-29T15:49:45.905+0000] {processor.py:743} INFO - Processing file /opt/airflow/dags/airflowdag.py for tasks to queue
[2024-10-29T15:49:45.906+0000] {logging_mixin.py:137} INFO - [2024-10-29T15:49:45.906+0000] {dagbag.py:538} INFO - Filling up the DagBag from /opt/airflow/dags/airflowdag.py
[2024-10-29T15:49:48.436+0000] {processor.py:753} INFO - DAG(s) dict_keys(['DAG_Data_Preprocessing']) retrieved from /opt/airflow/dags/airflowdag.py
[2024-10-29T15:49:48.481+0000] {logging_mixin.py:137} INFO - [2024-10-29T15:49:48.480+0000] {dag.py:2690} INFO - Sync 1 DAGs
[2024-10-29T15:49:48.526+0000] {logging_mixin.py:137} INFO - [2024-10-29T15:49:48.526+0000] {dag.py:3441} INFO - Setting next_dagrun for DAG_Data_Preprocessing to None, run_after=None
[2024-10-29T15:49:48.570+0000] {processor.py:175} INFO - Processing /opt/airflow/dags/airflowdag.py took 2.671 seconds
[2024-10-29T15:50:18.837+0000] {processor.py:153} INFO - Started process (PID=271) to work on /opt/airflow/dags/airflowdag.py
[2024-10-29T15:50:18.839+0000] {processor.py:743} INFO - Processing file /opt/airflow/dags/airflowdag.py for tasks to queue
[2024-10-29T15:50:18.841+0000] {logging_mixin.py:137} INFO - [2024-10-29T15:50:18.841+0000] {dagbag.py:538} INFO - Filling up the DagBag from /opt/airflow/dags/airflowdag.py
[2024-10-29T15:50:21.945+0000] {processor.py:753} INFO - DAG(s) dict_keys(['DAG_Data_Preprocessing']) retrieved from /opt/airflow/dags/airflowdag.py
[2024-10-29T15:50:22.002+0000] {logging_mixin.py:137} INFO - [2024-10-29T15:50:22.001+0000] {dag.py:2690} INFO - Sync 1 DAGs
[2024-10-29T15:50:22.053+0000] {logging_mixin.py:137} INFO - [2024-10-29T15:50:22.053+0000] {dag.py:3441} INFO - Setting next_dagrun for DAG_Data_Preprocessing to None, run_after=None
[2024-10-29T15:50:22.098+0000] {processor.py:175} INFO - Processing /opt/airflow/dags/airflowdag.py took 3.265 seconds
[2024-10-29T15:50:52.231+0000] {processor.py:153} INFO - Started process (PID=321) to work on /opt/airflow/dags/airflowdag.py
[2024-10-29T15:50:52.233+0000] {processor.py:743} INFO - Processing file /opt/airflow/dags/airflowdag.py for tasks to queue
[2024-10-29T15:50:52.234+0000] {logging_mixin.py:137} INFO - [2024-10-29T15:50:52.234+0000] {dagbag.py:538} INFO - Filling up the DagBag from /opt/airflow/dags/airflowdag.py
[2024-10-29T15:50:54.481+0000] {processor.py:753} INFO - DAG(s) dict_keys(['DAG_Data_Preprocessing']) retrieved from /opt/airflow/dags/airflowdag.py
[2024-10-29T15:50:54.520+0000] {logging_mixin.py:137} INFO - [2024-10-29T15:50:54.520+0000] {dag.py:2690} INFO - Sync 1 DAGs
[2024-10-29T15:50:54.555+0000] {logging_mixin.py:137} INFO - [2024-10-29T15:50:54.554+0000] {dag.py:3441} INFO - Setting next_dagrun for DAG_Data_Preprocessing to None, run_after=None
[2024-10-29T15:50:54.581+0000] {processor.py:175} INFO - Processing /opt/airflow/dags/airflowdag.py took 2.354 seconds
[2024-10-29T15:51:24.744+0000] {processor.py:153} INFO - Started process (PID=370) to work on /opt/airflow/dags/airflowdag.py
[2024-10-29T15:51:24.746+0000] {processor.py:743} INFO - Processing file /opt/airflow/dags/airflowdag.py for tasks to queue
[2024-10-29T15:51:24.747+0000] {logging_mixin.py:137} INFO - [2024-10-29T15:51:24.747+0000] {dagbag.py:538} INFO - Filling up the DagBag from /opt/airflow/dags/airflowdag.py
[2024-10-29T15:51:26.685+0000] {processor.py:753} INFO - DAG(s) dict_keys(['DAG_Data_Preprocessing']) retrieved from /opt/airflow/dags/airflowdag.py
[2024-10-29T15:51:26.722+0000] {logging_mixin.py:137} INFO - [2024-10-29T15:51:26.721+0000] {dag.py:2690} INFO - Sync 1 DAGs
[2024-10-29T15:51:26.750+0000] {logging_mixin.py:137} INFO - [2024-10-29T15:51:26.750+0000] {dag.py:3441} INFO - Setting next_dagrun for DAG_Data_Preprocessing to None, run_after=None
[2024-10-29T15:51:26.775+0000] {processor.py:175} INFO - Processing /opt/airflow/dags/airflowdag.py took 2.036 seconds
[2024-10-29T15:51:57.099+0000] {processor.py:153} INFO - Started process (PID=420) to work on /opt/airflow/dags/airflowdag.py
[2024-10-29T15:51:57.103+0000] {processor.py:743} INFO - Processing file /opt/airflow/dags/airflowdag.py for tasks to queue
[2024-10-29T15:51:57.107+0000] {logging_mixin.py:137} INFO - [2024-10-29T15:51:57.106+0000] {dagbag.py:538} INFO - Filling up the DagBag from /opt/airflow/dags/airflowdag.py
[2024-10-29T15:51:59.616+0000] {processor.py:753} INFO - DAG(s) dict_keys(['DAG_Data_Preprocessing']) retrieved from /opt/airflow/dags/airflowdag.py
[2024-10-29T15:51:59.671+0000] {logging_mixin.py:137} INFO - [2024-10-29T15:51:59.670+0000] {dag.py:2690} INFO - Sync 1 DAGs
[2024-10-29T15:51:59.730+0000] {logging_mixin.py:137} INFO - [2024-10-29T15:51:59.730+0000] {dag.py:3441} INFO - Setting next_dagrun for DAG_Data_Preprocessing to None, run_after=None
[2024-10-29T15:51:59.777+0000] {processor.py:175} INFO - Processing /opt/airflow/dags/airflowdag.py took 2.684 seconds
[2024-10-29T15:52:30.197+0000] {processor.py:153} INFO - Started process (PID=471) to work on /opt/airflow/dags/airflowdag.py
[2024-10-29T15:52:30.199+0000] {processor.py:743} INFO - Processing file /opt/airflow/dags/airflowdag.py for tasks to queue
[2024-10-29T15:52:30.200+0000] {logging_mixin.py:137} INFO - [2024-10-29T15:52:30.200+0000] {dagbag.py:538} INFO - Filling up the DagBag from /opt/airflow/dags/airflowdag.py
[2024-10-29T15:52:32.451+0000] {processor.py:753} INFO - DAG(s) dict_keys(['DAG_Data_Preprocessing']) retrieved from /opt/airflow/dags/airflowdag.py
[2024-10-29T15:52:32.483+0000] {logging_mixin.py:137} INFO - [2024-10-29T15:52:32.483+0000] {dag.py:2690} INFO - Sync 1 DAGs
[2024-10-29T15:52:32.507+0000] {logging_mixin.py:137} INFO - [2024-10-29T15:52:32.507+0000] {dag.py:3441} INFO - Setting next_dagrun for DAG_Data_Preprocessing to None, run_after=None
[2024-10-29T15:52:32.534+0000] {processor.py:175} INFO - Processing /opt/airflow/dags/airflowdag.py took 2.341 seconds
[2024-10-29T15:53:02.855+0000] {processor.py:153} INFO - Started process (PID=530) to work on /opt/airflow/dags/airflowdag.py
[2024-10-29T15:53:02.859+0000] {processor.py:743} INFO - Processing file /opt/airflow/dags/airflowdag.py for tasks to queue
[2024-10-29T15:53:02.860+0000] {logging_mixin.py:137} INFO - [2024-10-29T15:53:02.860+0000] {dagbag.py:538} INFO - Filling up the DagBag from /opt/airflow/dags/airflowdag.py
[2024-10-29T15:53:05.689+0000] {processor.py:753} INFO - DAG(s) dict_keys(['DAG_Data_Preprocessing']) retrieved from /opt/airflow/dags/airflowdag.py
[2024-10-29T15:53:05.881+0000] {logging_mixin.py:137} INFO - [2024-10-29T15:53:05.880+0000] {dag.py:2690} INFO - Sync 1 DAGs
[2024-10-29T15:53:05.920+0000] {logging_mixin.py:137} INFO - [2024-10-29T15:53:05.920+0000] {dag.py:3441} INFO - Setting next_dagrun for DAG_Data_Preprocessing to None, run_after=None
[2024-10-29T15:53:05.961+0000] {processor.py:175} INFO - Processing /opt/airflow/dags/airflowdag.py took 3.115 seconds
[2024-10-29T15:53:36.327+0000] {processor.py:153} INFO - Started process (PID=595) to work on /opt/airflow/dags/airflowdag.py
[2024-10-29T15:53:36.330+0000] {processor.py:743} INFO - Processing file /opt/airflow/dags/airflowdag.py for tasks to queue
[2024-10-29T15:53:36.332+0000] {logging_mixin.py:137} INFO - [2024-10-29T15:53:36.331+0000] {dagbag.py:538} INFO - Filling up the DagBag from /opt/airflow/dags/airflowdag.py
[2024-10-29T15:53:39.061+0000] {processor.py:753} INFO - DAG(s) dict_keys(['DAG_Data_Preprocessing']) retrieved from /opt/airflow/dags/airflowdag.py
[2024-10-29T15:53:39.099+0000] {logging_mixin.py:137} INFO - [2024-10-29T15:53:39.099+0000] {dag.py:2690} INFO - Sync 1 DAGs
[2024-10-29T15:53:39.128+0000] {logging_mixin.py:137} INFO - [2024-10-29T15:53:39.127+0000] {dag.py:3441} INFO - Setting next_dagrun for DAG_Data_Preprocessing to None, run_after=None
[2024-10-29T15:53:39.159+0000] {processor.py:175} INFO - Processing /opt/airflow/dags/airflowdag.py took 2.840 seconds
[2024-10-29T15:54:09.521+0000] {processor.py:153} INFO - Started process (PID=645) to work on /opt/airflow/dags/airflowdag.py
[2024-10-29T15:54:09.523+0000] {processor.py:743} INFO - Processing file /opt/airflow/dags/airflowdag.py for tasks to queue
[2024-10-29T15:54:09.523+0000] {logging_mixin.py:137} INFO - [2024-10-29T15:54:09.523+0000] {dagbag.py:538} INFO - Filling up the DagBag from /opt/airflow/dags/airflowdag.py
[2024-10-29T15:54:11.592+0000] {processor.py:753} INFO - DAG(s) dict_keys(['DAG_Data_Preprocessing']) retrieved from /opt/airflow/dags/airflowdag.py
[2024-10-29T15:54:11.626+0000] {logging_mixin.py:137} INFO - [2024-10-29T15:54:11.626+0000] {dag.py:2690} INFO - Sync 1 DAGs
[2024-10-29T15:54:11.657+0000] {logging_mixin.py:137} INFO - [2024-10-29T15:54:11.656+0000] {dag.py:3441} INFO - Setting next_dagrun for DAG_Data_Preprocessing to None, run_after=None
[2024-10-29T15:54:11.686+0000] {processor.py:175} INFO - Processing /opt/airflow/dags/airflowdag.py took 2.168 seconds
[2024-10-29T15:54:42.025+0000] {processor.py:153} INFO - Started process (PID=695) to work on /opt/airflow/dags/airflowdag.py
[2024-10-29T15:54:42.026+0000] {processor.py:743} INFO - Processing file /opt/airflow/dags/airflowdag.py for tasks to queue
[2024-10-29T15:54:42.028+0000] {logging_mixin.py:137} INFO - [2024-10-29T15:54:42.028+0000] {dagbag.py:538} INFO - Filling up the DagBag from /opt/airflow/dags/airflowdag.py
[2024-10-29T15:54:43.855+0000] {processor.py:753} INFO - DAG(s) dict_keys(['DAG_Data_Preprocessing']) retrieved from /opt/airflow/dags/airflowdag.py
[2024-10-29T15:54:43.883+0000] {logging_mixin.py:137} INFO - [2024-10-29T15:54:43.882+0000] {dag.py:2690} INFO - Sync 1 DAGs
[2024-10-29T15:54:43.916+0000] {logging_mixin.py:137} INFO - [2024-10-29T15:54:43.915+0000] {dag.py:3441} INFO - Setting next_dagrun for DAG_Data_Preprocessing to None, run_after=None
[2024-10-29T15:54:43.952+0000] {processor.py:175} INFO - Processing /opt/airflow/dags/airflowdag.py took 1.914 seconds
[2024-10-29T15:54:57.159+0000] {processor.py:153} INFO - Started process (PID=721) to work on /opt/airflow/dags/airflowdag.py
[2024-10-29T15:54:57.162+0000] {processor.py:743} INFO - Processing file /opt/airflow/dags/airflowdag.py for tasks to queue
[2024-10-29T15:54:57.165+0000] {logging_mixin.py:137} INFO - [2024-10-29T15:54:57.164+0000] {dagbag.py:538} INFO - Filling up the DagBag from /opt/airflow/dags/airflowdag.py
[2024-10-29T15:54:58.731+0000] {processor.py:753} INFO - DAG(s) dict_keys(['DAG_Data_Preprocessing']) retrieved from /opt/airflow/dags/airflowdag.py
[2024-10-29T15:54:58.812+0000] {logging_mixin.py:137} INFO - [2024-10-29T15:54:58.811+0000] {dag.py:2690} INFO - Sync 1 DAGs
[2024-10-29T15:54:58.836+0000] {logging_mixin.py:137} INFO - [2024-10-29T15:54:58.836+0000] {dag.py:3441} INFO - Setting next_dagrun for DAG_Data_Preprocessing to None, run_after=None
[2024-10-29T15:54:58.871+0000] {processor.py:175} INFO - Processing /opt/airflow/dags/airflowdag.py took 1.718 seconds
[2024-10-29T15:59:10.912+0000] {processor.py:153} INFO - Started process (PID=74) to work on /opt/airflow/dags/airflowdag.py
[2024-10-29T15:59:10.925+0000] {processor.py:743} INFO - Processing file /opt/airflow/dags/airflowdag.py for tasks to queue
[2024-10-29T15:59:10.929+0000] {logging_mixin.py:137} INFO - [2024-10-29T15:59:10.928+0000] {dagbag.py:538} INFO - Filling up the DagBag from /opt/airflow/dags/airflowdag.py
[2024-10-29T15:59:16.604+0000] {processor.py:753} INFO - DAG(s) dict_keys(['DAG_Data_Preprocessing']) retrieved from /opt/airflow/dags/airflowdag.py
[2024-10-29T15:59:16.908+0000] {logging_mixin.py:137} INFO - [2024-10-29T15:59:16.906+0000] {dag.py:2690} INFO - Sync 1 DAGs
[2024-10-29T15:59:16.952+0000] {logging_mixin.py:137} INFO - [2024-10-29T15:59:16.952+0000] {dag.py:3441} INFO - Setting next_dagrun for DAG_Data_Preprocessing to None, run_after=None
[2024-10-29T15:59:17.014+0000] {processor.py:175} INFO - Processing /opt/airflow/dags/airflowdag.py took 6.090 seconds
[2024-10-29T15:59:47.782+0000] {processor.py:153} INFO - Started process (PID=126) to work on /opt/airflow/dags/airflowdag.py
[2024-10-29T15:59:47.793+0000] {processor.py:743} INFO - Processing file /opt/airflow/dags/airflowdag.py for tasks to queue
[2024-10-29T15:59:47.815+0000] {logging_mixin.py:137} INFO - [2024-10-29T15:59:47.813+0000] {dagbag.py:538} INFO - Filling up the DagBag from /opt/airflow/dags/airflowdag.py
[2024-10-29T15:59:55.842+0000] {processor.py:753} INFO - DAG(s) dict_keys(['DAG_Data_Preprocessing']) retrieved from /opt/airflow/dags/airflowdag.py
[2024-10-29T15:59:55.955+0000] {logging_mixin.py:137} INFO - [2024-10-29T15:59:55.953+0000] {dag.py:2690} INFO - Sync 1 DAGs
[2024-10-29T15:59:56.023+0000] {logging_mixin.py:137} INFO - [2024-10-29T15:59:56.023+0000] {dag.py:3441} INFO - Setting next_dagrun for DAG_Data_Preprocessing to None, run_after=None
[2024-10-29T15:59:56.076+0000] {processor.py:175} INFO - Processing /opt/airflow/dags/airflowdag.py took 8.392 seconds
[2024-10-29T16:00:26.686+0000] {processor.py:153} INFO - Started process (PID=176) to work on /opt/airflow/dags/airflowdag.py
[2024-10-29T16:00:26.704+0000] {processor.py:743} INFO - Processing file /opt/airflow/dags/airflowdag.py for tasks to queue
[2024-10-29T16:00:26.716+0000] {logging_mixin.py:137} INFO - [2024-10-29T16:00:26.710+0000] {dagbag.py:538} INFO - Filling up the DagBag from /opt/airflow/dags/airflowdag.py
[2024-10-29T16:00:29.704+0000] {processor.py:753} INFO - DAG(s) dict_keys(['DAG_Data_Preprocessing']) retrieved from /opt/airflow/dags/airflowdag.py
[2024-10-29T16:00:29.776+0000] {logging_mixin.py:137} INFO - [2024-10-29T16:00:29.775+0000] {dag.py:2690} INFO - Sync 1 DAGs
[2024-10-29T16:00:29.810+0000] {logging_mixin.py:137} INFO - [2024-10-29T16:00:29.809+0000] {dag.py:3441} INFO - Setting next_dagrun for DAG_Data_Preprocessing to None, run_after=None
[2024-10-29T16:00:29.844+0000] {processor.py:175} INFO - Processing /opt/airflow/dags/airflowdag.py took 3.202 seconds
[2024-10-29T16:01:00.168+0000] {processor.py:153} INFO - Started process (PID=235) to work on /opt/airflow/dags/airflowdag.py
[2024-10-29T16:01:00.170+0000] {processor.py:743} INFO - Processing file /opt/airflow/dags/airflowdag.py for tasks to queue
[2024-10-29T16:01:00.171+0000] {logging_mixin.py:137} INFO - [2024-10-29T16:01:00.171+0000] {dagbag.py:538} INFO - Filling up the DagBag from /opt/airflow/dags/airflowdag.py
[2024-10-29T16:01:03.341+0000] {processor.py:753} INFO - DAG(s) dict_keys(['DAG_Data_Preprocessing']) retrieved from /opt/airflow/dags/airflowdag.py
[2024-10-29T16:01:03.506+0000] {logging_mixin.py:137} INFO - [2024-10-29T16:01:03.504+0000] {dag.py:2690} INFO - Sync 1 DAGs
[2024-10-29T16:01:03.569+0000] {logging_mixin.py:137} INFO - [2024-10-29T16:01:03.569+0000] {dag.py:3441} INFO - Setting next_dagrun for DAG_Data_Preprocessing to None, run_after=None
[2024-10-29T16:01:03.614+0000] {processor.py:175} INFO - Processing /opt/airflow/dags/airflowdag.py took 3.450 seconds
[2024-10-29T16:01:34.143+0000] {processor.py:153} INFO - Started process (PID=301) to work on /opt/airflow/dags/airflowdag.py
[2024-10-29T16:01:34.154+0000] {processor.py:743} INFO - Processing file /opt/airflow/dags/airflowdag.py for tasks to queue
[2024-10-29T16:01:34.175+0000] {logging_mixin.py:137} INFO - [2024-10-29T16:01:34.172+0000] {dagbag.py:538} INFO - Filling up the DagBag from /opt/airflow/dags/airflowdag.py
[2024-10-29T16:01:37.611+0000] {processor.py:753} INFO - DAG(s) dict_keys(['DAG_Data_Preprocessing']) retrieved from /opt/airflow/dags/airflowdag.py
[2024-10-29T16:01:37.647+0000] {logging_mixin.py:137} INFO - [2024-10-29T16:01:37.646+0000] {dag.py:2690} INFO - Sync 1 DAGs
[2024-10-29T16:01:37.674+0000] {logging_mixin.py:137} INFO - [2024-10-29T16:01:37.674+0000] {dag.py:3441} INFO - Setting next_dagrun for DAG_Data_Preprocessing to None, run_after=None
[2024-10-29T16:01:37.700+0000] {processor.py:175} INFO - Processing /opt/airflow/dags/airflowdag.py took 3.633 seconds
[2024-10-29T16:02:07.774+0000] {processor.py:153} INFO - Started process (PID=351) to work on /opt/airflow/dags/airflowdag.py
[2024-10-29T16:02:07.776+0000] {processor.py:743} INFO - Processing file /opt/airflow/dags/airflowdag.py for tasks to queue
[2024-10-29T16:02:07.778+0000] {logging_mixin.py:137} INFO - [2024-10-29T16:02:07.778+0000] {dagbag.py:538} INFO - Filling up the DagBag from /opt/airflow/dags/airflowdag.py
[2024-10-29T16:02:09.970+0000] {processor.py:753} INFO - DAG(s) dict_keys(['DAG_Data_Preprocessing']) retrieved from /opt/airflow/dags/airflowdag.py
[2024-10-29T16:02:10.002+0000] {logging_mixin.py:137} INFO - [2024-10-29T16:02:10.002+0000] {dag.py:2690} INFO - Sync 1 DAGs
[2024-10-29T16:02:10.029+0000] {logging_mixin.py:137} INFO - [2024-10-29T16:02:10.029+0000] {dag.py:3441} INFO - Setting next_dagrun for DAG_Data_Preprocessing to None, run_after=None
[2024-10-29T16:02:10.054+0000] {processor.py:175} INFO - Processing /opt/airflow/dags/airflowdag.py took 2.283 seconds
[2024-10-29T16:02:40.303+0000] {processor.py:153} INFO - Started process (PID=401) to work on /opt/airflow/dags/airflowdag.py
[2024-10-29T16:02:40.305+0000] {processor.py:743} INFO - Processing file /opt/airflow/dags/airflowdag.py for tasks to queue
[2024-10-29T16:02:40.307+0000] {logging_mixin.py:137} INFO - [2024-10-29T16:02:40.307+0000] {dagbag.py:538} INFO - Filling up the DagBag from /opt/airflow/dags/airflowdag.py
[2024-10-29T16:02:42.433+0000] {processor.py:753} INFO - DAG(s) dict_keys(['DAG_Data_Preprocessing']) retrieved from /opt/airflow/dags/airflowdag.py
[2024-10-29T16:02:42.466+0000] {logging_mixin.py:137} INFO - [2024-10-29T16:02:42.466+0000] {dag.py:2690} INFO - Sync 1 DAGs
[2024-10-29T16:02:42.493+0000] {logging_mixin.py:137} INFO - [2024-10-29T16:02:42.493+0000] {dag.py:3441} INFO - Setting next_dagrun for DAG_Data_Preprocessing to None, run_after=None
[2024-10-29T16:02:42.518+0000] {processor.py:175} INFO - Processing /opt/airflow/dags/airflowdag.py took 2.219 seconds
[2024-10-29T16:03:12.639+0000] {processor.py:153} INFO - Started process (PID=460) to work on /opt/airflow/dags/airflowdag.py
[2024-10-29T16:03:12.641+0000] {processor.py:743} INFO - Processing file /opt/airflow/dags/airflowdag.py for tasks to queue
[2024-10-29T16:03:12.642+0000] {logging_mixin.py:137} INFO - [2024-10-29T16:03:12.642+0000] {dagbag.py:538} INFO - Filling up the DagBag from /opt/airflow/dags/airflowdag.py
[2024-10-29T16:03:15.060+0000] {processor.py:753} INFO - DAG(s) dict_keys(['DAG_Data_Preprocessing']) retrieved from /opt/airflow/dags/airflowdag.py
[2024-10-29T16:03:15.235+0000] {logging_mixin.py:137} INFO - [2024-10-29T16:03:15.234+0000] {dag.py:2690} INFO - Sync 1 DAGs
[2024-10-29T16:03:15.270+0000] {logging_mixin.py:137} INFO - [2024-10-29T16:03:15.270+0000] {dag.py:3441} INFO - Setting next_dagrun for DAG_Data_Preprocessing to None, run_after=None
[2024-10-29T16:03:15.306+0000] {processor.py:175} INFO - Processing /opt/airflow/dags/airflowdag.py took 2.636 seconds
