[2024-11-03T23:42:30.454+0000] {taskinstance.py:1083} INFO - Dependencies all met for <TaskInstance: DAG_Data_Preprocessing.data_overview_task manual__2024-11-03T23:42:26.370731+00:00 [queued]>
[2024-11-03T23:42:30.458+0000] {taskinstance.py:1083} INFO - Dependencies all met for <TaskInstance: DAG_Data_Preprocessing.data_overview_task manual__2024-11-03T23:42:26.370731+00:00 [queued]>
[2024-11-03T23:42:30.458+0000] {taskinstance.py:1279} INFO - 
--------------------------------------------------------------------------------
[2024-11-03T23:42:30.458+0000] {taskinstance.py:1280} INFO - Starting attempt 1 of 2
[2024-11-03T23:42:30.458+0000] {taskinstance.py:1281} INFO - 
--------------------------------------------------------------------------------
[2024-11-03T23:42:30.463+0000] {taskinstance.py:1300} INFO - Executing <Task(PythonOperator): data_overview_task> on 2024-11-03 23:42:26.370731+00:00
[2024-11-03T23:42:30.466+0000] {standard_task_runner.py:55} INFO - Started process 113 to run task
[2024-11-03T23:42:30.467+0000] {standard_task_runner.py:82} INFO - Running: ['***', 'tasks', 'run', 'DAG_Data_Preprocessing', 'data_overview_task', 'manual__2024-11-03T23:42:26.370731+00:00', '--job-id', '115', '--raw', '--subdir', 'DAGS_FOLDER/***dag.py', '--cfg-path', '/tmp/tmpaxwpouhj']
[2024-11-03T23:42:30.468+0000] {standard_task_runner.py:83} INFO - Job 115: Subtask data_overview_task
[2024-11-03T23:42:30.495+0000] {task_command.py:388} INFO - Running <TaskInstance: DAG_Data_Preprocessing.data_overview_task manual__2024-11-03T23:42:26.370731+00:00 [running]> on host b77d411e2e76
[2024-11-03T23:42:30.525+0000] {taskinstance.py:1509} INFO - Exporting the following env vars:
AIRFLOW_CTX_DAG_OWNER=House_Price_Prediction Team
AIRFLOW_CTX_DAG_ID=DAG_Data_Preprocessing
AIRFLOW_CTX_TASK_ID=data_overview_task
AIRFLOW_CTX_EXECUTION_DATE=2024-11-03T23:42:26.370731+00:00
AIRFLOW_CTX_TRY_NUMBER=1
AIRFLOW_CTX_DAG_RUN_ID=manual__2024-11-03T23:42:26.370731+00:00
[2024-11-03T23:42:30.636+0000] {data_prep.py:46} INFO - Data shape: (2930, 82)
[2024-11-03T23:42:30.637+0000] {logging_mixin.py:137} INFO - Data shape: (2930, 82)
[2024-11-03T23:42:30.645+0000] {logging_mixin.py:137} INFO - <class 'pandas.core.frame.DataFrame'>
Int64Index: 2930 entries, 0 to 2929
Data columns (total 82 columns):
 #   Column           Non-Null Count  Dtype  
---  ------           --------------  -----  
 0   Order            2930 non-null   int64  
 1   PID              2930 non-null   int64  
 2   MS SubClass      2930 non-null   int64  
 3   MS Zoning        2930 non-null   object 
 4   Lot Frontage     2440 non-null   float64
 5   Lot Area         2930 non-null   int64  
 6   Street           2930 non-null   object 
 7   Alley            198 non-null    object 
 8   Lot Shape        2930 non-null   object 
 9   Land Contour     2930 non-null   object 
 10  Utilities        2930 non-null   object 
 11  Lot Config       2930 non-null   object 
 12  Land Slope       2930 non-null   object 
 13  Neighborhood     2930 non-null   object 
 14  Condition 1      2930 non-null   object 
 15  Condition 2      2930 non-null   object 
 16  Bldg Type        2930 non-null   object 
 17  House Style      2930 non-null   object 
 18  Overall Qual     2930 non-null   int64  
 19  Overall Cond     2930 non-null   int64  
 20  Year Built       2930 non-null   int64  
 21  Year Remod/Add   2930 non-null   int64  
 22  Roof Style       2930 non-null   object 
 23  Roof Matl        2930 non-null   object 
 24  Exterior 1st     2930 non-null   object 
 25  Exterior 2nd     2930 non-null   object 
 26  Mas Vnr Type     2907 non-null   object 
 27  Mas Vnr Area     2907 non-null   float64
 28  Exter Qual       2930 non-null   object 
 29  Exter Cond       2930 non-null   object 
 30  Foundation       2930 non-null   object 
 31  Bsmt Qual        2850 non-null   object 
 32  Bsmt Cond        2850 non-null   object 
 33  Bsmt Exposure    2847 non-null   object 
 34  BsmtFin Type 1   2850 non-null   object 
 35  BsmtFin SF 1     2929 non-null   float64
 36  BsmtFin Type 2   2849 non-null   object 
 37  BsmtFin SF 2     2929 non-null   float64
 38  Bsmt Unf SF      2929 non-null   float64
 39  Total Bsmt SF    2929 non-null   float64
 40  Heating          2930 non-null   object 
 41  Heating QC       2930 non-null   object 
 42  Central Air      2930 non-null   object 
 43  Electrical       2929 non-null   object 
 44  1st Flr SF       2930 non-null   int64  
 45  2nd Flr SF       2930 non-null   int64  
 46  Low Qual Fin SF  2930 non-null   int64  
 47  Gr Liv Area      2930 non-null   int64  
 48  Bsmt Full Bath   2928 non-null   float64
 49  Bsmt Half Bath   2928 non-null   float64
 50  Full Bath        2930 non-null   int64  
 51  Half Bath        2930 non-null   int64  
 52  Bedroom AbvGr    2930 non-null   int64  
 53  Kitchen AbvGr    2930 non-null   int64  
 54  Kitchen Qual     2930 non-null   object 
 55  TotRms AbvGrd    2930 non-null   int64  
 56  Functional       2930 non-null   object 
 57  Fireplaces       2930 non-null   int64  
 58  Fireplace Qu     1508 non-null   object 
 59  Garage Type      2773 non-null   object 
 60  Garage Yr Blt    2771 non-null   float64
 61  Garage Finish    2771 non-null   object 
 62  Garage Cars      2929 non-null   float64
 63  Garage Area      2929 non-null   float64
 64  Garage Qual      2771 non-null   object 
 65  Garage Cond      2771 non-null   object 
 66  Paved Drive      2930 non-null   object 
 67  Wood Deck SF     2930 non-null   int64  
 68  Open Porch SF    2930 non-null   int64  
 69  Enclosed Porch   2930 non-null   int64  
 70  3Ssn Porch       2930 non-null   int64  
 71  Screen Porch     2930 non-null   int64  
 72  Pool Area        2930 non-null   int64  
 73  Pool QC          13 non-null     object 
 74  Fence            572 non-null    object 
 75  Misc Feature     106 non-null    object 
 76  Misc Val         2930 non-null   int64  
 77  Mo Sold          2930 non-null   int64  
 78  Yr Sold          2930 non-null   int64  
 79  Sale Type        2930 non-null   object 
 80  Sale Condition   2930 non-null   object 
 81  SalePrice        2930 non-null   int64  
dtypes: float64(11), int64(28), object(43)
memory usage: 1.9+ MB
[2024-11-03T23:42:30.645+0000] {data_prep.py:48} INFO - None
[2024-11-03T23:42:30.650+0000] {logging_mixin.py:137} INFO - <class 'pandas.core.frame.DataFrame'>
Int64Index: 2930 entries, 0 to 2929
Data columns (total 82 columns):
 #   Column           Non-Null Count  Dtype  
---  ------           --------------  -----  
 0   Order            2930 non-null   int64  
 1   PID              2930 non-null   int64  
 2   MS SubClass      2930 non-null   int64  
 3   MS Zoning        2930 non-null   object 
 4   Lot Frontage     2440 non-null   float64
 5   Lot Area         2930 non-null   int64  
 6   Street           2930 non-null   object 
 7   Alley            198 non-null    object 
 8   Lot Shape        2930 non-null   object 
 9   Land Contour     2930 non-null   object 
 10  Utilities        2930 non-null   object 
 11  Lot Config       2930 non-null   object 
 12  Land Slope       2930 non-null   object 
 13  Neighborhood     2930 non-null   object 
 14  Condition 1      2930 non-null   object 
 15  Condition 2      2930 non-null   object 
 16  Bldg Type        2930 non-null   object 
 17  House Style      2930 non-null   object 
 18  Overall Qual     2930 non-null   int64  
 19  Overall Cond     2930 non-null   int64  
 20  Year Built       2930 non-null   int64  
 21  Year Remod/Add   2930 non-null   int64  
 22  Roof Style       2930 non-null   object 
 23  Roof Matl        2930 non-null   object 
 24  Exterior 1st     2930 non-null   object 
 25  Exterior 2nd     2930 non-null   object 
 26  Mas Vnr Type     2907 non-null   object 
 27  Mas Vnr Area     2907 non-null   float64
 28  Exter Qual       2930 non-null   object 
 29  Exter Cond       2930 non-null   object 
 30  Foundation       2930 non-null   object 
 31  Bsmt Qual        2850 non-null   object 
 32  Bsmt Cond        2850 non-null   object 
 33  Bsmt Exposure    2847 non-null   object 
 34  BsmtFin Type 1   2850 non-null   object 
 35  BsmtFin SF 1     2929 non-null   float64
 36  BsmtFin Type 2   2849 non-null   object 
 37  BsmtFin SF 2     2929 non-null   float64
 38  Bsmt Unf SF      2929 non-null   float64
 39  Total Bsmt SF    2929 non-null   float64
 40  Heating          2930 non-null   object 
 41  Heating QC       2930 non-null   object 
 42  Central Air      2930 non-null   object 
 43  Electrical       2929 non-null   object 
 44  1st Flr SF       2930 non-null   int64  
 45  2nd Flr SF       2930 non-null   int64  
 46  Low Qual Fin SF  2930 non-null   int64  
 47  Gr Liv Area      2930 non-null   int64  
 48  Bsmt Full Bath   2928 non-null   float64
 49  Bsmt Half Bath   2928 non-null   float64
 50  Full Bath        2930 non-null   int64  
 51  Half Bath        2930 non-null   int64  
 52  Bedroom AbvGr    2930 non-null   int64  
 53  Kitchen AbvGr    2930 non-null   int64  
 54  Kitchen Qual     2930 non-null   object 
 55  TotRms AbvGrd    2930 non-null   int64  
 56  Functional       2930 non-null   object 
 57  Fireplaces       2930 non-null   int64  
 58  Fireplace Qu     1508 non-null   object 
 59  Garage Type      2773 non-null   object 
 60  Garage Yr Blt    2771 non-null   float64
 61  Garage Finish    2771 non-null   object 
 62  Garage Cars      2929 non-null   float64
 63  Garage Area      2929 non-null   float64
 64  Garage Qual      2771 non-null   object 
 65  Garage Cond      2771 non-null   object 
 66  Paved Drive      2930 non-null   object 
 67  Wood Deck SF     2930 non-null   int64  
 68  Open Porch SF    2930 non-null   int64  
 69  Enclosed Porch   2930 non-null   int64  
 70  3Ssn Porch       2930 non-null   int64  
 71  Screen Porch     2930 non-null   int64  
 72  Pool Area        2930 non-null   int64  
 73  Pool QC          13 non-null     object 
 74  Fence            572 non-null    object 
 75  Misc Feature     106 non-null    object 
 76  Misc Val         2930 non-null   int64  
 77  Mo Sold          2930 non-null   int64  
 78  Yr Sold          2930 non-null   int64  
 79  Sale Type        2930 non-null   object 
 80  Sale Condition   2930 non-null   object 
 81  SalePrice        2930 non-null   int64  
dtypes: float64(11), int64(28), object(43)
memory usage: 1.9+ MB
[2024-11-03T23:42:30.650+0000] {logging_mixin.py:137} INFO - Data Info: None
[2024-11-03T23:42:30.692+0000] {data_prep.py:50} INFO -              Order           PID  ...  Sale Condition      SalePrice
count   2930.00000  2.930000e+03  ...            2930    2930.000000
unique         NaN           NaN  ...               6            NaN
top            NaN           NaN  ...          Normal            NaN
freq           NaN           NaN  ...            2413            NaN
mean    1465.50000  7.144645e+08  ...             NaN  180796.060068
std      845.96247  1.887308e+08  ...             NaN   79886.692357
min        1.00000  5.263011e+08  ...             NaN   12789.000000
25%      733.25000  5.284770e+08  ...             NaN  129500.000000
50%     1465.50000  5.354536e+08  ...             NaN  160000.000000
75%     2197.75000  9.071811e+08  ...             NaN  213500.000000
max     2930.00000  1.007100e+09  ...             NaN  755000.000000

[11 rows x 82 columns]
[2024-11-03T23:42:30.779+0000] {logging_mixin.py:137} INFO - Data Description:              Order           PID  ...  Sale Condition      SalePrice
count   2930.00000  2.930000e+03  ...            2930    2930.000000
unique         NaN           NaN  ...               6            NaN
top            NaN           NaN  ...          Normal            NaN
freq           NaN           NaN  ...            2413            NaN
mean    1465.50000  7.144645e+08  ...             NaN  180796.060068
std      845.96247  1.887308e+08  ...             NaN   79886.692357
min        1.00000  5.263011e+08  ...             NaN   12789.000000
25%      733.25000  5.284770e+08  ...             NaN  129500.000000
50%     1465.50000  5.354536e+08  ...             NaN  160000.000000
75%     2197.75000  9.071811e+08  ...             NaN  213500.000000
max     2930.00000  1.007100e+09  ...             NaN  755000.000000

[11 rows x 82 columns]
[2024-11-03T23:42:30.882+0000] {airflowdag.py:56} INFO - Data overview completed successfully
[2024-11-03T23:42:30.882+0000] {python.py:177} INFO - Done. Returned value was: None
[2024-11-03T23:42:30.886+0000] {taskinstance.py:1323} INFO - Marking task as SUCCESS. dag_id=DAG_Data_Preprocessing, task_id=data_overview_task, execution_date=20241103T234226, start_date=20241103T234230, end_date=20241103T234230
[2024-11-03T23:42:30.916+0000] {local_task_job.py:208} INFO - Task exited with return code 0
[2024-11-03T23:42:30.928+0000] {taskinstance.py:2578} INFO - 1 downstream tasks scheduled from follow-on schedule check
