[2024-10-28T02:24:03.962+0000] {processor.py:153} INFO - Started process (PID=1762) to work on /opt/airflow/dags/airflowdag.py
[2024-10-28T02:24:04.006+0000] {processor.py:743} INFO - Processing file /opt/airflow/dags/airflowdag.py for tasks to queue
[2024-10-28T02:24:04.042+0000] {logging_mixin.py:137} INFO - [2024-10-28T02:24:04.038+0000] {dagbag.py:538} INFO - Filling up the DagBag from /opt/airflow/dags/airflowdag.py
[2024-10-28T02:24:48.655+0000] {logging_mixin.py:137} INFO - [2024-10-28T02:24:41.134+0000] {timeout.py:68} ERROR - Process timed out, PID: 1762
[2024-10-28T02:25:20.071+0000] {logging_mixin.py:137} INFO - [2024-10-28T02:25:20.169+0000] {dagbag.py:343} ERROR - Failed to import: /opt/airflow/dags/airflowdag.py
Traceback (most recent call last):
  File "/home/airflow/.local/lib/python3.7/site-packages/airflow/models/dagbag.py", line 339, in parse
    loader.exec_module(new_module)
  File "<frozen importlib._bootstrap_external>", line 728, in exec_module
  File "<frozen importlib._bootstrap>", line 219, in _call_with_frames_removed
  File "/opt/airflow/dags/airflowdag.py", line 5, in <module>
    from src.data_prep import load_data, data_preprocessing, build_save_model, load_model_elbow
  File "/opt/airflow/dags/src/data_prep.py", line 2, in <module>
    from sklearn.preprocessing import MinMaxScaler
  File "/home/airflow/.local/lib/python3.7/site-packages/sklearn/__init__.py", line 82, in <module>
    from .base import clone
  File "/home/airflow/.local/lib/python3.7/site-packages/sklearn/base.py", line 17, in <module>
    from .utils import _IS_32BIT
  File "/home/airflow/.local/lib/python3.7/site-packages/sklearn/utils/__init__.py", line 28, in <module>
    from .fixes import np_version, parse_version
  File "/home/airflow/.local/lib/python3.7/site-packages/sklearn/utils/fixes.py", line 20, in <module>
    import scipy.stats
  File "/home/airflow/.local/lib/python3.7/site-packages/scipy/stats/__init__.py", line 441, in <module>
    from .stats import *
  File "/home/airflow/.local/lib/python3.7/site-packages/scipy/stats/stats.py", line 43, in <module>
    from . import distributions
  File "/home/airflow/.local/lib/python3.7/site-packages/scipy/stats/distributions.py", line 8, in <module>
    from ._distn_infrastructure import (rv_discrete, rv_continuous, rv_frozen)
  File "/home/airflow/.local/lib/python3.7/site-packages/scipy/stats/_distn_infrastructure.py", line 27, in <module>
    from scipy import integrate
  File "/home/airflow/.local/lib/python3.7/site-packages/scipy/integrate/__init__.py", line 91, in <module>
    from .odepack import *
  File "/home/airflow/.local/lib/python3.7/site-packages/scipy/integrate/odepack.py", line 6, in <module>
    from . import _odepack
  File "/home/airflow/.local/lib/python3.7/site-packages/airflow/utils/timeout.py", line 69, in handle_timeout
    raise AirflowTaskTimeout(self.error_message)
airflow.exceptions.AirflowTaskTimeout: DagBag import timeout for /opt/airflow/dags/airflowdag.py after 30.0s.
Please take a look at these docs to improve your DAG import time:
* https://airflow.apache.org/docs/apache-airflow/2.5.1/best-practices.html#top-level-python-code
* https://airflow.apache.org/docs/apache-airflow/2.5.1/best-practices.html#reducing-dag-complexity, PID: 1762
[2024-10-28T02:25:20.942+0000] {processor.py:755} WARNING - No viable dags retrieved from /opt/airflow/dags/airflowdag.py
[2024-10-28T02:25:57.466+0000] {processor.py:153} INFO - Started process (PID=1818) to work on /opt/airflow/dags/airflowdag.py
[2024-10-28T02:25:57.475+0000] {processor.py:743} INFO - Processing file /opt/airflow/dags/airflowdag.py for tasks to queue
[2024-10-28T02:25:57.487+0000] {logging_mixin.py:137} INFO - [2024-10-28T02:25:57.486+0000] {dagbag.py:538} INFO - Filling up the DagBag from /opt/airflow/dags/airflowdag.py
[2024-10-28T02:26:09.103+0000] {processor.py:753} INFO - DAG(s) dict_keys(['DAG_Data_Preprocessing']) retrieved from /opt/airflow/dags/airflowdag.py
[2024-10-28T02:26:09.236+0000] {logging_mixin.py:137} INFO - [2024-10-28T02:26:09.235+0000] {dag.py:2690} INFO - Sync 1 DAGs
[2024-10-28T02:26:09.291+0000] {logging_mixin.py:137} INFO - [2024-10-28T02:26:09.290+0000] {dag.py:3441} INFO - Setting next_dagrun for DAG_Data_Preprocessing to None, run_after=None
[2024-10-28T02:26:09.347+0000] {processor.py:175} INFO - Processing /opt/airflow/dags/airflowdag.py took 11.970 seconds
[2024-10-28T02:26:39.992+0000] {processor.py:153} INFO - Started process (PID=1893) to work on /opt/airflow/dags/airflowdag.py
[2024-10-28T02:26:39.993+0000] {processor.py:743} INFO - Processing file /opt/airflow/dags/airflowdag.py for tasks to queue
[2024-10-28T02:26:39.994+0000] {logging_mixin.py:137} INFO - [2024-10-28T02:26:39.994+0000] {dagbag.py:538} INFO - Filling up the DagBag from /opt/airflow/dags/airflowdag.py
[2024-10-28T02:26:40.438+0000] {processor.py:753} INFO - DAG(s) dict_keys(['DAG_Data_Preprocessing']) retrieved from /opt/airflow/dags/airflowdag.py
[2024-10-28T02:26:40.480+0000] {logging_mixin.py:137} INFO - [2024-10-28T02:26:40.479+0000] {dag.py:2690} INFO - Sync 1 DAGs
[2024-10-28T02:26:40.515+0000] {logging_mixin.py:137} INFO - [2024-10-28T02:26:40.515+0000] {dag.py:3441} INFO - Setting next_dagrun for DAG_Data_Preprocessing to None, run_after=None
[2024-10-28T02:26:40.543+0000] {processor.py:175} INFO - Processing /opt/airflow/dags/airflowdag.py took 1.596 seconds
[2024-10-28T02:27:10.896+0000] {processor.py:153} INFO - Started process (PID=1967) to work on /opt/airflow/dags/airflowdag.py
[2024-10-28T02:27:10.897+0000] {processor.py:743} INFO - Processing file /opt/airflow/dags/airflowdag.py for tasks to queue
[2024-10-28T02:27:10.898+0000] {logging_mixin.py:137} INFO - [2024-10-28T02:27:10.898+0000] {dagbag.py:538} INFO - Filling up the DagBag from /opt/airflow/dags/airflowdag.py
[2024-10-28T02:27:11.733+0000] {processor.py:753} INFO - DAG(s) dict_keys(['DAG_Data_Preprocessing']) retrieved from /opt/airflow/dags/airflowdag.py
[2024-10-28T02:27:11.757+0000] {logging_mixin.py:137} INFO - [2024-10-28T02:27:11.757+0000] {dag.py:2690} INFO - Sync 1 DAGs
[2024-10-28T02:27:11.781+0000] {logging_mixin.py:137} INFO - [2024-10-28T02:27:11.781+0000] {dag.py:3441} INFO - Setting next_dagrun for DAG_Data_Preprocessing to None, run_after=None
[2024-10-28T02:27:11.804+0000] {processor.py:175} INFO - Processing /opt/airflow/dags/airflowdag.py took 0.911 seconds
[2024-10-28T02:27:44.044+0000] {processor.py:153} INFO - Started process (PID=2017) to work on /opt/airflow/dags/airflowdag.py
[2024-10-28T02:27:44.078+0000] {processor.py:743} INFO - Processing file /opt/airflow/dags/airflowdag.py for tasks to queue
[2024-10-28T02:27:44.148+0000] {logging_mixin.py:137} INFO - [2024-10-28T02:27:44.143+0000] {dagbag.py:538} INFO - Filling up the DagBag from /opt/airflow/dags/airflowdag.py
[2024-10-28T02:28:10.510+0000] {processor.py:753} INFO - DAG(s) dict_keys(['DAG_Data_Preprocessing']) retrieved from /opt/airflow/dags/airflowdag.py
[2024-10-28T02:28:10.984+0000] {logging_mixin.py:137} INFO - [2024-10-28T02:28:10.982+0000] {dag.py:2690} INFO - Sync 1 DAGs
[2024-10-28T02:28:11.342+0000] {logging_mixin.py:137} INFO - [2024-10-28T02:28:11.341+0000] {dag.py:3441} INFO - Setting next_dagrun for DAG_Data_Preprocessing to None, run_after=None
[2024-10-28T02:28:11.482+0000] {processor.py:175} INFO - Processing /opt/airflow/dags/airflowdag.py took 28.744 seconds
[2024-10-28T02:28:42.249+0000] {processor.py:153} INFO - Started process (PID=2091) to work on /opt/airflow/dags/airflowdag.py
[2024-10-28T02:28:42.253+0000] {processor.py:743} INFO - Processing file /opt/airflow/dags/airflowdag.py for tasks to queue
[2024-10-28T02:28:42.259+0000] {logging_mixin.py:137} INFO - [2024-10-28T02:28:42.259+0000] {dagbag.py:538} INFO - Filling up the DagBag from /opt/airflow/dags/airflowdag.py
[2024-10-28T02:28:46.617+0000] {processor.py:753} INFO - DAG(s) dict_keys(['DAG_Data_Preprocessing']) retrieved from /opt/airflow/dags/airflowdag.py
[2024-10-28T02:28:46.779+0000] {logging_mixin.py:137} INFO - [2024-10-28T02:28:46.777+0000] {dag.py:2690} INFO - Sync 1 DAGs
[2024-10-28T02:28:46.954+0000] {logging_mixin.py:137} INFO - [2024-10-28T02:28:46.953+0000] {dag.py:3441} INFO - Setting next_dagrun for DAG_Data_Preprocessing to None, run_after=None
[2024-10-28T02:28:47.059+0000] {processor.py:175} INFO - Processing /opt/airflow/dags/airflowdag.py took 4.832 seconds
[2024-10-28T02:29:17.531+0000] {processor.py:153} INFO - Started process (PID=2165) to work on /opt/airflow/dags/airflowdag.py
[2024-10-28T02:29:17.533+0000] {processor.py:743} INFO - Processing file /opt/airflow/dags/airflowdag.py for tasks to queue
[2024-10-28T02:29:17.534+0000] {logging_mixin.py:137} INFO - [2024-10-28T02:29:17.534+0000] {dagbag.py:538} INFO - Filling up the DagBag from /opt/airflow/dags/airflowdag.py
[2024-10-28T02:29:18.726+0000] {processor.py:753} INFO - DAG(s) dict_keys(['DAG_Data_Preprocessing']) retrieved from /opt/airflow/dags/airflowdag.py
[2024-10-28T02:29:18.762+0000] {logging_mixin.py:137} INFO - [2024-10-28T02:29:18.760+0000] {dag.py:2690} INFO - Sync 1 DAGs
[2024-10-28T02:29:18.795+0000] {logging_mixin.py:137} INFO - [2024-10-28T02:29:18.794+0000] {dag.py:3441} INFO - Setting next_dagrun for DAG_Data_Preprocessing to None, run_after=None
[2024-10-28T02:29:18.826+0000] {processor.py:175} INFO - Processing /opt/airflow/dags/airflowdag.py took 1.301 seconds
[2024-10-28T02:29:49.076+0000] {processor.py:153} INFO - Started process (PID=2215) to work on /opt/airflow/dags/airflowdag.py
[2024-10-28T02:29:49.078+0000] {processor.py:743} INFO - Processing file /opt/airflow/dags/airflowdag.py for tasks to queue
[2024-10-28T02:29:49.081+0000] {logging_mixin.py:137} INFO - [2024-10-28T02:29:49.081+0000] {dagbag.py:538} INFO - Filling up the DagBag from /opt/airflow/dags/airflowdag.py
[2024-10-28T02:29:54.747+0000] {processor.py:753} INFO - DAG(s) dict_keys(['DAG_Data_Preprocessing']) retrieved from /opt/airflow/dags/airflowdag.py
[2024-10-28T02:29:55.039+0000] {logging_mixin.py:137} INFO - [2024-10-28T02:29:55.038+0000] {dag.py:2690} INFO - Sync 1 DAGs
[2024-10-28T02:29:55.169+0000] {logging_mixin.py:137} INFO - [2024-10-28T02:29:55.169+0000] {dag.py:3441} INFO - Setting next_dagrun for DAG_Data_Preprocessing to None, run_after=None
[2024-10-28T02:29:55.290+0000] {processor.py:175} INFO - Processing /opt/airflow/dags/airflowdag.py took 6.232 seconds
[2024-10-28T02:30:25.689+0000] {processor.py:153} INFO - Started process (PID=2289) to work on /opt/airflow/dags/airflowdag.py
[2024-10-28T02:30:25.693+0000] {processor.py:743} INFO - Processing file /opt/airflow/dags/airflowdag.py for tasks to queue
[2024-10-28T02:30:25.701+0000] {logging_mixin.py:137} INFO - [2024-10-28T02:30:25.699+0000] {dagbag.py:538} INFO - Filling up the DagBag from /opt/airflow/dags/airflowdag.py
[2024-10-28T02:30:28.840+0000] {processor.py:753} INFO - DAG(s) dict_keys(['DAG_Data_Preprocessing']) retrieved from /opt/airflow/dags/airflowdag.py
[2024-10-28T02:30:28.879+0000] {logging_mixin.py:137} INFO - [2024-10-28T02:30:28.878+0000] {dag.py:2690} INFO - Sync 1 DAGs
[2024-10-28T02:30:28.923+0000] {logging_mixin.py:137} INFO - [2024-10-28T02:30:28.923+0000] {dag.py:3441} INFO - Setting next_dagrun for DAG_Data_Preprocessing to None, run_after=None
[2024-10-28T02:30:28.977+0000] {processor.py:175} INFO - Processing /opt/airflow/dags/airflowdag.py took 3.321 seconds
[2024-10-28T02:30:59.068+0000] {processor.py:153} INFO - Started process (PID=2339) to work on /opt/airflow/dags/airflowdag.py
[2024-10-28T02:30:59.070+0000] {processor.py:743} INFO - Processing file /opt/airflow/dags/airflowdag.py for tasks to queue
[2024-10-28T02:30:59.071+0000] {logging_mixin.py:137} INFO - [2024-10-28T02:30:59.071+0000] {dagbag.py:538} INFO - Filling up the DagBag from /opt/airflow/dags/airflowdag.py
[2024-10-28T02:31:00.069+0000] {processor.py:753} INFO - DAG(s) dict_keys(['DAG_Data_Preprocessing']) retrieved from /opt/airflow/dags/airflowdag.py
[2024-10-28T02:31:00.098+0000] {logging_mixin.py:137} INFO - [2024-10-28T02:31:00.097+0000] {dag.py:2690} INFO - Sync 1 DAGs
[2024-10-28T02:31:00.130+0000] {logging_mixin.py:137} INFO - [2024-10-28T02:31:00.130+0000] {dag.py:3441} INFO - Setting next_dagrun for DAG_Data_Preprocessing to None, run_after=None
[2024-10-28T02:31:00.160+0000] {processor.py:175} INFO - Processing /opt/airflow/dags/airflowdag.py took 1.095 seconds
[2024-10-28T02:31:30.432+0000] {processor.py:153} INFO - Started process (PID=2413) to work on /opt/airflow/dags/airflowdag.py
[2024-10-28T02:31:30.440+0000] {processor.py:743} INFO - Processing file /opt/airflow/dags/airflowdag.py for tasks to queue
[2024-10-28T02:31:30.443+0000] {logging_mixin.py:137} INFO - [2024-10-28T02:31:30.442+0000] {dagbag.py:538} INFO - Filling up the DagBag from /opt/airflow/dags/airflowdag.py
[2024-10-28T02:31:31.166+0000] {processor.py:753} INFO - DAG(s) dict_keys(['DAG_Data_Preprocessing']) retrieved from /opt/airflow/dags/airflowdag.py
[2024-10-28T02:31:31.193+0000] {logging_mixin.py:137} INFO - [2024-10-28T02:31:31.192+0000] {dag.py:2690} INFO - Sync 1 DAGs
[2024-10-28T02:31:31.219+0000] {logging_mixin.py:137} INFO - [2024-10-28T02:31:31.218+0000] {dag.py:3441} INFO - Setting next_dagrun for DAG_Data_Preprocessing to None, run_after=None
[2024-10-28T02:31:31.242+0000] {processor.py:175} INFO - Processing /opt/airflow/dags/airflowdag.py took 1.650 seconds
[2024-10-28T02:32:01.474+0000] {processor.py:153} INFO - Started process (PID=2470) to work on /opt/airflow/dags/airflowdag.py
[2024-10-28T02:32:01.475+0000] {processor.py:743} INFO - Processing file /opt/airflow/dags/airflowdag.py for tasks to queue
[2024-10-28T02:32:01.477+0000] {logging_mixin.py:137} INFO - [2024-10-28T02:32:01.477+0000] {dagbag.py:538} INFO - Filling up the DagBag from /opt/airflow/dags/airflowdag.py
[2024-10-28T02:32:03.027+0000] {processor.py:753} INFO - DAG(s) dict_keys(['DAG_Data_Preprocessing']) retrieved from /opt/airflow/dags/airflowdag.py
[2024-10-28T02:32:03.075+0000] {logging_mixin.py:137} INFO - [2024-10-28T02:32:03.074+0000] {dag.py:2690} INFO - Sync 1 DAGs
[2024-10-28T02:32:03.108+0000] {logging_mixin.py:137} INFO - [2024-10-28T02:32:03.107+0000] {dag.py:3441} INFO - Setting next_dagrun for DAG_Data_Preprocessing to None, run_after=None
[2024-10-28T02:32:03.136+0000] {processor.py:175} INFO - Processing /opt/airflow/dags/airflowdag.py took 1.667 seconds
[2024-10-28T02:32:33.504+0000] {processor.py:153} INFO - Started process (PID=2537) to work on /opt/airflow/dags/airflowdag.py
[2024-10-28T02:32:33.506+0000] {processor.py:743} INFO - Processing file /opt/airflow/dags/airflowdag.py for tasks to queue
[2024-10-28T02:32:33.508+0000] {logging_mixin.py:137} INFO - [2024-10-28T02:32:33.508+0000] {dagbag.py:538} INFO - Filling up the DagBag from /opt/airflow/dags/airflowdag.py
[2024-10-28T02:32:35.115+0000] {processor.py:753} INFO - DAG(s) dict_keys(['DAG_Data_Preprocessing']) retrieved from /opt/airflow/dags/airflowdag.py
[2024-10-28T02:32:35.147+0000] {logging_mixin.py:137} INFO - [2024-10-28T02:32:35.145+0000] {dag.py:2690} INFO - Sync 1 DAGs
[2024-10-28T02:32:35.179+0000] {logging_mixin.py:137} INFO - [2024-10-28T02:32:35.179+0000] {dag.py:3441} INFO - Setting next_dagrun for DAG_Data_Preprocessing to None, run_after=None
[2024-10-28T02:32:35.211+0000] {processor.py:175} INFO - Processing /opt/airflow/dags/airflowdag.py took 1.713 seconds
[2024-10-28T02:33:05.581+0000] {processor.py:153} INFO - Started process (PID=2587) to work on /opt/airflow/dags/airflowdag.py
[2024-10-28T02:33:05.582+0000] {processor.py:743} INFO - Processing file /opt/airflow/dags/airflowdag.py for tasks to queue
[2024-10-28T02:33:05.583+0000] {logging_mixin.py:137} INFO - [2024-10-28T02:33:05.583+0000] {dagbag.py:538} INFO - Filling up the DagBag from /opt/airflow/dags/airflowdag.py
[2024-10-28T02:33:07.433+0000] {processor.py:753} INFO - DAG(s) dict_keys(['DAG_Data_Preprocessing']) retrieved from /opt/airflow/dags/airflowdag.py
[2024-10-28T02:33:07.514+0000] {logging_mixin.py:137} INFO - [2024-10-28T02:33:07.513+0000] {dag.py:2690} INFO - Sync 1 DAGs
[2024-10-28T02:33:07.581+0000] {logging_mixin.py:137} INFO - [2024-10-28T02:33:07.580+0000] {dag.py:3441} INFO - Setting next_dagrun for DAG_Data_Preprocessing to None, run_after=None
[2024-10-28T02:33:07.623+0000] {processor.py:175} INFO - Processing /opt/airflow/dags/airflowdag.py took 2.046 seconds
[2024-10-28T02:33:38.068+0000] {processor.py:153} INFO - Started process (PID=2662) to work on /opt/airflow/dags/airflowdag.py
[2024-10-28T02:33:38.070+0000] {processor.py:743} INFO - Processing file /opt/airflow/dags/airflowdag.py for tasks to queue
[2024-10-28T02:33:38.071+0000] {logging_mixin.py:137} INFO - [2024-10-28T02:33:38.070+0000] {dagbag.py:538} INFO - Filling up the DagBag from /opt/airflow/dags/airflowdag.py
[2024-10-28T02:33:39.603+0000] {processor.py:753} INFO - DAG(s) dict_keys(['DAG_Data_Preprocessing']) retrieved from /opt/airflow/dags/airflowdag.py
[2024-10-28T02:33:39.631+0000] {logging_mixin.py:137} INFO - [2024-10-28T02:33:39.630+0000] {dag.py:2690} INFO - Sync 1 DAGs
[2024-10-28T02:33:39.655+0000] {logging_mixin.py:137} INFO - [2024-10-28T02:33:39.655+0000] {dag.py:3441} INFO - Setting next_dagrun for DAG_Data_Preprocessing to None, run_after=None
[2024-10-28T02:33:39.679+0000] {processor.py:175} INFO - Processing /opt/airflow/dags/airflowdag.py took 1.614 seconds
[2024-10-28T02:34:10.021+0000] {processor.py:153} INFO - Started process (PID=2713) to work on /opt/airflow/dags/airflowdag.py
[2024-10-28T02:34:10.022+0000] {processor.py:743} INFO - Processing file /opt/airflow/dags/airflowdag.py for tasks to queue
[2024-10-28T02:34:10.023+0000] {logging_mixin.py:137} INFO - [2024-10-28T02:34:10.023+0000] {dagbag.py:538} INFO - Filling up the DagBag from /opt/airflow/dags/airflowdag.py
[2024-10-28T02:34:11.209+0000] {processor.py:753} INFO - DAG(s) dict_keys(['DAG_Data_Preprocessing']) retrieved from /opt/airflow/dags/airflowdag.py
[2024-10-28T02:34:11.236+0000] {logging_mixin.py:137} INFO - [2024-10-28T02:34:11.236+0000] {dag.py:2690} INFO - Sync 1 DAGs
[2024-10-28T02:34:11.265+0000] {logging_mixin.py:137} INFO - [2024-10-28T02:34:11.265+0000] {dag.py:3441} INFO - Setting next_dagrun for DAG_Data_Preprocessing to None, run_after=None
[2024-10-28T02:34:11.294+0000] {processor.py:175} INFO - Processing /opt/airflow/dags/airflowdag.py took 1.276 seconds
[2024-10-28T02:34:41.338+0000] {processor.py:153} INFO - Started process (PID=2787) to work on /opt/airflow/dags/airflowdag.py
[2024-10-28T02:34:41.340+0000] {processor.py:743} INFO - Processing file /opt/airflow/dags/airflowdag.py for tasks to queue
[2024-10-28T02:34:41.341+0000] {logging_mixin.py:137} INFO - [2024-10-28T02:34:41.340+0000] {dagbag.py:538} INFO - Filling up the DagBag from /opt/airflow/dags/airflowdag.py
[2024-10-28T02:34:42.444+0000] {processor.py:753} INFO - DAG(s) dict_keys(['DAG_Data_Preprocessing']) retrieved from /opt/airflow/dags/airflowdag.py
[2024-10-28T02:34:42.478+0000] {logging_mixin.py:137} INFO - [2024-10-28T02:34:42.477+0000] {dag.py:2690} INFO - Sync 1 DAGs
[2024-10-28T02:34:42.505+0000] {logging_mixin.py:137} INFO - [2024-10-28T02:34:42.504+0000] {dag.py:3441} INFO - Setting next_dagrun for DAG_Data_Preprocessing to None, run_after=None
[2024-10-28T02:34:42.534+0000] {processor.py:175} INFO - Processing /opt/airflow/dags/airflowdag.py took 1.199 seconds
[2024-10-28T02:35:12.783+0000] {processor.py:153} INFO - Started process (PID=2844) to work on /opt/airflow/dags/airflowdag.py
[2024-10-28T02:35:12.784+0000] {processor.py:743} INFO - Processing file /opt/airflow/dags/airflowdag.py for tasks to queue
[2024-10-28T02:35:12.786+0000] {logging_mixin.py:137} INFO - [2024-10-28T02:35:12.786+0000] {dagbag.py:538} INFO - Filling up the DagBag from /opt/airflow/dags/airflowdag.py
[2024-10-28T02:35:13.745+0000] {processor.py:753} INFO - DAG(s) dict_keys(['DAG_Data_Preprocessing']) retrieved from /opt/airflow/dags/airflowdag.py
[2024-10-28T02:35:13.782+0000] {logging_mixin.py:137} INFO - [2024-10-28T02:35:13.782+0000] {dag.py:2690} INFO - Sync 1 DAGs
[2024-10-28T02:35:13.822+0000] {logging_mixin.py:137} INFO - [2024-10-28T02:35:13.822+0000] {dag.py:3441} INFO - Setting next_dagrun for DAG_Data_Preprocessing to None, run_after=None
[2024-10-28T02:35:13.852+0000] {processor.py:175} INFO - Processing /opt/airflow/dags/airflowdag.py took 1.071 seconds
[2024-10-28T02:35:44.126+0000] {processor.py:153} INFO - Started process (PID=2911) to work on /opt/airflow/dags/airflowdag.py
[2024-10-28T02:35:44.127+0000] {processor.py:743} INFO - Processing file /opt/airflow/dags/airflowdag.py for tasks to queue
[2024-10-28T02:35:44.128+0000] {logging_mixin.py:137} INFO - [2024-10-28T02:35:44.128+0000] {dagbag.py:538} INFO - Filling up the DagBag from /opt/airflow/dags/airflowdag.py
[2024-10-28T02:35:45.652+0000] {processor.py:753} INFO - DAG(s) dict_keys(['DAG_Data_Preprocessing']) retrieved from /opt/airflow/dags/airflowdag.py
[2024-10-28T02:35:45.723+0000] {logging_mixin.py:137} INFO - [2024-10-28T02:35:45.722+0000] {dag.py:2690} INFO - Sync 1 DAGs
[2024-10-28T02:35:45.765+0000] {logging_mixin.py:137} INFO - [2024-10-28T02:35:45.765+0000] {dag.py:3441} INFO - Setting next_dagrun for DAG_Data_Preprocessing to None, run_after=None
[2024-10-28T02:35:45.812+0000] {processor.py:175} INFO - Processing /opt/airflow/dags/airflowdag.py took 1.690 seconds
[2024-10-28T02:36:16.132+0000] {processor.py:153} INFO - Started process (PID=2970) to work on /opt/airflow/dags/airflowdag.py
[2024-10-28T02:36:16.133+0000] {processor.py:743} INFO - Processing file /opt/airflow/dags/airflowdag.py for tasks to queue
[2024-10-28T02:36:16.134+0000] {logging_mixin.py:137} INFO - [2024-10-28T02:36:16.134+0000] {dagbag.py:538} INFO - Filling up the DagBag from /opt/airflow/dags/airflowdag.py
[2024-10-28T02:36:17.711+0000] {processor.py:753} INFO - DAG(s) dict_keys(['DAG_Data_Preprocessing']) retrieved from /opt/airflow/dags/airflowdag.py
[2024-10-28T02:36:17.790+0000] {logging_mixin.py:137} INFO - [2024-10-28T02:36:17.789+0000] {dag.py:2690} INFO - Sync 1 DAGs
[2024-10-28T02:36:17.835+0000] {logging_mixin.py:137} INFO - [2024-10-28T02:36:17.835+0000] {dag.py:3441} INFO - Setting next_dagrun for DAG_Data_Preprocessing to None, run_after=None
[2024-10-28T02:36:17.873+0000] {processor.py:175} INFO - Processing /opt/airflow/dags/airflowdag.py took 1.745 seconds
[2024-10-28T02:36:48.150+0000] {processor.py:153} INFO - Started process (PID=3035) to work on /opt/airflow/dags/airflowdag.py
[2024-10-28T02:36:48.152+0000] {processor.py:743} INFO - Processing file /opt/airflow/dags/airflowdag.py for tasks to queue
[2024-10-28T02:36:48.152+0000] {logging_mixin.py:137} INFO - [2024-10-28T02:36:48.152+0000] {dagbag.py:538} INFO - Filling up the DagBag from /opt/airflow/dags/airflowdag.py
[2024-10-28T02:36:49.428+0000] {processor.py:753} INFO - DAG(s) dict_keys(['DAG_Data_Preprocessing']) retrieved from /opt/airflow/dags/airflowdag.py
[2024-10-28T02:36:49.461+0000] {logging_mixin.py:137} INFO - [2024-10-28T02:36:49.461+0000] {dag.py:2690} INFO - Sync 1 DAGs
[2024-10-28T02:36:49.487+0000] {logging_mixin.py:137} INFO - [2024-10-28T02:36:49.487+0000] {dag.py:3441} INFO - Setting next_dagrun for DAG_Data_Preprocessing to None, run_after=None
[2024-10-28T02:36:49.512+0000] {processor.py:175} INFO - Processing /opt/airflow/dags/airflowdag.py took 1.365 seconds
[2024-10-28T02:37:19.573+0000] {processor.py:153} INFO - Started process (PID=3094) to work on /opt/airflow/dags/airflowdag.py
[2024-10-28T02:37:19.575+0000] {processor.py:743} INFO - Processing file /opt/airflow/dags/airflowdag.py for tasks to queue
[2024-10-28T02:37:19.577+0000] {logging_mixin.py:137} INFO - [2024-10-28T02:37:19.577+0000] {dagbag.py:538} INFO - Filling up the DagBag from /opt/airflow/dags/airflowdag.py
[2024-10-28T02:37:21.926+0000] {processor.py:753} INFO - DAG(s) dict_keys(['DAG_Data_Preprocessing']) retrieved from /opt/airflow/dags/airflowdag.py
[2024-10-28T02:37:21.975+0000] {logging_mixin.py:137} INFO - [2024-10-28T02:37:21.975+0000] {dag.py:2690} INFO - Sync 1 DAGs
[2024-10-28T02:37:22.011+0000] {logging_mixin.py:137} INFO - [2024-10-28T02:37:22.010+0000] {dag.py:3441} INFO - Setting next_dagrun for DAG_Data_Preprocessing to None, run_after=None
[2024-10-28T02:37:22.045+0000] {processor.py:175} INFO - Processing /opt/airflow/dags/airflowdag.py took 2.478 seconds
[2024-10-28T02:37:52.223+0000] {processor.py:153} INFO - Started process (PID=3159) to work on /opt/airflow/dags/airflowdag.py
[2024-10-28T02:37:52.225+0000] {processor.py:743} INFO - Processing file /opt/airflow/dags/airflowdag.py for tasks to queue
[2024-10-28T02:37:52.227+0000] {logging_mixin.py:137} INFO - [2024-10-28T02:37:52.226+0000] {dagbag.py:538} INFO - Filling up the DagBag from /opt/airflow/dags/airflowdag.py
[2024-10-28T02:37:53.653+0000] {processor.py:753} INFO - DAG(s) dict_keys(['DAG_Data_Preprocessing']) retrieved from /opt/airflow/dags/airflowdag.py
[2024-10-28T02:37:53.681+0000] {logging_mixin.py:137} INFO - [2024-10-28T02:37:53.680+0000] {dag.py:2690} INFO - Sync 1 DAGs
[2024-10-28T02:37:53.704+0000] {logging_mixin.py:137} INFO - [2024-10-28T02:37:53.704+0000] {dag.py:3441} INFO - Setting next_dagrun for DAG_Data_Preprocessing to None, run_after=None
[2024-10-28T02:37:53.728+0000] {processor.py:175} INFO - Processing /opt/airflow/dags/airflowdag.py took 1.508 seconds
[2024-10-28T02:38:24.091+0000] {processor.py:153} INFO - Started process (PID=3218) to work on /opt/airflow/dags/airflowdag.py
[2024-10-28T02:38:24.093+0000] {processor.py:743} INFO - Processing file /opt/airflow/dags/airflowdag.py for tasks to queue
[2024-10-28T02:38:24.095+0000] {logging_mixin.py:137} INFO - [2024-10-28T02:38:24.095+0000] {dagbag.py:538} INFO - Filling up the DagBag from /opt/airflow/dags/airflowdag.py
[2024-10-28T02:38:26.939+0000] {processor.py:753} INFO - DAG(s) dict_keys(['DAG_Data_Preprocessing']) retrieved from /opt/airflow/dags/airflowdag.py
[2024-10-28T02:38:27.050+0000] {logging_mixin.py:137} INFO - [2024-10-28T02:38:27.049+0000] {dag.py:2690} INFO - Sync 1 DAGs
[2024-10-28T02:38:27.097+0000] {logging_mixin.py:137} INFO - [2024-10-28T02:38:27.096+0000] {dag.py:3441} INFO - Setting next_dagrun for DAG_Data_Preprocessing to None, run_after=None
[2024-10-28T02:38:27.177+0000] {processor.py:175} INFO - Processing /opt/airflow/dags/airflowdag.py took 3.091 seconds
[2024-10-28T02:38:57.557+0000] {processor.py:153} INFO - Started process (PID=3283) to work on /opt/airflow/dags/airflowdag.py
[2024-10-28T02:38:57.558+0000] {processor.py:743} INFO - Processing file /opt/airflow/dags/airflowdag.py for tasks to queue
[2024-10-28T02:38:57.559+0000] {logging_mixin.py:137} INFO - [2024-10-28T02:38:57.559+0000] {dagbag.py:538} INFO - Filling up the DagBag from /opt/airflow/dags/airflowdag.py
[2024-10-28T02:38:58.946+0000] {processor.py:753} INFO - DAG(s) dict_keys(['DAG_Data_Preprocessing']) retrieved from /opt/airflow/dags/airflowdag.py
[2024-10-28T02:38:58.969+0000] {logging_mixin.py:137} INFO - [2024-10-28T02:38:58.968+0000] {dag.py:2690} INFO - Sync 1 DAGs
[2024-10-28T02:38:58.995+0000] {logging_mixin.py:137} INFO - [2024-10-28T02:38:58.995+0000] {dag.py:3441} INFO - Setting next_dagrun for DAG_Data_Preprocessing to None, run_after=None
[2024-10-28T02:38:59.019+0000] {processor.py:175} INFO - Processing /opt/airflow/dags/airflowdag.py took 1.465 seconds
[2024-10-28T02:39:29.389+0000] {processor.py:153} INFO - Started process (PID=3342) to work on /opt/airflow/dags/airflowdag.py
[2024-10-28T02:39:29.391+0000] {processor.py:743} INFO - Processing file /opt/airflow/dags/airflowdag.py for tasks to queue
[2024-10-28T02:39:29.392+0000] {logging_mixin.py:137} INFO - [2024-10-28T02:39:29.392+0000] {dagbag.py:538} INFO - Filling up the DagBag from /opt/airflow/dags/airflowdag.py
[2024-10-28T02:39:31.049+0000] {processor.py:753} INFO - DAG(s) dict_keys(['DAG_Data_Preprocessing']) retrieved from /opt/airflow/dags/airflowdag.py
[2024-10-28T02:39:31.093+0000] {logging_mixin.py:137} INFO - [2024-10-28T02:39:31.092+0000] {dag.py:2690} INFO - Sync 1 DAGs
[2024-10-28T02:39:31.125+0000] {logging_mixin.py:137} INFO - [2024-10-28T02:39:31.125+0000] {dag.py:3441} INFO - Setting next_dagrun for DAG_Data_Preprocessing to None, run_after=None
[2024-10-28T02:39:31.158+0000] {processor.py:175} INFO - Processing /opt/airflow/dags/airflowdag.py took 1.773 seconds
[2024-10-28T02:40:01.212+0000] {processor.py:153} INFO - Started process (PID=3408) to work on /opt/airflow/dags/airflowdag.py
[2024-10-28T02:40:01.214+0000] {processor.py:743} INFO - Processing file /opt/airflow/dags/airflowdag.py for tasks to queue
[2024-10-28T02:40:01.215+0000] {logging_mixin.py:137} INFO - [2024-10-28T02:40:01.215+0000] {dagbag.py:538} INFO - Filling up the DagBag from /opt/airflow/dags/airflowdag.py
[2024-10-28T02:40:02.638+0000] {processor.py:753} INFO - DAG(s) dict_keys(['DAG_Data_Preprocessing']) retrieved from /opt/airflow/dags/airflowdag.py
[2024-10-28T02:40:02.671+0000] {logging_mixin.py:137} INFO - [2024-10-28T02:40:02.670+0000] {dag.py:2690} INFO - Sync 1 DAGs
[2024-10-28T02:40:02.696+0000] {logging_mixin.py:137} INFO - [2024-10-28T02:40:02.695+0000] {dag.py:3441} INFO - Setting next_dagrun for DAG_Data_Preprocessing to None, run_after=None
[2024-10-28T02:40:02.721+0000] {processor.py:175} INFO - Processing /opt/airflow/dags/airflowdag.py took 1.512 seconds
[2024-10-28T02:40:33.040+0000] {processor.py:153} INFO - Started process (PID=3467) to work on /opt/airflow/dags/airflowdag.py
[2024-10-28T02:40:33.042+0000] {processor.py:743} INFO - Processing file /opt/airflow/dags/airflowdag.py for tasks to queue
[2024-10-28T02:40:33.044+0000] {logging_mixin.py:137} INFO - [2024-10-28T02:40:33.044+0000] {dagbag.py:538} INFO - Filling up the DagBag from /opt/airflow/dags/airflowdag.py
[2024-10-28T02:40:35.700+0000] {processor.py:753} INFO - DAG(s) dict_keys(['DAG_Data_Preprocessing']) retrieved from /opt/airflow/dags/airflowdag.py
[2024-10-28T02:40:35.771+0000] {logging_mixin.py:137} INFO - [2024-10-28T02:40:35.770+0000] {dag.py:2690} INFO - Sync 1 DAGs
[2024-10-28T02:40:35.806+0000] {logging_mixin.py:137} INFO - [2024-10-28T02:40:35.805+0000] {dag.py:3441} INFO - Setting next_dagrun for DAG_Data_Preprocessing to None, run_after=None
[2024-10-28T02:40:35.836+0000] {processor.py:175} INFO - Processing /opt/airflow/dags/airflowdag.py took 2.801 seconds
[2024-10-28T02:41:06.054+0000] {processor.py:153} INFO - Started process (PID=3532) to work on /opt/airflow/dags/airflowdag.py
[2024-10-28T02:41:06.056+0000] {processor.py:743} INFO - Processing file /opt/airflow/dags/airflowdag.py for tasks to queue
[2024-10-28T02:41:06.058+0000] {logging_mixin.py:137} INFO - [2024-10-28T02:41:06.058+0000] {dagbag.py:538} INFO - Filling up the DagBag from /opt/airflow/dags/airflowdag.py
[2024-10-28T02:41:07.017+0000] {processor.py:753} INFO - DAG(s) dict_keys(['DAG_Data_Preprocessing']) retrieved from /opt/airflow/dags/airflowdag.py
[2024-10-28T02:41:07.054+0000] {logging_mixin.py:137} INFO - [2024-10-28T02:41:07.053+0000] {dag.py:2690} INFO - Sync 1 DAGs
[2024-10-28T02:41:07.090+0000] {logging_mixin.py:137} INFO - [2024-10-28T02:41:07.090+0000] {dag.py:3441} INFO - Setting next_dagrun for DAG_Data_Preprocessing to None, run_after=None
[2024-10-28T02:41:07.124+0000] {processor.py:175} INFO - Processing /opt/airflow/dags/airflowdag.py took 1.073 seconds
[2024-10-28T02:41:37.468+0000] {processor.py:153} INFO - Started process (PID=3606) to work on /opt/airflow/dags/airflowdag.py
[2024-10-28T02:41:37.470+0000] {processor.py:743} INFO - Processing file /opt/airflow/dags/airflowdag.py for tasks to queue
[2024-10-28T02:41:37.472+0000] {logging_mixin.py:137} INFO - [2024-10-28T02:41:37.471+0000] {dagbag.py:538} INFO - Filling up the DagBag from /opt/airflow/dags/airflowdag.py
[2024-10-28T02:41:39.339+0000] {processor.py:753} INFO - DAG(s) dict_keys(['DAG_Data_Preprocessing']) retrieved from /opt/airflow/dags/airflowdag.py
[2024-10-28T02:41:39.380+0000] {logging_mixin.py:137} INFO - [2024-10-28T02:41:39.379+0000] {dag.py:2690} INFO - Sync 1 DAGs
[2024-10-28T02:41:39.413+0000] {logging_mixin.py:137} INFO - [2024-10-28T02:41:39.412+0000] {dag.py:3441} INFO - Setting next_dagrun for DAG_Data_Preprocessing to None, run_after=None
[2024-10-28T02:41:39.451+0000] {processor.py:175} INFO - Processing /opt/airflow/dags/airflowdag.py took 1.988 seconds
[2024-10-28T02:42:09.786+0000] {processor.py:153} INFO - Started process (PID=3656) to work on /opt/airflow/dags/airflowdag.py
[2024-10-28T02:42:09.788+0000] {processor.py:743} INFO - Processing file /opt/airflow/dags/airflowdag.py for tasks to queue
[2024-10-28T02:42:09.789+0000] {logging_mixin.py:137} INFO - [2024-10-28T02:42:09.789+0000] {dagbag.py:538} INFO - Filling up the DagBag from /opt/airflow/dags/airflowdag.py
[2024-10-28T02:42:11.277+0000] {processor.py:753} INFO - DAG(s) dict_keys(['DAG_Data_Preprocessing']) retrieved from /opt/airflow/dags/airflowdag.py
[2024-10-28T02:42:11.335+0000] {logging_mixin.py:137} INFO - [2024-10-28T02:42:11.335+0000] {dag.py:2690} INFO - Sync 1 DAGs
[2024-10-28T02:42:11.365+0000] {logging_mixin.py:137} INFO - [2024-10-28T02:42:11.365+0000] {dag.py:3441} INFO - Setting next_dagrun for DAG_Data_Preprocessing to None, run_after=None
[2024-10-28T02:42:11.393+0000] {processor.py:175} INFO - Processing /opt/airflow/dags/airflowdag.py took 1.609 seconds
[2024-10-28T02:42:41.734+0000] {processor.py:153} INFO - Started process (PID=3730) to work on /opt/airflow/dags/airflowdag.py
[2024-10-28T02:42:41.737+0000] {processor.py:743} INFO - Processing file /opt/airflow/dags/airflowdag.py for tasks to queue
[2024-10-28T02:42:41.741+0000] {logging_mixin.py:137} INFO - [2024-10-28T02:42:41.740+0000] {dagbag.py:538} INFO - Filling up the DagBag from /opt/airflow/dags/airflowdag.py
[2024-10-28T02:42:43.420+0000] {processor.py:753} INFO - DAG(s) dict_keys(['DAG_Data_Preprocessing']) retrieved from /opt/airflow/dags/airflowdag.py
[2024-10-28T02:42:43.460+0000] {logging_mixin.py:137} INFO - [2024-10-28T02:42:43.459+0000] {dag.py:2690} INFO - Sync 1 DAGs
[2024-10-28T02:42:43.492+0000] {logging_mixin.py:137} INFO - [2024-10-28T02:42:43.492+0000] {dag.py:3441} INFO - Setting next_dagrun for DAG_Data_Preprocessing to None, run_after=None
[2024-10-28T02:42:43.522+0000] {processor.py:175} INFO - Processing /opt/airflow/dags/airflowdag.py took 1.799 seconds
[2024-10-28T02:43:13.848+0000] {processor.py:153} INFO - Started process (PID=3780) to work on /opt/airflow/dags/airflowdag.py
[2024-10-28T02:43:13.850+0000] {processor.py:743} INFO - Processing file /opt/airflow/dags/airflowdag.py for tasks to queue
[2024-10-28T02:43:13.852+0000] {logging_mixin.py:137} INFO - [2024-10-28T02:43:13.852+0000] {dagbag.py:538} INFO - Filling up the DagBag from /opt/airflow/dags/airflowdag.py
[2024-10-28T02:43:16.197+0000] {processor.py:753} INFO - DAG(s) dict_keys(['DAG_Data_Preprocessing']) retrieved from /opt/airflow/dags/airflowdag.py
[2024-10-28T02:43:16.233+0000] {logging_mixin.py:137} INFO - [2024-10-28T02:43:16.233+0000] {dag.py:2690} INFO - Sync 1 DAGs
[2024-10-28T02:43:16.262+0000] {logging_mixin.py:137} INFO - [2024-10-28T02:43:16.262+0000] {dag.py:3441} INFO - Setting next_dagrun for DAG_Data_Preprocessing to None, run_after=None
[2024-10-28T02:43:16.297+0000] {processor.py:175} INFO - Processing /opt/airflow/dags/airflowdag.py took 2.458 seconds
[2024-10-28T02:43:46.716+0000] {processor.py:153} INFO - Started process (PID=3854) to work on /opt/airflow/dags/airflowdag.py
[2024-10-28T02:43:46.720+0000] {processor.py:743} INFO - Processing file /opt/airflow/dags/airflowdag.py for tasks to queue
[2024-10-28T02:43:46.723+0000] {logging_mixin.py:137} INFO - [2024-10-28T02:43:46.723+0000] {dagbag.py:538} INFO - Filling up the DagBag from /opt/airflow/dags/airflowdag.py
[2024-10-28T02:43:47.729+0000] {processor.py:753} INFO - DAG(s) dict_keys(['DAG_Data_Preprocessing']) retrieved from /opt/airflow/dags/airflowdag.py
[2024-10-28T02:43:47.767+0000] {logging_mixin.py:137} INFO - [2024-10-28T02:43:47.766+0000] {dag.py:2690} INFO - Sync 1 DAGs
[2024-10-28T02:43:47.802+0000] {logging_mixin.py:137} INFO - [2024-10-28T02:43:47.802+0000] {dag.py:3441} INFO - Setting next_dagrun for DAG_Data_Preprocessing to None, run_after=None
[2024-10-28T02:43:47.831+0000] {processor.py:175} INFO - Processing /opt/airflow/dags/airflowdag.py took 1.119 seconds
[2024-10-28T02:44:17.986+0000] {processor.py:153} INFO - Started process (PID=3913) to work on /opt/airflow/dags/airflowdag.py
[2024-10-28T02:44:17.989+0000] {processor.py:743} INFO - Processing file /opt/airflow/dags/airflowdag.py for tasks to queue
[2024-10-28T02:44:17.993+0000] {logging_mixin.py:137} INFO - [2024-10-28T02:44:17.992+0000] {dagbag.py:538} INFO - Filling up the DagBag from /opt/airflow/dags/airflowdag.py
[2024-10-28T02:44:19.147+0000] {processor.py:753} INFO - DAG(s) dict_keys(['DAG_Data_Preprocessing']) retrieved from /opt/airflow/dags/airflowdag.py
[2024-10-28T02:44:19.189+0000] {logging_mixin.py:137} INFO - [2024-10-28T02:44:19.189+0000] {dag.py:2690} INFO - Sync 1 DAGs
[2024-10-28T02:44:19.227+0000] {logging_mixin.py:137} INFO - [2024-10-28T02:44:19.226+0000] {dag.py:3441} INFO - Setting next_dagrun for DAG_Data_Preprocessing to None, run_after=None
[2024-10-28T02:44:19.256+0000] {processor.py:175} INFO - Processing /opt/airflow/dags/airflowdag.py took 1.275 seconds
[2024-10-28T02:44:49.367+0000] {processor.py:153} INFO - Started process (PID=3979) to work on /opt/airflow/dags/airflowdag.py
[2024-10-28T02:44:49.368+0000] {processor.py:743} INFO - Processing file /opt/airflow/dags/airflowdag.py for tasks to queue
[2024-10-28T02:44:49.370+0000] {logging_mixin.py:137} INFO - [2024-10-28T02:44:49.369+0000] {dagbag.py:538} INFO - Filling up the DagBag from /opt/airflow/dags/airflowdag.py
[2024-10-28T02:44:50.486+0000] {processor.py:753} INFO - DAG(s) dict_keys(['DAG_Data_Preprocessing']) retrieved from /opt/airflow/dags/airflowdag.py
[2024-10-28T02:44:50.509+0000] {logging_mixin.py:137} INFO - [2024-10-28T02:44:50.508+0000] {dag.py:2690} INFO - Sync 1 DAGs
[2024-10-28T02:44:50.532+0000] {logging_mixin.py:137} INFO - [2024-10-28T02:44:50.532+0000] {dag.py:3441} INFO - Setting next_dagrun for DAG_Data_Preprocessing to None, run_after=None
[2024-10-28T02:44:50.555+0000] {processor.py:175} INFO - Processing /opt/airflow/dags/airflowdag.py took 1.192 seconds
[2024-10-28T02:45:20.873+0000] {processor.py:153} INFO - Started process (PID=4053) to work on /opt/airflow/dags/airflowdag.py
[2024-10-28T02:45:20.874+0000] {processor.py:743} INFO - Processing file /opt/airflow/dags/airflowdag.py for tasks to queue
[2024-10-28T02:45:20.875+0000] {logging_mixin.py:137} INFO - [2024-10-28T02:45:20.875+0000] {dagbag.py:538} INFO - Filling up the DagBag from /opt/airflow/dags/airflowdag.py
[2024-10-28T02:45:22.261+0000] {processor.py:753} INFO - DAG(s) dict_keys(['DAG_Data_Preprocessing']) retrieved from /opt/airflow/dags/airflowdag.py
[2024-10-28T02:45:22.323+0000] {logging_mixin.py:137} INFO - [2024-10-28T02:45:22.322+0000] {dag.py:2690} INFO - Sync 1 DAGs
[2024-10-28T02:45:22.355+0000] {logging_mixin.py:137} INFO - [2024-10-28T02:45:22.355+0000] {dag.py:3441} INFO - Setting next_dagrun for DAG_Data_Preprocessing to None, run_after=None
[2024-10-28T02:45:22.386+0000] {processor.py:175} INFO - Processing /opt/airflow/dags/airflowdag.py took 1.516 seconds
[2024-10-28T02:45:52.683+0000] {processor.py:153} INFO - Started process (PID=4103) to work on /opt/airflow/dags/airflowdag.py
[2024-10-28T02:45:52.684+0000] {processor.py:743} INFO - Processing file /opt/airflow/dags/airflowdag.py for tasks to queue
[2024-10-28T02:45:52.685+0000] {logging_mixin.py:137} INFO - [2024-10-28T02:45:52.685+0000] {dagbag.py:538} INFO - Filling up the DagBag from /opt/airflow/dags/airflowdag.py
[2024-10-28T02:45:53.972+0000] {processor.py:753} INFO - DAG(s) dict_keys(['DAG_Data_Preprocessing']) retrieved from /opt/airflow/dags/airflowdag.py
[2024-10-28T02:45:53.996+0000] {logging_mixin.py:137} INFO - [2024-10-28T02:45:53.995+0000] {dag.py:2690} INFO - Sync 1 DAGs
[2024-10-28T02:45:54.019+0000] {logging_mixin.py:137} INFO - [2024-10-28T02:45:54.019+0000] {dag.py:3441} INFO - Setting next_dagrun for DAG_Data_Preprocessing to None, run_after=None
[2024-10-28T02:45:54.041+0000] {processor.py:175} INFO - Processing /opt/airflow/dags/airflowdag.py took 1.362 seconds
[2024-10-28T02:46:24.315+0000] {processor.py:153} INFO - Started process (PID=4177) to work on /opt/airflow/dags/airflowdag.py
[2024-10-28T02:46:24.317+0000] {processor.py:743} INFO - Processing file /opt/airflow/dags/airflowdag.py for tasks to queue
[2024-10-28T02:46:24.318+0000] {logging_mixin.py:137} INFO - [2024-10-28T02:46:24.318+0000] {dagbag.py:538} INFO - Filling up the DagBag from /opt/airflow/dags/airflowdag.py
[2024-10-28T02:46:25.683+0000] {processor.py:753} INFO - DAG(s) dict_keys(['DAG_Data_Preprocessing']) retrieved from /opt/airflow/dags/airflowdag.py
[2024-10-28T02:46:25.718+0000] {logging_mixin.py:137} INFO - [2024-10-28T02:46:25.718+0000] {dag.py:2690} INFO - Sync 1 DAGs
[2024-10-28T02:46:25.756+0000] {logging_mixin.py:137} INFO - [2024-10-28T02:46:25.755+0000] {dag.py:3441} INFO - Setting next_dagrun for DAG_Data_Preprocessing to None, run_after=None
[2024-10-28T02:46:25.795+0000] {processor.py:175} INFO - Processing /opt/airflow/dags/airflowdag.py took 1.484 seconds
[2024-10-28T02:46:56.186+0000] {processor.py:153} INFO - Started process (PID=4227) to work on /opt/airflow/dags/airflowdag.py
[2024-10-28T02:46:56.188+0000] {processor.py:743} INFO - Processing file /opt/airflow/dags/airflowdag.py for tasks to queue
[2024-10-28T02:46:56.189+0000] {logging_mixin.py:137} INFO - [2024-10-28T02:46:56.188+0000] {dagbag.py:538} INFO - Filling up the DagBag from /opt/airflow/dags/airflowdag.py
[2024-10-28T02:46:56.918+0000] {processor.py:753} INFO - DAG(s) dict_keys(['DAG_Data_Preprocessing']) retrieved from /opt/airflow/dags/airflowdag.py
[2024-10-28T02:46:56.944+0000] {logging_mixin.py:137} INFO - [2024-10-28T02:46:56.943+0000] {dag.py:2690} INFO - Sync 1 DAGs
[2024-10-28T02:46:56.967+0000] {logging_mixin.py:137} INFO - [2024-10-28T02:46:56.967+0000] {dag.py:3441} INFO - Setting next_dagrun for DAG_Data_Preprocessing to None, run_after=None
[2024-10-28T02:46:56.991+0000] {processor.py:175} INFO - Processing /opt/airflow/dags/airflowdag.py took 0.808 seconds
[2024-10-28T02:47:27.295+0000] {processor.py:153} INFO - Started process (PID=4301) to work on /opt/airflow/dags/airflowdag.py
[2024-10-28T02:47:27.297+0000] {processor.py:743} INFO - Processing file /opt/airflow/dags/airflowdag.py for tasks to queue
[2024-10-28T02:47:27.298+0000] {logging_mixin.py:137} INFO - [2024-10-28T02:47:27.298+0000] {dagbag.py:538} INFO - Filling up the DagBag from /opt/airflow/dags/airflowdag.py
[2024-10-28T02:47:28.790+0000] {processor.py:753} INFO - DAG(s) dict_keys(['DAG_Data_Preprocessing']) retrieved from /opt/airflow/dags/airflowdag.py
[2024-10-28T02:47:28.824+0000] {logging_mixin.py:137} INFO - [2024-10-28T02:47:28.824+0000] {dag.py:2690} INFO - Sync 1 DAGs
[2024-10-28T02:47:28.850+0000] {logging_mixin.py:137} INFO - [2024-10-28T02:47:28.849+0000] {dag.py:3441} INFO - Setting next_dagrun for DAG_Data_Preprocessing to None, run_after=None
[2024-10-28T02:47:28.444+0000] {processor.py:175} INFO - Processing /opt/airflow/dags/airflowdag.py took 1.587 seconds
[2024-10-28T02:47:59.223+0000] {processor.py:153} INFO - Started process (PID=4351) to work on /opt/airflow/dags/airflowdag.py
[2024-10-28T02:47:59.225+0000] {processor.py:743} INFO - Processing file /opt/airflow/dags/airflowdag.py for tasks to queue
[2024-10-28T02:47:59.225+0000] {logging_mixin.py:137} INFO - [2024-10-28T02:47:59.225+0000] {dagbag.py:538} INFO - Filling up the DagBag from /opt/airflow/dags/airflowdag.py
[2024-10-28T02:48:00.588+0000] {processor.py:753} INFO - DAG(s) dict_keys(['DAG_Data_Preprocessing']) retrieved from /opt/airflow/dags/airflowdag.py
[2024-10-28T02:48:00.613+0000] {logging_mixin.py:137} INFO - [2024-10-28T02:48:00.612+0000] {dag.py:2690} INFO - Sync 1 DAGs
[2024-10-28T02:48:00.649+0000] {logging_mixin.py:137} INFO - [2024-10-28T02:48:00.648+0000] {dag.py:3441} INFO - Setting next_dagrun for DAG_Data_Preprocessing to None, run_after=None
[2024-10-28T02:48:00.686+0000] {processor.py:175} INFO - Processing /opt/airflow/dags/airflowdag.py took 1.465 seconds
[2024-10-28T02:48:31.089+0000] {processor.py:153} INFO - Started process (PID=4426) to work on /opt/airflow/dags/airflowdag.py
[2024-10-28T02:48:31.092+0000] {processor.py:743} INFO - Processing file /opt/airflow/dags/airflowdag.py for tasks to queue
[2024-10-28T02:48:31.093+0000] {logging_mixin.py:137} INFO - [2024-10-28T02:48:31.093+0000] {dagbag.py:538} INFO - Filling up the DagBag from /opt/airflow/dags/airflowdag.py
[2024-10-28T02:48:35.335+0000] {processor.py:753} INFO - DAG(s) dict_keys(['DAG_Data_Preprocessing']) retrieved from /opt/airflow/dags/airflowdag.py
[2024-10-28T02:48:35.424+0000] {logging_mixin.py:137} INFO - [2024-10-28T02:48:35.423+0000] {dag.py:2690} INFO - Sync 1 DAGs
[2024-10-28T02:48:35.497+0000] {logging_mixin.py:137} INFO - [2024-10-28T02:48:35.497+0000] {dag.py:3441} INFO - Setting next_dagrun for DAG_Data_Preprocessing to None, run_after=None
[2024-10-28T02:48:35.557+0000] {processor.py:175} INFO - Processing /opt/airflow/dags/airflowdag.py took 4.476 seconds
[2024-10-28T02:49:05.887+0000] {processor.py:153} INFO - Started process (PID=4485) to work on /opt/airflow/dags/airflowdag.py
[2024-10-28T02:49:05.889+0000] {processor.py:743} INFO - Processing file /opt/airflow/dags/airflowdag.py for tasks to queue
[2024-10-28T02:49:05.892+0000] {logging_mixin.py:137} INFO - [2024-10-28T02:49:05.892+0000] {dagbag.py:538} INFO - Filling up the DagBag from /opt/airflow/dags/airflowdag.py
[2024-10-28T02:49:08.038+0000] {processor.py:753} INFO - DAG(s) dict_keys(['DAG_Data_Preprocessing']) retrieved from /opt/airflow/dags/airflowdag.py
[2024-10-28T02:49:08.090+0000] {logging_mixin.py:137} INFO - [2024-10-28T02:49:08.089+0000] {dag.py:2690} INFO - Sync 1 DAGs
[2024-10-28T02:49:08.126+0000] {logging_mixin.py:137} INFO - [2024-10-28T02:49:08.126+0000] {dag.py:3441} INFO - Setting next_dagrun for DAG_Data_Preprocessing to None, run_after=None
[2024-10-28T02:49:08.167+0000] {processor.py:175} INFO - Processing /opt/airflow/dags/airflowdag.py took 2.285 seconds
[2024-10-28T02:49:38.446+0000] {processor.py:153} INFO - Started process (PID=4550) to work on /opt/airflow/dags/airflowdag.py
[2024-10-28T02:49:38.448+0000] {processor.py:743} INFO - Processing file /opt/airflow/dags/airflowdag.py for tasks to queue
[2024-10-28T02:49:38.449+0000] {logging_mixin.py:137} INFO - [2024-10-28T02:49:38.449+0000] {dagbag.py:538} INFO - Filling up the DagBag from /opt/airflow/dags/airflowdag.py
[2024-10-28T02:49:39.477+0000] {processor.py:753} INFO - DAG(s) dict_keys(['DAG_Data_Preprocessing']) retrieved from /opt/airflow/dags/airflowdag.py
[2024-10-28T02:49:39.499+0000] {logging_mixin.py:137} INFO - [2024-10-28T02:49:39.498+0000] {dag.py:2690} INFO - Sync 1 DAGs
[2024-10-28T02:49:39.524+0000] {logging_mixin.py:137} INFO - [2024-10-28T02:49:39.524+0000] {dag.py:3441} INFO - Setting next_dagrun for DAG_Data_Preprocessing to None, run_after=None
[2024-10-28T02:49:39.548+0000] {processor.py:175} INFO - Processing /opt/airflow/dags/airflowdag.py took 1.104 seconds
[2024-10-28T02:50:09.730+0000] {processor.py:153} INFO - Started process (PID=4624) to work on /opt/airflow/dags/airflowdag.py
[2024-10-28T02:50:09.731+0000] {processor.py:743} INFO - Processing file /opt/airflow/dags/airflowdag.py for tasks to queue
[2024-10-28T02:50:09.732+0000] {logging_mixin.py:137} INFO - [2024-10-28T02:50:09.732+0000] {dagbag.py:538} INFO - Filling up the DagBag from /opt/airflow/dags/airflowdag.py
[2024-10-28T02:50:11.686+0000] {processor.py:753} INFO - DAG(s) dict_keys(['DAG_Data_Preprocessing']) retrieved from /opt/airflow/dags/airflowdag.py
[2024-10-28T02:50:11.740+0000] {logging_mixin.py:137} INFO - [2024-10-28T02:50:11.739+0000] {dag.py:2690} INFO - Sync 1 DAGs
[2024-10-28T02:50:11.803+0000] {logging_mixin.py:137} INFO - [2024-10-28T02:50:11.803+0000] {dag.py:3441} INFO - Setting next_dagrun for DAG_Data_Preprocessing to None, run_after=None
[2024-10-28T02:50:11.853+0000] {processor.py:175} INFO - Processing /opt/airflow/dags/airflowdag.py took 2.127 seconds
[2024-10-28T02:50:42.188+0000] {processor.py:153} INFO - Started process (PID=4674) to work on /opt/airflow/dags/airflowdag.py
[2024-10-28T02:50:42.189+0000] {processor.py:743} INFO - Processing file /opt/airflow/dags/airflowdag.py for tasks to queue
[2024-10-28T02:50:42.191+0000] {logging_mixin.py:137} INFO - [2024-10-28T02:50:42.191+0000] {dagbag.py:538} INFO - Filling up the DagBag from /opt/airflow/dags/airflowdag.py
[2024-10-28T02:50:42.988+0000] {processor.py:753} INFO - DAG(s) dict_keys(['DAG_Data_Preprocessing']) retrieved from /opt/airflow/dags/airflowdag.py
[2024-10-28T02:50:43.009+0000] {logging_mixin.py:137} INFO - [2024-10-28T02:50:43.009+0000] {dag.py:2690} INFO - Sync 1 DAGs
[2024-10-28T02:50:43.034+0000] {logging_mixin.py:137} INFO - [2024-10-28T02:50:43.034+0000] {dag.py:3441} INFO - Setting next_dagrun for DAG_Data_Preprocessing to None, run_after=None
[2024-10-28T02:50:43.057+0000] {processor.py:175} INFO - Processing /opt/airflow/dags/airflowdag.py took 0.872 seconds
[2024-10-28T02:51:13.390+0000] {processor.py:153} INFO - Started process (PID=4748) to work on /opt/airflow/dags/airflowdag.py
[2024-10-28T02:51:13.391+0000] {processor.py:743} INFO - Processing file /opt/airflow/dags/airflowdag.py for tasks to queue
[2024-10-28T02:51:13.393+0000] {logging_mixin.py:137} INFO - [2024-10-28T02:51:13.393+0000] {dagbag.py:538} INFO - Filling up the DagBag from /opt/airflow/dags/airflowdag.py
[2024-10-28T02:51:14.446+0000] {processor.py:753} INFO - DAG(s) dict_keys(['DAG_Data_Preprocessing']) retrieved from /opt/airflow/dags/airflowdag.py
[2024-10-28T02:51:14.503+0000] {logging_mixin.py:137} INFO - [2024-10-28T02:51:14.500+0000] {dag.py:2690} INFO - Sync 1 DAGs
[2024-10-28T02:51:14.567+0000] {logging_mixin.py:137} INFO - [2024-10-28T02:51:14.567+0000] {dag.py:3441} INFO - Setting next_dagrun for DAG_Data_Preprocessing to None, run_after=None
[2024-10-28T02:51:14.605+0000] {processor.py:175} INFO - Processing /opt/airflow/dags/airflowdag.py took 1.218 seconds
[2024-10-28T02:51:44.801+0000] {processor.py:153} INFO - Started process (PID=4798) to work on /opt/airflow/dags/airflowdag.py
[2024-10-28T02:51:44.806+0000] {processor.py:743} INFO - Processing file /opt/airflow/dags/airflowdag.py for tasks to queue
[2024-10-28T02:51:44.810+0000] {logging_mixin.py:137} INFO - [2024-10-28T02:51:44.809+0000] {dagbag.py:538} INFO - Filling up the DagBag from /opt/airflow/dags/airflowdag.py
[2024-10-28T02:51:48.520+0000] {processor.py:753} INFO - DAG(s) dict_keys(['DAG_Data_Preprocessing']) retrieved from /opt/airflow/dags/airflowdag.py
[2024-10-28T02:51:48.569+0000] {logging_mixin.py:137} INFO - [2024-10-28T02:51:48.568+0000] {dag.py:2690} INFO - Sync 1 DAGs
[2024-10-28T02:51:48.667+0000] {logging_mixin.py:137} INFO - [2024-10-28T02:51:48.667+0000] {dag.py:3441} INFO - Setting next_dagrun for DAG_Data_Preprocessing to None, run_after=None
[2024-10-28T02:51:48.718+0000] {processor.py:175} INFO - Processing /opt/airflow/dags/airflowdag.py took 3.938 seconds
[2024-10-28T02:52:19.099+0000] {processor.py:153} INFO - Started process (PID=4872) to work on /opt/airflow/dags/airflowdag.py
[2024-10-28T02:52:19.100+0000] {processor.py:743} INFO - Processing file /opt/airflow/dags/airflowdag.py for tasks to queue
[2024-10-28T02:52:19.102+0000] {logging_mixin.py:137} INFO - [2024-10-28T02:52:19.102+0000] {dagbag.py:538} INFO - Filling up the DagBag from /opt/airflow/dags/airflowdag.py
[2024-10-28T02:52:21.300+0000] {processor.py:753} INFO - DAG(s) dict_keys(['DAG_Data_Preprocessing']) retrieved from /opt/airflow/dags/airflowdag.py
[2024-10-28T02:52:21.344+0000] {logging_mixin.py:137} INFO - [2024-10-28T02:52:21.344+0000] {dag.py:2690} INFO - Sync 1 DAGs
[2024-10-28T02:52:21.376+0000] {logging_mixin.py:137} INFO - [2024-10-28T02:52:21.375+0000] {dag.py:3441} INFO - Setting next_dagrun for DAG_Data_Preprocessing to None, run_after=None
[2024-10-28T02:52:21.413+0000] {processor.py:175} INFO - Processing /opt/airflow/dags/airflowdag.py took 2.318 seconds
[2024-10-28T02:52:51.563+0000] {processor.py:153} INFO - Started process (PID=4931) to work on /opt/airflow/dags/airflowdag.py
[2024-10-28T02:52:51.564+0000] {processor.py:743} INFO - Processing file /opt/airflow/dags/airflowdag.py for tasks to queue
[2024-10-28T02:52:51.565+0000] {logging_mixin.py:137} INFO - [2024-10-28T02:52:51.565+0000] {dagbag.py:538} INFO - Filling up the DagBag from /opt/airflow/dags/airflowdag.py
[2024-10-28T02:52:53.491+0000] {processor.py:753} INFO - DAG(s) dict_keys(['DAG_Data_Preprocessing']) retrieved from /opt/airflow/dags/airflowdag.py
[2024-10-28T02:52:53.529+0000] {logging_mixin.py:137} INFO - [2024-10-28T02:52:53.528+0000] {dag.py:2690} INFO - Sync 1 DAGs
[2024-10-28T02:52:53.559+0000] {logging_mixin.py:137} INFO - [2024-10-28T02:52:53.559+0000] {dag.py:3441} INFO - Setting next_dagrun for DAG_Data_Preprocessing to None, run_after=None
[2024-10-28T02:52:53.588+0000] {processor.py:175} INFO - Processing /opt/airflow/dags/airflowdag.py took 2.029 seconds
[2024-10-28T02:53:23.908+0000] {processor.py:153} INFO - Started process (PID=4996) to work on /opt/airflow/dags/airflowdag.py
[2024-10-28T02:53:23.911+0000] {processor.py:743} INFO - Processing file /opt/airflow/dags/airflowdag.py for tasks to queue
[2024-10-28T02:53:23.915+0000] {logging_mixin.py:137} INFO - [2024-10-28T02:53:23.914+0000] {dagbag.py:538} INFO - Filling up the DagBag from /opt/airflow/dags/airflowdag.py
[2024-10-28T02:53:26.073+0000] {processor.py:753} INFO - DAG(s) dict_keys(['DAG_Data_Preprocessing']) retrieved from /opt/airflow/dags/airflowdag.py
[2024-10-28T02:53:26.112+0000] {logging_mixin.py:137} INFO - [2024-10-28T02:53:26.112+0000] {dag.py:2690} INFO - Sync 1 DAGs
[2024-10-28T02:53:26.140+0000] {logging_mixin.py:137} INFO - [2024-10-28T02:53:26.140+0000] {dag.py:3441} INFO - Setting next_dagrun for DAG_Data_Preprocessing to None, run_after=None
[2024-10-28T02:53:26.171+0000] {processor.py:175} INFO - Processing /opt/airflow/dags/airflowdag.py took 2.270 seconds
[2024-10-28T02:53:56.485+0000] {processor.py:153} INFO - Started process (PID=5071) to work on /opt/airflow/dags/airflowdag.py
[2024-10-28T02:53:56.487+0000] {processor.py:743} INFO - Processing file /opt/airflow/dags/airflowdag.py for tasks to queue
[2024-10-28T02:53:56.490+0000] {logging_mixin.py:137} INFO - [2024-10-28T02:53:56.489+0000] {dagbag.py:538} INFO - Filling up the DagBag from /opt/airflow/dags/airflowdag.py
[2024-10-28T02:53:58.395+0000] {processor.py:753} INFO - DAG(s) dict_keys(['DAG_Data_Preprocessing']) retrieved from /opt/airflow/dags/airflowdag.py
[2024-10-28T02:53:58.446+0000] {logging_mixin.py:137} INFO - [2024-10-28T02:53:58.445+0000] {dag.py:2690} INFO - Sync 1 DAGs
[2024-10-28T02:53:58.471+0000] {logging_mixin.py:137} INFO - [2024-10-28T02:53:58.470+0000] {dag.py:3441} INFO - Setting next_dagrun for DAG_Data_Preprocessing to None, run_after=None
[2024-10-28T02:53:58.499+0000] {processor.py:175} INFO - Processing /opt/airflow/dags/airflowdag.py took 2.027 seconds
[2024-10-28T02:54:28.759+0000] {processor.py:153} INFO - Started process (PID=5121) to work on /opt/airflow/dags/airflowdag.py
[2024-10-28T02:54:28.761+0000] {processor.py:743} INFO - Processing file /opt/airflow/dags/airflowdag.py for tasks to queue
[2024-10-28T02:54:28.762+0000] {logging_mixin.py:137} INFO - [2024-10-28T02:54:28.762+0000] {dagbag.py:538} INFO - Filling up the DagBag from /opt/airflow/dags/airflowdag.py
[2024-10-28T02:54:30.507+0000] {processor.py:753} INFO - DAG(s) dict_keys(['DAG_Data_Preprocessing']) retrieved from /opt/airflow/dags/airflowdag.py
[2024-10-28T02:54:30.582+0000] {logging_mixin.py:137} INFO - [2024-10-28T02:54:30.581+0000] {dag.py:2690} INFO - Sync 1 DAGs
[2024-10-28T02:54:30.615+0000] {logging_mixin.py:137} INFO - [2024-10-28T02:54:30.614+0000] {dag.py:3441} INFO - Setting next_dagrun for DAG_Data_Preprocessing to None, run_after=None
[2024-10-28T02:54:30.636+0000] {processor.py:175} INFO - Processing /opt/airflow/dags/airflowdag.py took 1.880 seconds
[2024-10-28T02:55:00.940+0000] {processor.py:153} INFO - Started process (PID=5195) to work on /opt/airflow/dags/airflowdag.py
[2024-10-28T02:55:00.942+0000] {processor.py:743} INFO - Processing file /opt/airflow/dags/airflowdag.py for tasks to queue
[2024-10-28T02:55:00.943+0000] {logging_mixin.py:137} INFO - [2024-10-28T02:55:00.943+0000] {dagbag.py:538} INFO - Filling up the DagBag from /opt/airflow/dags/airflowdag.py
[2024-10-28T02:55:02.268+0000] {processor.py:753} INFO - DAG(s) dict_keys(['DAG_Data_Preprocessing']) retrieved from /opt/airflow/dags/airflowdag.py
[2024-10-28T02:55:02.302+0000] {logging_mixin.py:137} INFO - [2024-10-28T02:55:02.301+0000] {dag.py:2690} INFO - Sync 1 DAGs
[2024-10-28T02:55:02.330+0000] {logging_mixin.py:137} INFO - [2024-10-28T02:55:02.330+0000] {dag.py:3441} INFO - Setting next_dagrun for DAG_Data_Preprocessing to None, run_after=None
[2024-10-28T02:55:02.359+0000] {processor.py:175} INFO - Processing /opt/airflow/dags/airflowdag.py took 1.423 seconds
[2024-10-28T02:55:32.632+0000] {processor.py:153} INFO - Started process (PID=5245) to work on /opt/airflow/dags/airflowdag.py
[2024-10-28T02:55:32.634+0000] {processor.py:743} INFO - Processing file /opt/airflow/dags/airflowdag.py for tasks to queue
[2024-10-28T02:55:32.636+0000] {logging_mixin.py:137} INFO - [2024-10-28T02:55:32.636+0000] {dagbag.py:538} INFO - Filling up the DagBag from /opt/airflow/dags/airflowdag.py
[2024-10-28T02:55:33.676+0000] {processor.py:753} INFO - DAG(s) dict_keys(['DAG_Data_Preprocessing']) retrieved from /opt/airflow/dags/airflowdag.py
[2024-10-28T02:55:33.710+0000] {logging_mixin.py:137} INFO - [2024-10-28T02:55:33.709+0000] {dag.py:2690} INFO - Sync 1 DAGs
[2024-10-28T02:55:33.741+0000] {logging_mixin.py:137} INFO - [2024-10-28T02:55:33.741+0000] {dag.py:3441} INFO - Setting next_dagrun for DAG_Data_Preprocessing to None, run_after=None
[2024-10-28T02:55:33.785+0000] {processor.py:175} INFO - Processing /opt/airflow/dags/airflowdag.py took 1.158 seconds
[2024-10-28T02:56:03.901+0000] {processor.py:153} INFO - Started process (PID=5319) to work on /opt/airflow/dags/airflowdag.py
[2024-10-28T02:56:03.903+0000] {processor.py:743} INFO - Processing file /opt/airflow/dags/airflowdag.py for tasks to queue
[2024-10-28T02:56:03.904+0000] {logging_mixin.py:137} INFO - [2024-10-28T02:56:03.904+0000] {dagbag.py:538} INFO - Filling up the DagBag from /opt/airflow/dags/airflowdag.py
[2024-10-28T02:56:05.277+0000] {processor.py:753} INFO - DAG(s) dict_keys(['DAG_Data_Preprocessing']) retrieved from /opt/airflow/dags/airflowdag.py
[2024-10-28T02:56:05.314+0000] {logging_mixin.py:137} INFO - [2024-10-28T02:56:05.313+0000] {dag.py:2690} INFO - Sync 1 DAGs
[2024-10-28T02:56:05.344+0000] {logging_mixin.py:137} INFO - [2024-10-28T02:56:05.344+0000] {dag.py:3441} INFO - Setting next_dagrun for DAG_Data_Preprocessing to None, run_after=None
[2024-10-28T02:56:05.379+0000] {processor.py:175} INFO - Processing /opt/airflow/dags/airflowdag.py took 1.490 seconds
[2024-10-28T02:56:35.696+0000] {processor.py:153} INFO - Started process (PID=5393) to work on /opt/airflow/dags/airflowdag.py
[2024-10-28T02:56:35.697+0000] {processor.py:743} INFO - Processing file /opt/airflow/dags/airflowdag.py for tasks to queue
[2024-10-28T02:56:35.698+0000] {logging_mixin.py:137} INFO - [2024-10-28T02:56:35.698+0000] {dagbag.py:538} INFO - Filling up the DagBag from /opt/airflow/dags/airflowdag.py
[2024-10-28T02:56:36.745+0000] {processor.py:753} INFO - DAG(s) dict_keys(['DAG_Data_Preprocessing']) retrieved from /opt/airflow/dags/airflowdag.py
[2024-10-28T02:56:36.768+0000] {logging_mixin.py:137} INFO - [2024-10-28T02:56:36.767+0000] {dag.py:2690} INFO - Sync 1 DAGs
[2024-10-28T02:56:36.796+0000] {logging_mixin.py:137} INFO - [2024-10-28T02:56:36.796+0000] {dag.py:3441} INFO - Setting next_dagrun for DAG_Data_Preprocessing to None, run_after=None
[2024-10-28T02:56:36.820+0000] {processor.py:175} INFO - Processing /opt/airflow/dags/airflowdag.py took 1.127 seconds
[2024-10-28T02:57:06.916+0000] {processor.py:153} INFO - Started process (PID=5443) to work on /opt/airflow/dags/airflowdag.py
[2024-10-28T02:57:06.917+0000] {processor.py:743} INFO - Processing file /opt/airflow/dags/airflowdag.py for tasks to queue
[2024-10-28T02:57:06.919+0000] {logging_mixin.py:137} INFO - [2024-10-28T02:57:06.919+0000] {dagbag.py:538} INFO - Filling up the DagBag from /opt/airflow/dags/airflowdag.py
[2024-10-28T02:57:08.220+0000] {processor.py:753} INFO - DAG(s) dict_keys(['DAG_Data_Preprocessing']) retrieved from /opt/airflow/dags/airflowdag.py
[2024-10-28T02:57:08.245+0000] {logging_mixin.py:137} INFO - [2024-10-28T02:57:08.244+0000] {dag.py:2690} INFO - Sync 1 DAGs
[2024-10-28T02:57:08.270+0000] {logging_mixin.py:137} INFO - [2024-10-28T02:57:08.270+0000] {dag.py:3441} INFO - Setting next_dagrun for DAG_Data_Preprocessing to None, run_after=None
[2024-10-28T02:57:08.293+0000] {processor.py:175} INFO - Processing /opt/airflow/dags/airflowdag.py took 1.382 seconds
[2024-10-28T02:57:38.540+0000] {processor.py:153} INFO - Started process (PID=5517) to work on /opt/airflow/dags/airflowdag.py
[2024-10-28T02:57:38.541+0000] {processor.py:743} INFO - Processing file /opt/airflow/dags/airflowdag.py for tasks to queue
[2024-10-28T02:57:38.542+0000] {logging_mixin.py:137} INFO - [2024-10-28T02:57:38.542+0000] {dagbag.py:538} INFO - Filling up the DagBag from /opt/airflow/dags/airflowdag.py
[2024-10-28T02:57:39.338+0000] {processor.py:753} INFO - DAG(s) dict_keys(['DAG_Data_Preprocessing']) retrieved from /opt/airflow/dags/airflowdag.py
[2024-10-28T02:57:39.360+0000] {logging_mixin.py:137} INFO - [2024-10-28T02:57:39.359+0000] {dag.py:2690} INFO - Sync 1 DAGs
[2024-10-28T02:57:39.384+0000] {logging_mixin.py:137} INFO - [2024-10-28T02:57:39.384+0000] {dag.py:3441} INFO - Setting next_dagrun for DAG_Data_Preprocessing to None, run_after=None
[2024-10-28T02:57:39.409+0000] {processor.py:175} INFO - Processing /opt/airflow/dags/airflowdag.py took 0.872 seconds
[2024-10-28T02:58:09.491+0000] {processor.py:153} INFO - Started process (PID=5591) to work on /opt/airflow/dags/airflowdag.py
[2024-10-28T02:58:09.492+0000] {processor.py:743} INFO - Processing file /opt/airflow/dags/airflowdag.py for tasks to queue
[2024-10-28T02:58:09.493+0000] {logging_mixin.py:137} INFO - [2024-10-28T02:58:09.493+0000] {dagbag.py:538} INFO - Filling up the DagBag from /opt/airflow/dags/airflowdag.py
[2024-10-28T02:58:11.359+0000] {processor.py:753} INFO - DAG(s) dict_keys(['DAG_Data_Preprocessing']) retrieved from /opt/airflow/dags/airflowdag.py
[2024-10-28T02:58:11.392+0000] {logging_mixin.py:137} INFO - [2024-10-28T02:58:11.391+0000] {dag.py:2690} INFO - Sync 1 DAGs
[2024-10-28T02:58:11.420+0000] {logging_mixin.py:137} INFO - [2024-10-28T02:58:11.420+0000] {dag.py:3441} INFO - Setting next_dagrun for DAG_Data_Preprocessing to None, run_after=None
[2024-10-28T02:58:11.449+0000] {processor.py:175} INFO - Processing /opt/airflow/dags/airflowdag.py took 1.961 seconds
[2024-10-28T02:58:41.811+0000] {processor.py:153} INFO - Started process (PID=5641) to work on /opt/airflow/dags/airflowdag.py
[2024-10-28T02:58:41.812+0000] {processor.py:743} INFO - Processing file /opt/airflow/dags/airflowdag.py for tasks to queue
[2024-10-28T02:58:41.813+0000] {logging_mixin.py:137} INFO - [2024-10-28T02:58:41.813+0000] {dagbag.py:538} INFO - Filling up the DagBag from /opt/airflow/dags/airflowdag.py
[2024-10-28T02:58:43.553+0000] {processor.py:753} INFO - DAG(s) dict_keys(['DAG_Data_Preprocessing']) retrieved from /opt/airflow/dags/airflowdag.py
[2024-10-28T02:58:43.614+0000] {logging_mixin.py:137} INFO - [2024-10-28T02:58:43.614+0000] {dag.py:2690} INFO - Sync 1 DAGs
[2024-10-28T02:58:43.643+0000] {logging_mixin.py:137} INFO - [2024-10-28T02:58:43.643+0000] {dag.py:3441} INFO - Setting next_dagrun for DAG_Data_Preprocessing to None, run_after=None
[2024-10-28T02:58:43.669+0000] {processor.py:175} INFO - Processing /opt/airflow/dags/airflowdag.py took 1.861 seconds
[2024-10-28T02:59:13.976+0000] {processor.py:153} INFO - Started process (PID=5691) to work on /opt/airflow/dags/airflowdag.py
[2024-10-28T02:59:13.978+0000] {processor.py:743} INFO - Processing file /opt/airflow/dags/airflowdag.py for tasks to queue
[2024-10-28T02:59:13.979+0000] {logging_mixin.py:137} INFO - [2024-10-28T02:59:13.979+0000] {dagbag.py:538} INFO - Filling up the DagBag from /opt/airflow/dags/airflowdag.py
[2024-10-28T02:59:15.885+0000] {processor.py:753} INFO - DAG(s) dict_keys(['DAG_Data_Preprocessing']) retrieved from /opt/airflow/dags/airflowdag.py
[2024-10-28T02:59:15.928+0000] {logging_mixin.py:137} INFO - [2024-10-28T02:59:15.927+0000] {dag.py:2690} INFO - Sync 1 DAGs
[2024-10-28T02:59:15.964+0000] {logging_mixin.py:137} INFO - [2024-10-28T02:59:15.964+0000] {dag.py:3441} INFO - Setting next_dagrun for DAG_Data_Preprocessing to None, run_after=None
[2024-10-28T02:59:15.996+0000] {processor.py:175} INFO - Processing /opt/airflow/dags/airflowdag.py took 2.024 seconds
[2024-10-28T02:59:46.245+0000] {processor.py:153} INFO - Started process (PID=5765) to work on /opt/airflow/dags/airflowdag.py
[2024-10-28T02:59:46.246+0000] {processor.py:743} INFO - Processing file /opt/airflow/dags/airflowdag.py for tasks to queue
[2024-10-28T02:59:46.247+0000] {logging_mixin.py:137} INFO - [2024-10-28T02:59:46.247+0000] {dagbag.py:538} INFO - Filling up the DagBag from /opt/airflow/dags/airflowdag.py
[2024-10-28T02:59:47.747+0000] {processor.py:753} INFO - DAG(s) dict_keys(['DAG_Data_Preprocessing']) retrieved from /opt/airflow/dags/airflowdag.py
[2024-10-28T02:59:47.776+0000] {logging_mixin.py:137} INFO - [2024-10-28T02:59:47.775+0000] {dag.py:2690} INFO - Sync 1 DAGs
[2024-10-28T02:59:47.800+0000] {logging_mixin.py:137} INFO - [2024-10-28T02:59:47.800+0000] {dag.py:3441} INFO - Setting next_dagrun for DAG_Data_Preprocessing to None, run_after=None
[2024-10-28T02:59:47.821+0000] {processor.py:175} INFO - Processing /opt/airflow/dags/airflowdag.py took 1.580 seconds
[2024-10-28T03:00:18.113+0000] {processor.py:153} INFO - Started process (PID=5825) to work on /opt/airflow/dags/airflowdag.py
[2024-10-28T03:00:18.115+0000] {processor.py:743} INFO - Processing file /opt/airflow/dags/airflowdag.py for tasks to queue
[2024-10-28T03:00:18.116+0000] {logging_mixin.py:137} INFO - [2024-10-28T03:00:18.116+0000] {dagbag.py:538} INFO - Filling up the DagBag from /opt/airflow/dags/airflowdag.py
[2024-10-28T03:00:20.010+0000] {processor.py:753} INFO - DAG(s) dict_keys(['DAG_Data_Preprocessing']) retrieved from /opt/airflow/dags/airflowdag.py
[2024-10-28T03:00:20.057+0000] {logging_mixin.py:137} INFO - [2024-10-28T03:00:20.056+0000] {dag.py:2690} INFO - Sync 1 DAGs
[2024-10-28T03:00:20.096+0000] {logging_mixin.py:137} INFO - [2024-10-28T03:00:20.095+0000] {dag.py:3441} INFO - Setting next_dagrun for DAG_Data_Preprocessing to None, run_after=None
[2024-10-28T03:00:20.154+0000] {processor.py:175} INFO - Processing /opt/airflow/dags/airflowdag.py took 2.044 seconds
[2024-10-28T03:00:50.402+0000] {processor.py:153} INFO - Started process (PID=5891) to work on /opt/airflow/dags/airflowdag.py
[2024-10-28T03:00:50.403+0000] {processor.py:743} INFO - Processing file /opt/airflow/dags/airflowdag.py for tasks to queue
[2024-10-28T03:00:50.404+0000] {logging_mixin.py:137} INFO - [2024-10-28T03:00:50.404+0000] {dagbag.py:538} INFO - Filling up the DagBag from /opt/airflow/dags/airflowdag.py
[2024-10-28T03:00:51.474+0000] {processor.py:753} INFO - DAG(s) dict_keys(['DAG_Data_Preprocessing']) retrieved from /opt/airflow/dags/airflowdag.py
[2024-10-28T03:00:51.496+0000] {logging_mixin.py:137} INFO - [2024-10-28T03:00:51.496+0000] {dag.py:2690} INFO - Sync 1 DAGs
[2024-10-28T03:00:51.523+0000] {logging_mixin.py:137} INFO - [2024-10-28T03:00:51.523+0000] {dag.py:3441} INFO - Setting next_dagrun for DAG_Data_Preprocessing to None, run_after=None
[2024-10-28T03:00:52.293+0000] {processor.py:175} INFO - Processing /opt/airflow/dags/airflowdag.py took 1.893 seconds
[2024-10-28T03:01:23.019+0000] {processor.py:153} INFO - Started process (PID=5964) to work on /opt/airflow/dags/airflowdag.py
[2024-10-28T03:01:23.020+0000] {processor.py:743} INFO - Processing file /opt/airflow/dags/airflowdag.py for tasks to queue
[2024-10-28T03:01:23.022+0000] {logging_mixin.py:137} INFO - [2024-10-28T03:01:23.022+0000] {dagbag.py:538} INFO - Filling up the DagBag from /opt/airflow/dags/airflowdag.py
[2024-10-28T03:01:24.074+0000] {processor.py:753} INFO - DAG(s) dict_keys(['DAG_Data_Preprocessing']) retrieved from /opt/airflow/dags/airflowdag.py
[2024-10-28T03:01:24.099+0000] {logging_mixin.py:137} INFO - [2024-10-28T03:01:24.099+0000] {dag.py:2690} INFO - Sync 1 DAGs
[2024-10-28T03:01:24.125+0000] {logging_mixin.py:137} INFO - [2024-10-28T03:01:24.125+0000] {dag.py:3441} INFO - Setting next_dagrun for DAG_Data_Preprocessing to None, run_after=None
[2024-10-28T03:01:24.150+0000] {processor.py:175} INFO - Processing /opt/airflow/dags/airflowdag.py took 1.133 seconds
[2024-10-28T03:01:54.382+0000] {processor.py:153} INFO - Started process (PID=6014) to work on /opt/airflow/dags/airflowdag.py
[2024-10-28T03:01:54.383+0000] {processor.py:743} INFO - Processing file /opt/airflow/dags/airflowdag.py for tasks to queue
[2024-10-28T03:01:54.384+0000] {logging_mixin.py:137} INFO - [2024-10-28T03:01:54.384+0000] {dagbag.py:538} INFO - Filling up the DagBag from /opt/airflow/dags/airflowdag.py
[2024-10-28T03:01:55.177+0000] {processor.py:753} INFO - DAG(s) dict_keys(['DAG_Data_Preprocessing']) retrieved from /opt/airflow/dags/airflowdag.py
[2024-10-28T03:01:55.214+0000] {logging_mixin.py:137} INFO - [2024-10-28T03:01:55.214+0000] {dag.py:2690} INFO - Sync 1 DAGs
[2024-10-28T03:01:55.242+0000] {logging_mixin.py:137} INFO - [2024-10-28T03:01:55.242+0000] {dag.py:3441} INFO - Setting next_dagrun for DAG_Data_Preprocessing to None, run_after=None
[2024-10-28T03:01:55.266+0000] {processor.py:175} INFO - Processing /opt/airflow/dags/airflowdag.py took 0.886 seconds
[2024-10-28T03:02:25.639+0000] {processor.py:153} INFO - Started process (PID=6089) to work on /opt/airflow/dags/airflowdag.py
[2024-10-28T03:02:25.640+0000] {processor.py:743} INFO - Processing file /opt/airflow/dags/airflowdag.py for tasks to queue
[2024-10-28T03:02:25.641+0000] {logging_mixin.py:137} INFO - [2024-10-28T03:02:25.641+0000] {dagbag.py:538} INFO - Filling up the DagBag from /opt/airflow/dags/airflowdag.py
[2024-10-28T03:02:26.511+0000] {processor.py:753} INFO - DAG(s) dict_keys(['DAG_Data_Preprocessing']) retrieved from /opt/airflow/dags/airflowdag.py
[2024-10-28T03:02:26.534+0000] {logging_mixin.py:137} INFO - [2024-10-28T03:02:26.533+0000] {dag.py:2690} INFO - Sync 1 DAGs
[2024-10-28T03:02:26.557+0000] {logging_mixin.py:137} INFO - [2024-10-28T03:02:26.557+0000] {dag.py:3441} INFO - Setting next_dagrun for DAG_Data_Preprocessing to None, run_after=None
[2024-10-28T03:02:26.581+0000] {processor.py:175} INFO - Processing /opt/airflow/dags/airflowdag.py took 0.944 seconds
[2024-10-28T03:02:56.848+0000] {processor.py:153} INFO - Started process (PID=6148) to work on /opt/airflow/dags/airflowdag.py
[2024-10-28T03:02:56.849+0000] {processor.py:743} INFO - Processing file /opt/airflow/dags/airflowdag.py for tasks to queue
[2024-10-28T03:02:56.850+0000] {logging_mixin.py:137} INFO - [2024-10-28T03:02:56.850+0000] {dagbag.py:538} INFO - Filling up the DagBag from /opt/airflow/dags/airflowdag.py
[2024-10-28T03:02:56.948+0000] {processor.py:753} INFO - DAG(s) dict_keys(['DAG_Data_Preprocessing']) retrieved from /opt/airflow/dags/airflowdag.py
[2024-10-28T03:02:56.991+0000] {logging_mixin.py:137} INFO - [2024-10-28T03:02:56.990+0000] {dag.py:2690} INFO - Sync 1 DAGs
[2024-10-28T03:02:57.016+0000] {logging_mixin.py:137} INFO - [2024-10-28T03:02:57.016+0000] {dag.py:3441} INFO - Setting next_dagrun for DAG_Data_Preprocessing to None, run_after=None
[2024-10-28T03:02:57.042+0000] {processor.py:175} INFO - Processing /opt/airflow/dags/airflowdag.py took 1.203 seconds
[2024-10-28T03:03:27.139+0000] {processor.py:153} INFO - Started process (PID=6213) to work on /opt/airflow/dags/airflowdag.py
[2024-10-28T03:03:27.141+0000] {processor.py:743} INFO - Processing file /opt/airflow/dags/airflowdag.py for tasks to queue
[2024-10-28T03:03:27.142+0000] {logging_mixin.py:137} INFO - [2024-10-28T03:03:27.141+0000] {dagbag.py:538} INFO - Filling up the DagBag from /opt/airflow/dags/airflowdag.py
[2024-10-28T03:03:27.957+0000] {processor.py:753} INFO - DAG(s) dict_keys(['DAG_Data_Preprocessing']) retrieved from /opt/airflow/dags/airflowdag.py
[2024-10-28T03:03:27.982+0000] {logging_mixin.py:137} INFO - [2024-10-28T03:03:27.981+0000] {dag.py:2690} INFO - Sync 1 DAGs
[2024-10-28T03:03:28.008+0000] {logging_mixin.py:137} INFO - [2024-10-28T03:03:28.008+0000] {dag.py:3441} INFO - Setting next_dagrun for DAG_Data_Preprocessing to None, run_after=None
[2024-10-28T03:03:28.044+0000] {processor.py:175} INFO - Processing /opt/airflow/dags/airflowdag.py took 0.908 seconds
[2024-10-28T03:03:58.537+0000] {processor.py:153} INFO - Started process (PID=6287) to work on /opt/airflow/dags/airflowdag.py
[2024-10-28T03:03:58.541+0000] {processor.py:743} INFO - Processing file /opt/airflow/dags/airflowdag.py for tasks to queue
[2024-10-28T03:03:58.543+0000] {logging_mixin.py:137} INFO - [2024-10-28T03:03:58.543+0000] {dagbag.py:538} INFO - Filling up the DagBag from /opt/airflow/dags/airflowdag.py
[2024-10-28T03:04:00.461+0000] {processor.py:753} INFO - DAG(s) dict_keys(['DAG_Data_Preprocessing']) retrieved from /opt/airflow/dags/airflowdag.py
[2024-10-28T03:04:00.503+0000] {logging_mixin.py:137} INFO - [2024-10-28T03:04:00.503+0000] {dag.py:2690} INFO - Sync 1 DAGs
[2024-10-28T03:04:00.549+0000] {logging_mixin.py:137} INFO - [2024-10-28T03:04:00.549+0000] {dag.py:3441} INFO - Setting next_dagrun for DAG_Data_Preprocessing to None, run_after=None
[2024-10-28T03:04:00.606+0000] {processor.py:175} INFO - Processing /opt/airflow/dags/airflowdag.py took 2.074 seconds
[2024-10-28T03:04:30.906+0000] {processor.py:153} INFO - Started process (PID=6337) to work on /opt/airflow/dags/airflowdag.py
[2024-10-28T03:04:30.908+0000] {processor.py:743} INFO - Processing file /opt/airflow/dags/airflowdag.py for tasks to queue
[2024-10-28T03:04:30.909+0000] {logging_mixin.py:137} INFO - [2024-10-28T03:04:30.909+0000] {dagbag.py:538} INFO - Filling up the DagBag from /opt/airflow/dags/airflowdag.py
[2024-10-28T03:04:31.983+0000] {processor.py:753} INFO - DAG(s) dict_keys(['DAG_Data_Preprocessing']) retrieved from /opt/airflow/dags/airflowdag.py
[2024-10-28T03:04:32.007+0000] {logging_mixin.py:137} INFO - [2024-10-28T03:04:32.007+0000] {dag.py:2690} INFO - Sync 1 DAGs
[2024-10-28T03:04:32.041+0000] {logging_mixin.py:137} INFO - [2024-10-28T03:04:32.041+0000] {dag.py:3441} INFO - Setting next_dagrun for DAG_Data_Preprocessing to None, run_after=None
[2024-10-28T03:04:32.070+0000] {processor.py:175} INFO - Processing /opt/airflow/dags/airflowdag.py took 1.168 seconds
[2024-10-28T03:05:02.266+0000] {processor.py:153} INFO - Started process (PID=6411) to work on /opt/airflow/dags/airflowdag.py
[2024-10-28T03:05:02.268+0000] {processor.py:743} INFO - Processing file /opt/airflow/dags/airflowdag.py for tasks to queue
[2024-10-28T03:05:02.270+0000] {logging_mixin.py:137} INFO - [2024-10-28T03:05:02.270+0000] {dagbag.py:538} INFO - Filling up the DagBag from /opt/airflow/dags/airflowdag.py
[2024-10-28T03:05:04.386+0000] {processor.py:753} INFO - DAG(s) dict_keys(['DAG_Data_Preprocessing']) retrieved from /opt/airflow/dags/airflowdag.py
[2024-10-28T03:05:04.427+0000] {logging_mixin.py:137} INFO - [2024-10-28T03:05:04.426+0000] {dag.py:2690} INFO - Sync 1 DAGs
[2024-10-28T03:05:04.456+0000] {logging_mixin.py:137} INFO - [2024-10-28T03:05:04.456+0000] {dag.py:3441} INFO - Setting next_dagrun for DAG_Data_Preprocessing to None, run_after=None
[2024-10-28T03:05:04.488+0000] {processor.py:175} INFO - Processing /opt/airflow/dags/airflowdag.py took 2.229 seconds
[2024-10-28T03:05:34.631+0000] {processor.py:153} INFO - Started process (PID=6461) to work on /opt/airflow/dags/airflowdag.py
[2024-10-28T03:05:34.633+0000] {processor.py:743} INFO - Processing file /opt/airflow/dags/airflowdag.py for tasks to queue
[2024-10-28T03:05:34.634+0000] {logging_mixin.py:137} INFO - [2024-10-28T03:05:34.634+0000] {dagbag.py:538} INFO - Filling up the DagBag from /opt/airflow/dags/airflowdag.py
[2024-10-28T03:05:35.939+0000] {processor.py:753} INFO - DAG(s) dict_keys(['DAG_Data_Preprocessing']) retrieved from /opt/airflow/dags/airflowdag.py
[2024-10-28T03:05:35.968+0000] {logging_mixin.py:137} INFO - [2024-10-28T03:05:35.968+0000] {dag.py:2690} INFO - Sync 1 DAGs
[2024-10-28T03:05:35.994+0000] {logging_mixin.py:137} INFO - [2024-10-28T03:05:35.994+0000] {dag.py:3441} INFO - Setting next_dagrun for DAG_Data_Preprocessing to None, run_after=None
[2024-10-28T03:05:36.016+0000] {processor.py:175} INFO - Processing /opt/airflow/dags/airflowdag.py took 1.389 seconds
[2024-10-28T03:06:06.333+0000] {processor.py:153} INFO - Started process (PID=6535) to work on /opt/airflow/dags/airflowdag.py
[2024-10-28T03:06:06.334+0000] {processor.py:743} INFO - Processing file /opt/airflow/dags/airflowdag.py for tasks to queue
[2024-10-28T03:06:06.335+0000] {logging_mixin.py:137} INFO - [2024-10-28T03:06:06.335+0000] {dagbag.py:538} INFO - Filling up the DagBag from /opt/airflow/dags/airflowdag.py
[2024-10-28T03:06:07.699+0000] {processor.py:753} INFO - DAG(s) dict_keys(['DAG_Data_Preprocessing']) retrieved from /opt/airflow/dags/airflowdag.py
[2024-10-28T03:06:07.722+0000] {logging_mixin.py:137} INFO - [2024-10-28T03:06:07.721+0000] {dag.py:2690} INFO - Sync 1 DAGs
[2024-10-28T03:06:07.745+0000] {logging_mixin.py:137} INFO - [2024-10-28T03:06:07.745+0000] {dag.py:3441} INFO - Setting next_dagrun for DAG_Data_Preprocessing to None, run_after=None
[2024-10-28T03:06:07.767+0000] {processor.py:175} INFO - Processing /opt/airflow/dags/airflowdag.py took 1.437 seconds
[2024-10-28T03:06:38.037+0000] {processor.py:153} INFO - Started process (PID=6585) to work on /opt/airflow/dags/airflowdag.py
[2024-10-28T03:06:38.039+0000] {processor.py:743} INFO - Processing file /opt/airflow/dags/airflowdag.py for tasks to queue
[2024-10-28T03:06:38.041+0000] {logging_mixin.py:137} INFO - [2024-10-28T03:06:38.040+0000] {dagbag.py:538} INFO - Filling up the DagBag from /opt/airflow/dags/airflowdag.py
[2024-10-28T03:06:39.118+0000] {processor.py:753} INFO - DAG(s) dict_keys(['DAG_Data_Preprocessing']) retrieved from /opt/airflow/dags/airflowdag.py
[2024-10-28T03:06:39.143+0000] {logging_mixin.py:137} INFO - [2024-10-28T03:06:39.143+0000] {dag.py:2690} INFO - Sync 1 DAGs
[2024-10-28T03:06:39.172+0000] {logging_mixin.py:137} INFO - [2024-10-28T03:06:39.172+0000] {dag.py:3441} INFO - Setting next_dagrun for DAG_Data_Preprocessing to None, run_after=None
[2024-10-28T03:06:39.203+0000] {processor.py:175} INFO - Processing /opt/airflow/dags/airflowdag.py took 1.170 seconds
[2024-10-28T03:07:09.429+0000] {processor.py:153} INFO - Started process (PID=6660) to work on /opt/airflow/dags/airflowdag.py
[2024-10-28T03:07:09.433+0000] {processor.py:743} INFO - Processing file /opt/airflow/dags/airflowdag.py for tasks to queue
[2024-10-28T03:07:09.434+0000] {logging_mixin.py:137} INFO - [2024-10-28T03:07:09.434+0000] {dagbag.py:538} INFO - Filling up the DagBag from /opt/airflow/dags/airflowdag.py
[2024-10-28T03:07:12.016+0000] {processor.py:753} INFO - DAG(s) dict_keys(['DAG_Data_Preprocessing']) retrieved from /opt/airflow/dags/airflowdag.py
[2024-10-28T03:07:12.058+0000] {logging_mixin.py:137} INFO - [2024-10-28T03:07:12.057+0000] {dag.py:2690} INFO - Sync 1 DAGs
[2024-10-28T03:07:12.084+0000] {logging_mixin.py:137} INFO - [2024-10-28T03:07:12.084+0000] {dag.py:3441} INFO - Setting next_dagrun for DAG_Data_Preprocessing to None, run_after=None
[2024-10-28T03:07:12.110+0000] {processor.py:175} INFO - Processing /opt/airflow/dags/airflowdag.py took 2.688 seconds
[2024-10-28T03:07:42.453+0000] {processor.py:153} INFO - Started process (PID=6710) to work on /opt/airflow/dags/airflowdag.py
[2024-10-28T03:07:42.455+0000] {processor.py:743} INFO - Processing file /opt/airflow/dags/airflowdag.py for tasks to queue
[2024-10-28T03:07:42.456+0000] {logging_mixin.py:137} INFO - [2024-10-28T03:07:42.456+0000] {dagbag.py:538} INFO - Filling up the DagBag from /opt/airflow/dags/airflowdag.py
[2024-10-28T03:07:43.907+0000] {processor.py:753} INFO - DAG(s) dict_keys(['DAG_Data_Preprocessing']) retrieved from /opt/airflow/dags/airflowdag.py
[2024-10-28T03:07:43.940+0000] {logging_mixin.py:137} INFO - [2024-10-28T03:07:43.939+0000] {dag.py:2690} INFO - Sync 1 DAGs
[2024-10-28T03:07:43.975+0000] {logging_mixin.py:137} INFO - [2024-10-28T03:07:43.975+0000] {dag.py:3441} INFO - Setting next_dagrun for DAG_Data_Preprocessing to None, run_after=None
[2024-10-28T03:07:44.017+0000] {processor.py:175} INFO - Processing /opt/airflow/dags/airflowdag.py took 1.567 seconds
[2024-10-28T03:08:14.151+0000] {processor.py:153} INFO - Started process (PID=6784) to work on /opt/airflow/dags/airflowdag.py
[2024-10-28T03:08:14.153+0000] {processor.py:743} INFO - Processing file /opt/airflow/dags/airflowdag.py for tasks to queue
[2024-10-28T03:08:14.155+0000] {logging_mixin.py:137} INFO - [2024-10-28T03:08:14.154+0000] {dagbag.py:538} INFO - Filling up the DagBag from /opt/airflow/dags/airflowdag.py
[2024-10-28T03:08:15.749+0000] {processor.py:753} INFO - DAG(s) dict_keys(['DAG_Data_Preprocessing']) retrieved from /opt/airflow/dags/airflowdag.py
[2024-10-28T03:08:15.777+0000] {logging_mixin.py:137} INFO - [2024-10-28T03:08:15.776+0000] {dag.py:2690} INFO - Sync 1 DAGs
[2024-10-28T03:08:15.800+0000] {logging_mixin.py:137} INFO - [2024-10-28T03:08:15.800+0000] {dag.py:3441} INFO - Setting next_dagrun for DAG_Data_Preprocessing to None, run_after=None
[2024-10-28T03:08:15.827+0000] {processor.py:175} INFO - Processing /opt/airflow/dags/airflowdag.py took 1.681 seconds
[2024-10-28T03:08:46.156+0000] {processor.py:153} INFO - Started process (PID=6843) to work on /opt/airflow/dags/airflowdag.py
[2024-10-28T03:08:46.158+0000] {processor.py:743} INFO - Processing file /opt/airflow/dags/airflowdag.py for tasks to queue
[2024-10-28T03:08:46.159+0000] {logging_mixin.py:137} INFO - [2024-10-28T03:08:46.159+0000] {dagbag.py:538} INFO - Filling up the DagBag from /opt/airflow/dags/airflowdag.py
[2024-10-28T03:08:48.004+0000] {processor.py:753} INFO - DAG(s) dict_keys(['DAG_Data_Preprocessing']) retrieved from /opt/airflow/dags/airflowdag.py
[2024-10-28T03:08:48.059+0000] {logging_mixin.py:137} INFO - [2024-10-28T03:08:48.059+0000] {dag.py:2690} INFO - Sync 1 DAGs
[2024-10-28T03:08:48.089+0000] {logging_mixin.py:137} INFO - [2024-10-28T03:08:48.089+0000] {dag.py:3441} INFO - Setting next_dagrun for DAG_Data_Preprocessing to None, run_after=None
[2024-10-28T03:08:48.119+0000] {processor.py:175} INFO - Processing /opt/airflow/dags/airflowdag.py took 1.968 seconds
[2024-10-28T03:09:18.414+0000] {processor.py:153} INFO - Started process (PID=6908) to work on /opt/airflow/dags/airflowdag.py
[2024-10-28T03:09:18.415+0000] {processor.py:743} INFO - Processing file /opt/airflow/dags/airflowdag.py for tasks to queue
[2024-10-28T03:09:18.417+0000] {logging_mixin.py:137} INFO - [2024-10-28T03:09:18.417+0000] {dagbag.py:538} INFO - Filling up the DagBag from /opt/airflow/dags/airflowdag.py
[2024-10-28T03:09:19.733+0000] {processor.py:753} INFO - DAG(s) dict_keys(['DAG_Data_Preprocessing']) retrieved from /opt/airflow/dags/airflowdag.py
[2024-10-28T03:09:19.761+0000] {logging_mixin.py:137} INFO - [2024-10-28T03:09:19.760+0000] {dag.py:2690} INFO - Sync 1 DAGs
[2024-10-28T03:09:19.785+0000] {logging_mixin.py:137} INFO - [2024-10-28T03:09:19.785+0000] {dag.py:3441} INFO - Setting next_dagrun for DAG_Data_Preprocessing to None, run_after=None
[2024-10-28T03:09:19.809+0000] {processor.py:175} INFO - Processing /opt/airflow/dags/airflowdag.py took 1.400 seconds
[2024-10-28T03:09:50.092+0000] {processor.py:153} INFO - Started process (PID=6983) to work on /opt/airflow/dags/airflowdag.py
[2024-10-28T03:09:50.094+0000] {processor.py:743} INFO - Processing file /opt/airflow/dags/airflowdag.py for tasks to queue
[2024-10-28T03:09:50.095+0000] {logging_mixin.py:137} INFO - [2024-10-28T03:09:50.095+0000] {dagbag.py:538} INFO - Filling up the DagBag from /opt/airflow/dags/airflowdag.py
[2024-10-28T03:09:51.869+0000] {processor.py:753} INFO - DAG(s) dict_keys(['DAG_Data_Preprocessing']) retrieved from /opt/airflow/dags/airflowdag.py
[2024-10-28T03:09:51.913+0000] {logging_mixin.py:137} INFO - [2024-10-28T03:09:51.913+0000] {dag.py:2690} INFO - Sync 1 DAGs
[2024-10-28T03:09:51.943+0000] {logging_mixin.py:137} INFO - [2024-10-28T03:09:51.943+0000] {dag.py:3441} INFO - Setting next_dagrun for DAG_Data_Preprocessing to None, run_after=None
[2024-10-28T03:09:51.977+0000] {processor.py:175} INFO - Processing /opt/airflow/dags/airflowdag.py took 1.888 seconds
[2024-10-28T03:10:22.249+0000] {processor.py:153} INFO - Started process (PID=7033) to work on /opt/airflow/dags/airflowdag.py
[2024-10-28T03:10:22.251+0000] {processor.py:743} INFO - Processing file /opt/airflow/dags/airflowdag.py for tasks to queue
[2024-10-28T03:10:22.252+0000] {logging_mixin.py:137} INFO - [2024-10-28T03:10:22.252+0000] {dagbag.py:538} INFO - Filling up the DagBag from /opt/airflow/dags/airflowdag.py
[2024-10-28T03:10:25.161+0000] {processor.py:753} INFO - DAG(s) dict_keys(['DAG_Data_Preprocessing']) retrieved from /opt/airflow/dags/airflowdag.py
[2024-10-28T03:10:25.286+0000] {logging_mixin.py:137} INFO - [2024-10-28T03:10:25.284+0000] {dag.py:2690} INFO - Sync 1 DAGs
[2024-10-28T03:10:25.371+0000] {logging_mixin.py:137} INFO - [2024-10-28T03:10:25.370+0000] {dag.py:3441} INFO - Setting next_dagrun for DAG_Data_Preprocessing to None, run_after=None
[2024-10-28T03:10:25.473+0000] {processor.py:175} INFO - Processing /opt/airflow/dags/airflowdag.py took 3.227 seconds
[2024-10-28T03:10:55.664+0000] {processor.py:153} INFO - Started process (PID=7107) to work on /opt/airflow/dags/airflowdag.py
[2024-10-28T03:10:55.666+0000] {processor.py:743} INFO - Processing file /opt/airflow/dags/airflowdag.py for tasks to queue
[2024-10-28T03:10:55.667+0000] {logging_mixin.py:137} INFO - [2024-10-28T03:10:55.667+0000] {dagbag.py:538} INFO - Filling up the DagBag from /opt/airflow/dags/airflowdag.py
[2024-10-28T03:10:57.983+0000] {processor.py:753} INFO - DAG(s) dict_keys(['DAG_Data_Preprocessing']) retrieved from /opt/airflow/dags/airflowdag.py
[2024-10-28T03:10:58.036+0000] {logging_mixin.py:137} INFO - [2024-10-28T03:10:58.035+0000] {dag.py:2690} INFO - Sync 1 DAGs
[2024-10-28T03:10:58.064+0000] {logging_mixin.py:137} INFO - [2024-10-28T03:10:58.063+0000] {dag.py:3441} INFO - Setting next_dagrun for DAG_Data_Preprocessing to None, run_after=None
[2024-10-28T03:10:58.091+0000] {processor.py:175} INFO - Processing /opt/airflow/dags/airflowdag.py took 2.431 seconds
