[2024-10-21T23:15:52.608+0000] {taskinstance.py:1083} INFO - Dependencies all met for <TaskInstance: DAG_Data_Preprocessing.data_preprocessing_task manual__2024-10-21T23:15:43.162586+00:00 [queued]>
[2024-10-21T23:15:52.633+0000] {taskinstance.py:1083} INFO - Dependencies all met for <TaskInstance: DAG_Data_Preprocessing.data_preprocessing_task manual__2024-10-21T23:15:43.162586+00:00 [queued]>
[2024-10-21T23:15:52.635+0000] {taskinstance.py:1279} INFO - 
--------------------------------------------------------------------------------
[2024-10-21T23:15:52.636+0000] {taskinstance.py:1280} INFO - Starting attempt 1 of 1
[2024-10-21T23:15:52.637+0000] {taskinstance.py:1281} INFO - 
--------------------------------------------------------------------------------
[2024-10-21T23:15:52.689+0000] {taskinstance.py:1300} INFO - Executing <Task(PythonOperator): data_preprocessing_task> on 2024-10-21 23:15:43.162586+00:00
[2024-10-21T23:15:52.715+0000] {standard_task_runner.py:55} INFO - Started process 483 to run task
[2024-10-21T23:15:52.723+0000] {standard_task_runner.py:82} INFO - Running: ['***', 'tasks', 'run', 'DAG_Data_Preprocessing', 'data_preprocessing_task', 'manual__2024-10-21T23:15:43.162586+00:00', '--job-id', '46', '--raw', '--subdir', 'DAGS_FOLDER/***dag.py', '--cfg-path', '/tmp/tmp8pmulos2']
[2024-10-21T23:15:52.727+0000] {standard_task_runner.py:83} INFO - Job 46: Subtask data_preprocessing_task
[2024-10-21T23:15:53.350+0000] {task_command.py:388} INFO - Running <TaskInstance: DAG_Data_Preprocessing.data_preprocessing_task manual__2024-10-21T23:15:43.162586+00:00 [running]> on host ab069c37e78e
[2024-10-21T23:15:53.438+0000] {taskinstance.py:1509} INFO - Exporting the following env vars:
AIRFLOW_CTX_DAG_OWNER=Krishna
AIRFLOW_CTX_DAG_ID=DAG_Data_Preprocessing
AIRFLOW_CTX_TASK_ID=data_preprocessing_task
AIRFLOW_CTX_EXECUTION_DATE=2024-10-21T23:15:43.162586+00:00
AIRFLOW_CTX_TRY_NUMBER=1
AIRFLOW_CTX_DAG_RUN_ID=manual__2024-10-21T23:15:43.162586+00:00
[2024-10-21T23:15:53.577+0000] {python.py:177} INFO - Done. Returned value was: None
[2024-10-21T23:15:53.589+0000] {taskinstance.py:1323} INFO - Marking task as SUCCESS. dag_id=DAG_Data_Preprocessing, task_id=data_preprocessing_task, execution_date=20241021T231543, start_date=20241021T231552, end_date=20241021T231553
[2024-10-21T23:15:53.658+0000] {local_task_job.py:208} INFO - Task exited with return code 0
[2024-10-21T23:15:53.695+0000] {taskinstance.py:2578} INFO - 1 downstream tasks scheduled from follow-on schedule check
