[2024-11-04T00:18:06.502+0000] {taskinstance.py:1083} INFO - Dependencies all met for <TaskInstance: DAG_Data_Preprocessing.data_split_task manual__2024-11-04T00:17:54.680812+00:00 [queued]>
[2024-11-04T00:18:06.507+0000] {taskinstance.py:1083} INFO - Dependencies all met for <TaskInstance: DAG_Data_Preprocessing.data_split_task manual__2024-11-04T00:17:54.680812+00:00 [queued]>
[2024-11-04T00:18:06.507+0000] {taskinstance.py:1279} INFO - 
--------------------------------------------------------------------------------
[2024-11-04T00:18:06.507+0000] {taskinstance.py:1280} INFO - Starting attempt 1 of 2
[2024-11-04T00:18:06.508+0000] {taskinstance.py:1281} INFO - 
--------------------------------------------------------------------------------
[2024-11-04T00:18:06.513+0000] {taskinstance.py:1300} INFO - Executing <Task(PythonOperator): data_split_task> on 2024-11-04 00:17:54.680812+00:00
[2024-11-04T00:18:06.517+0000] {standard_task_runner.py:55} INFO - Started process 109 to run task
[2024-11-04T00:18:06.519+0000] {standard_task_runner.py:82} INFO - Running: ['***', 'tasks', 'run', 'DAG_Data_Preprocessing', 'data_split_task', 'manual__2024-11-04T00:17:54.680812+00:00', '--job-id', '166', '--raw', '--subdir', 'DAGS_FOLDER/***dag.py', '--cfg-path', '/tmp/tmpbkbpty1s']
[2024-11-04T00:18:06.520+0000] {standard_task_runner.py:83} INFO - Job 166: Subtask data_split_task
[2024-11-04T00:18:06.547+0000] {task_command.py:388} INFO - Running <TaskInstance: DAG_Data_Preprocessing.data_split_task manual__2024-11-04T00:17:54.680812+00:00 [running]> on host b77d411e2e76
[2024-11-04T00:18:06.575+0000] {taskinstance.py:1509} INFO - Exporting the following env vars:
AIRFLOW_CTX_DAG_OWNER=House_Price_Prediction Team
AIRFLOW_CTX_DAG_ID=DAG_Data_Preprocessing
AIRFLOW_CTX_TASK_ID=data_split_task
AIRFLOW_CTX_EXECUTION_DATE=2024-11-04T00:17:54.680812+00:00
AIRFLOW_CTX_TRY_NUMBER=1
AIRFLOW_CTX_DAG_RUN_ID=manual__2024-11-04T00:17:54.680812+00:00
[2024-11-04T00:18:06.576+0000] {airflowdag.py:141} INFO - encoded_result
[2024-11-04T00:18:06.706+0000] {python.py:177} INFO - Done. Returned value was: None
[2024-11-04T00:18:06.710+0000] {taskinstance.py:1323} INFO - Marking task as SUCCESS. dag_id=DAG_Data_Preprocessing, task_id=data_split_task, execution_date=20241104T001754, start_date=20241104T001806, end_date=20241104T001806
[2024-11-04T00:18:06.755+0000] {local_task_job.py:208} INFO - Task exited with return code 0
[2024-11-04T00:18:06.770+0000] {taskinstance.py:2578} INFO - 1 downstream tasks scheduled from follow-on schedule check
