[2024-11-13T03:15:05.217+0000] {taskinstance.py:1083} INFO - Dependencies all met for <TaskInstance: DAG_feature_select_and_data_augmentation.feature_selection_task manual__2024-11-13T03:15:01.269964+00:00 [queued]>
[2024-11-13T03:15:05.233+0000] {taskinstance.py:1083} INFO - Dependencies all met for <TaskInstance: DAG_feature_select_and_data_augmentation.feature_selection_task manual__2024-11-13T03:15:01.269964+00:00 [queued]>
[2024-11-13T03:15:05.234+0000] {taskinstance.py:1279} INFO - 
--------------------------------------------------------------------------------
[2024-11-13T03:15:05.234+0000] {taskinstance.py:1280} INFO - Starting attempt 1 of 1
[2024-11-13T03:15:05.234+0000] {taskinstance.py:1281} INFO - 
--------------------------------------------------------------------------------
[2024-11-13T03:15:05.254+0000] {taskinstance.py:1300} INFO - Executing <Task(PythonOperator): feature_selection_task> on 2024-11-13 03:15:01.269964+00:00
[2024-11-13T03:15:05.258+0000] {standard_task_runner.py:55} INFO - Started process 147 to run task
[2024-11-13T03:15:05.260+0000] {standard_task_runner.py:82} INFO - Running: ['***', 'tasks', 'run', 'DAG_feature_select_and_data_augmentation', 'feature_selection_task', 'manual__2024-11-13T03:15:01.269964+00:00', '--job-id', '299', '--raw', '--subdir', 'DAGS_FOLDER/feature_and_augm_dag.py', '--cfg-path', '/tmp/tmplqju09hw']
[2024-11-13T03:15:05.262+0000] {standard_task_runner.py:83} INFO - Job 299: Subtask feature_selection_task
[2024-11-13T03:15:05.373+0000] {task_command.py:388} INFO - Running <TaskInstance: DAG_feature_select_and_data_augmentation.feature_selection_task manual__2024-11-13T03:15:01.269964+00:00 [running]> on host b77d411e2e76
[2024-11-13T03:15:05.472+0000] {taskinstance.py:1509} INFO - Exporting the following env vars:
AIRFLOW_CTX_DAG_OWNER=House_Price_Prediction Team
AIRFLOW_CTX_DAG_ID=DAG_feature_select_and_data_augmentation
AIRFLOW_CTX_TASK_ID=feature_selection_task
AIRFLOW_CTX_EXECUTION_DATE=2024-11-13T03:15:01.269964+00:00
AIRFLOW_CTX_TRY_NUMBER=1
AIRFLOW_CTX_DAG_RUN_ID=manual__2024-11-13T03:15:01.269964+00:00
[2024-11-13T03:15:05.954+0000] {python.py:177} INFO - Done. Returned value was: None
[2024-11-13T03:15:05.964+0000] {taskinstance.py:1323} INFO - Marking task as SUCCESS. dag_id=DAG_feature_select_and_data_augmentation, task_id=feature_selection_task, execution_date=20241113T031501, start_date=20241113T031505, end_date=20241113T031505
[2024-11-13T03:15:06.018+0000] {local_task_job.py:208} INFO - Task exited with return code 0
[2024-11-13T03:15:06.108+0000] {taskinstance.py:2578} INFO - 1 downstream tasks scheduled from follow-on schedule check
