[2024-11-13T03:09:46.234+0000] {taskinstance.py:1083} INFO - Dependencies all met for <TaskInstance: DAG_feature_select_and_data_augmentation.data_split_task manual__2024-11-13T03:09:44.413602+00:00 [queued]>
[2024-11-13T03:09:46.240+0000] {taskinstance.py:1083} INFO - Dependencies all met for <TaskInstance: DAG_feature_select_and_data_augmentation.data_split_task manual__2024-11-13T03:09:44.413602+00:00 [queued]>
[2024-11-13T03:09:46.240+0000] {taskinstance.py:1279} INFO - 
--------------------------------------------------------------------------------
[2024-11-13T03:09:46.240+0000] {taskinstance.py:1280} INFO - Starting attempt 1 of 1
[2024-11-13T03:09:46.240+0000] {taskinstance.py:1281} INFO - 
--------------------------------------------------------------------------------
[2024-11-13T03:09:46.260+0000] {taskinstance.py:1300} INFO - Executing <Task(PythonOperator): data_split_task> on 2024-11-13 03:09:44.413602+00:00
[2024-11-13T03:09:46.266+0000] {standard_task_runner.py:55} INFO - Started process 160 to run task
[2024-11-13T03:09:46.269+0000] {standard_task_runner.py:82} INFO - Running: ['***', 'tasks', 'run', 'DAG_feature_select_and_data_augmentation', 'data_split_task', 'manual__2024-11-13T03:09:44.413602+00:00', '--job-id', '284', '--raw', '--subdir', 'DAGS_FOLDER/feature_and_augm_dag.py', '--cfg-path', '/tmp/tmpq5b5s70r']
[2024-11-13T03:09:46.270+0000] {standard_task_runner.py:83} INFO - Job 284: Subtask data_split_task
[2024-11-13T03:09:46.389+0000] {task_command.py:388} INFO - Running <TaskInstance: DAG_feature_select_and_data_augmentation.data_split_task manual__2024-11-13T03:09:44.413602+00:00 [running]> on host b77d411e2e76
[2024-11-13T03:09:46.488+0000] {taskinstance.py:1509} INFO - Exporting the following env vars:
AIRFLOW_CTX_DAG_OWNER=House_Price_Prediction Team
AIRFLOW_CTX_DAG_ID=DAG_feature_select_and_data_augmentation
AIRFLOW_CTX_TASK_ID=data_split_task
AIRFLOW_CTX_EXECUTION_DATE=2024-11-13T03:09:44.413602+00:00
AIRFLOW_CTX_TRY_NUMBER=1
AIRFLOW_CTX_DAG_RUN_ID=manual__2024-11-13T03:09:44.413602+00:00
[2024-11-13T03:09:46.681+0000] {python.py:177} INFO - Done. Returned value was: None
[2024-11-13T03:09:46.687+0000] {taskinstance.py:1323} INFO - Marking task as SUCCESS. dag_id=DAG_feature_select_and_data_augmentation, task_id=data_split_task, execution_date=20241113T030944, start_date=20241113T030946, end_date=20241113T030946
[2024-11-13T03:09:46.750+0000] {local_task_job.py:208} INFO - Task exited with return code 0
[2024-11-13T03:09:46.851+0000] {taskinstance.py:2578} INFO - 1 downstream tasks scheduled from follow-on schedule check
