[2024-11-04T00:37:45.212+0000] {taskinstance.py:1083} INFO - Dependencies all met for <TaskInstance: DAG_Data_Preprocessing.data_split_task manual__2024-11-04T00:37:32.241116+00:00 [queued]>
[2024-11-04T00:37:45.216+0000] {taskinstance.py:1083} INFO - Dependencies all met for <TaskInstance: DAG_Data_Preprocessing.data_split_task manual__2024-11-04T00:37:32.241116+00:00 [queued]>
[2024-11-04T00:37:45.216+0000] {taskinstance.py:1279} INFO - 
--------------------------------------------------------------------------------
[2024-11-04T00:37:45.216+0000] {taskinstance.py:1280} INFO - Starting attempt 1 of 2
[2024-11-04T00:37:45.216+0000] {taskinstance.py:1281} INFO - 
--------------------------------------------------------------------------------
[2024-11-04T00:37:45.221+0000] {taskinstance.py:1300} INFO - Executing <Task(PythonOperator): data_split_task> on 2024-11-04 00:37:32.241116+00:00
[2024-11-04T00:37:45.225+0000] {standard_task_runner.py:55} INFO - Started process 284 to run task
[2024-11-04T00:37:45.226+0000] {standard_task_runner.py:82} INFO - Running: ['***', 'tasks', 'run', 'DAG_Data_Preprocessing', 'data_split_task', 'manual__2024-11-04T00:37:32.241116+00:00', '--job-id', '196', '--raw', '--subdir', 'DAGS_FOLDER/***dag.py', '--cfg-path', '/tmp/tmpqi4ep6sz']
[2024-11-04T00:37:45.227+0000] {standard_task_runner.py:83} INFO - Job 196: Subtask data_split_task
[2024-11-04T00:37:45.253+0000] {task_command.py:388} INFO - Running <TaskInstance: DAG_Data_Preprocessing.data_split_task manual__2024-11-04T00:37:32.241116+00:00 [running]> on host b77d411e2e76
[2024-11-04T00:37:45.285+0000] {taskinstance.py:1509} INFO - Exporting the following env vars:
AIRFLOW_CTX_DAG_OWNER=House_Price_Prediction Team
AIRFLOW_CTX_DAG_ID=DAG_Data_Preprocessing
AIRFLOW_CTX_TASK_ID=data_split_task
AIRFLOW_CTX_EXECUTION_DATE=2024-11-04T00:37:32.241116+00:00
AIRFLOW_CTX_TRY_NUMBER=1
AIRFLOW_CTX_DAG_RUN_ID=manual__2024-11-04T00:37:32.241116+00:00
[2024-11-04T00:37:45.286+0000] {airflowdag.py:143} INFO - encoded_result
[2024-11-04T00:37:45.431+0000] {python.py:177} INFO - Done. Returned value was: None
[2024-11-04T00:37:45.435+0000] {taskinstance.py:1323} INFO - Marking task as SUCCESS. dag_id=DAG_Data_Preprocessing, task_id=data_split_task, execution_date=20241104T003732, start_date=20241104T003745, end_date=20241104T003745
[2024-11-04T00:37:45.446+0000] {local_task_job.py:208} INFO - Task exited with return code 0
[2024-11-04T00:37:45.460+0000] {taskinstance.py:2578} INFO - 1 downstream tasks scheduled from follow-on schedule check
